ERROR - 2024-06-01 15:50:44 --> Error connecting to the database: CodeIgniter\Database\Exceptions\DatabaseException: [Microsoft][ODBC Driver 17 for SQL Server]Named Pipes Provider: Could not open a connection to SQL Server [1326].  SQLSTATE: 08001, code: 1326
[Microsoft][ODBC Driver 17 for SQL Server]Login timeout expired SQLSTATE: HYT00, code: 0
[Microsoft][ODBC Driver 17 for SQL Server]A network-related or instance-specific error has occurred while establishing a connection to SQL Server. Server is not found or not accessible. Check if instance name is correct and if SQL Server is configured to allow remote connections. For more information see SQL Server Books Online. SQLSTATE: 08001, code: 1326 in D:\laragon\www\tppk\system\Database\SQLSRV\Connection.php:142
Stack trace:
#0 D:\laragon\www\tppk\system\Database\BaseConnection.php(391): CodeIgniter\Database\SQLSRV\Connection->connect(false)
#1 D:\laragon\www\tppk\system\Database\BaseConnection.php(573): CodeIgniter\Database\BaseConnection->initialize()
#2 D:\laragon\www\tppk\app\Models\M_tppk.php(463): CodeIgniter\Database\BaseConnection->query('EXEC sdm.dbo.sp...', Array)
#3 D:\laragon\www\tppk\app\Controllers\Login.php(264): App\Models\M_tppk->getTokenSSO('C14EB157-8821-4...')
#4 D:\laragon\www\tppk\system\CodeIgniter.php(934): App\Controllers\Login->actionLoginsso()
#5 D:\laragon\www\tppk\system\CodeIgniter.php(499): CodeIgniter\CodeIgniter->runController(Object(App\Controllers\Login))
#6 D:\laragon\www\tppk\system\CodeIgniter.php(368): CodeIgniter\CodeIgniter->handleRequest(NULL, Object(Config\Cache), false)
#7 D:\laragon\www\tppk\index.php(55): CodeIgniter\CodeIgniter->run()
#8 {main}
CRITICAL - 2024-06-01 15:50:44 --> Unable to connect to the database.
Main connection [SQLSRV]: [Microsoft][ODBC Driver 17 for SQL Server]Named Pipes Provider: Could not open a connection to SQL Server [1326].  SQLSTATE: 08001, code: 1326
[Microsoft][ODBC Driver 17 for SQL Server]Login timeout expired SQLSTATE: HYT00, code: 0
[Microsoft][ODBC Driver 17 for SQL Server]A network-related or instance-specific error has occurred while establishing a connection to SQL Server. Server is not found or not accessible. Check if instance name is correct and if SQL Server is configured to allow remote connections. For more information see SQL Server Books Online. SQLSTATE: 08001, code: 1326
in SYSTEMPATH\Database\BaseConnection.php on line 427.
 1 SYSTEMPATH\Database\BaseConnection.php(573): CodeIgniter\Database\BaseConnection->initialize()
 2 APPPATH\Models\M_tppk.php(463): CodeIgniter\Database\BaseConnection->query('EXEC sdm.dbo.sp_sso_checkToken :token:', [...])
 3 APPPATH\Controllers\Login.php(264): App\Models\M_tppk->getTokenSSO('C14EB157-8821-4E01-AA35-C9FF0A1C3B76')
 4 SYSTEMPATH\CodeIgniter.php(934): App\Controllers\Login->actionLoginsso()
 5 SYSTEMPATH\CodeIgniter.php(499): CodeIgniter\CodeIgniter->runController(Object(App\Controllers\Login))
 6 SYSTEMPATH\CodeIgniter.php(368): CodeIgniter\CodeIgniter->handleRequest(null, Object(Config\Cache), false)
 7 FCPATH\index.php(55): CodeIgniter\CodeIgniter->run()
ERROR - 2024-06-01 16:48:39 --> [Microsoft][ODBC Driver 17 for SQL Server][SQL Server]Invalid column name 'status_sk'.
CRITICAL - 2024-06-01 16:48:39 --> Call to a member function getResultArray() on bool
in APPPATH\Models\M_tppk.php on line 1315.
 1 APPPATH\Controllers\InputData.php(1065): App\Models\M_tppk->getDaftarSKSatgasBaru('op_prov')
 2 SYSTEMPATH\CodeIgniter.php(934): App\Controllers\InputData->daftar_skbaru('op_prov')
 3 SYSTEMPATH\CodeIgniter.php(499): CodeIgniter\CodeIgniter->runController(Object(App\Controllers\InputData))
 4 SYSTEMPATH\CodeIgniter.php(368): CodeIgniter\CodeIgniter->handleRequest(null, Object(Config\Cache), false)
 5 FCPATH\index.php(55): CodeIgniter\CodeIgniter->run()
INFO - 2024-06-01 16:49:11 --> Session: Class initialized using 'CodeIgniter\Session\Handlers\FileHandler' driver.
ERROR - 2024-06-01 16:49:11 --> [Microsoft][ODBC Driver 17 for SQL Server][SQL Server]Invalid column name 'status_sk'.
CRITICAL - 2024-06-01 16:49:11 --> [Microsoft][ODBC Driver 17 for SQL Server][SQL Server]Invalid column name 'status_sk'.
in SYSTEMPATH\Database\BaseConnection.php on line 645.
 1 APPPATH\Models\M_tppk.php(1315): CodeIgniter\Database\BaseConnection->query('SELECT t1.*, rf.nama 
                FROM TPPK.dbo.pengguna_satgas t1
                LEFT JOIN Referensi.ref.mst_wilayah rf ON rf.kode_wilayah = t1.kode_wilayah 
                WHERE SUBSTRING(t1.kode_wilayah, 3, 2) = \'00\' AND soft_delete = 0
                ORDER BY status_sk ASC, create_date')
 2 APPPATH\Controllers\InputData.php(1065): App\Models\M_tppk->getDaftarSKSatgasBaru('op_prov')
 3 SYSTEMPATH\CodeIgniter.php(934): App\Controllers\InputData->daftar_skbaru('op_prov')
 4 SYSTEMPATH\CodeIgniter.php(499): CodeIgniter\CodeIgniter->runController(Object(App\Controllers\InputData))
 5 SYSTEMPATH\CodeIgniter.php(368): CodeIgniter\CodeIgniter->handleRequest(null, Object(Config\Cache), false)
 6 FCPATH\index.php(55): CodeIgniter\CodeIgniter->run()
INFO - 2024-06-01 16:49:41 --> Session: Class initialized using 'CodeIgniter\Session\Handlers\FileHandler' driver.
CRITICAL - 2024-06-01 16:49:42 --> Undefined array key "nomor_sk"
in APPPATH\Views\tppk\daftar_skop_satgas.php on line 131.
 1 APPPATH\Views\tppk\daftar_skop_satgas.php(131): CodeIgniter\Debug\Exceptions->errorHandler(2, 'Undefined array key "nomor_sk"', 'APPPATH\\Views\\tppk\\daftar_skop_satgas.php', 131)
 2 SYSTEMPATH\View\View.php(213): include('APPPATH\\Views\\tppk\\daftar_skop_satgas.php')
 3 SYSTEMPATH\View\View.php(216): CodeIgniter\View\View->CodeIgniter\View\{closure}()
 4 SYSTEMPATH\Common.php(1184): CodeIgniter\View\View->render('tppk/daftar_skop_satgas', [], true)
 5 APPPATH\Controllers\InputData.php(1076): view('tppk/daftar_skop_satgas', [...])
 6 SYSTEMPATH\CodeIgniter.php(934): App\Controllers\InputData->daftar_skbaru('op_prov')
 7 SYSTEMPATH\CodeIgniter.php(499): CodeIgniter\CodeIgniter->runController(Object(App\Controllers\InputData))
 8 SYSTEMPATH\CodeIgniter.php(368): CodeIgniter\CodeIgniter->handleRequest(null, Object(Config\Cache), false)
 9 FCPATH\index.php(55): CodeIgniter\CodeIgniter->run()
INFO - 2024-06-01 16:59:23 --> Session: Class initialized using 'CodeIgniter\Session\Handlers\FileHandler' driver.
INFO - 2024-06-01 16:59:50 --> Session: Class initialized using 'CodeIgniter\Session\Handlers\FileHandler' driver.
INFO - 2024-06-01 17:00:14 --> Session: Class initialized using 'CodeIgniter\Session\Handlers\FileHandler' driver.
INFO - 2024-06-01 17:00:24 --> Session: Class initialized using 'CodeIgniter\Session\Handlers\FileHandler' driver.
INFO - 2024-06-01 17:00:27 --> Session: Class initialized using 'CodeIgniter\Session\Handlers\FileHandler' driver.
INFO - 2024-06-01 17:00:30 --> Session: Class initialized using 'CodeIgniter\Session\Handlers\FileHandler' driver.
INFO - 2024-06-01 17:00:54 --> Session: Class initialized using 'CodeIgniter\Session\Handlers\FileHandler' driver.
INFO - 2024-06-01 17:06:19 --> Session: Class initialized using 'CodeIgniter\Session\Handlers\FileHandler' driver.
INFO - 2024-06-01 17:06:22 --> Session: Class initialized using 'CodeIgniter\Session\Handlers\FileHandler' driver.
INFO - 2024-06-01 17:06:25 --> Session: Class initialized using 'CodeIgniter\Session\Handlers\FileHandler' driver.
INFO - 2024-06-01 17:18:45 --> Session: Class initialized using 'CodeIgniter\Session\Handlers\FileHandler' driver.
INFO - 2024-06-01 17:18:48 --> Session: Class initialized using 'CodeIgniter\Session\Handlers\FileHandler' driver.
CRITICAL - 2024-06-01 17:18:51 --> Cannot use object of type stdClass as array
in APPPATH\Views\tppk\lihatpetugas_op.php on line 44.
 1 SYSTEMPATH\View\View.php(213): include()
 2 SYSTEMPATH\View\View.php(216): CodeIgniter\View\View->CodeIgniter\View\{closure}()
 3 SYSTEMPATH\Common.php(1184): CodeIgniter\View\View->render('tppk/lihatpetugas_op', [], true)
 4 APPPATH\Controllers\InputData.php(1765): view('tppk/lihatpetugas_op', [...])
 5 SYSTEMPATH\CodeIgniter.php(934): App\Controllers\InputData->lihatanggota_op('C806C610-5313-414F-9E38-934F801EAE42')
 6 SYSTEMPATH\CodeIgniter.php(499): CodeIgniter\CodeIgniter->runController(Object(App\Controllers\InputData))
 7 SYSTEMPATH\CodeIgniter.php(368): CodeIgniter\CodeIgniter->handleRequest(null, Object(Config\Cache), false)
 8 FCPATH\index.php(55): CodeIgniter\CodeIgniter->run()
CRITICAL - 2024-06-01 17:19:16 --> Cannot use object of type stdClass as array
in APPPATH\Views\tppk\lihatpetugas_op.php on line 50.
 1 SYSTEMPATH\View\View.php(213): include()
 2 SYSTEMPATH\View\View.php(216): CodeIgniter\View\View->CodeIgniter\View\{closure}()
 3 SYSTEMPATH\Common.php(1184): CodeIgniter\View\View->render('tppk/lihatpetugas_op', [], true)
 4 APPPATH\Controllers\InputData.php(1765): view('tppk/lihatpetugas_op', [...])
 5 SYSTEMPATH\CodeIgniter.php(934): App\Controllers\InputData->lihatanggota_op('C806C610-5313-414F-9E38-934F801EAE42')
 6 SYSTEMPATH\CodeIgniter.php(499): CodeIgniter\CodeIgniter->runController(Object(App\Controllers\InputData))
 7 SYSTEMPATH\CodeIgniter.php(368): CodeIgniter\CodeIgniter->handleRequest(null, Object(Config\Cache), false)
 8 FCPATH\index.php(55): CodeIgniter\CodeIgniter->run()
CRITICAL - 2024-06-01 17:19:31 --> Cannot use object of type stdClass as array
in APPPATH\Views\tppk\lihatpetugas_op.php on line 60.
 1 SYSTEMPATH\View\View.php(213): include()
 2 SYSTEMPATH\View\View.php(216): CodeIgniter\View\View->CodeIgniter\View\{closure}()
 3 SYSTEMPATH\Common.php(1184): CodeIgniter\View\View->render('tppk/lihatpetugas_op', [], true)
 4 APPPATH\Controllers\InputData.php(1765): view('tppk/lihatpetugas_op', [...])
 5 SYSTEMPATH\CodeIgniter.php(934): App\Controllers\InputData->lihatanggota_op('C806C610-5313-414F-9E38-934F801EAE42')
 6 SYSTEMPATH\CodeIgniter.php(499): CodeIgniter\CodeIgniter->runController(Object(App\Controllers\InputData))
 7 SYSTEMPATH\CodeIgniter.php(368): CodeIgniter\CodeIgniter->handleRequest(null, Object(Config\Cache), false)
 8 FCPATH\index.php(55): CodeIgniter\CodeIgniter->run()
CRITICAL - 2024-06-01 17:19:50 --> Undefined variable $namasekolah
in APPPATH\Views\tppk\lihatpetugas_op.php on line 85.
 1 APPPATH\Views\tppk\lihatpetugas_op.php(85): CodeIgniter\Debug\Exceptions->errorHandler(2, 'Undefined variable $namasekolah', 'APPPATH\\Views\\tppk\\lihatpetugas_op.php', 85)
 2 SYSTEMPATH\View\View.php(213): include('APPPATH\\Views\\tppk\\lihatpetugas_op.php')
 3 SYSTEMPATH\View\View.php(216): CodeIgniter\View\View->CodeIgniter\View\{closure}()
 4 SYSTEMPATH\Common.php(1184): CodeIgniter\View\View->render('tppk/lihatpetugas_op', [], true)
 5 APPPATH\Controllers\InputData.php(1765): view('tppk/lihatpetugas_op', [...])
 6 SYSTEMPATH\CodeIgniter.php(934): App\Controllers\InputData->lihatanggota_op('C806C610-5313-414F-9E38-934F801EAE42')
 7 SYSTEMPATH\CodeIgniter.php(499): CodeIgniter\CodeIgniter->runController(Object(App\Controllers\InputData))
 8 SYSTEMPATH\CodeIgniter.php(368): CodeIgniter\CodeIgniter->handleRequest(null, Object(Config\Cache), false)
 9 FCPATH\index.php(55): CodeIgniter\CodeIgniter->run()
CRITICAL - 2024-06-01 17:20:02 --> Undefined variable $namasekolah
in APPPATH\Views\tppk\lihatpetugas_op.php on line 85.
 1 APPPATH\Views\tppk\lihatpetugas_op.php(85): CodeIgniter\Debug\Exceptions->errorHandler(2, 'Undefined variable $namasekolah', 'APPPATH\\Views\\tppk\\lihatpetugas_op.php', 85)
 2 SYSTEMPATH\View\View.php(213): include('APPPATH\\Views\\tppk\\lihatpetugas_op.php')
 3 SYSTEMPATH\View\View.php(216): CodeIgniter\View\View->CodeIgniter\View\{closure}()
 4 SYSTEMPATH\Common.php(1184): CodeIgniter\View\View->render('tppk/lihatpetugas_op', [], true)
 5 APPPATH\Controllers\InputData.php(1765): view('tppk/lihatpetugas_op', [...])
 6 SYSTEMPATH\CodeIgniter.php(934): App\Controllers\InputData->lihatanggota_op('C806C610-5313-414F-9E38-934F801EAE42')
 7 SYSTEMPATH\CodeIgniter.php(499): CodeIgniter\CodeIgniter->runController(Object(App\Controllers\InputData))
 8 SYSTEMPATH\CodeIgniter.php(368): CodeIgniter\CodeIgniter->handleRequest(null, Object(Config\Cache), false)
 9 FCPATH\index.php(55): CodeIgniter\CodeIgniter->run()
INFO - 2024-06-01 17:21:40 --> Session: Class initialized using 'CodeIgniter\Session\Handlers\FileHandler' driver.
INFO - 2024-06-01 17:25:48 --> Session: Class initialized using 'CodeIgniter\Session\Handlers\FileHandler' driver.
INFO - 2024-06-01 17:25:51 --> Session: Class initialized using 'CodeIgniter\Session\Handlers\FileHandler' driver.
INFO - 2024-06-01 17:25:59 --> CSRF token verified.
INFO - 2024-06-01 17:25:59 --> Session: Class initialized using 'CodeIgniter\Session\Handlers\FileHandler' driver.
INFO - 2024-06-01 17:26:00 --> Session: Class initialized using 'CodeIgniter\Session\Handlers\FileHandler' driver.
INFO - 2024-06-01 17:26:16 --> CSRF token verified.
INFO - 2024-06-01 17:26:16 --> Session: Class initialized using 'CodeIgniter\Session\Handlers\FileHandler' driver.
INFO - 2024-06-01 17:26:16 --> Session: Class initialized using 'CodeIgniter\Session\Handlers\FileHandler' driver.
INFO - 2024-06-01 17:26:36 --> Session: Class initialized using 'CodeIgniter\Session\Handlers\FileHandler' driver.
INFO - 2024-06-01 17:27:01 --> Session: Class initialized using 'CodeIgniter\Session\Handlers\FileHandler' driver.
INFO - 2024-06-01 17:28:14 --> Session: Class initialized using 'CodeIgniter\Session\Handlers\FileHandler' driver.
INFO - 2024-06-01 17:28:22 --> Session: Class initialized using 'CodeIgniter\Session\Handlers\FileHandler' driver.
INFO - 2024-06-01 17:32:49 --> Session: Class initialized using 'CodeIgniter\Session\Handlers\FileHandler' driver.
CRITICAL - 2024-06-01 17:39:43 --> Undefined variable $kodewilayah
in APPPATH\Views\tppk\lihatpetugas_op.php on line 121.
 1 APPPATH\Views\tppk\lihatpetugas_op.php(121): CodeIgniter\Debug\Exceptions->errorHandler(2, 'Undefined variable $kodewilayah', 'APPPATH\\Views\\tppk\\lihatpetugas_op.php', 121)
 2 SYSTEMPATH\View\View.php(213): include('APPPATH\\Views\\tppk\\lihatpetugas_op.php')
 3 SYSTEMPATH\View\View.php(216): CodeIgniter\View\View->CodeIgniter\View\{closure}()
 4 SYSTEMPATH\Common.php(1184): CodeIgniter\View\View->render('tppk/lihatpetugas_op', [], true)
 5 APPPATH\Controllers\InputData.php(1765): view('tppk/lihatpetugas_op', [...])
 6 SYSTEMPATH\CodeIgniter.php(934): App\Controllers\InputData->lihatanggota_op('C806C610-5313-414F-9E38-934F801EAE42')
 7 SYSTEMPATH\CodeIgniter.php(499): CodeIgniter\CodeIgniter->runController(Object(App\Controllers\InputData))
 8 SYSTEMPATH\CodeIgniter.php(368): CodeIgniter\CodeIgniter->handleRequest(null, Object(Config\Cache), false)
 9 FCPATH\index.php(55): CodeIgniter\CodeIgniter->run()
INFO - 2024-06-01 17:40:50 --> Session: Class initialized using 'CodeIgniter\Session\Handlers\FileHandler' driver.
INFO - 2024-06-01 17:43:23 --> Session: Class initialized using 'CodeIgniter\Session\Handlers\FileHandler' driver.
INFO - 2024-06-01 17:43:26 --> Session: Class initialized using 'CodeIgniter\Session\Handlers\FileHandler' driver.
INFO - 2024-06-01 17:44:09 --> Session: Class initialized using 'CodeIgniter\Session\Handlers\FileHandler' driver.
INFO - 2024-06-01 17:44:34 --> Session: Class initialized using 'CodeIgniter\Session\Handlers\FileHandler' driver.
INFO - 2024-06-01 17:45:02 --> Session: Class initialized using 'CodeIgniter\Session\Handlers\FileHandler' driver.
INFO - 2024-06-01 17:45:32 --> Session: Class initialized using 'CodeIgniter\Session\Handlers\FileHandler' driver.
INFO - 2024-06-01 17:48:27 --> Session: Class initialized using 'CodeIgniter\Session\Handlers\FileHandler' driver.
CRITICAL - 2024-06-01 17:50:08 --> date(): Argument #2 ($timestamp) must be of type ?int, string given
in APPPATH\Views\tppk\lihatpetugas_op.php on line 60.
 1 APPPATH\Views\tppk\lihatpetugas_op.php(60): date('d-m-Y', '2007-02-02')
 2 SYSTEMPATH\View\View.php(213): include('APPPATH\\Views\\tppk\\lihatpetugas_op.php')
 3 SYSTEMPATH\View\View.php(216): CodeIgniter\View\View->CodeIgniter\View\{closure}()
 4 SYSTEMPATH\Common.php(1184): CodeIgniter\View\View->render('tppk/lihatpetugas_op', [], true)
 5 APPPATH\Controllers\InputData.php(1770): view('tppk/lihatpetugas_op', [...])
 6 SYSTEMPATH\CodeIgniter.php(934): App\Controllers\InputData->lihatanggota_op('C806C610-5313-414F-9E38-934F801EAE42')
 7 SYSTEMPATH\CodeIgniter.php(499): CodeIgniter\CodeIgniter->runController(Object(App\Controllers\InputData))
 8 SYSTEMPATH\CodeIgniter.php(368): CodeIgniter\CodeIgniter->handleRequest(null, Object(Config\Cache), false)
 9 FCPATH\index.php(55): CodeIgniter\CodeIgniter->run()
INFO - 2024-06-01 17:50:49 --> Session: Class initialized using 'CodeIgniter\Session\Handlers\FileHandler' driver.
INFO - 2024-06-01 17:51:43 --> Session: Class initialized using 'CodeIgniter\Session\Handlers\FileHandler' driver.
INFO - 2024-06-01 17:51:55 --> Session: Class initialized using 'CodeIgniter\Session\Handlers\FileHandler' driver.
INFO - 2024-06-01 17:52:02 --> Session: Class initialized using 'CodeIgniter\Session\Handlers\FileHandler' driver.
INFO - 2024-06-01 17:52:38 --> Session: Class initialized using 'CodeIgniter\Session\Handlers\FileHandler' driver.
INFO - 2024-06-01 17:53:59 --> Session: Class initialized using 'CodeIgniter\Session\Handlers\FileHandler' driver.
INFO - 2024-06-01 17:58:59 --> Session: Class initialized using 'CodeIgniter\Session\Handlers\FileHandler' driver.
INFO - 2024-06-01 17:59:11 --> Session: Class initialized using 'CodeIgniter\Session\Handlers\FileHandler' driver.
CRITICAL - 2024-06-01 17:59:11 --> There is no data to update.
in SYSTEMPATH\BaseModel.php on line 1680.
 1 SYSTEMPATH\BaseModel.php(1680): CodeIgniter\Database\Exceptions\DataException::forEmptyDataset('update')
 2 SYSTEMPATH\BaseModel.php(910): CodeIgniter\BaseModel->transformDataToArray(null, 'update')
 3 SYSTEMPATH\Model.php(756): CodeIgniter\BaseModel->update([...], null)
 4 APPPATH\Models\M_tppk.php(3253): CodeIgniter\Model->update([...])
 5 APPPATH\Controllers\InputData.php(1388): App\Models\M_tppk->updatestatusapproval('C806C610-5313-414F-9E38-934F801EAE42', '1')
 6 SYSTEMPATH\CodeIgniter.php(934): App\Controllers\InputData->operatorsesuai()
 7 SYSTEMPATH\CodeIgniter.php(499): CodeIgniter\CodeIgniter->runController(Object(App\Controllers\InputData))
 8 SYSTEMPATH\CodeIgniter.php(368): CodeIgniter\CodeIgniter->handleRequest(null, Object(Config\Cache), false)
 9 FCPATH\index.php(55): CodeIgniter\CodeIgniter->run()
INFO - 2024-06-01 18:02:21 --> Session: Class initialized using 'CodeIgniter\Session\Handlers\FileHandler' driver.
INFO - 2024-06-01 18:02:28 --> Session: Class initialized using 'CodeIgniter\Session\Handlers\FileHandler' driver.
CRITICAL - 2024-06-01 18:02:28 --> There is no data to update.
in SYSTEMPATH\BaseModel.php on line 1680.
 1 SYSTEMPATH\BaseModel.php(1680): CodeIgniter\Database\Exceptions\DataException::forEmptyDataset('update')
 2 SYSTEMPATH\BaseModel.php(910): CodeIgniter\BaseModel->transformDataToArray(null, 'update')
 3 SYSTEMPATH\Model.php(756): CodeIgniter\BaseModel->update([...], null)
 4 APPPATH\Models\M_tppk.php(3253): CodeIgniter\Model->update([...])
 5 APPPATH\Controllers\InputData.php(1388): App\Models\M_tppk->updatestatusapproval('C806C610-5313-414F-9E38-934F801EAE42', '1')
 6 SYSTEMPATH\CodeIgniter.php(934): App\Controllers\InputData->operatorsesuai()
 7 SYSTEMPATH\CodeIgniter.php(499): CodeIgniter\CodeIgniter->runController(Object(App\Controllers\InputData))
 8 SYSTEMPATH\CodeIgniter.php(368): CodeIgniter\CodeIgniter->handleRequest(null, Object(Config\Cache), false)
 9 FCPATH\index.php(55): CodeIgniter\CodeIgniter->run()
INFO - 2024-06-01 18:05:00 --> Session: Class initialized using 'CodeIgniter\Session\Handlers\FileHandler' driver.
INFO - 2024-06-01 18:05:06 --> Session: Class initialized using 'CodeIgniter\Session\Handlers\FileHandler' driver.
INFO - 2024-06-01 18:05:07 --> Session: Class initialized using 'CodeIgniter\Session\Handlers\FileHandler' driver.
INFO - 2024-06-01 18:05:40 --> Session: Class initialized using 'CodeIgniter\Session\Handlers\FileHandler' driver.
INFO - 2024-06-01 18:05:42 --> Session: Class initialized using 'CodeIgniter\Session\Handlers\FileHandler' driver.
INFO - 2024-06-01 18:05:48 --> Session: Class initialized using 'CodeIgniter\Session\Handlers\FileHandler' driver.
CRITICAL - 2024-06-01 18:05:48 --> There is no data to update.
in SYSTEMPATH\BaseModel.php on line 1680.
 1 SYSTEMPATH\BaseModel.php(1680): CodeIgniter\Database\Exceptions\DataException::forEmptyDataset('update')
 2 SYSTEMPATH\BaseModel.php(910): CodeIgniter\BaseModel->transformDataToArray(null, 'update')
 3 SYSTEMPATH\Model.php(756): CodeIgniter\BaseModel->update([...], null)
 4 APPPATH\Models\M_tppk.php(3253): CodeIgniter\Model->update([...])
 5 APPPATH\Controllers\InputData.php(1392): App\Models\M_tppk->updatestatusapproval('C806C610-5313-414F-9E38-934F801EAE42', 1)
 6 SYSTEMPATH\CodeIgniter.php(934): App\Controllers\InputData->operatorsesuai()
 7 SYSTEMPATH\CodeIgniter.php(499): CodeIgniter\CodeIgniter->runController(Object(App\Controllers\InputData))
 8 SYSTEMPATH\CodeIgniter.php(368): CodeIgniter\CodeIgniter->handleRequest(null, Object(Config\Cache), false)
 9 FCPATH\index.php(55): CodeIgniter\CodeIgniter->run()
INFO - 2024-06-01 18:07:23 --> Session: Class initialized using 'CodeIgniter\Session\Handlers\FileHandler' driver.
CRITICAL - 2024-06-01 18:07:23 --> There is no data to update.
in SYSTEMPATH\BaseModel.php on line 1680.
 1 SYSTEMPATH\BaseModel.php(1680): CodeIgniter\Database\Exceptions\DataException::forEmptyDataset('update')
 2 SYSTEMPATH\BaseModel.php(910): CodeIgniter\BaseModel->transformDataToArray(null, 'update')
 3 SYSTEMPATH\Model.php(756): CodeIgniter\BaseModel->update([...], null)
 4 APPPATH\Models\M_tppk.php(3253): CodeIgniter\Model->update([...])
 5 APPPATH\Controllers\InputData.php(1393): App\Models\M_tppk->updatestatusapproval('C806C610-5313-414F-9E38-934F801EAE42', 1)
 6 SYSTEMPATH\CodeIgniter.php(934): App\Controllers\InputData->operatorsesuai()
 7 SYSTEMPATH\CodeIgniter.php(499): CodeIgniter\CodeIgniter->runController(Object(App\Controllers\InputData))
 8 SYSTEMPATH\CodeIgniter.php(368): CodeIgniter\CodeIgniter->handleRequest(null, Object(Config\Cache), false)
 9 FCPATH\index.php(55): CodeIgniter\CodeIgniter->run()
INFO - 2024-06-01 18:12:08 --> Session: Class initialized using 'CodeIgniter\Session\Handlers\FileHandler' driver.
INFO - 2024-06-01 18:12:20 --> Session: Class initialized using 'CodeIgniter\Session\Handlers\FileHandler' driver.
CRITICAL - 2024-06-01 18:12:20 --> Too few arguments to function App\Models\M_tppk::updatestatusapproval(), 2 passed in D:\laragon\www\tppk\app\Controllers\InputData.php on line 1389 and exactly 3 expected
in APPPATH\Models\M_tppk.php on line 3247.
 1 APPPATH\Controllers\InputData.php(1389): App\Models\M_tppk->updatestatusapproval('C806C610-5313-414F-9E38-934F801EAE42', '1')
 2 SYSTEMPATH\CodeIgniter.php(934): App\Controllers\InputData->operatorsesuai()
 3 SYSTEMPATH\CodeIgniter.php(499): CodeIgniter\CodeIgniter->runController(Object(App\Controllers\InputData))
 4 SYSTEMPATH\CodeIgniter.php(368): CodeIgniter\CodeIgniter->handleRequest(null, Object(Config\Cache), false)
 5 FCPATH\index.php(55): CodeIgniter\CodeIgniter->run()
INFO - 2024-06-01 18:12:36 --> Session: Class initialized using 'CodeIgniter\Session\Handlers\FileHandler' driver.
INFO - 2024-06-01 18:12:39 --> Session: Class initialized using 'CodeIgniter\Session\Handlers\FileHandler' driver.
INFO - 2024-06-01 18:12:43 --> Session: Class initialized using 'CodeIgniter\Session\Handlers\FileHandler' driver.
INFO - 2024-06-01 18:12:53 --> Session: Class initialized using 'CodeIgniter\Session\Handlers\FileHandler' driver.
ERROR - 2024-06-01 18:12:53 --> [Microsoft][ODBC Driver 17 for SQL Server][SQL Server]The multi-part identifier "t1.pengguna_id" could not be bound.
CRITICAL - 2024-06-01 18:12:53 --> [Microsoft][ODBC Driver 17 for SQL Server][SQL Server]The multi-part identifier "t1.pengguna_id" could not be bound.
in SYSTEMPATH\Database\BaseConnection.php on line 645.
 1 APPPATH\Models\M_tppk.php(3255): CodeIgniter\Database\BaseConnection->query('UPDATE TPPK.dbo.pengguna_satgas SET approval_status = :opsi:, keterangan = :catatan:
                WHERE t1.pengguna_id = :pengguna_id:', [...])
 2 APPPATH\Controllers\InputData.php(1389): App\Models\M_tppk->updatestatusapproval('C806C610-5313-414F-9E38-934F801EAE42', '1', 'SK tidak sesuai')
 3 SYSTEMPATH\CodeIgniter.php(934): App\Controllers\InputData->operatorsesuai()
 4 SYSTEMPATH\CodeIgniter.php(499): CodeIgniter\CodeIgniter->runController(Object(App\Controllers\InputData))
 5 SYSTEMPATH\CodeIgniter.php(368): CodeIgniter\CodeIgniter->handleRequest(null, Object(Config\Cache), false)
 6 FCPATH\index.php(55): CodeIgniter\CodeIgniter->run()
INFO - 2024-06-01 18:12:59 --> Session: Class initialized using 'CodeIgniter\Session\Handlers\FileHandler' driver.
ERROR - 2024-06-01 18:13:00 --> [Microsoft][ODBC Driver 17 for SQL Server][SQL Server]The multi-part identifier "t1.pengguna_id" could not be bound.
CRITICAL - 2024-06-01 18:13:00 --> [Microsoft][ODBC Driver 17 for SQL Server][SQL Server]The multi-part identifier "t1.pengguna_id" could not be bound.
in SYSTEMPATH\Database\BaseConnection.php on line 645.
 1 APPPATH\Models\M_tppk.php(3255): CodeIgniter\Database\BaseConnection->query('UPDATE TPPK.dbo.pengguna_satgas SET approval_status = :opsi:, keterangan = :catatan:
                WHERE t1.pengguna_id = :pengguna_id:', [...])
 2 APPPATH\Controllers\InputData.php(1389): App\Models\M_tppk->updatestatusapproval('C806C610-5313-414F-9E38-934F801EAE42', '1', 'SK tidak sesuai')
 3 SYSTEMPATH\CodeIgniter.php(934): App\Controllers\InputData->operatorsesuai()
 4 SYSTEMPATH\CodeIgniter.php(499): CodeIgniter\CodeIgniter->runController(Object(App\Controllers\InputData))
 5 SYSTEMPATH\CodeIgniter.php(368): CodeIgniter\CodeIgniter->handleRequest(null, Object(Config\Cache), false)
 6 FCPATH\index.php(55): CodeIgniter\CodeIgniter->run()
INFO - 2024-06-01 18:13:29 --> Session: Class initialized using 'CodeIgniter\Session\Handlers\FileHandler' driver.
INFO - 2024-06-01 18:13:35 --> Session: Class initialized using 'CodeIgniter\Session\Handlers\FileHandler' driver.
ERROR - 2024-06-01 18:13:36 --> [Microsoft][ODBC Driver 17 for SQL Server][SQL Server]Invalid column name 'approval_status'.
CRITICAL - 2024-06-01 18:13:36 --> [Microsoft][ODBC Driver 17 for SQL Server][SQL Server]Invalid column name 'approval_status'.
in SYSTEMPATH\Database\BaseConnection.php on line 645.
 1 APPPATH\Models\M_tppk.php(3255): CodeIgniter\Database\BaseConnection->query('UPDATE TPPK.dbo.pengguna_satgas SET approval_status = :opsi:, keterangan = :catatan:
                WHERE pengguna_id = :pengguna_id:', [...])
 2 APPPATH\Controllers\InputData.php(1389): App\Models\M_tppk->updatestatusapproval('C806C610-5313-414F-9E38-934F801EAE42', '1', 'Tidak sesuai')
 3 SYSTEMPATH\CodeIgniter.php(934): App\Controllers\InputData->operatorsesuai()
 4 SYSTEMPATH\CodeIgniter.php(499): CodeIgniter\CodeIgniter->runController(Object(App\Controllers\InputData))
 5 SYSTEMPATH\CodeIgniter.php(368): CodeIgniter\CodeIgniter->handleRequest(null, Object(Config\Cache), false)
 6 FCPATH\index.php(55): CodeIgniter\CodeIgniter->run()
INFO - 2024-06-01 18:13:41 --> Session: Class initialized using 'CodeIgniter\Session\Handlers\FileHandler' driver.
INFO - 2024-06-01 18:13:45 --> Session: Class initialized using 'CodeIgniter\Session\Handlers\FileHandler' driver.
INFO - 2024-06-01 18:13:53 --> Session: Class initialized using 'CodeIgniter\Session\Handlers\FileHandler' driver.
INFO - 2024-06-01 18:14:03 --> Session: Class initialized using 'CodeIgniter\Session\Handlers\FileHandler' driver.
ERROR - 2024-06-01 18:14:04 --> [Microsoft][ODBC Driver 17 for SQL Server][SQL Server]Invalid column name 'approval_status'.
CRITICAL - 2024-06-01 18:14:04 --> [Microsoft][ODBC Driver 17 for SQL Server][SQL Server]Invalid column name 'approval_status'.
in SYSTEMPATH\Database\BaseConnection.php on line 645.
 1 APPPATH\Models\M_tppk.php(3255): CodeIgniter\Database\BaseConnection->query('UPDATE TPPK.dbo.pengguna_satgas SET approval_status = :opsi:, keterangan = :catatan:
                WHERE pengguna_id = :pengguna_id:', [...])
 2 APPPATH\Controllers\InputData.php(1389): App\Models\M_tppk->updatestatusapproval('C806C610-5313-414F-9E38-934F801EAE42', '1', 'SK Salah')
 3 SYSTEMPATH\CodeIgniter.php(934): App\Controllers\InputData->operatorsesuai()
 4 SYSTEMPATH\CodeIgniter.php(499): CodeIgniter\CodeIgniter->runController(Object(App\Controllers\InputData))
 5 SYSTEMPATH\CodeIgniter.php(368): CodeIgniter\CodeIgniter->handleRequest(null, Object(Config\Cache), false)
 6 FCPATH\index.php(55): CodeIgniter\CodeIgniter->run()
INFO - 2024-06-01 18:14:48 --> Session: Class initialized using 'CodeIgniter\Session\Handlers\FileHandler' driver.
INFO - 2024-06-01 18:14:55 --> Session: Class initialized using 'CodeIgniter\Session\Handlers\FileHandler' driver.
INFO - 2024-06-01 18:14:56 --> Session: Class initialized using 'CodeIgniter\Session\Handlers\FileHandler' driver.
INFO - 2024-06-01 18:30:13 --> Session: Class initialized using 'CodeIgniter\Session\Handlers\FileHandler' driver.
INFO - 2024-06-01 18:31:10 --> Session: Class initialized using 'CodeIgniter\Session\Handlers\FileHandler' driver.
INFO - 2024-06-01 18:31:16 --> Session: Class initialized using 'CodeIgniter\Session\Handlers\FileHandler' driver.
INFO - 2024-06-01 18:35:49 --> Session: Class initialized using 'CodeIgniter\Session\Handlers\FileHandler' driver.
CRITICAL - 2024-06-01 18:35:49 --> Undefined property: stdClass::$keterangan
in APPPATH\Controllers\Login.php on line 151.
 1 APPPATH\Controllers\Login.php(151): CodeIgniter\Debug\Exceptions->errorHandler(2, 'Undefined property: stdClass::$keterangan', 'APPPATH\\Controllers\\Login.php', 151)
 2 SYSTEMPATH\CodeIgniter.php(934): App\Controllers\Login->status_approval()
 3 SYSTEMPATH\CodeIgniter.php(499): CodeIgniter\CodeIgniter->runController(Object(App\Controllers\Login))
 4 SYSTEMPATH\CodeIgniter.php(368): CodeIgniter\CodeIgniter->handleRequest(null, Object(Config\Cache), false)
 5 FCPATH\index.php(55): CodeIgniter\CodeIgniter->run()
INFO - 2024-06-01 18:36:25 --> Session: Class initialized using 'CodeIgniter\Session\Handlers\FileHandler' driver.
INFO - 2024-06-01 18:38:02 --> Session: Class initialized using 'CodeIgniter\Session\Handlers\FileHandler' driver.
INFO - 2024-06-01 18:38:19 --> Session: Class initialized using 'CodeIgniter\Session\Handlers\FileHandler' driver.
INFO - 2024-06-01 18:39:14 --> Session: Class initialized using 'CodeIgniter\Session\Handlers\FileHandler' driver.
INFO - 2024-06-01 18:39:37 --> Session: Class initialized using 'CodeIgniter\Session\Handlers\FileHandler' driver.
INFO - 2024-06-01 18:39:53 --> Session: Class initialized using 'CodeIgniter\Session\Handlers\FileHandler' driver.
INFO - 2024-06-01 18:40:37 --> Session: Class initialized using 'CodeIgniter\Session\Handlers\FileHandler' driver.
INFO - 2024-06-01 18:41:06 --> Session: Class initialized using 'CodeIgniter\Session\Handlers\FileHandler' driver.
INFO - 2024-06-01 18:41:32 --> Session: Class initialized using 'CodeIgniter\Session\Handlers\FileHandler' driver.
INFO - 2024-06-01 18:42:28 --> Session: Class initialized using 'CodeIgniter\Session\Handlers\FileHandler' driver.
INFO - 2024-06-01 18:42:38 --> Session: Class initialized using 'CodeIgniter\Session\Handlers\FileHandler' driver.
INFO - 2024-06-01 18:42:41 --> Session: Class initialized using 'CodeIgniter\Session\Handlers\FileHandler' driver.
INFO - 2024-06-01 18:42:41 --> Session: Class initialized using 'CodeIgniter\Session\Handlers\FileHandler' driver.
INFO - 2024-06-01 18:42:45 --> Session: Class initialized using 'CodeIgniter\Session\Handlers\FileHandler' driver.
INFO - 2024-06-01 18:42:50 --> Session: Class initialized using 'CodeIgniter\Session\Handlers\FileHandler' driver.
INFO - 2024-06-01 18:42:52 --> Session: Class initialized using 'CodeIgniter\Session\Handlers\FileHandler' driver.
INFO - 2024-06-01 18:43:23 --> Session: Class initialized using 'CodeIgniter\Session\Handlers\FileHandler' driver.
INFO - 2024-06-01 18:44:11 --> Session: Class initialized using 'CodeIgniter\Session\Handlers\FileHandler' driver.
INFO - 2024-06-01 18:47:32 --> Session: Class initialized using 'CodeIgniter\Session\Handlers\FileHandler' driver.
INFO - 2024-06-01 18:48:52 --> Session: Class initialized using 'CodeIgniter\Session\Handlers\FileHandler' driver.
INFO - 2024-06-01 18:52:48 --> Session: Class initialized using 'CodeIgniter\Session\Handlers\FileHandler' driver.
INFO - 2024-06-01 18:52:56 --> Session: Class initialized using 'CodeIgniter\Session\Handlers\FileHandler' driver.
INFO - 2024-06-01 18:52:59 --> Session: Class initialized using 'CodeIgniter\Session\Handlers\FileHandler' driver.
INFO - 2024-06-01 18:53:07 --> Session: Class initialized using 'CodeIgniter\Session\Handlers\FileHandler' driver.
INFO - 2024-06-01 18:53:25 --> Session: Class initialized using 'CodeIgniter\Session\Handlers\FileHandler' driver.
INFO - 2024-06-01 18:53:29 --> Session: Class initialized using 'CodeIgniter\Session\Handlers\FileHandler' driver.
INFO - 2024-06-01 18:53:37 --> Session: Class initialized using 'CodeIgniter\Session\Handlers\FileHandler' driver.
INFO - 2024-06-01 18:53:44 --> Session: Class initialized using 'CodeIgniter\Session\Handlers\FileHandler' driver.
INFO - 2024-06-01 18:58:45 --> Session: Class initialized using 'CodeIgniter\Session\Handlers\FileHandler' driver.
INFO - 2024-06-01 18:58:49 --> Session: Class initialized using 'CodeIgniter\Session\Handlers\FileHandler' driver.
INFO - 2024-06-01 18:58:57 --> Session: Class initialized using 'CodeIgniter\Session\Handlers\FileHandler' driver.
INFO - 2024-06-01 18:59:01 --> Session: Class initialized using 'CodeIgniter\Session\Handlers\FileHandler' driver.
INFO - 2024-06-01 19:01:14 --> Session: Class initialized using 'CodeIgniter\Session\Handlers\FileHandler' driver.
INFO - 2024-06-01 19:01:17 --> Session: Class initialized using 'CodeIgniter\Session\Handlers\FileHandler' driver.
CRITICAL - 2024-06-01 19:01:17 --> Undefined array key "nomor_sk"
in APPPATH\Views\tppk\daftar_skop_satgas2.php on line 132.
 1 APPPATH\Views\tppk\daftar_skop_satgas2.php(132): CodeIgniter\Debug\Exceptions->errorHandler(2, 'Undefined array key "nomor_sk"', 'APPPATH\\Views\\tppk\\daftar_skop_satgas2.php', 132)
 2 SYSTEMPATH\View\View.php(213): include('APPPATH\\Views\\tppk\\daftar_skop_satgas2.php')
 3 SYSTEMPATH\View\View.php(216): CodeIgniter\View\View->CodeIgniter\View\{closure}()
 4 SYSTEMPATH\Common.php(1184): CodeIgniter\View\View->render('tppk/daftar_skop_satgas2', [], true)
 5 APPPATH\Controllers\InputData.php(1078): view('tppk/daftar_skop_satgas2', [...])
 6 SYSTEMPATH\CodeIgniter.php(934): App\Controllers\InputData->daftar_skbaru('op_kota')
 7 SYSTEMPATH\CodeIgniter.php(499): CodeIgniter\CodeIgniter->runController(Object(App\Controllers\InputData))
 8 SYSTEMPATH\CodeIgniter.php(368): CodeIgniter\CodeIgniter->handleRequest(null, Object(Config\Cache), false)
 9 FCPATH\index.php(55): CodeIgniter\CodeIgniter->run()
INFO - 2024-06-01 19:01:20 --> Session: Class initialized using 'CodeIgniter\Session\Handlers\FileHandler' driver.
INFO - 2024-06-01 19:02:18 --> Session: Class initialized using 'CodeIgniter\Session\Handlers\FileHandler' driver.
CRITICAL - 2024-06-01 19:02:18 --> Undefined array key "nomor_sk"
in APPPATH\Views\tppk\daftar_skop_satgas2.php on line 132.
 1 APPPATH\Views\tppk\daftar_skop_satgas2.php(132): CodeIgniter\Debug\Exceptions->errorHandler(2, 'Undefined array key "nomor_sk"', 'APPPATH\\Views\\tppk\\daftar_skop_satgas2.php', 132)
 2 SYSTEMPATH\View\View.php(213): include('APPPATH\\Views\\tppk\\daftar_skop_satgas2.php')
 3 SYSTEMPATH\View\View.php(216): CodeIgniter\View\View->CodeIgniter\View\{closure}()
 4 SYSTEMPATH\Common.php(1184): CodeIgniter\View\View->render('tppk/daftar_skop_satgas2', [], true)
 5 APPPATH\Controllers\InputData.php(1078): view('tppk/daftar_skop_satgas2', [...])
 6 SYSTEMPATH\CodeIgniter.php(934): App\Controllers\InputData->daftar_skbaru('op_kota')
 7 SYSTEMPATH\CodeIgniter.php(499): CodeIgniter\CodeIgniter->runController(Object(App\Controllers\InputData))
 8 SYSTEMPATH\CodeIgniter.php(368): CodeIgniter\CodeIgniter->handleRequest(null, Object(Config\Cache), false)
 9 FCPATH\index.php(55): CodeIgniter\CodeIgniter->run()
INFO - 2024-06-01 19:02:22 --> Session: Class initialized using 'CodeIgniter\Session\Handlers\FileHandler' driver.
INFO - 2024-06-01 19:51:12 --> Session: Class initialized using 'CodeIgniter\Session\Handlers\FileHandler' driver.
INFO - 2024-06-01 19:51:18 --> Session: Class initialized using 'CodeIgniter\Session\Handlers\FileHandler' driver.
INFO - 2024-06-01 19:51:25 --> Session: Class initialized using 'CodeIgniter\Session\Handlers\FileHandler' driver.
INFO - 2024-06-01 19:51:27 --> Session: Class initialized using 'CodeIgniter\Session\Handlers\FileHandler' driver.
INFO - 2024-06-01 19:51:32 --> Session: Class initialized using 'CodeIgniter\Session\Handlers\FileHandler' driver.
INFO - 2024-06-01 19:53:15 --> Session: Class initialized using 'CodeIgniter\Session\Handlers\FileHandler' driver.
INFO - 2024-06-01 19:53:15 --> Session: Class initialized using 'CodeIgniter\Session\Handlers\FileHandler' driver.
INFO - 2024-06-01 19:53:18 --> Session: Class initialized using 'CodeIgniter\Session\Handlers\FileHandler' driver.
INFO - 2024-06-01 19:53:22 --> Session: Class initialized using 'CodeIgniter\Session\Handlers\FileHandler' driver.
INFO - 2024-06-01 19:53:45 --> CSRF token verified.
INFO - 2024-06-01 19:53:51 --> CSRF token verified.
INFO - 2024-06-01 19:53:53 --> CSRF token verified.
