INFO - 2024-02-15 10:17:08 --> Session: Class initialized using 'CodeIgniter\Session\Handlers\FileHandler' driver.
INFO - 2024-02-15 10:17:08 --> Session: Class initialized using 'CodeIgniter\Session\Handlers\FileHandler' driver.
INFO - 2024-02-15 10:17:27 --> Session: Class initialized using 'CodeIgniter\Session\Handlers\FileHandler' driver.
INFO - 2024-02-15 10:17:28 --> Session: Class initialized using 'CodeIgniter\Session\Handlers\FileHandler' driver.
INFO - 2024-02-15 10:17:32 --> Session: Class initialized using 'CodeIgniter\Session\Handlers\FileHandler' driver.
INFO - 2024-02-15 10:28:18 --> CSRF token verified.
CRITICAL - 2024-02-15 10:28:19 --> Trying to access array offset on value of type null
in APPPATH\Controllers\InputData.php on line 1729.
 1 APPPATH\Controllers\InputData.php(1729): CodeIgniter\Debug\Exceptions->errorHandler(2, 'Trying to access array offset on value of type null', 'APPPATH\\Controllers\\InputData.php', 1729)
 2 SYSTEMPATH\CodeIgniter.php(934): App\Controllers\InputData->simpan_kasus()
 3 SYSTEMPATH\CodeIgniter.php(499): CodeIgniter\CodeIgniter->runController(Object(App\Controllers\InputData))
 4 SYSTEMPATH\CodeIgniter.php(368): CodeIgniter\CodeIgniter->handleRequest(null, Object(Config\Cache), false)
 5 FCPATH\index.php(55): CodeIgniter\CodeIgniter->run()
INFO - 2024-02-15 10:32:36 --> Session: Class initialized using 'CodeIgniter\Session\Handlers\FileHandler' driver.
INFO - 2024-02-15 10:32:42 --> Session: Class initialized using 'CodeIgniter\Session\Handlers\FileHandler' driver.
INFO - 2024-02-15 10:32:59 --> Session: Class initialized using 'CodeIgniter\Session\Handlers\FileHandler' driver.
INFO - 2024-02-15 10:35:15 --> Session: Class initialized using 'CodeIgniter\Session\Handlers\FileHandler' driver.
INFO - 2024-02-15 10:37:47 --> Session: Class initialized using 'CodeIgniter\Session\Handlers\FileHandler' driver.
INFO - 2024-02-15 10:38:23 --> Session: Class initialized using 'CodeIgniter\Session\Handlers\FileHandler' driver.
INFO - 2024-02-15 10:39:32 --> Session: Class initialized using 'CodeIgniter\Session\Handlers\FileHandler' driver.
ERROR - 2024-02-15 10:41:01 --> Error connecting to the database: CodeIgniter\Database\Exceptions\DatabaseException: [Microsoft][ODBC Driver 17 for SQL Server]Named Pipes Provider: Could not open a connection to SQL Server [53].  SQLSTATE: 08001, code: 53
[Microsoft][ODBC Driver 17 for SQL Server]Login timeout expired SQLSTATE: HYT00, code: 0
[Microsoft][ODBC Driver 17 for SQL Server]A network-related or instance-specific error has occurred while establishing a connection to SQL Server. Server is not found or not accessible. Check if instance name is correct and if SQL Server is configured to allow remote connections. For more information see SQL Server Books Online. SQLSTATE: 08001, code: 53 in D:\laragon\www\tppk\system\Database\SQLSRV\Connection.php:142
Stack trace:
#0 D:\laragon\www\tppk\system\Database\BaseConnection.php(391): CodeIgniter\Database\SQLSRV\Connection->connect(false)
#1 D:\laragon\www\tppk\system\Database\BaseConnection.php(573): CodeIgniter\Database\BaseConnection->initialize()
#2 D:\laragon\www\tppk\app\Models\M_tppk.php(2009): CodeIgniter\Database\BaseConnection->query('SELECT kode_wil...', Array)
#3 D:\laragon\www\tppk\app\Controllers\InputData.php(1828): App\Models\M_tppk->get_daf_kota('110000  ')
#4 D:\laragon\www\tppk\system\CodeIgniter.php(934): App\Controllers\InputData->get_daf_kota()
#5 D:\laragon\www\tppk\system\CodeIgniter.php(499): CodeIgniter\CodeIgniter->runController(Object(App\Controllers\InputData))
#6 D:\laragon\www\tppk\system\CodeIgniter.php(368): CodeIgniter\CodeIgniter->handleRequest(NULL, Object(Config\Cache), false)
#7 D:\laragon\www\tppk\index.php(55): CodeIgniter\CodeIgniter->run()
#8 {main}
ERROR - 2024-02-15 10:41:01 --> Error connecting to the database: CodeIgniter\Database\Exceptions\DatabaseException: [Microsoft][ODBC Driver 17 for SQL Server]Named Pipes Provider: Could not open a connection to SQL Server [53].  SQLSTATE: 08001, code: 53
[Microsoft][ODBC Driver 17 for SQL Server]Login timeout expired SQLSTATE: HYT00, code: 0
[Microsoft][ODBC Driver 17 for SQL Server]A network-related or instance-specific error has occurred while establishing a connection to SQL Server. Server is not found or not accessible. Check if instance name is correct and if SQL Server is configured to allow remote connections. For more information see SQL Server Books Online. SQLSTATE: 08001, code: 53 in D:\laragon\www\tppk\system\Database\SQLSRV\Connection.php:142
Stack trace:
#0 D:\laragon\www\tppk\system\Database\BaseConnection.php(391): CodeIgniter\Database\SQLSRV\Connection->connect(false)
#1 D:\laragon\www\tppk\system\Database\BaseConnection.php(573): CodeIgniter\Database\BaseConnection->initialize()
#2 D:\laragon\www\tppk\app\Models\M_tppk.php(2009): CodeIgniter\Database\BaseConnection->query('SELECT kode_wil...', Array)
#3 D:\laragon\www\tppk\app\Controllers\InputData.php(1828): App\Models\M_tppk->get_daf_kota('120000  ')
#4 D:\laragon\www\tppk\system\CodeIgniter.php(934): App\Controllers\InputData->get_daf_kota()
#5 D:\laragon\www\tppk\system\CodeIgniter.php(499): CodeIgniter\CodeIgniter->runController(Object(App\Controllers\InputData))
#6 D:\laragon\www\tppk\system\CodeIgniter.php(368): CodeIgniter\CodeIgniter->handleRequest(NULL, Object(Config\Cache), false)
#7 D:\laragon\www\tppk\index.php(55): CodeIgniter\CodeIgniter->run()
#8 {main}
ERROR - 2024-02-15 10:41:01 --> Error connecting to the database: CodeIgniter\Database\Exceptions\DatabaseException: [Microsoft][ODBC Driver 17 for SQL Server]Named Pipes Provider: Could not open a connection to SQL Server [53].  SQLSTATE: 08001, code: 53
[Microsoft][ODBC Driver 17 for SQL Server]Login timeout expired SQLSTATE: HYT00, code: 0
[Microsoft][ODBC Driver 17 for SQL Server]A network-related or instance-specific error has occurred while establishing a connection to SQL Server. Server is not found or not accessible. Check if instance name is correct and if SQL Server is configured to allow remote connections. For more information see SQL Server Books Online. SQLSTATE: 08001, code: 53 in D:\laragon\www\tppk\system\Database\SQLSRV\Connection.php:142
Stack trace:
#0 D:\laragon\www\tppk\system\Database\BaseConnection.php(391): CodeIgniter\Database\SQLSRV\Connection->connect(false)
#1 D:\laragon\www\tppk\system\Database\BaseConnection.php(573): CodeIgniter\Database\BaseConnection->initialize()
#2 D:\laragon\www\tppk\app\Models\M_tppk.php(2009): CodeIgniter\Database\BaseConnection->query('SELECT kode_wil...', Array)
#3 D:\laragon\www\tppk\app\Controllers\InputData.php(1828): App\Models\M_tppk->get_daf_kota('140000  ')
#4 D:\laragon\www\tppk\system\CodeIgniter.php(934): App\Controllers\InputData->get_daf_kota()
#5 D:\laragon\www\tppk\system\CodeIgniter.php(499): CodeIgniter\CodeIgniter->runController(Object(App\Controllers\InputData))
#6 D:\laragon\www\tppk\system\CodeIgniter.php(368): CodeIgniter\CodeIgniter->handleRequest(NULL, Object(Config\Cache), false)
#7 D:\laragon\www\tppk\index.php(55): CodeIgniter\CodeIgniter->run()
#8 {main}
CRITICAL - 2024-02-15 10:41:01 --> Unable to connect to the database.
Main connection [SQLSRV]: [Microsoft][ODBC Driver 17 for SQL Server]Named Pipes Provider: Could not open a connection to SQL Server [53].  SQLSTATE: 08001, code: 53
[Microsoft][ODBC Driver 17 for SQL Server]Login timeout expired SQLSTATE: HYT00, code: 0
[Microsoft][ODBC Driver 17 for SQL Server]A network-related or instance-specific error has occurred while establishing a connection to SQL Server. Server is not found or not accessible. Check if instance name is correct and if SQL Server is configured to allow remote connections. For more information see SQL Server Books Online. SQLSTATE: 08001, code: 53
in SYSTEMPATH\Database\BaseConnection.php on line 427.
 1 SYSTEMPATH\Database\BaseConnection.php(573): CodeIgniter\Database\BaseConnection->initialize()
 2 APPPATH\Models\M_tppk.php(2009): CodeIgniter\Database\BaseConnection->query('SELECT kode_wilayah, nama 
                FROM Referensi.ref.mst_wilayah
                WHERE mst_kode_wilayah = :kode_provinsi: AND id_level_wilayah=2', [...])
 3 APPPATH\Controllers\InputData.php(1828): App\Models\M_tppk->get_daf_kota('110000  ')
 4 SYSTEMPATH\CodeIgniter.php(934): App\Controllers\InputData->get_daf_kota()
 5 SYSTEMPATH\CodeIgniter.php(499): CodeIgniter\CodeIgniter->runController(Object(App\Controllers\InputData))
 6 SYSTEMPATH\CodeIgniter.php(368): CodeIgniter\CodeIgniter->handleRequest(null, Object(Config\Cache), false)
 7 FCPATH\index.php(55): CodeIgniter\CodeIgniter->run()
CRITICAL - 2024-02-15 10:41:01 --> Unable to connect to the database.
Main connection [SQLSRV]: [Microsoft][ODBC Driver 17 for SQL Server]Named Pipes Provider: Could not open a connection to SQL Server [53].  SQLSTATE: 08001, code: 53
[Microsoft][ODBC Driver 17 for SQL Server]Login timeout expired SQLSTATE: HYT00, code: 0
[Microsoft][ODBC Driver 17 for SQL Server]A network-related or instance-specific error has occurred while establishing a connection to SQL Server. Server is not found or not accessible. Check if instance name is correct and if SQL Server is configured to allow remote connections. For more information see SQL Server Books Online. SQLSTATE: 08001, code: 53
in SYSTEMPATH\Database\BaseConnection.php on line 427.
 1 SYSTEMPATH\Database\BaseConnection.php(573): CodeIgniter\Database\BaseConnection->initialize()
 2 APPPATH\Models\M_tppk.php(2009): CodeIgniter\Database\BaseConnection->query('SELECT kode_wilayah, nama 
                FROM Referensi.ref.mst_wilayah
                WHERE mst_kode_wilayah = :kode_provinsi: AND id_level_wilayah=2', [...])
 3 APPPATH\Controllers\InputData.php(1828): App\Models\M_tppk->get_daf_kota('120000  ')
 4 SYSTEMPATH\CodeIgniter.php(934): App\Controllers\InputData->get_daf_kota()
 5 SYSTEMPATH\CodeIgniter.php(499): CodeIgniter\CodeIgniter->runController(Object(App\Controllers\InputData))
 6 SYSTEMPATH\CodeIgniter.php(368): CodeIgniter\CodeIgniter->handleRequest(null, Object(Config\Cache), false)
 7 FCPATH\index.php(55): CodeIgniter\CodeIgniter->run()
CRITICAL - 2024-02-15 10:41:01 --> Unable to connect to the database.
Main connection [SQLSRV]: [Microsoft][ODBC Driver 17 for SQL Server]Named Pipes Provider: Could not open a connection to SQL Server [53].  SQLSTATE: 08001, code: 53
[Microsoft][ODBC Driver 17 for SQL Server]Login timeout expired SQLSTATE: HYT00, code: 0
[Microsoft][ODBC Driver 17 for SQL Server]A network-related or instance-specific error has occurred while establishing a connection to SQL Server. Server is not found or not accessible. Check if instance name is correct and if SQL Server is configured to allow remote connections. For more information see SQL Server Books Online. SQLSTATE: 08001, code: 53
in SYSTEMPATH\Database\BaseConnection.php on line 427.
 1 SYSTEMPATH\Database\BaseConnection.php(573): CodeIgniter\Database\BaseConnection->initialize()
 2 APPPATH\Models\M_tppk.php(2009): CodeIgniter\Database\BaseConnection->query('SELECT kode_wilayah, nama 
                FROM Referensi.ref.mst_wilayah
                WHERE mst_kode_wilayah = :kode_provinsi: AND id_level_wilayah=2', [...])
 3 APPPATH\Controllers\InputData.php(1828): App\Models\M_tppk->get_daf_kota('140000  ')
 4 SYSTEMPATH\CodeIgniter.php(934): App\Controllers\InputData->get_daf_kota()
 5 SYSTEMPATH\CodeIgniter.php(499): CodeIgniter\CodeIgniter->runController(Object(App\Controllers\InputData))
 6 SYSTEMPATH\CodeIgniter.php(368): CodeIgniter\CodeIgniter->handleRequest(null, Object(Config\Cache), false)
 7 FCPATH\index.php(55): CodeIgniter\CodeIgniter->run()
ERROR - 2024-02-15 10:41:10 --> Error connecting to the database: CodeIgniter\Database\Exceptions\DatabaseException: [Microsoft][ODBC Driver 17 for SQL Server]Named Pipes Provider: Could not open a connection to SQL Server [53].  SQLSTATE: 08001, code: 53
[Microsoft][ODBC Driver 17 for SQL Server]Login timeout expired SQLSTATE: HYT00, code: 0
[Microsoft][ODBC Driver 17 for SQL Server]A network-related or instance-specific error has occurred while establishing a connection to SQL Server. Server is not found or not accessible. Check if instance name is correct and if SQL Server is configured to allow remote connections. For more information see SQL Server Books Online. SQLSTATE: 08001, code: 53 in D:\laragon\www\tppk\system\Database\SQLSRV\Connection.php:142
Stack trace:
#0 D:\laragon\www\tppk\system\Database\BaseConnection.php(391): CodeIgniter\Database\SQLSRV\Connection->connect(false)
#1 D:\laragon\www\tppk\system\Database\BaseConnection.php(573): CodeIgniter\Database\BaseConnection->initialize()
#2 D:\laragon\www\tppk\app\Models\M_tppk.php(2009): CodeIgniter\Database\BaseConnection->query('SELECT kode_wil...', Array)
#3 D:\laragon\www\tppk\app\Controllers\InputData.php(1828): App\Models\M_tppk->get_daf_kota('070000  ')
#4 D:\laragon\www\tppk\system\CodeIgniter.php(934): App\Controllers\InputData->get_daf_kota()
#5 D:\laragon\www\tppk\system\CodeIgniter.php(499): CodeIgniter\CodeIgniter->runController(Object(App\Controllers\InputData))
#6 D:\laragon\www\tppk\system\CodeIgniter.php(368): CodeIgniter\CodeIgniter->handleRequest(NULL, Object(Config\Cache), false)
#7 D:\laragon\www\tppk\index.php(55): CodeIgniter\CodeIgniter->run()
#8 {main}
CRITICAL - 2024-02-15 10:41:10 --> Unable to connect to the database.
Main connection [SQLSRV]: [Microsoft][ODBC Driver 17 for SQL Server]Named Pipes Provider: Could not open a connection to SQL Server [53].  SQLSTATE: 08001, code: 53
[Microsoft][ODBC Driver 17 for SQL Server]Login timeout expired SQLSTATE: HYT00, code: 0
[Microsoft][ODBC Driver 17 for SQL Server]A network-related or instance-specific error has occurred while establishing a connection to SQL Server. Server is not found or not accessible. Check if instance name is correct and if SQL Server is configured to allow remote connections. For more information see SQL Server Books Online. SQLSTATE: 08001, code: 53
in SYSTEMPATH\Database\BaseConnection.php on line 427.
 1 SYSTEMPATH\Database\BaseConnection.php(573): CodeIgniter\Database\BaseConnection->initialize()
 2 APPPATH\Models\M_tppk.php(2009): CodeIgniter\Database\BaseConnection->query('SELECT kode_wilayah, nama 
                FROM Referensi.ref.mst_wilayah
                WHERE mst_kode_wilayah = :kode_provinsi: AND id_level_wilayah=2', [...])
 3 APPPATH\Controllers\InputData.php(1828): App\Models\M_tppk->get_daf_kota('070000  ')
 4 SYSTEMPATH\CodeIgniter.php(934): App\Controllers\InputData->get_daf_kota()
 5 SYSTEMPATH\CodeIgniter.php(499): CodeIgniter\CodeIgniter->runController(Object(App\Controllers\InputData))
 6 SYSTEMPATH\CodeIgniter.php(368): CodeIgniter\CodeIgniter->handleRequest(null, Object(Config\Cache), false)
 7 FCPATH\index.php(55): CodeIgniter\CodeIgniter->run()
INFO - 2024-02-15 10:55:28 --> Session: Class initialized using 'CodeIgniter\Session\Handlers\FileHandler' driver.
INFO - 2024-02-15 10:58:21 --> CSRF token verified.
CRITICAL - 2024-02-15 10:58:21 --> Trying to access array offset on value of type null
in APPPATH\Controllers\InputData.php on line 1729.
 1 APPPATH\Controllers\InputData.php(1729): CodeIgniter\Debug\Exceptions->errorHandler(2, 'Trying to access array offset on value of type null', 'APPPATH\\Controllers\\InputData.php', 1729)
 2 SYSTEMPATH\CodeIgniter.php(934): App\Controllers\InputData->simpan_kasus()
 3 SYSTEMPATH\CodeIgniter.php(499): CodeIgniter\CodeIgniter->runController(Object(App\Controllers\InputData))
 4 SYSTEMPATH\CodeIgniter.php(368): CodeIgniter\CodeIgniter->handleRequest(null, Object(Config\Cache), false)
 5 FCPATH\index.php(55): CodeIgniter\CodeIgniter->run()
INFO - 2024-02-15 11:19:21 --> Session: Class initialized using 'CodeIgniter\Session\Handlers\FileHandler' driver.
INFO - 2024-02-15 11:19:21 --> Session: Class initialized using 'CodeIgniter\Session\Handlers\FileHandler' driver.
INFO - 2024-02-15 11:19:24 --> Session: Class initialized using 'CodeIgniter\Session\Handlers\FileHandler' driver.
INFO - 2024-02-15 11:19:29 --> Session: Class initialized using 'CodeIgniter\Session\Handlers\FileHandler' driver.
INFO - 2024-02-15 11:19:40 --> Session: Class initialized using 'CodeIgniter\Session\Handlers\FileHandler' driver.
CRITICAL - 2024-02-15 11:19:40 --> Invalid file: "inputdata/login_eksternal.php"
in SYSTEMPATH\Exceptions\FrameworkException.php on line 33.
 1 SYSTEMPATH\View\View.php(201): CodeIgniter\Exceptions\FrameworkException::forInvalidFile('inputdata/login_eksternal.php')
 2 SYSTEMPATH\Common.php(1184): CodeIgniter\View\View->render('inputdata/login_eksternal', [], true)
 3 APPPATH\Controllers\InputData.php(1290): view('inputdata/login_eksternal')
 4 SYSTEMPATH\CodeIgniter.php(934): App\Controllers\InputData->pelaporan()
 5 SYSTEMPATH\CodeIgniter.php(499): CodeIgniter\CodeIgniter->runController(Object(App\Controllers\InputData))
 6 SYSTEMPATH\CodeIgniter.php(368): CodeIgniter\CodeIgniter->handleRequest(null, Object(Config\Cache), false)
 7 FCPATH\index.php(55): CodeIgniter\CodeIgniter->run()
INFO - 2024-02-15 11:19:41 --> Session: Class initialized using 'CodeIgniter\Session\Handlers\FileHandler' driver.
CRITICAL - 2024-02-15 11:19:41 --> Invalid file: "inputdata/login_eksternal.php"
in SYSTEMPATH\Exceptions\FrameworkException.php on line 33.
 1 SYSTEMPATH\View\View.php(201): CodeIgniter\Exceptions\FrameworkException::forInvalidFile('inputdata/login_eksternal.php')
 2 SYSTEMPATH\Common.php(1184): CodeIgniter\View\View->render('inputdata/login_eksternal', [], true)
 3 APPPATH\Controllers\InputData.php(1290): view('inputdata/login_eksternal')
 4 SYSTEMPATH\CodeIgniter.php(934): App\Controllers\InputData->pelaporan()
 5 SYSTEMPATH\CodeIgniter.php(499): CodeIgniter\CodeIgniter->runController(Object(App\Controllers\InputData))
 6 SYSTEMPATH\CodeIgniter.php(368): CodeIgniter\CodeIgniter->handleRequest(null, Object(Config\Cache), false)
 7 FCPATH\index.php(55): CodeIgniter\CodeIgniter->run()
INFO - 2024-02-15 11:20:24 --> Session: Class initialized using 'CodeIgniter\Session\Handlers\FileHandler' driver.
INFO - 2024-02-15 11:20:58 --> Session: Class initialized using 'CodeIgniter\Session\Handlers\FileHandler' driver.
INFO - 2024-02-15 11:21:46 --> Session: Class initialized using 'CodeIgniter\Session\Handlers\FileHandler' driver.
INFO - 2024-02-15 11:21:58 --> Session: Class initialized using 'CodeIgniter\Session\Handlers\FileHandler' driver.
INFO - 2024-02-15 11:22:06 --> Session: Class initialized using 'CodeIgniter\Session\Handlers\FileHandler' driver.
INFO - 2024-02-15 11:22:30 --> Session: Class initialized using 'CodeIgniter\Session\Handlers\FileHandler' driver.
INFO - 2024-02-15 11:22:52 --> Session: Class initialized using 'CodeIgniter\Session\Handlers\FileHandler' driver.
INFO - 2024-02-15 11:23:06 --> Session: Class initialized using 'CodeIgniter\Session\Handlers\FileHandler' driver.
INFO - 2024-02-15 11:23:24 --> Session: Class initialized using 'CodeIgniter\Session\Handlers\FileHandler' driver.
INFO - 2024-02-15 11:23:57 --> Session: Class initialized using 'CodeIgniter\Session\Handlers\FileHandler' driver.
INFO - 2024-02-15 11:24:15 --> Session: Class initialized using 'CodeIgniter\Session\Handlers\FileHandler' driver.
INFO - 2024-02-15 11:24:36 --> Session: Class initialized using 'CodeIgniter\Session\Handlers\FileHandler' driver.
INFO - 2024-02-15 11:24:52 --> Session: Class initialized using 'CodeIgniter\Session\Handlers\FileHandler' driver.
INFO - 2024-02-15 11:26:01 --> Session: Class initialized using 'CodeIgniter\Session\Handlers\FileHandler' driver.
INFO - 2024-02-15 11:26:17 --> Session: Class initialized using 'CodeIgniter\Session\Handlers\FileHandler' driver.
INFO - 2024-02-15 11:34:54 --> Session: Class initialized using 'CodeIgniter\Session\Handlers\FileHandler' driver.
INFO - 2024-02-15 11:35:21 --> Session: Class initialized using 'CodeIgniter\Session\Handlers\FileHandler' driver.
INFO - 2024-02-15 11:44:03 --> Session: Class initialized using 'CodeIgniter\Session\Handlers\FileHandler' driver.
INFO - 2024-02-15 11:44:41 --> Session: Class initialized using 'CodeIgniter\Session\Handlers\FileHandler' driver.
INFO - 2024-02-15 14:44:36 --> Session: Class initialized using 'CodeIgniter\Session\Handlers\FileHandler' driver.
INFO - 2024-02-15 14:44:40 --> Session: Class initialized using 'CodeIgniter\Session\Handlers\FileHandler' driver.
ERROR - 2024-02-15 14:44:41 --> [Microsoft][ODBC Driver 17 for SQL Server][SQL Server]Invalid column name 'sekolah'.
CRITICAL - 2024-02-15 14:44:41 --> [Microsoft][ODBC Driver 17 for SQL Server][SQL Server]Invalid column name 'sekolah'.
in SYSTEMPATH\Database\BaseConnection.php on line 645.
 1 APPPATH\Models\M_tppk.php(2203): CodeIgniter\Database\BaseConnection->query('SELECT COUNT (rt.kode_wilayah) AS total 
                FROM [TPPK].[rpt].[rekap_tppk] rt 
                LEFT JOIN Referensi.ref.mst_wilayah r1 on LEFT(r1.kode_wilayah, 2) = LEFT (rt.mst_kode_wilayah, 2) 
                AND r1.id_level_wilayah=1 
                LEFT JOIN Referensi.ref.mst_wilayah r2 on LEFT(r2.kode_wilayah, 4) = LEFT (rt.mst_kode_wilayah, 4) 
                AND r2.id_level_wilayah=2 
                LEFT JOIN Referensi.ref.mst_wilayah r3 on LEFT(r3.kode_wilayah, 6) = LEFT (rt.mst_kode_wilayah, 6) 
                AND r3.id_level_wilayah=3
                LEFT JOIN Arsip.dbo.sekolah s on rt.kode_wilayah = s.npsn 
                WHERE rt.id_level_wilayah=4 AND (bentuk_pendidikan=\'TK\' OR bentuk_pendidikan=\'TPA\' OR bentuk_pendidikan=\'SPS\' OR bentuk_pendidikan=\'KB\' OR bentuk_pendidikan=\'SPK TK\' OR bentuk_pendidikan=\'SPK KB\') AND LEFT(r2.kode_wilayah, 4) = \'0164\' AND jml_tppk=0 
                 ORDER BY r1.kode_wilayah, r2.kode_wilayah, r3.kode_wilayah, sekolah ;')
 2 APPPATH\Controllers\InputData.php(1951): App\Models\M_tppk->daf_sekolah_nontppk_count(1, '016400', 'PAUD', 'D:\\laragon\\www\\tppk')
 3 SYSTEMPATH\CodeIgniter.php(934): App\Controllers\InputData->ajaxGetDaftarNonTPPK('PAUD', '016400')
 4 SYSTEMPATH\CodeIgniter.php(499): CodeIgniter\CodeIgniter->runController(Object(App\Controllers\InputData))
 5 SYSTEMPATH\CodeIgniter.php(368): CodeIgniter\CodeIgniter->handleRequest(null, Object(Config\Cache), false)
 6 FCPATH\index.php(55): CodeIgniter\CodeIgniter->run()
INFO - 2024-02-15 14:45:01 --> Session: Class initialized using 'CodeIgniter\Session\Handlers\FileHandler' driver.
ERROR - 2024-02-15 14:45:02 --> [Microsoft][ODBC Driver 17 for SQL Server][SQL Server]Invalid column name 'sekolah'.
CRITICAL - 2024-02-15 14:45:02 --> [Microsoft][ODBC Driver 17 for SQL Server][SQL Server]Invalid column name 'sekolah'.
in SYSTEMPATH\Database\BaseConnection.php on line 645.
 1 APPPATH\Models\M_tppk.php(2203): CodeIgniter\Database\BaseConnection->query('SELECT COUNT (rt.kode_wilayah) AS total 
                FROM [TPPK].[rpt].[rekap_tppk] rt 
                LEFT JOIN Referensi.ref.mst_wilayah r1 on LEFT(r1.kode_wilayah, 2) = LEFT (rt.mst_kode_wilayah, 2) 
                AND r1.id_level_wilayah=1 
                LEFT JOIN Referensi.ref.mst_wilayah r2 on LEFT(r2.kode_wilayah, 4) = LEFT (rt.mst_kode_wilayah, 4) 
                AND r2.id_level_wilayah=2 
                LEFT JOIN Referensi.ref.mst_wilayah r3 on LEFT(r3.kode_wilayah, 6) = LEFT (rt.mst_kode_wilayah, 6) 
                AND r3.id_level_wilayah=3
                LEFT JOIN Arsip.dbo.sekolah s on rt.kode_wilayah = s.npsn 
                WHERE rt.id_level_wilayah=4 AND (bentuk_pendidikan=\'TK\' OR bentuk_pendidikan=\'TPA\' OR bentuk_pendidikan=\'SPS\' OR bentuk_pendidikan=\'KB\' OR bentuk_pendidikan=\'SPK TK\' OR bentuk_pendidikan=\'SPK KB\') AND LEFT(r2.kode_wilayah, 4) = \'0164\' AND jml_tppk=0 
                 ORDER BY r1.kode_wilayah, r2.kode_wilayah, r3.kode_wilayah, sekolah ;')
 2 APPPATH\Controllers\InputData.php(1951): App\Models\M_tppk->daf_sekolah_nontppk_count(1, '016400', 'PAUD', 'D:\\laragon\\www\\tppk')
 3 SYSTEMPATH\CodeIgniter.php(934): App\Controllers\InputData->ajaxGetDaftarNonTPPK('PAUD', '016400')
 4 SYSTEMPATH\CodeIgniter.php(499): CodeIgniter\CodeIgniter->runController(Object(App\Controllers\InputData))
 5 SYSTEMPATH\CodeIgniter.php(368): CodeIgniter\CodeIgniter->handleRequest(null, Object(Config\Cache), false)
 6 FCPATH\index.php(55): CodeIgniter\CodeIgniter->run()
INFO - 2024-02-15 14:45:12 --> Session: Class initialized using 'CodeIgniter\Session\Handlers\FileHandler' driver.
ERROR - 2024-02-15 14:45:14 --> [Microsoft][ODBC Driver 17 for SQL Server][SQL Server]Invalid column name 'sekolah'.
CRITICAL - 2024-02-15 14:45:14 --> [Microsoft][ODBC Driver 17 for SQL Server][SQL Server]Invalid column name 'sekolah'.
in SYSTEMPATH\Database\BaseConnection.php on line 645.
 1 APPPATH\Models\M_tppk.php(2203): CodeIgniter\Database\BaseConnection->query('SELECT COUNT (rt.kode_wilayah) AS total 
                FROM [TPPK].[rpt].[rekap_tppk] rt 
                LEFT JOIN Referensi.ref.mst_wilayah r1 on LEFT(r1.kode_wilayah, 2) = LEFT (rt.mst_kode_wilayah, 2) 
                AND r1.id_level_wilayah=1 
                LEFT JOIN Referensi.ref.mst_wilayah r2 on LEFT(r2.kode_wilayah, 4) = LEFT (rt.mst_kode_wilayah, 4) 
                AND r2.id_level_wilayah=2 
                LEFT JOIN Referensi.ref.mst_wilayah r3 on LEFT(r3.kode_wilayah, 6) = LEFT (rt.mst_kode_wilayah, 6) 
                AND r3.id_level_wilayah=3
                LEFT JOIN Arsip.dbo.sekolah s on rt.kode_wilayah = s.npsn 
                WHERE rt.id_level_wilayah=4 AND (bentuk_pendidikan=\'TK\' OR bentuk_pendidikan=\'TPA\' OR bentuk_pendidikan=\'SPS\' OR bentuk_pendidikan=\'KB\' OR bentuk_pendidikan=\'SPK TK\' OR bentuk_pendidikan=\'SPK KB\') AND LEFT(r2.kode_wilayah, 4) = \'0164\' AND jml_tppk=0 
                 ORDER BY r1.kode_wilayah, r2.kode_wilayah, r3.kode_wilayah, sekolah ;')
 2 APPPATH\Controllers\InputData.php(1951): App\Models\M_tppk->daf_sekolah_nontppk_count(1, '016400', 'PAUD', 'D:\\laragon\\www\\tppk')
 3 SYSTEMPATH\CodeIgniter.php(934): App\Controllers\InputData->ajaxGetDaftarNonTPPK('PAUD', '016400')
 4 SYSTEMPATH\CodeIgniter.php(499): CodeIgniter\CodeIgniter->runController(Object(App\Controllers\InputData))
 5 SYSTEMPATH\CodeIgniter.php(368): CodeIgniter\CodeIgniter->handleRequest(null, Object(Config\Cache), false)
 6 FCPATH\index.php(55): CodeIgniter\CodeIgniter->run()
INFO - 2024-02-15 14:46:18 --> Session: Class initialized using 'CodeIgniter\Session\Handlers\FileHandler' driver.
ERROR - 2024-02-15 14:46:20 --> [Microsoft][ODBC Driver 17 for SQL Server][SQL Server]Invalid column name 'sekolah'.
CRITICAL - 2024-02-15 14:46:20 --> [Microsoft][ODBC Driver 17 for SQL Server][SQL Server]Invalid column name 'sekolah'.
in SYSTEMPATH\Database\BaseConnection.php on line 645.
 1 APPPATH\Models\M_tppk.php(2203): CodeIgniter\Database\BaseConnection->query('SELECT COUNT (rt.kode_wilayah) AS total 
                FROM [TPPK].[rpt].[rekap_tppk] rt 
                LEFT JOIN Referensi.ref.mst_wilayah r1 on LEFT(r1.kode_wilayah, 2) = LEFT (rt.mst_kode_wilayah, 2) 
                AND r1.id_level_wilayah=1 
                LEFT JOIN Referensi.ref.mst_wilayah r2 on LEFT(r2.kode_wilayah, 4) = LEFT (rt.mst_kode_wilayah, 4) 
                AND r2.id_level_wilayah=2 
                LEFT JOIN Referensi.ref.mst_wilayah r3 on LEFT(r3.kode_wilayah, 6) = LEFT (rt.mst_kode_wilayah, 6) 
                AND r3.id_level_wilayah=3
                LEFT JOIN Arsip.dbo.sekolah s on rt.kode_wilayah = s.npsn 
                WHERE rt.id_level_wilayah=4 AND (bentuk_pendidikan=\'TK\' OR bentuk_pendidikan=\'TPA\' OR bentuk_pendidikan=\'SPS\' OR bentuk_pendidikan=\'KB\' OR bentuk_pendidikan=\'SPK TK\' OR bentuk_pendidikan=\'SPK KB\') AND LEFT(r2.kode_wilayah, 4) = \'0164\' AND jml_tppk=0 
                 ORDER BY r1.kode_wilayah, r2.kode_wilayah, r3.kode_wilayah, sekolah ;')
 2 APPPATH\Controllers\InputData.php(1951): App\Models\M_tppk->daf_sekolah_nontppk_count(1, '016400', 'PAUD', 'D:\\laragon\\www\\tppk')
 3 SYSTEMPATH\CodeIgniter.php(934): App\Controllers\InputData->ajaxGetDaftarNonTPPK('PAUD', '016400')
 4 SYSTEMPATH\CodeIgniter.php(499): CodeIgniter\CodeIgniter->runController(Object(App\Controllers\InputData))
 5 SYSTEMPATH\CodeIgniter.php(368): CodeIgniter\CodeIgniter->handleRequest(null, Object(Config\Cache), false)
 6 FCPATH\index.php(55): CodeIgniter\CodeIgniter->run()
INFO - 2024-02-15 14:51:17 --> Session: Class initialized using 'CodeIgniter\Session\Handlers\FileHandler' driver.
ERROR - 2024-02-15 14:51:19 --> [Microsoft][ODBC Driver 17 for SQL Server][SQL Server]Column "Referensi.ref.mst_wilayah.kode_wilayah" is invalid in the ORDER BY clause because it is not contained in either an aggregate function or the GROUP BY clause.
CRITICAL - 2024-02-15 14:51:19 --> [Microsoft][ODBC Driver 17 for SQL Server][SQL Server]Column "Referensi.ref.mst_wilayah.kode_wilayah" is invalid in the ORDER BY clause because it is not contained in either an aggregate function or the GROUP BY clause.
in SYSTEMPATH\Database\BaseConnection.php on line 645.
 1 APPPATH\Models\M_tppk.php(2203): CodeIgniter\Database\BaseConnection->query('SELECT COUNT (rt.kode_wilayah) AS total 
                FROM [TPPK].[rpt].[rekap_tppk] rt 
                LEFT JOIN Referensi.ref.mst_wilayah r1 on LEFT(r1.kode_wilayah, 2) = LEFT (rt.mst_kode_wilayah, 2) 
                AND r1.id_level_wilayah=1 
                LEFT JOIN Referensi.ref.mst_wilayah r2 on LEFT(r2.kode_wilayah, 4) = LEFT (rt.mst_kode_wilayah, 4) 
                AND r2.id_level_wilayah=2 
                LEFT JOIN Referensi.ref.mst_wilayah r3 on LEFT(r3.kode_wilayah, 6) = LEFT (rt.mst_kode_wilayah, 6) 
                AND r3.id_level_wilayah=3
                LEFT JOIN Arsip.dbo.sekolah s on rt.kode_wilayah = s.npsn 
                WHERE rt.id_level_wilayah=4 AND (bentuk_pendidikan=\'TK\' OR bentuk_pendidikan=\'TPA\' OR bentuk_pendidikan=\'SPS\' OR bentuk_pendidikan=\'KB\' OR bentuk_pendidikan=\'SPK TK\' OR bentuk_pendidikan=\'SPK KB\') AND LEFT(r2.kode_wilayah, 4) = \'0164\' AND jml_tppk=0 
                 ORDER BY r1.kode_wilayah, r2.kode_wilayah, r3.kode_wilayah ;')
 2 APPPATH\Controllers\InputData.php(1951): App\Models\M_tppk->daf_sekolah_nontppk_count(1, '016400', 'PAUD', 'D:\\laragon\\www\\tppk')
 3 SYSTEMPATH\CodeIgniter.php(934): App\Controllers\InputData->ajaxGetDaftarNonTPPK('PAUD', '016400')
 4 SYSTEMPATH\CodeIgniter.php(499): CodeIgniter\CodeIgniter->runController(Object(App\Controllers\InputData))
 5 SYSTEMPATH\CodeIgniter.php(368): CodeIgniter\CodeIgniter->handleRequest(null, Object(Config\Cache), false)
 6 FCPATH\index.php(55): CodeIgniter\CodeIgniter->run()
INFO - 2024-02-15 14:52:16 --> Session: Class initialized using 'CodeIgniter\Session\Handlers\FileHandler' driver.
INFO - 2024-02-15 14:53:02 --> Session: Class initialized using 'CodeIgniter\Session\Handlers\FileHandler' driver.
