CRITICAL - 2023-06-01 10:15:26 --> Undefined variable $level
in APPPATH\Views\informasi.php on line 92.
 1 APPPATH\Views\informasi.php(92): CodeIgniter\Debug\Exceptions->errorHandler(2, 'Undefined variable $level', 'APPPATH\\Views\\informasi.php', 92)
 2 SYSTEMPATH\View\View.php(213): include('APPPATH\\Views\\informasi.php')
 3 SYSTEMPATH\View\View.php(216): CodeIgniter\View\View->CodeIgniter\View\{closure}()
 4 SYSTEMPATH\Common.php(1184): CodeIgniter\View\View->render('informasi', [], true)
 5 APPPATH\Controllers\Informasi.php(9): view('informasi')
 6 SYSTEMPATH\CodeIgniter.php(934): App\Controllers\Informasi->index()
 7 SYSTEMPATH\CodeIgniter.php(499): CodeIgniter\CodeIgniter->runController(Object(App\Controllers\Informasi))
 8 SYSTEMPATH\CodeIgniter.php(368): CodeIgniter\CodeIgniter->handleRequest(null, Object(Config\Cache), false)
 9 FCPATH\index.php(55): CodeIgniter\CodeIgniter->run()
CRITICAL - 2023-06-01 10:45:47 --> Undefined variable $judulnama
in APPPATH\Views\pesertadidik\data_residu_pd.php on line 28.
 1 APPPATH\Views\pesertadidik\data_residu_pd.php(28): CodeIgniter\Debug\Exceptions->errorHandler(2, 'Undefined variable $judulnama', 'APPPATH\\Views\\pesertadidik\\data_residu_pd.php', 28)
 2 SYSTEMPATH\View\View.php(213): include('APPPATH\\Views\\pesertadidik\\data_residu_pd.php')
 3 SYSTEMPATH\View\View.php(216): CodeIgniter\View\View->CodeIgniter\View\{closure}()
 4 SYSTEMPATH\Common.php(1184): CodeIgniter\View\View->render('pesertadidik/data_residu_pd', [], true)
 5 APPPATH\Controllers\PesertaDidik.php(69): view('pesertadidik/data_residu_pd', [...])
 6 SYSTEMPATH\CodeIgniter.php(934): App\Controllers\PesertaDidik->wilayah()
 7 SYSTEMPATH\CodeIgniter.php(499): CodeIgniter\CodeIgniter->runController(Object(App\Controllers\PesertaDidik))
 8 SYSTEMPATH\CodeIgniter.php(368): CodeIgniter\CodeIgniter->handleRequest(null, Object(Config\Cache), false)
 9 FCPATH\index.php(55): CodeIgniter\CodeIgniter->run()
CRITICAL - 2023-06-01 11:18:23 --> Undefined variable $judulnama
in APPPATH\Views\pesertadidik\data_residu_pd_edit.php on line 30.
 1 APPPATH\Views\pesertadidik\data_residu_pd_edit.php(30): CodeIgniter\Debug\Exceptions->errorHandler(2, 'Undefined variable $judulnama', 'APPPATH\\Views\\pesertadidik\\data_residu_pd_edit.php', 30)
 2 SYSTEMPATH\View\View.php(213): include('APPPATH\\Views\\pesertadidik\\data_residu_pd_edit.php')
 3 SYSTEMPATH\View\View.php(216): CodeIgniter\View\View->CodeIgniter\View\{closure}()
 4 SYSTEMPATH\Common.php(1184): CodeIgniter\View\View->render('pesertadidik/data_residu_pd_edit', [], true)
 5 APPPATH\Controllers\PesertaDidik.php(69): view('pesertadidik/data_residu_pd_edit', [...])
 6 SYSTEMPATH\CodeIgniter.php(934): App\Controllers\PesertaDidik->wilayah()
 7 SYSTEMPATH\CodeIgniter.php(499): CodeIgniter\CodeIgniter->runController(Object(App\Controllers\PesertaDidik))
 8 SYSTEMPATH\CodeIgniter.php(368): CodeIgniter\CodeIgniter->handleRequest(null, Object(Config\Cache), false)
 9 FCPATH\index.php(55): CodeIgniter\CodeIgniter->run()
ERROR - 2023-06-01 12:23:13 --> Error connecting to the database: CodeIgniter\Database\Exceptions\DatabaseException: [Microsoft][ODBC Driver 17 for SQL Server]Named Pipes Provider: Could not open a connection to SQL Server [53].  SQLSTATE: 08001, code: 53
[Microsoft][ODBC Driver 17 for SQL Server]Login timeout expired SQLSTATE: HYT00, code: 0
[Microsoft][ODBC Driver 17 for SQL Server]A network-related or instance-specific error has occurred while establishing a connection to SQL Server. Server is not found or not accessible. Check if instance name is correct and if SQL Server is configured to allow remote connections. For more information see SQL Server Books Online. SQLSTATE: 08001, code: 53 in D:\laragon\www\res_pd\system\Database\SQLSRV\Connection.php:142
Stack trace:
#0 D:\laragon\www\res_pd\system\Database\BaseConnection.php(391): CodeIgniter\Database\SQLSRV\Connection->connect(false)
#1 D:\laragon\www\res_pd\system\Database\BaseConnection.php(573): CodeIgniter\Database\BaseConnection->initialize()
#2 D:\laragon\www\res_pd\app\Models\M_residu.php(14): CodeIgniter\Database\BaseConnection->query('SELECT nama FRO...', Array)
#3 D:\laragon\www\res_pd\app\Controllers\PesertaDidik.php(32): App\Models\M_residu->getNamaPilihan('010101')
#4 D:\laragon\www\res_pd\system\CodeIgniter.php(934): App\Controllers\PesertaDidik->wilayah('010101', '3')
#5 D:\laragon\www\res_pd\system\CodeIgniter.php(499): CodeIgniter\CodeIgniter->runController(Object(App\Controllers\PesertaDidik))
#6 D:\laragon\www\res_pd\system\CodeIgniter.php(368): CodeIgniter\CodeIgniter->handleRequest(NULL, Object(Config\Cache), false)
#7 D:\laragon\www\res_pd\index.php(55): CodeIgniter\CodeIgniter->run()
#8 {main}
ERROR - 2023-06-01 12:23:13 --> Error connecting to the database: CodeIgniter\Database\Exceptions\DatabaseException: [Microsoft][ODBC Driver 17 for SQL Server]Named Pipes Provider: Could not open a connection to SQL Server [53].  SQLSTATE: 08001, code: 53
[Microsoft][ODBC Driver 17 for SQL Server]Login timeout expired SQLSTATE: HYT00, code: 0
[Microsoft][ODBC Driver 17 for SQL Server]A network-related or instance-specific error has occurred while establishing a connection to SQL Server. Server is not found or not accessible. Check if instance name is correct and if SQL Server is configured to allow remote connections. For more information see SQL Server Books Online. SQLSTATE: 08001, code: 53 in D:\laragon\www\res_pd\system\Database\SQLSRV\Connection.php:142
Stack trace:
#0 D:\laragon\www\res_pd\system\Database\BaseConnection.php(391): CodeIgniter\Database\SQLSRV\Connection->connect(false)
#1 D:\laragon\www\res_pd\system\Database\BaseConnection.php(573): CodeIgniter\Database\BaseConnection->initialize()
#2 D:\laragon\www\res_pd\app\Models\M_residu.php(14): CodeIgniter\Database\BaseConnection->query('SELECT nama FRO...', Array)
#3 D:\laragon\www\res_pd\app\Controllers\PesertaDidik.php(32): App\Models\M_residu->getNamaPilihan('010101')
#4 D:\laragon\www\res_pd\system\CodeIgniter.php(934): App\Controllers\PesertaDidik->wilayah('010101', '3')
#5 D:\laragon\www\res_pd\system\CodeIgniter.php(499): CodeIgniter\CodeIgniter->runController(Object(App\Controllers\PesertaDidik))
#6 D:\laragon\www\res_pd\system\CodeIgniter.php(368): CodeIgniter\CodeIgniter->handleRequest(NULL, Object(Config\Cache), false)
#7 D:\laragon\www\res_pd\index.php(55): CodeIgniter\CodeIgniter->run()
#8 {main}
CRITICAL - 2023-06-01 12:23:13 --> Unable to connect to the database.
Main connection [SQLSRV]: [Microsoft][ODBC Driver 17 for SQL Server]Named Pipes Provider: Could not open a connection to SQL Server [53].  SQLSTATE: 08001, code: 53
[Microsoft][ODBC Driver 17 for SQL Server]Login timeout expired SQLSTATE: HYT00, code: 0
[Microsoft][ODBC Driver 17 for SQL Server]A network-related or instance-specific error has occurred while establishing a connection to SQL Server. Server is not found or not accessible. Check if instance name is correct and if SQL Server is configured to allow remote connections. For more information see SQL Server Books Online. SQLSTATE: 08001, code: 53
in SYSTEMPATH\Database\BaseConnection.php on line 427.
 1 SYSTEMPATH\Database\BaseConnection.php(573): CodeIgniter\Database\BaseConnection->initialize()
 2 APPPATH\Models\M_residu.php(14): CodeIgniter\Database\BaseConnection->query('SELECT nama FROM Referensi.ref.mst_wilayah w  
                WHERE kode_wilayah=:kodewilayah:', [...])
 3 APPPATH\Controllers\PesertaDidik.php(32): App\Models\M_residu->getNamaPilihan('010101')
 4 SYSTEMPATH\CodeIgniter.php(934): App\Controllers\PesertaDidik->wilayah('010101', '3')
 5 SYSTEMPATH\CodeIgniter.php(499): CodeIgniter\CodeIgniter->runController(Object(App\Controllers\PesertaDidik))
 6 SYSTEMPATH\CodeIgniter.php(368): CodeIgniter\CodeIgniter->handleRequest(null, Object(Config\Cache), false)
 7 FCPATH\index.php(55): CodeIgniter\CodeIgniter->run()
CRITICAL - 2023-06-01 12:23:13 --> Unable to connect to the database.
Main connection [SQLSRV]: [Microsoft][ODBC Driver 17 for SQL Server]Named Pipes Provider: Could not open a connection to SQL Server [53].  SQLSTATE: 08001, code: 53
[Microsoft][ODBC Driver 17 for SQL Server]Login timeout expired SQLSTATE: HYT00, code: 0
[Microsoft][ODBC Driver 17 for SQL Server]A network-related or instance-specific error has occurred while establishing a connection to SQL Server. Server is not found or not accessible. Check if instance name is correct and if SQL Server is configured to allow remote connections. For more information see SQL Server Books Online. SQLSTATE: 08001, code: 53
in SYSTEMPATH\Database\BaseConnection.php on line 427.
 1 SYSTEMPATH\Database\BaseConnection.php(573): CodeIgniter\Database\BaseConnection->initialize()
 2 APPPATH\Models\M_residu.php(14): CodeIgniter\Database\BaseConnection->query('SELECT nama FROM Referensi.ref.mst_wilayah w  
                WHERE kode_wilayah=:kodewilayah:', [...])
 3 APPPATH\Controllers\PesertaDidik.php(32): App\Models\M_residu->getNamaPilihan('010101')
 4 SYSTEMPATH\CodeIgniter.php(934): App\Controllers\PesertaDidik->wilayah('010101', '3')
 5 SYSTEMPATH\CodeIgniter.php(499): CodeIgniter\CodeIgniter->runController(Object(App\Controllers\PesertaDidik))
 6 SYSTEMPATH\CodeIgniter.php(368): CodeIgniter\CodeIgniter->handleRequest(null, Object(Config\Cache), false)
 7 FCPATH\index.php(55): CodeIgniter\CodeIgniter->run()
ERROR - 2023-06-01 14:28:12 --> Error connecting to the database: Error: Call to undefined function CodeIgniter\Database\SQLSRV\sqlsrv_configure() in D:\laragon\www\res_pd\system\Database\SQLSRV\Connection.php:128
Stack trace:
#0 D:\laragon\www\res_pd\system\Database\BaseConnection.php(391): CodeIgniter\Database\SQLSRV\Connection->connect(false)
#1 D:\laragon\www\res_pd\system\Database\BaseConnection.php(573): CodeIgniter\Database\BaseConnection->initialize()
#2 D:\laragon\www\res_pd\app\Models\M_residu.php(132): CodeIgniter\Database\BaseConnection->query('SELECT * FROM [...')
#3 D:\laragon\www\res_pd\app\Controllers\PesertaDidik.php(59): App\Models\M_residu->getDaftarBentuk()
#4 D:\laragon\www\res_pd\system\CodeIgniter.php(934): App\Controllers\PesertaDidik->wilayah()
#5 D:\laragon\www\res_pd\system\CodeIgniter.php(499): CodeIgniter\CodeIgniter->runController(Object(App\Controllers\PesertaDidik))
#6 D:\laragon\www\res_pd\system\CodeIgniter.php(368): CodeIgniter\CodeIgniter->handleRequest(NULL, Object(Config\Cache), false)
#7 D:\laragon\www\res_pd\index.php(55): CodeIgniter\CodeIgniter->run()
#8 {main}
CRITICAL - 2023-06-01 14:28:12 --> Unable to connect to the database.
Main connection [SQLSRV]: Call to undefined function CodeIgniter\Database\SQLSRV\sqlsrv_configure()
in SYSTEMPATH\Database\BaseConnection.php on line 427.
 1 SYSTEMPATH\Database\BaseConnection.php(573): CodeIgniter\Database\BaseConnection->initialize()
 2 APPPATH\Models\M_residu.php(132): CodeIgniter\Database\BaseConnection->query('SELECT * FROM [Referensi].[ref].[bentuk_pendidikan] s 
            ORDER BY [bentuk_pendidikan_id]')
 3 APPPATH\Controllers\PesertaDidik.php(59): App\Models\M_residu->getDaftarBentuk()
 4 SYSTEMPATH\CodeIgniter.php(934): App\Controllers\PesertaDidik->wilayah()
 5 SYSTEMPATH\CodeIgniter.php(499): CodeIgniter\CodeIgniter->runController(Object(App\Controllers\PesertaDidik))
 6 SYSTEMPATH\CodeIgniter.php(368): CodeIgniter\CodeIgniter->handleRequest(null, Object(Config\Cache), false)
 7 FCPATH\index.php(55): CodeIgniter\CodeIgniter->run()
ERROR - 2023-06-01 16:03:32 --> Error connecting to the database: Error: Call to undefined function CodeIgniter\Database\SQLSRV\sqlsrv_configure() in D:\laragon\www\res_pd\system\Database\SQLSRV\Connection.php:128
Stack trace:
#0 D:\laragon\www\res_pd\system\Database\BaseConnection.php(391): CodeIgniter\Database\SQLSRV\Connection->connect(false)
#1 D:\laragon\www\res_pd\system\Database\BaseConnection.php(573): CodeIgniter\Database\BaseConnection->initialize()
#2 D:\laragon\www\res_pd\app\Models\M_residu.php(46): CodeIgniter\Database\BaseConnection->query('SELECT sum([tot...')
#3 D:\laragon\www\res_pd\app\Controllers\Dashboard.php(15): App\Models\M_residu->getTotalJendralResidu()
#4 D:\laragon\www\res_pd\system\CodeIgniter.php(934): App\Controllers\Dashboard->index()
#5 D:\laragon\www\res_pd\system\CodeIgniter.php(499): CodeIgniter\CodeIgniter->runController(Object(App\Controllers\Dashboard))
#6 D:\laragon\www\res_pd\system\CodeIgniter.php(368): CodeIgniter\CodeIgniter->handleRequest(NULL, Object(Config\Cache), false)
#7 D:\laragon\www\res_pd\index.php(55): CodeIgniter\CodeIgniter->run()
#8 {main}
CRITICAL - 2023-06-01 16:03:32 --> Unable to connect to the database.
Main connection [SQLSRV]: Call to undefined function CodeIgniter\Database\SQLSRV\sqlsrv_configure()
in SYSTEMPATH\Database\BaseConnection.php on line 427.
 1 SYSTEMPATH\Database\BaseConnection.php(573): CodeIgniter\Database\BaseConnection->initialize()
 2 APPPATH\Models\M_residu.php(46): CodeIgniter\Database\BaseConnection->query('SELECT sum([total_pd]) as tot_pd, sum([residu_nisn]) as tot_residu_nisn, 
        sum([residu_nik]) as tot_residu_nik, sum([residu_wilayah]) as tot_residu_wilayah 
        FROM [Arsip].[pd].[rekap_residu] where id_level_wilayah = 1')
 3 APPPATH\Controllers\Dashboard.php(15): App\Models\M_residu->getTotalJendralResidu()
 4 SYSTEMPATH\CodeIgniter.php(934): App\Controllers\Dashboard->index()
 5 SYSTEMPATH\CodeIgniter.php(499): CodeIgniter\CodeIgniter->runController(Object(App\Controllers\Dashboard))
 6 SYSTEMPATH\CodeIgniter.php(368): CodeIgniter\CodeIgniter->handleRequest(null, Object(Config\Cache), false)
 7 FCPATH\index.php(55): CodeIgniter\CodeIgniter->run()
CRITICAL - 2023-06-01 16:27:42 --> Undefined property: stdClass::$tot_residu_nuptk
in APPPATH\Views\stat_linechart.php on line 84.
 1 APPPATH\Views\stat_linechart.php(84): CodeIgniter\Debug\Exceptions->errorHandler(2, 'Undefined property: stdClass::$tot_residu_nuptk', 'APPPATH\\Views\\stat_linechart.php', 84)
 2 SYSTEMPATH\View\View.php(213): include('APPPATH\\Views\\stat_linechart.php')
 3 SYSTEMPATH\View\View.php(216): CodeIgniter\View\View->CodeIgniter\View\{closure}()
 4 SYSTEMPATH\Common.php(1184): CodeIgniter\View\View->render('stat_linechart', [], true)
 5 APPPATH\Controllers\Dashboard.php(20): view('stat_linechart', [...])
 6 SYSTEMPATH\CodeIgniter.php(934): App\Controllers\Dashboard->index()
 7 SYSTEMPATH\CodeIgniter.php(499): CodeIgniter\CodeIgniter->runController(Object(App\Controllers\Dashboard))
 8 SYSTEMPATH\CodeIgniter.php(368): CodeIgniter\CodeIgniter->handleRequest(null, Object(Config\Cache), false)
 9 FCPATH\index.php(55): CodeIgniter\CodeIgniter->run()
CRITICAL - 2023-06-01 16:28:11 --> Undefined property: stdClass::$tot_residu_nuptk
in APPPATH\Views\stat_linechart.php on line 84.
 1 APPPATH\Views\stat_linechart.php(84): CodeIgniter\Debug\Exceptions->errorHandler(2, 'Undefined property: stdClass::$tot_residu_nuptk', 'APPPATH\\Views\\stat_linechart.php', 84)
 2 SYSTEMPATH\View\View.php(213): include('APPPATH\\Views\\stat_linechart.php')
 3 SYSTEMPATH\View\View.php(216): CodeIgniter\View\View->CodeIgniter\View\{closure}()
 4 SYSTEMPATH\Common.php(1184): CodeIgniter\View\View->render('stat_linechart', [], true)
 5 APPPATH\Controllers\Dashboard.php(20): view('stat_linechart', [...])
 6 SYSTEMPATH\CodeIgniter.php(934): App\Controllers\Dashboard->index()
 7 SYSTEMPATH\CodeIgniter.php(499): CodeIgniter\CodeIgniter->runController(Object(App\Controllers\Dashboard))
 8 SYSTEMPATH\CodeIgniter.php(368): CodeIgniter\CodeIgniter->handleRequest(null, Object(Config\Cache), false)
 9 FCPATH\index.php(55): CodeIgniter\CodeIgniter->run()
CRITICAL - 2023-06-01 16:28:46 --> Attempt to read property "tot_residu_nuptk" on array
in APPPATH\Views\stat_linechart.php on line 84.
 1 APPPATH\Views\stat_linechart.php(84): CodeIgniter\Debug\Exceptions->errorHandler(2, 'Attempt to read property "tot_residu_nuptk" on array', 'APPPATH\\Views\\stat_linechart.php', 84)
 2 SYSTEMPATH\View\View.php(213): include('APPPATH\\Views\\stat_linechart.php')
 3 SYSTEMPATH\View\View.php(216): CodeIgniter\View\View->CodeIgniter\View\{closure}()
 4 SYSTEMPATH\Common.php(1184): CodeIgniter\View\View->render('stat_linechart', [], true)
 5 APPPATH\Controllers\Dashboard.php(20): view('stat_linechart', [...])
 6 SYSTEMPATH\CodeIgniter.php(934): App\Controllers\Dashboard->index()
 7 SYSTEMPATH\CodeIgniter.php(499): CodeIgniter\CodeIgniter->runController(Object(App\Controllers\Dashboard))
 8 SYSTEMPATH\CodeIgniter.php(368): CodeIgniter\CodeIgniter->handleRequest(null, Object(Config\Cache), false)
 9 FCPATH\index.php(55): CodeIgniter\CodeIgniter->run()
CRITICAL - 2023-06-01 16:29:30 --> Undefined variable $persenresiduptk
in APPPATH\Views\stat_linechart.php on line 258.
 1 APPPATH\Views\stat_linechart.php(258): CodeIgniter\Debug\Exceptions->errorHandler(2, 'Undefined variable $persenresiduptk', 'APPPATH\\Views\\stat_linechart.php', 258)
 2 SYSTEMPATH\View\View.php(213): include('APPPATH\\Views\\stat_linechart.php')
 3 SYSTEMPATH\View\View.php(216): CodeIgniter\View\View->CodeIgniter\View\{closure}()
 4 SYSTEMPATH\Common.php(1184): CodeIgniter\View\View->render('stat_linechart', [], true)
 5 APPPATH\Controllers\Dashboard.php(20): view('stat_linechart', [...])
 6 SYSTEMPATH\CodeIgniter.php(934): App\Controllers\Dashboard->index()
 7 SYSTEMPATH\CodeIgniter.php(499): CodeIgniter\CodeIgniter->runController(Object(App\Controllers\Dashboard))
 8 SYSTEMPATH\CodeIgniter.php(368): CodeIgniter\CodeIgniter->handleRequest(null, Object(Config\Cache), false)
 9 FCPATH\index.php(55): CodeIgniter\CodeIgniter->run()
