INFO - 2024-03-27 09:22:43 --> Session: Class initialized using 'CodeIgniter\Session\Handlers\FileHandler' driver.
INFO - 2024-03-27 09:38:18 --> Session: Class initialized using 'CodeIgniter\Session\Handlers\FileHandler' driver.
INFO - 2024-03-27 09:38:20 --> Session: Class initialized using 'CodeIgniter\Session\Handlers\FileHandler' driver.
INFO - 2024-03-27 09:40:30 --> Session: Class initialized using 'CodeIgniter\Session\Handlers\FileHandler' driver.
INFO - 2024-03-27 09:40:32 --> Session: Class initialized using 'CodeIgniter\Session\Handlers\FileHandler' driver.
INFO - 2024-03-27 09:45:29 --> Session: Class initialized using 'CodeIgniter\Session\Handlers\FileHandler' driver.
INFO - 2024-03-27 09:45:30 --> Session: Class initialized using 'CodeIgniter\Session\Handlers\FileHandler' driver.
INFO - 2024-03-27 10:11:02 --> Session: Class initialized using 'CodeIgniter\Session\Handlers\FileHandler' driver.
INFO - 2024-03-27 10:11:03 --> Session: Class initialized using 'CodeIgniter\Session\Handlers\FileHandler' driver.
INFO - 2024-03-27 10:11:30 --> Session: Class initialized using 'CodeIgniter\Session\Handlers\FileHandler' driver.
INFO - 2024-03-27 10:11:31 --> Session: Class initialized using 'CodeIgniter\Session\Handlers\FileHandler' driver.
INFO - 2024-03-27 10:11:43 --> Session: Class initialized using 'CodeIgniter\Session\Handlers\FileHandler' driver.
INFO - 2024-03-27 10:11:44 --> Session: Class initialized using 'CodeIgniter\Session\Handlers\FileHandler' driver.
INFO - 2024-03-27 10:11:53 --> Session: Class initialized using 'CodeIgniter\Session\Handlers\FileHandler' driver.
INFO - 2024-03-27 10:11:54 --> Session: Class initialized using 'CodeIgniter\Session\Handlers\FileHandler' driver.
INFO - 2024-03-27 10:12:28 --> Session: Class initialized using 'CodeIgniter\Session\Handlers\FileHandler' driver.
INFO - 2024-03-27 10:12:29 --> Session: Class initialized using 'CodeIgniter\Session\Handlers\FileHandler' driver.
INFO - 2024-03-27 10:13:30 --> Session: Class initialized using 'CodeIgniter\Session\Handlers\FileHandler' driver.
INFO - 2024-03-27 10:13:31 --> Session: Class initialized using 'CodeIgniter\Session\Handlers\FileHandler' driver.
INFO - 2024-03-27 10:15:28 --> Session: Class initialized using 'CodeIgniter\Session\Handlers\FileHandler' driver.
INFO - 2024-03-27 10:15:29 --> Session: Class initialized using 'CodeIgniter\Session\Handlers\FileHandler' driver.
INFO - 2024-03-27 10:34:45 --> Session: Class initialized using 'CodeIgniter\Session\Handlers\FileHandler' driver.
INFO - 2024-03-27 10:34:53 --> Session: Class initialized using 'CodeIgniter\Session\Handlers\FileHandler' driver.
INFO - 2024-03-27 10:34:53 --> Session: Class initialized using 'CodeIgniter\Session\Handlers\FileHandler' driver.
INFO - 2024-03-27 10:34:56 --> Session: Class initialized using 'CodeIgniter\Session\Handlers\FileHandler' driver.
INFO - 2024-03-27 10:35:00 --> Session: Class initialized using 'CodeIgniter\Session\Handlers\FileHandler' driver.
INFO - 2024-03-27 10:35:02 --> Session: Class initialized using 'CodeIgniter\Session\Handlers\FileHandler' driver.
INFO - 2024-03-27 10:35:05 --> Session: Class initialized using 'CodeIgniter\Session\Handlers\FileHandler' driver.
INFO - 2024-03-27 10:35:18 --> Session: Class initialized using 'CodeIgniter\Session\Handlers\FileHandler' driver.
INFO - 2024-03-27 10:43:40 --> Session: Class initialized using 'CodeIgniter\Session\Handlers\FileHandler' driver.
CRITICAL - 2024-03-27 10:43:40 --> Undefined array key "kasus_id"
in APPPATH\Views\daftarlaporan.php on line 79.
 1 APPPATH\Views\daftarlaporan.php(79): CodeIgniter\Debug\Exceptions->errorHandler(2, 'Undefined array key "kasus_id"', 'APPPATH\\Views\\daftarlaporan.php', 79)
 2 SYSTEMPATH\View\View.php(213): include('APPPATH\\Views\\daftarlaporan.php')
 3 SYSTEMPATH\View\View.php(216): CodeIgniter\View\View->CodeIgniter\View\{closure}()
 4 SYSTEMPATH\Common.php(1184): CodeIgniter\View\View->render('daftarlaporan', [], true)
 5 APPPATH\Controllers\InputData.php(1248): view('daftarlaporan', [...])
 6 SYSTEMPATH\CodeIgniter.php(934): App\Controllers\InputData->status_laporan()
 7 SYSTEMPATH\CodeIgniter.php(499): CodeIgniter\CodeIgniter->runController(Object(App\Controllers\InputData))
 8 SYSTEMPATH\CodeIgniter.php(368): CodeIgniter\CodeIgniter->handleRequest(null, Object(Config\Cache), false)
 9 FCPATH\index.php(55): CodeIgniter\CodeIgniter->run()
INFO - 2024-03-27 10:44:24 --> Session: Class initialized using 'CodeIgniter\Session\Handlers\FileHandler' driver.
CRITICAL - 2024-03-27 10:44:24 --> Undefined array key "kasus_id"
in APPPATH\Views\daftarlaporan.php on line 79.
 1 APPPATH\Views\daftarlaporan.php(79): CodeIgniter\Debug\Exceptions->errorHandler(2, 'Undefined array key "kasus_id"', 'APPPATH\\Views\\daftarlaporan.php', 79)
 2 SYSTEMPATH\View\View.php(213): include('APPPATH\\Views\\daftarlaporan.php')
 3 SYSTEMPATH\View\View.php(216): CodeIgniter\View\View->CodeIgniter\View\{closure}()
 4 SYSTEMPATH\Common.php(1184): CodeIgniter\View\View->render('daftarlaporan', [], true)
 5 APPPATH\Controllers\InputData.php(1249): view('daftarlaporan', [...])
 6 SYSTEMPATH\CodeIgniter.php(934): App\Controllers\InputData->status_laporan()
 7 SYSTEMPATH\CodeIgniter.php(499): CodeIgniter\CodeIgniter->runController(Object(App\Controllers\InputData))
 8 SYSTEMPATH\CodeIgniter.php(368): CodeIgniter\CodeIgniter->handleRequest(null, Object(Config\Cache), false)
 9 FCPATH\index.php(55): CodeIgniter\CodeIgniter->run()
INFO - 2024-03-27 10:44:49 --> Session: Class initialized using 'CodeIgniter\Session\Handlers\FileHandler' driver.
INFO - 2024-03-27 10:45:01 --> Session: Class initialized using 'CodeIgniter\Session\Handlers\FileHandler' driver.
INFO - 2024-03-27 10:45:02 --> Session: Class initialized using 'CodeIgniter\Session\Handlers\FileHandler' driver.
INFO - 2024-03-27 10:45:10 --> Session: Class initialized using 'CodeIgniter\Session\Handlers\FileHandler' driver.
INFO - 2024-03-27 10:45:14 --> Session: Class initialized using 'CodeIgniter\Session\Handlers\FileHandler' driver.
INFO - 2024-03-27 10:45:16 --> Session: Class initialized using 'CodeIgniter\Session\Handlers\FileHandler' driver.
INFO - 2024-03-27 10:45:20 --> Session: Class initialized using 'CodeIgniter\Session\Handlers\FileHandler' driver.
INFO - 2024-03-27 10:45:22 --> Session: Class initialized using 'CodeIgniter\Session\Handlers\FileHandler' driver.
INFO - 2024-03-27 10:45:31 --> Session: Class initialized using 'CodeIgniter\Session\Handlers\FileHandler' driver.
INFO - 2024-03-27 10:45:42 --> Session: Class initialized using 'CodeIgniter\Session\Handlers\FileHandler' driver.
INFO - 2024-03-27 10:45:43 --> Session: Class initialized using 'CodeIgniter\Session\Handlers\FileHandler' driver.
INFO - 2024-03-27 10:45:48 --> Session: Class initialized using 'CodeIgniter\Session\Handlers\FileHandler' driver.
INFO - 2024-03-27 10:45:52 --> Session: Class initialized using 'CodeIgniter\Session\Handlers\FileHandler' driver.
INFO - 2024-03-27 10:46:03 --> Session: Class initialized using 'CodeIgniter\Session\Handlers\FileHandler' driver.
INFO - 2024-03-27 10:46:15 --> Session: Class initialized using 'CodeIgniter\Session\Handlers\FileHandler' driver.
INFO - 2024-03-27 10:50:09 --> Session: Class initialized using 'CodeIgniter\Session\Handlers\FileHandler' driver.
INFO - 2024-03-27 10:50:28 --> Session: Class initialized using 'CodeIgniter\Session\Handlers\FileHandler' driver.
INFO - 2024-03-27 10:50:40 --> Session: Class initialized using 'CodeIgniter\Session\Handlers\FileHandler' driver.
INFO - 2024-03-27 10:50:44 --> Session: Class initialized using 'CodeIgniter\Session\Handlers\FileHandler' driver.
INFO - 2024-03-27 10:50:46 --> Session: Class initialized using 'CodeIgniter\Session\Handlers\FileHandler' driver.
INFO - 2024-03-27 10:50:54 --> Session: Class initialized using 'CodeIgniter\Session\Handlers\FileHandler' driver.
INFO - 2024-03-27 10:52:46 --> Session: Class initialized using 'CodeIgniter\Session\Handlers\FileHandler' driver.
INFO - 2024-03-27 10:52:49 --> Session: Class initialized using 'CodeIgniter\Session\Handlers\FileHandler' driver.
INFO - 2024-03-27 10:52:52 --> Session: Class initialized using 'CodeIgniter\Session\Handlers\FileHandler' driver.
INFO - 2024-03-27 10:52:54 --> Session: Class initialized using 'CodeIgniter\Session\Handlers\FileHandler' driver.
INFO - 2024-03-27 10:54:12 --> Session: Class initialized using 'CodeIgniter\Session\Handlers\FileHandler' driver.
INFO - 2024-03-27 10:54:51 --> Session: Class initialized using 'CodeIgniter\Session\Handlers\FileHandler' driver.
INFO - 2024-03-27 10:55:26 --> Session: Class initialized using 'CodeIgniter\Session\Handlers\FileHandler' driver.
INFO - 2024-03-27 10:55:50 --> Session: Class initialized using 'CodeIgniter\Session\Handlers\FileHandler' driver.
INFO - 2024-03-27 10:55:57 --> Session: Class initialized using 'CodeIgniter\Session\Handlers\FileHandler' driver.
INFO - 2024-03-27 10:55:59 --> Session: Class initialized using 'CodeIgniter\Session\Handlers\FileHandler' driver.
INFO - 2024-03-27 10:56:06 --> Session: Class initialized using 'CodeIgniter\Session\Handlers\FileHandler' driver.
INFO - 2024-03-27 10:56:31 --> Session: Class initialized using 'CodeIgniter\Session\Handlers\FileHandler' driver.
INFO - 2024-03-27 10:56:43 --> Session: Class initialized using 'CodeIgniter\Session\Handlers\FileHandler' driver.
INFO - 2024-03-27 10:56:45 --> Session: Class initialized using 'CodeIgniter\Session\Handlers\FileHandler' driver.
INFO - 2024-03-27 10:56:51 --> Session: Class initialized using 'CodeIgniter\Session\Handlers\FileHandler' driver.
INFO - 2024-03-27 10:56:54 --> Session: Class initialized using 'CodeIgniter\Session\Handlers\FileHandler' driver.
INFO - 2024-03-27 10:56:57 --> Session: Class initialized using 'CodeIgniter\Session\Handlers\FileHandler' driver.
INFO - 2024-03-27 10:56:59 --> Session: Class initialized using 'CodeIgniter\Session\Handlers\FileHandler' driver.
INFO - 2024-03-27 10:57:02 --> Session: Class initialized using 'CodeIgniter\Session\Handlers\FileHandler' driver.
INFO - 2024-03-27 10:58:49 --> Session: Class initialized using 'CodeIgniter\Session\Handlers\FileHandler' driver.
INFO - 2024-03-27 10:58:52 --> Session: Class initialized using 'CodeIgniter\Session\Handlers\FileHandler' driver.
INFO - 2024-03-27 10:58:58 --> Session: Class initialized using 'CodeIgniter\Session\Handlers\FileHandler' driver.
INFO - 2024-03-27 10:58:59 --> Session: Class initialized using 'CodeIgniter\Session\Handlers\FileHandler' driver.
INFO - 2024-03-27 10:59:07 --> Session: Class initialized using 'CodeIgniter\Session\Handlers\FileHandler' driver.
INFO - 2024-03-27 10:59:09 --> Session: Class initialized using 'CodeIgniter\Session\Handlers\FileHandler' driver.
INFO - 2024-03-27 10:59:12 --> Session: Class initialized using 'CodeIgniter\Session\Handlers\FileHandler' driver.
INFO - 2024-03-27 10:59:15 --> Session: Class initialized using 'CodeIgniter\Session\Handlers\FileHandler' driver.
INFO - 2024-03-27 10:59:51 --> Session: Class initialized using 'CodeIgniter\Session\Handlers\FileHandler' driver.
INFO - 2024-03-27 10:59:53 --> Session: Class initialized using 'CodeIgniter\Session\Handlers\FileHandler' driver.
INFO - 2024-03-27 11:00:57 --> Session: Class initialized using 'CodeIgniter\Session\Handlers\FileHandler' driver.
INFO - 2024-03-27 11:00:58 --> Session: Class initialized using 'CodeIgniter\Session\Handlers\FileHandler' driver.
INFO - 2024-03-27 11:01:54 --> Session: Class initialized using 'CodeIgniter\Session\Handlers\FileHandler' driver.
INFO - 2024-03-27 11:01:56 --> Session: Class initialized using 'CodeIgniter\Session\Handlers\FileHandler' driver.
INFO - 2024-03-27 11:02:03 --> Session: Class initialized using 'CodeIgniter\Session\Handlers\FileHandler' driver.
INFO - 2024-03-27 11:02:24 --> Session: Class initialized using 'CodeIgniter\Session\Handlers\FileHandler' driver.
INFO - 2024-03-27 11:02:31 --> Session: Class initialized using 'CodeIgniter\Session\Handlers\FileHandler' driver.
INFO - 2024-03-27 11:02:32 --> Session: Class initialized using 'CodeIgniter\Session\Handlers\FileHandler' driver.
INFO - 2024-03-27 11:02:34 --> Session: Class initialized using 'CodeIgniter\Session\Handlers\FileHandler' driver.
INFO - 2024-03-27 11:05:39 --> Session: Class initialized using 'CodeIgniter\Session\Handlers\FileHandler' driver.
INFO - 2024-03-27 11:06:42 --> Session: Class initialized using 'CodeIgniter\Session\Handlers\FileHandler' driver.
INFO - 2024-03-27 11:06:46 --> Session: Class initialized using 'CodeIgniter\Session\Handlers\FileHandler' driver.
INFO - 2024-03-27 11:06:48 --> Session: Class initialized using 'CodeIgniter\Session\Handlers\FileHandler' driver.
INFO - 2024-03-27 11:07:19 --> Session: Class initialized using 'CodeIgniter\Session\Handlers\FileHandler' driver.
INFO - 2024-03-27 11:07:23 --> Session: Class initialized using 'CodeIgniter\Session\Handlers\FileHandler' driver.
INFO - 2024-03-27 11:07:24 --> Session: Class initialized using 'CodeIgniter\Session\Handlers\FileHandler' driver.
INFO - 2024-03-27 11:07:31 --> Session: Class initialized using 'CodeIgniter\Session\Handlers\FileHandler' driver.
INFO - 2024-03-27 11:07:33 --> Session: Class initialized using 'CodeIgniter\Session\Handlers\FileHandler' driver.
INFO - 2024-03-27 11:07:37 --> Session: Class initialized using 'CodeIgniter\Session\Handlers\FileHandler' driver.
INFO - 2024-03-27 11:07:42 --> Session: Class initialized using 'CodeIgniter\Session\Handlers\FileHandler' driver.
INFO - 2024-03-27 11:07:47 --> Session: Class initialized using 'CodeIgniter\Session\Handlers\FileHandler' driver.
INFO - 2024-03-27 11:07:57 --> Session: Class initialized using 'CodeIgniter\Session\Handlers\FileHandler' driver.
INFO - 2024-03-27 11:08:00 --> Session: Class initialized using 'CodeIgniter\Session\Handlers\FileHandler' driver.
INFO - 2024-03-27 11:08:03 --> Session: Class initialized using 'CodeIgniter\Session\Handlers\FileHandler' driver.
INFO - 2024-03-27 11:08:03 --> Session: Class initialized using 'CodeIgniter\Session\Handlers\FileHandler' driver.
INFO - 2024-03-27 11:08:06 --> Session: Class initialized using 'CodeIgniter\Session\Handlers\FileHandler' driver.
INFO - 2024-03-27 11:08:07 --> Session: Class initialized using 'CodeIgniter\Session\Handlers\FileHandler' driver.
INFO - 2024-03-27 11:08:17 --> Session: Class initialized using 'CodeIgniter\Session\Handlers\FileHandler' driver.
INFO - 2024-03-27 11:08:18 --> Session: Class initialized using 'CodeIgniter\Session\Handlers\FileHandler' driver.
INFO - 2024-03-27 11:08:31 --> Session: Class initialized using 'CodeIgniter\Session\Handlers\FileHandler' driver.
INFO - 2024-03-27 11:08:32 --> Session: Class initialized using 'CodeIgniter\Session\Handlers\FileHandler' driver.
INFO - 2024-03-27 11:08:33 --> Session: Class initialized using 'CodeIgniter\Session\Handlers\FileHandler' driver.
INFO - 2024-03-27 11:08:34 --> Session: Class initialized using 'CodeIgniter\Session\Handlers\FileHandler' driver.
INFO - 2024-03-27 11:08:37 --> Session: Class initialized using 'CodeIgniter\Session\Handlers\FileHandler' driver.
INFO - 2024-03-27 11:08:43 --> Session: Class initialized using 'CodeIgniter\Session\Handlers\FileHandler' driver.
INFO - 2024-03-27 11:08:45 --> Session: Class initialized using 'CodeIgniter\Session\Handlers\FileHandler' driver.
INFO - 2024-03-27 11:09:03 --> Session: Class initialized using 'CodeIgniter\Session\Handlers\FileHandler' driver.
INFO - 2024-03-27 11:09:09 --> Session: Class initialized using 'CodeIgniter\Session\Handlers\FileHandler' driver.
INFO - 2024-03-27 11:09:13 --> Session: Class initialized using 'CodeIgniter\Session\Handlers\FileHandler' driver.
INFO - 2024-03-27 11:10:03 --> Session: Class initialized using 'CodeIgniter\Session\Handlers\FileHandler' driver.
INFO - 2024-03-27 11:12:37 --> Session: Class initialized using 'CodeIgniter\Session\Handlers\FileHandler' driver.
INFO - 2024-03-27 11:12:37 --> Session: Class initialized using 'CodeIgniter\Session\Handlers\FileHandler' driver.
INFO - 2024-03-27 11:13:12 --> Session: Class initialized using 'CodeIgniter\Session\Handlers\FileHandler' driver.
INFO - 2024-03-27 11:13:16 --> Session: Class initialized using 'CodeIgniter\Session\Handlers\FileHandler' driver.
INFO - 2024-03-27 11:13:21 --> Session: Class initialized using 'CodeIgniter\Session\Handlers\FileHandler' driver.
INFO - 2024-03-27 11:13:22 --> Session: Class initialized using 'CodeIgniter\Session\Handlers\FileHandler' driver.
INFO - 2024-03-27 11:15:51 --> Session: Class initialized using 'CodeIgniter\Session\Handlers\FileHandler' driver.
INFO - 2024-03-27 11:15:54 --> Session: Class initialized using 'CodeIgniter\Session\Handlers\FileHandler' driver.
INFO - 2024-03-27 11:18:05 --> Session: Class initialized using 'CodeIgniter\Session\Handlers\FileHandler' driver.
INFO - 2024-03-27 11:18:07 --> Session: Class initialized using 'CodeIgniter\Session\Handlers\FileHandler' driver.
INFO - 2024-03-27 11:18:09 --> Session: Class initialized using 'CodeIgniter\Session\Handlers\FileHandler' driver.
INFO - 2024-03-27 11:18:50 --> Session: Class initialized using 'CodeIgniter\Session\Handlers\FileHandler' driver.
INFO - 2024-03-27 11:18:52 --> Session: Class initialized using 'CodeIgniter\Session\Handlers\FileHandler' driver.
INFO - 2024-03-27 11:19:11 --> Session: Class initialized using 'CodeIgniter\Session\Handlers\FileHandler' driver.
INFO - 2024-03-27 11:19:18 --> Session: Class initialized using 'CodeIgniter\Session\Handlers\FileHandler' driver.
INFO - 2024-03-27 11:19:45 --> Session: Class initialized using 'CodeIgniter\Session\Handlers\FileHandler' driver.
INFO - 2024-03-27 11:19:56 --> Session: Class initialized using 'CodeIgniter\Session\Handlers\FileHandler' driver.
INFO - 2024-03-27 11:19:58 --> Session: Class initialized using 'CodeIgniter\Session\Handlers\FileHandler' driver.
INFO - 2024-03-27 11:20:00 --> Session: Class initialized using 'CodeIgniter\Session\Handlers\FileHandler' driver.
INFO - 2024-03-27 11:21:55 --> Session: Class initialized using 'CodeIgniter\Session\Handlers\FileHandler' driver.
INFO - 2024-03-27 11:21:55 --> Session: Class initialized using 'CodeIgniter\Session\Handlers\FileHandler' driver.
INFO - 2024-03-27 11:22:04 --> Session: Class initialized using 'CodeIgniter\Session\Handlers\FileHandler' driver.
INFO - 2024-03-27 11:22:05 --> Session: Class initialized using 'CodeIgniter\Session\Handlers\FileHandler' driver.
INFO - 2024-03-27 11:22:07 --> Session: Class initialized using 'CodeIgniter\Session\Handlers\FileHandler' driver.
INFO - 2024-03-27 11:53:05 --> Session: Class initialized using 'CodeIgniter\Session\Handlers\FileHandler' driver.
INFO - 2024-03-27 11:53:16 --> Session: Class initialized using 'CodeIgniter\Session\Handlers\FileHandler' driver.
INFO - 2024-03-27 11:53:17 --> Session: Class initialized using 'CodeIgniter\Session\Handlers\FileHandler' driver.
INFO - 2024-03-27 11:53:19 --> Session: Class initialized using 'CodeIgniter\Session\Handlers\FileHandler' driver.
INFO - 2024-03-27 11:53:33 --> Session: Class initialized using 'CodeIgniter\Session\Handlers\FileHandler' driver.
INFO - 2024-03-27 11:55:50 --> Session: Class initialized using 'CodeIgniter\Session\Handlers\FileHandler' driver.
INFO - 2024-03-27 11:55:52 --> Session: Class initialized using 'CodeIgniter\Session\Handlers\FileHandler' driver.
INFO - 2024-03-27 11:56:04 --> Session: Class initialized using 'CodeIgniter\Session\Handlers\FileHandler' driver.
INFO - 2024-03-27 11:56:06 --> Session: Class initialized using 'CodeIgniter\Session\Handlers\FileHandler' driver.
INFO - 2024-03-27 11:59:33 --> Session: Class initialized using 'CodeIgniter\Session\Handlers\FileHandler' driver.
INFO - 2024-03-27 11:59:38 --> Session: Class initialized using 'CodeIgniter\Session\Handlers\FileHandler' driver.
INFO - 2024-03-27 11:59:49 --> Session: Class initialized using 'CodeIgniter\Session\Handlers\FileHandler' driver.
INFO - 2024-03-27 12:34:25 --> Session: Class initialized using 'CodeIgniter\Session\Handlers\FileHandler' driver.
INFO - 2024-03-27 12:34:28 --> Session: Class initialized using 'CodeIgniter\Session\Handlers\FileHandler' driver.
INFO - 2024-03-27 12:34:31 --> Session: Class initialized using 'CodeIgniter\Session\Handlers\FileHandler' driver.
INFO - 2024-03-27 12:34:35 --> Session: Class initialized using 'CodeIgniter\Session\Handlers\FileHandler' driver.
INFO - 2024-03-27 12:34:55 --> Session: Class initialized using 'CodeIgniter\Session\Handlers\FileHandler' driver.
CRITICAL - 2024-03-27 12:34:55 --> Trying to access array offset on value of type null
in APPPATH\Controllers\InputData.php on line 1239.
 1 APPPATH\Controllers\InputData.php(1239): CodeIgniter\Debug\Exceptions->errorHandler(2, 'Trying to access array offset on value of type null', 'APPPATH\\Controllers\\InputData.php', 1239)
 2 SYSTEMPATH\CodeIgniter.php(934): App\Controllers\InputData->status_laporan()
 3 SYSTEMPATH\CodeIgniter.php(499): CodeIgniter\CodeIgniter->runController(Object(App\Controllers\InputData))
 4 SYSTEMPATH\CodeIgniter.php(368): CodeIgniter\CodeIgniter->handleRequest(null, Object(Config\Cache), false)
 5 FCPATH\index.php(55): CodeIgniter\CodeIgniter->run()
INFO - 2024-03-27 12:35:00 --> Session: Class initialized using 'CodeIgniter\Session\Handlers\FileHandler' driver.
INFO - 2024-03-27 12:53:37 --> Session: Class initialized using 'CodeIgniter\Session\Handlers\FileHandler' driver.
INFO - 2024-03-27 13:18:08 --> Session: Class initialized using 'CodeIgniter\Session\Handlers\FileHandler' driver.
INFO - 2024-03-27 13:18:10 --> Session: Class initialized using 'CodeIgniter\Session\Handlers\FileHandler' driver.
INFO - 2024-03-27 13:18:11 --> Session: Class initialized using 'CodeIgniter\Session\Handlers\FileHandler' driver.
INFO - 2024-03-27 13:18:18 --> Session: Class initialized using 'CodeIgniter\Session\Handlers\FileHandler' driver.
INFO - 2024-03-27 13:18:21 --> Session: Class initialized using 'CodeIgniter\Session\Handlers\FileHandler' driver.
INFO - 2024-03-27 13:18:30 --> Session: Class initialized using 'CodeIgniter\Session\Handlers\FileHandler' driver.
INFO - 2024-03-27 13:18:31 --> Session: Class initialized using 'CodeIgniter\Session\Handlers\FileHandler' driver.
INFO - 2024-03-27 13:18:33 --> Session: Class initialized using 'CodeIgniter\Session\Handlers\FileHandler' driver.
INFO - 2024-03-27 13:24:25 --> Session: Class initialized using 'CodeIgniter\Session\Handlers\FileHandler' driver.
INFO - 2024-03-27 13:24:25 --> Session: Class initialized using 'CodeIgniter\Session\Handlers\FileHandler' driver.
INFO - 2024-03-27 13:24:40 --> Session: Class initialized using 'CodeIgniter\Session\Handlers\FileHandler' driver.
INFO - 2024-03-27 13:24:41 --> Session: Class initialized using 'CodeIgniter\Session\Handlers\FileHandler' driver.
INFO - 2024-03-27 13:24:50 --> Session: Class initialized using 'CodeIgniter\Session\Handlers\FileHandler' driver.
INFO - 2024-03-27 13:24:51 --> Session: Class initialized using 'CodeIgniter\Session\Handlers\FileHandler' driver.
INFO - 2024-03-27 13:24:53 --> Session: Class initialized using 'CodeIgniter\Session\Handlers\FileHandler' driver.
INFO - 2024-03-27 13:25:31 --> Session: Class initialized using 'CodeIgniter\Session\Handlers\FileHandler' driver.
CRITICAL - 2024-03-27 13:25:31 --> Trying to access array offset on value of type null
in APPPATH\Controllers\InputData.php on line 1262.
 1 APPPATH\Controllers\InputData.php(1262): CodeIgniter\Debug\Exceptions->errorHandler(2, 'Trying to access array offset on value of type null', 'APPPATH\\Controllers\\InputData.php', 1262)
 2 SYSTEMPATH\CodeIgniter.php(934): App\Controllers\InputData->status_laporan()
 3 SYSTEMPATH\CodeIgniter.php(499): CodeIgniter\CodeIgniter->runController(Object(App\Controllers\InputData))
 4 SYSTEMPATH\CodeIgniter.php(368): CodeIgniter\CodeIgniter->handleRequest(null, Object(Config\Cache), false)
 5 FCPATH\index.php(55): CodeIgniter\CodeIgniter->run()
INFO - 2024-03-27 13:31:38 --> Session: Class initialized using 'CodeIgniter\Session\Handlers\FileHandler' driver.
INFO - 2024-03-27 13:31:43 --> Session: Class initialized using 'CodeIgniter\Session\Handlers\FileHandler' driver.
INFO - 2024-03-27 13:31:50 --> Session: Class initialized using 'CodeIgniter\Session\Handlers\FileHandler' driver.
INFO - 2024-03-27 13:33:13 --> Session: Class initialized using 'CodeIgniter\Session\Handlers\FileHandler' driver.
INFO - 2024-03-27 13:33:17 --> Session: Class initialized using 'CodeIgniter\Session\Handlers\FileHandler' driver.
INFO - 2024-03-27 13:36:35 --> Session: Class initialized using 'CodeIgniter\Session\Handlers\FileHandler' driver.
ERROR - 2024-03-27 13:36:35 --> [Microsoft][ODBC Driver 17 for SQL Server][SQL Server]The correlation name 'ko' is specified multiple times in a FROM clause.
CRITICAL - 2024-03-27 13:36:35 --> [Microsoft][ODBC Driver 17 for SQL Server][SQL Server]The correlation name 'ko' is specified multiple times in a FROM clause.
in SYSTEMPATH\Database\BaseConnection.php on line 645.
 1 APPPATH\Models\M_tppk.php(2614): CodeIgniter\Database\BaseConnection->query('SELECT k.[kasus_id], [nomor_register], k.tanggal_kejadian, MAX(p.tanggal_pelaporan) as tanggal_pelaporan, k.create_date,
                COUNT(CASE WHEN ko.sebagai = 1 THEN 1 END) AS jumlah_korban,
                COUNT(CASE WHEN ko.sebagai IN (2, 3) THEN 1 END) AS jumlah_pelaku 
                FROM [TPPK].[dbo].[kasus] k
                LEFT JOIN [TPPK].[dbo].[pelaporan] p ON k.kasus_id = p.kasus_id 
                LEFT JOIN [TPPK].[dbo].[korban_pelaku] ko ON k.kasus_id = ko.kasus_id
                LEFT JOIN [TPPK].[dbo].[korban_pelaku] ko ON k.kasus_id = ko.kasus_id
                WHERE LEFT(k.kode_wilayah, 6) = :kode_kota: AND k.soft_delete=0
                GROUP BY k.[kasus_id], k.nomor_register, k.tanggal_kejadian, p.tanggal_pelaporan, k.create_date
                ORDER BY k.create_date DESC', [...])
 2 APPPATH\Controllers\InputData.php(1275): App\Models\M_tppk->get_rekap_laporan_kecamatan('010101')
 3 SYSTEMPATH\CodeIgniter.php(934): App\Controllers\InputData->status_laporan()
 4 SYSTEMPATH\CodeIgniter.php(499): CodeIgniter\CodeIgniter->runController(Object(App\Controllers\InputData))
 5 SYSTEMPATH\CodeIgniter.php(368): CodeIgniter\CodeIgniter->handleRequest(null, Object(Config\Cache), false)
 6 FCPATH\index.php(55): CodeIgniter\CodeIgniter->run()
INFO - 2024-03-27 13:38:04 --> Session: Class initialized using 'CodeIgniter\Session\Handlers\FileHandler' driver.
INFO - 2024-03-27 13:39:09 --> Session: Class initialized using 'CodeIgniter\Session\Handlers\FileHandler' driver.
ERROR - 2024-03-27 13:39:09 --> [Microsoft][ODBC Driver 17 for SQL Server][SQL Server]Ambiguous column name 'nama'.
CRITICAL - 2024-03-27 13:39:09 --> [Microsoft][ODBC Driver 17 for SQL Server][SQL Server]Ambiguous column name 'nama'.
in SYSTEMPATH\Database\BaseConnection.php on line 645.
 1 APPPATH\Models\M_tppk.php(2614): CodeIgniter\Database\BaseConnection->query('SELECT nama, k.[kasus_id], [nomor_register], k.tanggal_kejadian, MAX(p.tanggal_pelaporan) as tanggal_pelaporan, k.create_date,
                COUNT(CASE WHEN ko.sebagai = 1 THEN 1 END) AS jumlah_korban,
                COUNT(CASE WHEN ko.sebagai IN (2, 3) THEN 1 END) AS jumlah_pelaku 
                FROM [TPPK].[dbo].[kasus] k
                LEFT JOIN [TPPK].[dbo].[pelaporan] p ON k.kasus_id = p.kasus_id 
                LEFT JOIN [TPPK].[dbo].[korban_pelaku] ko ON k.kasus_id = ko.kasus_id
                LEFT JOIN [Arsip].[dbo].[sekolah] s ON k.npsn = s.npsn
                WHERE LEFT(k.kode_wilayah, 6) = :kode_kota: AND k.soft_delete=0
                GROUP BY k.[kasus_id], k.nomor_register, k.tanggal_kejadian, p.tanggal_pelaporan, k.create_date
                ORDER BY k.create_date DESC', [...])
 2 APPPATH\Controllers\InputData.php(1275): App\Models\M_tppk->get_rekap_laporan_kecamatan('010101')
 3 SYSTEMPATH\CodeIgniter.php(934): App\Controllers\InputData->status_laporan()
 4 SYSTEMPATH\CodeIgniter.php(499): CodeIgniter\CodeIgniter->runController(Object(App\Controllers\InputData))
 5 SYSTEMPATH\CodeIgniter.php(368): CodeIgniter\CodeIgniter->handleRequest(null, Object(Config\Cache), false)
 6 FCPATH\index.php(55): CodeIgniter\CodeIgniter->run()
INFO - 2024-03-27 13:39:27 --> Session: Class initialized using 'CodeIgniter\Session\Handlers\FileHandler' driver.
ERROR - 2024-03-27 13:39:27 --> [Microsoft][ODBC Driver 17 for SQL Server][SQL Server]Column 'Arsip.dbo.sekolah.nama' is invalid in the select list because it is not contained in either an aggregate function or the GROUP BY clause.
CRITICAL - 2024-03-27 13:39:27 --> [Microsoft][ODBC Driver 17 for SQL Server][SQL Server]Column 'Arsip.dbo.sekolah.nama' is invalid in the select list because it is not contained in either an aggregate function or the GROUP BY clause.
in SYSTEMPATH\Database\BaseConnection.php on line 645.
 1 APPPATH\Models\M_tppk.php(2614): CodeIgniter\Database\BaseConnection->query('SELECT s.nama as nama_sekolah, k.[kasus_id], [nomor_register], k.tanggal_kejadian, MAX(p.tanggal_pelaporan) as tanggal_pelaporan, k.create_date,
                COUNT(CASE WHEN ko.sebagai = 1 THEN 1 END) AS jumlah_korban,
                COUNT(CASE WHEN ko.sebagai IN (2, 3) THEN 1 END) AS jumlah_pelaku 
                FROM [TPPK].[dbo].[kasus] k
                LEFT JOIN [TPPK].[dbo].[pelaporan] p ON k.kasus_id = p.kasus_id 
                LEFT JOIN [TPPK].[dbo].[korban_pelaku] ko ON k.kasus_id = ko.kasus_id
                LEFT JOIN [Arsip].[dbo].[sekolah] s ON k.npsn = s.npsn
                WHERE LEFT(k.kode_wilayah, 6) = :kode_kota: AND k.soft_delete=0
                GROUP BY k.[kasus_id], k.nomor_register, k.tanggal_kejadian, p.tanggal_pelaporan, k.create_date
                ORDER BY k.create_date DESC', [...])
 2 APPPATH\Controllers\InputData.php(1275): App\Models\M_tppk->get_rekap_laporan_kecamatan('010101')
 3 SYSTEMPATH\CodeIgniter.php(934): App\Controllers\InputData->status_laporan()
 4 SYSTEMPATH\CodeIgniter.php(499): CodeIgniter\CodeIgniter->runController(Object(App\Controllers\InputData))
 5 SYSTEMPATH\CodeIgniter.php(368): CodeIgniter\CodeIgniter->handleRequest(null, Object(Config\Cache), false)
 6 FCPATH\index.php(55): CodeIgniter\CodeIgniter->run()
INFO - 2024-03-27 13:39:58 --> Session: Class initialized using 'CodeIgniter\Session\Handlers\FileHandler' driver.
INFO - 2024-03-27 13:41:33 --> Session: Class initialized using 'CodeIgniter\Session\Handlers\FileHandler' driver.
INFO - 2024-03-27 13:42:00 --> Session: Class initialized using 'CodeIgniter\Session\Handlers\FileHandler' driver.
INFO - 2024-03-27 13:42:22 --> Session: Class initialized using 'CodeIgniter\Session\Handlers\FileHandler' driver.
INFO - 2024-03-27 13:42:26 --> Session: Class initialized using 'CodeIgniter\Session\Handlers\FileHandler' driver.
INFO - 2024-03-27 13:44:25 --> Session: Class initialized using 'CodeIgniter\Session\Handlers\FileHandler' driver.
INFO - 2024-03-27 13:52:56 --> Session: Class initialized using 'CodeIgniter\Session\Handlers\FileHandler' driver.
INFO - 2024-03-27 13:53:03 --> Session: Class initialized using 'CodeIgniter\Session\Handlers\FileHandler' driver.
INFO - 2024-03-27 13:53:06 --> Session: Class initialized using 'CodeIgniter\Session\Handlers\FileHandler' driver.
INFO - 2024-03-27 13:55:55 --> Session: Class initialized using 'CodeIgniter\Session\Handlers\FileHandler' driver.
INFO - 2024-03-27 13:58:30 --> Session: Class initialized using 'CodeIgniter\Session\Handlers\FileHandler' driver.
CRITICAL - 2024-03-27 13:58:30 --> Undefined variable $namawilayah3
in APPPATH\Controllers\InputData.php on line 1298.
 1 APPPATH\Controllers\InputData.php(1298): CodeIgniter\Debug\Exceptions->errorHandler(2, 'Undefined variable $namawilayah3', 'APPPATH\\Controllers\\InputData.php', 1298)
 2 SYSTEMPATH\CodeIgniter.php(934): App\Controllers\InputData->status_laporan()
 3 SYSTEMPATH\CodeIgniter.php(499): CodeIgniter\CodeIgniter->runController(Object(App\Controllers\InputData))
 4 SYSTEMPATH\CodeIgniter.php(368): CodeIgniter\CodeIgniter->handleRequest(null, Object(Config\Cache), false)
 5 FCPATH\index.php(55): CodeIgniter\CodeIgniter->run()
INFO - 2024-03-27 13:59:02 --> Session: Class initialized using 'CodeIgniter\Session\Handlers\FileHandler' driver.
INFO - 2024-03-27 13:59:06 --> Session: Class initialized using 'CodeIgniter\Session\Handlers\FileHandler' driver.
ERROR - 2024-03-27 13:59:06 --> [Microsoft][ODBC Driver 17 for SQL Server][SQL Server]Ambiguous column name 'npsn'.
CRITICAL - 2024-03-27 13:59:06 --> [Microsoft][ODBC Driver 17 for SQL Server][SQL Server]Ambiguous column name 'npsn'.
in SYSTEMPATH\Database\BaseConnection.php on line 645.
 1 APPPATH\Models\M_tppk.php(2633): CodeIgniter\Database\BaseConnection->query('SELECT s.nama as nama_sekolah, k.[kasus_id], [nomor_register], k.tanggal_kejadian, MAX(p.tanggal_pelaporan) as tanggal_pelaporan, k.create_date,
                COUNT(CASE WHEN ko.sebagai = 1 THEN 1 END) AS jumlah_korban,
                COUNT(CASE WHEN ko.sebagai IN (2, 3) THEN 1 END) AS jumlah_pelaku 
                FROM [TPPK].[dbo].[kasus] k
                LEFT JOIN [TPPK].[dbo].[pelaporan] p ON k.kasus_id = p.kasus_id 
                LEFT JOIN [TPPK].[dbo].[korban_pelaku] ko ON k.kasus_id = ko.kasus_id
                WHERE npsn = :npsn: AND k.soft_delete=0
                GROUP BY s.nama, k.[kasus_id], k.nomor_register, k.tanggal_kejadian, p.tanggal_pelaporan, k.create_date
                ORDER BY k.create_date DESC', [...])
 2 APPPATH\Controllers\InputData.php(1286): App\Models\M_tppk->get_rekap_laporan_sekolah('010101')
 3 SYSTEMPATH\CodeIgniter.php(934): App\Controllers\InputData->status_laporan()
 4 SYSTEMPATH\CodeIgniter.php(499): CodeIgniter\CodeIgniter->runController(Object(App\Controllers\InputData))
 5 SYSTEMPATH\CodeIgniter.php(368): CodeIgniter\CodeIgniter->handleRequest(null, Object(Config\Cache), false)
 6 FCPATH\index.php(55): CodeIgniter\CodeIgniter->run()
INFO - 2024-03-27 14:00:38 --> Session: Class initialized using 'CodeIgniter\Session\Handlers\FileHandler' driver.
ERROR - 2024-03-27 14:00:38 --> [Microsoft][ODBC Driver 17 for SQL Server][SQL Server]The multi-part identifier "s.nama" could not be bound.
CRITICAL - 2024-03-27 14:00:38 --> [Microsoft][ODBC Driver 17 for SQL Server][SQL Server]The multi-part identifier "s.nama" could not be bound.
in SYSTEMPATH\Database\BaseConnection.php on line 645.
 1 APPPATH\Models\M_tppk.php(2633): CodeIgniter\Database\BaseConnection->query('SELECT k.[kasus_id], [nomor_register], k.tanggal_kejadian, MAX(p.tanggal_pelaporan) as tanggal_pelaporan, k.create_date,
                COUNT(CASE WHEN ko.sebagai = 1 THEN 1 END) AS jumlah_korban,
                COUNT(CASE WHEN ko.sebagai IN (2, 3) THEN 1 END) AS jumlah_pelaku 
                FROM [TPPK].[dbo].[kasus] k
                LEFT JOIN [TPPK].[dbo].[pelaporan] p ON k.kasus_id = p.kasus_id 
                LEFT JOIN [TPPK].[dbo].[korban_pelaku] ko ON k.kasus_id = ko.kasus_id
                WHERE k.npsn = :npsn: AND k.soft_delete=0
                GROUP BY s.nama, k.[kasus_id], k.nomor_register, k.tanggal_kejadian, p.tanggal_pelaporan, k.create_date
                ORDER BY k.create_date DESC', [...])
 2 APPPATH\Controllers\InputData.php(1286): App\Models\M_tppk->get_rekap_laporan_sekolah('010101')
 3 SYSTEMPATH\CodeIgniter.php(934): App\Controllers\InputData->status_laporan()
 4 SYSTEMPATH\CodeIgniter.php(499): CodeIgniter\CodeIgniter->runController(Object(App\Controllers\InputData))
 5 SYSTEMPATH\CodeIgniter.php(368): CodeIgniter\CodeIgniter->handleRequest(null, Object(Config\Cache), false)
 6 FCPATH\index.php(55): CodeIgniter\CodeIgniter->run()
INFO - 2024-03-27 14:00:56 --> Session: Class initialized using 'CodeIgniter\Session\Handlers\FileHandler' driver.
INFO - 2024-03-27 14:01:30 --> Session: Class initialized using 'CodeIgniter\Session\Handlers\FileHandler' driver.
INFO - 2024-03-27 14:01:33 --> Session: Class initialized using 'CodeIgniter\Session\Handlers\FileHandler' driver.
INFO - 2024-03-27 14:05:13 --> Session: Class initialized using 'CodeIgniter\Session\Handlers\FileHandler' driver.
INFO - 2024-03-27 14:05:49 --> Session: Class initialized using 'CodeIgniter\Session\Handlers\FileHandler' driver.
INFO - 2024-03-27 14:06:20 --> Session: Class initialized using 'CodeIgniter\Session\Handlers\FileHandler' driver.
INFO - 2024-03-27 14:06:28 --> Session: Class initialized using 'CodeIgniter\Session\Handlers\FileHandler' driver.
CRITICAL - 2024-03-27 14:06:28 --> Undefined array key "kode_wilayah"
in APPPATH\Views\statuslaporan.php on line 72.
 1 APPPATH\Views\statuslaporan.php(72): CodeIgniter\Debug\Exceptions->errorHandler(2, 'Undefined array key "kode_wilayah"', 'APPPATH\\Views\\statuslaporan.php', 72)
 2 SYSTEMPATH\View\View.php(213): include('APPPATH\\Views\\statuslaporan.php')
 3 SYSTEMPATH\View\View.php(216): CodeIgniter\View\View->CodeIgniter\View\{closure}()
 4 SYSTEMPATH\Common.php(1184): CodeIgniter\View\View->render('statuslaporan', [], true)
 5 APPPATH\Controllers\InputData.php(1305): view('statuslaporan', [...])
 6 SYSTEMPATH\CodeIgniter.php(934): App\Controllers\InputData->status_laporan()
 7 SYSTEMPATH\CodeIgniter.php(499): CodeIgniter\CodeIgniter->runController(Object(App\Controllers\InputData))
 8 SYSTEMPATH\CodeIgniter.php(368): CodeIgniter\CodeIgniter->handleRequest(null, Object(Config\Cache), false)
 9 FCPATH\index.php(55): CodeIgniter\CodeIgniter->run()
INFO - 2024-03-27 14:08:51 --> Session: Class initialized using 'CodeIgniter\Session\Handlers\FileHandler' driver.
CRITICAL - 2024-03-27 14:08:52 --> Undefined array key "kode_wilayah"
in APPPATH\Views\statuslaporan.php on line 72.
 1 APPPATH\Views\statuslaporan.php(72): CodeIgniter\Debug\Exceptions->errorHandler(2, 'Undefined array key "kode_wilayah"', 'APPPATH\\Views\\statuslaporan.php', 72)
 2 SYSTEMPATH\View\View.php(213): include('APPPATH\\Views\\statuslaporan.php')
 3 SYSTEMPATH\View\View.php(216): CodeIgniter\View\View->CodeIgniter\View\{closure}()
 4 SYSTEMPATH\Common.php(1184): CodeIgniter\View\View->render('statuslaporan', [], true)
 5 APPPATH\Controllers\InputData.php(1305): view('statuslaporan', [...])
 6 SYSTEMPATH\CodeIgniter.php(934): App\Controllers\InputData->status_laporan()
 7 SYSTEMPATH\CodeIgniter.php(499): CodeIgniter\CodeIgniter->runController(Object(App\Controllers\InputData))
 8 SYSTEMPATH\CodeIgniter.php(368): CodeIgniter\CodeIgniter->handleRequest(null, Object(Config\Cache), false)
 9 FCPATH\index.php(55): CodeIgniter\CodeIgniter->run()
INFO - 2024-03-27 14:09:40 --> Session: Class initialized using 'CodeIgniter\Session\Handlers\FileHandler' driver.
CRITICAL - 2024-03-27 14:09:40 --> Undefined array key "kode_wilayah"
in APPPATH\Views\statuslaporan.php on line 74.
 1 APPPATH\Views\statuslaporan.php(74): CodeIgniter\Debug\Exceptions->errorHandler(2, 'Undefined array key "kode_wilayah"', 'APPPATH\\Views\\statuslaporan.php', 74)
 2 SYSTEMPATH\View\View.php(213): include('APPPATH\\Views\\statuslaporan.php')
 3 SYSTEMPATH\View\View.php(216): CodeIgniter\View\View->CodeIgniter\View\{closure}()
 4 SYSTEMPATH\Common.php(1184): CodeIgniter\View\View->render('statuslaporan', [], true)
 5 APPPATH\Controllers\InputData.php(1305): view('statuslaporan', [...])
 6 SYSTEMPATH\CodeIgniter.php(934): App\Controllers\InputData->status_laporan()
 7 SYSTEMPATH\CodeIgniter.php(499): CodeIgniter\CodeIgniter->runController(Object(App\Controllers\InputData))
 8 SYSTEMPATH\CodeIgniter.php(368): CodeIgniter\CodeIgniter->handleRequest(null, Object(Config\Cache), false)
 9 FCPATH\index.php(55): CodeIgniter\CodeIgniter->run()
INFO - 2024-03-27 14:10:06 --> Session: Class initialized using 'CodeIgniter\Session\Handlers\FileHandler' driver.
CRITICAL - 2024-03-27 14:10:06 --> Undefined array key "npsn"
in APPPATH\Views\statuslaporan.php on line 74.
 1 APPPATH\Views\statuslaporan.php(74): CodeIgniter\Debug\Exceptions->errorHandler(2, 'Undefined array key "npsn"', 'APPPATH\\Views\\statuslaporan.php', 74)
 2 SYSTEMPATH\View\View.php(213): include('APPPATH\\Views\\statuslaporan.php')
 3 SYSTEMPATH\View\View.php(216): CodeIgniter\View\View->CodeIgniter\View\{closure}()
 4 SYSTEMPATH\Common.php(1184): CodeIgniter\View\View->render('statuslaporan', [], true)
 5 APPPATH\Controllers\InputData.php(1305): view('statuslaporan', [...])
 6 SYSTEMPATH\CodeIgniter.php(934): App\Controllers\InputData->status_laporan()
 7 SYSTEMPATH\CodeIgniter.php(499): CodeIgniter\CodeIgniter->runController(Object(App\Controllers\InputData))
 8 SYSTEMPATH\CodeIgniter.php(368): CodeIgniter\CodeIgniter->handleRequest(null, Object(Config\Cache), false)
 9 FCPATH\index.php(55): CodeIgniter\CodeIgniter->run()
INFO - 2024-03-27 14:10:43 --> Session: Class initialized using 'CodeIgniter\Session\Handlers\FileHandler' driver.
INFO - 2024-03-27 14:11:26 --> Session: Class initialized using 'CodeIgniter\Session\Handlers\FileHandler' driver.
INFO - 2024-03-27 14:11:38 --> Session: Class initialized using 'CodeIgniter\Session\Handlers\FileHandler' driver.
CRITICAL - 2024-03-27 14:11:38 --> Undefined array key "nama"
in APPPATH\Views\statuslaporan.php on line 74.
 1 APPPATH\Views\statuslaporan.php(74): CodeIgniter\Debug\Exceptions->errorHandler(2, 'Undefined array key "nama"', 'APPPATH\\Views\\statuslaporan.php', 74)
 2 SYSTEMPATH\View\View.php(213): include('APPPATH\\Views\\statuslaporan.php')
 3 SYSTEMPATH\View\View.php(216): CodeIgniter\View\View->CodeIgniter\View\{closure}()
 4 SYSTEMPATH\Common.php(1184): CodeIgniter\View\View->render('statuslaporan', [], true)
 5 APPPATH\Controllers\InputData.php(1305): view('statuslaporan', [...])
 6 SYSTEMPATH\CodeIgniter.php(934): App\Controllers\InputData->status_laporan()
 7 SYSTEMPATH\CodeIgniter.php(499): CodeIgniter\CodeIgniter->runController(Object(App\Controllers\InputData))
 8 SYSTEMPATH\CodeIgniter.php(368): CodeIgniter\CodeIgniter->handleRequest(null, Object(Config\Cache), false)
 9 FCPATH\index.php(55): CodeIgniter\CodeIgniter->run()
INFO - 2024-03-27 14:12:06 --> Session: Class initialized using 'CodeIgniter\Session\Handlers\FileHandler' driver.
CRITICAL - 2024-03-27 14:12:06 --> Undefined array key "Terbukti"
in APPPATH\Views\statuslaporan.php on line 77.
 1 APPPATH\Views\statuslaporan.php(77): CodeIgniter\Debug\Exceptions->errorHandler(2, 'Undefined array key "Terbukti"', 'APPPATH\\Views\\statuslaporan.php', 77)
 2 SYSTEMPATH\View\View.php(213): include('APPPATH\\Views\\statuslaporan.php')
 3 SYSTEMPATH\View\View.php(216): CodeIgniter\View\View->CodeIgniter\View\{closure}()
 4 SYSTEMPATH\Common.php(1184): CodeIgniter\View\View->render('statuslaporan', [], true)
 5 APPPATH\Controllers\InputData.php(1305): view('statuslaporan', [...])
 6 SYSTEMPATH\CodeIgniter.php(934): App\Controllers\InputData->status_laporan()
 7 SYSTEMPATH\CodeIgniter.php(499): CodeIgniter\CodeIgniter->runController(Object(App\Controllers\InputData))
 8 SYSTEMPATH\CodeIgniter.php(368): CodeIgniter\CodeIgniter->handleRequest(null, Object(Config\Cache), false)
 9 FCPATH\index.php(55): CodeIgniter\CodeIgniter->run()
INFO - 2024-03-27 14:14:22 --> Session: Class initialized using 'CodeIgniter\Session\Handlers\FileHandler' driver.
ERROR - 2024-03-27 14:14:22 --> [Microsoft][ODBC Driver 17 for SQL Server][SQL Server]Incorrect syntax near ','.
CRITICAL - 2024-03-27 14:14:22 --> [Microsoft][ODBC Driver 17 for SQL Server][SQL Server]Incorrect syntax near ','.
in SYSTEMPATH\Database\BaseConnection.php on line 645.
 1 APPPATH\Models\M_tppk.php(2614): CodeIgniter\Database\BaseConnection->query('SELECT s.nama as nama, s.npsn, 
                    ,COUNT(CASE WHEN p.status_kasus = 1 THEN 1 END) AS Terbukti
                    ,COUNT(CASE WHEN p.status_kasus = 2 THEN 1 END) AS TidakTerbukti
                    ,COUNT(CASE WHEN p.status_kasus = 3 THEN 1 END) AS Dihentikan
                FROM [TPPK].[dbo].[kasus] k
                LEFT JOIN [TPPK].[dbo].[pelaporan] p ON k.kasus_id = p.kasus_id 
                LEFT JOIN [Arsip].[dbo].[sekolah] s ON k.npsn = s.npsn
                WHERE LEFT(k.kode_wilayah, 6) = :kode_kota: AND k.soft_delete=0
                GROUP BY s.nama, s.npsn
                ORDER BY s.nama ASC', [...])
 2 APPPATH\Controllers\InputData.php(1279): App\Models\M_tppk->get_rekap_laporan_kecamatan('010101')
 3 SYSTEMPATH\CodeIgniter.php(934): App\Controllers\InputData->status_laporan()
 4 SYSTEMPATH\CodeIgniter.php(499): CodeIgniter\CodeIgniter->runController(Object(App\Controllers\InputData))
 5 SYSTEMPATH\CodeIgniter.php(368): CodeIgniter\CodeIgniter->handleRequest(null, Object(Config\Cache), false)
 6 FCPATH\index.php(55): CodeIgniter\CodeIgniter->run()
INFO - 2024-03-27 14:14:33 --> Session: Class initialized using 'CodeIgniter\Session\Handlers\FileHandler' driver.
INFO - 2024-03-27 14:14:48 --> Session: Class initialized using 'CodeIgniter\Session\Handlers\FileHandler' driver.
INFO - 2024-03-27 14:14:54 --> Session: Class initialized using 'CodeIgniter\Session\Handlers\FileHandler' driver.
INFO - 2024-03-27 14:14:56 --> Session: Class initialized using 'CodeIgniter\Session\Handlers\FileHandler' driver.
INFO - 2024-03-27 14:14:59 --> Session: Class initialized using 'CodeIgniter\Session\Handlers\FileHandler' driver.
INFO - 2024-03-27 14:15:07 --> Session: Class initialized using 'CodeIgniter\Session\Handlers\FileHandler' driver.
INFO - 2024-03-27 14:16:54 --> Session: Class initialized using 'CodeIgniter\Session\Handlers\FileHandler' driver.
CRITICAL - 2024-03-27 14:16:54 --> Undefined variable $kode_wilayah
in APPPATH\Controllers\InputData.php on line 1235.
 1 APPPATH\Controllers\InputData.php(1235): CodeIgniter\Debug\Exceptions->errorHandler(2, 'Undefined variable $kode_wilayah', 'APPPATH\\Controllers\\InputData.php', 1235)
 2 SYSTEMPATH\CodeIgniter.php(934): App\Controllers\InputData->status_laporan()
 3 SYSTEMPATH\CodeIgniter.php(499): CodeIgniter\CodeIgniter->runController(Object(App\Controllers\InputData))
 4 SYSTEMPATH\CodeIgniter.php(368): CodeIgniter\CodeIgniter->handleRequest(null, Object(Config\Cache), false)
 5 FCPATH\index.php(55): CodeIgniter\CodeIgniter->run()
INFO - 2024-03-27 14:18:43 --> Session: Class initialized using 'CodeIgniter\Session\Handlers\FileHandler' driver.
CRITICAL - 2024-03-27 14:18:44 --> Trying to access array offset on value of type null
in APPPATH\Controllers\InputData.php on line 1270.
 1 APPPATH\Controllers\InputData.php(1270): CodeIgniter\Debug\Exceptions->errorHandler(2, 'Trying to access array offset on value of type null', 'APPPATH\\Controllers\\InputData.php', 1270)
 2 SYSTEMPATH\CodeIgniter.php(934): App\Controllers\InputData->status_laporan()
 3 SYSTEMPATH\CodeIgniter.php(499): CodeIgniter\CodeIgniter->runController(Object(App\Controllers\InputData))
 4 SYSTEMPATH\CodeIgniter.php(368): CodeIgniter\CodeIgniter->handleRequest(null, Object(Config\Cache), false)
 5 FCPATH\index.php(55): CodeIgniter\CodeIgniter->run()
INFO - 2024-03-27 14:20:14 --> Session: Class initialized using 'CodeIgniter\Session\Handlers\FileHandler' driver.
CRITICAL - 2024-03-27 14:20:14 --> Undefined array key "kode_wilayah"
in APPPATH\Views\statuslaporan.php on line 74.
 1 APPPATH\Views\statuslaporan.php(74): CodeIgniter\Debug\Exceptions->errorHandler(2, 'Undefined array key "kode_wilayah"', 'APPPATH\\Views\\statuslaporan.php', 74)
 2 SYSTEMPATH\View\View.php(213): include('APPPATH\\Views\\statuslaporan.php')
 3 SYSTEMPATH\View\View.php(216): CodeIgniter\View\View->CodeIgniter\View\{closure}()
 4 SYSTEMPATH\Common.php(1184): CodeIgniter\View\View->render('statuslaporan', [], true)
 5 APPPATH\Controllers\InputData.php(1307): view('statuslaporan', [...])
 6 SYSTEMPATH\CodeIgniter.php(934): App\Controllers\InputData->status_laporan()
 7 SYSTEMPATH\CodeIgniter.php(499): CodeIgniter\CodeIgniter->runController(Object(App\Controllers\InputData))
 8 SYSTEMPATH\CodeIgniter.php(368): CodeIgniter\CodeIgniter->handleRequest(null, Object(Config\Cache), false)
 9 FCPATH\index.php(55): CodeIgniter\CodeIgniter->run()
INFO - 2024-03-27 14:20:18 --> Session: Class initialized using 'CodeIgniter\Session\Handlers\FileHandler' driver.
INFO - 2024-03-27 14:20:21 --> Session: Class initialized using 'CodeIgniter\Session\Handlers\FileHandler' driver.
CRITICAL - 2024-03-27 14:20:21 --> Undefined array key "kode_wilayah"
in APPPATH\Views\statuslaporan.php on line 74.
 1 APPPATH\Views\statuslaporan.php(74): CodeIgniter\Debug\Exceptions->errorHandler(2, 'Undefined array key "kode_wilayah"', 'APPPATH\\Views\\statuslaporan.php', 74)
 2 SYSTEMPATH\View\View.php(213): include('APPPATH\\Views\\statuslaporan.php')
 3 SYSTEMPATH\View\View.php(216): CodeIgniter\View\View->CodeIgniter\View\{closure}()
 4 SYSTEMPATH\Common.php(1184): CodeIgniter\View\View->render('statuslaporan', [], true)
 5 APPPATH\Controllers\InputData.php(1307): view('statuslaporan', [...])
 6 SYSTEMPATH\CodeIgniter.php(934): App\Controllers\InputData->status_laporan()
 7 SYSTEMPATH\CodeIgniter.php(499): CodeIgniter\CodeIgniter->runController(Object(App\Controllers\InputData))
 8 SYSTEMPATH\CodeIgniter.php(368): CodeIgniter\CodeIgniter->handleRequest(null, Object(Config\Cache), false)
 9 FCPATH\index.php(55): CodeIgniter\CodeIgniter->run()
INFO - 2024-03-27 14:21:53 --> Session: Class initialized using 'CodeIgniter\Session\Handlers\FileHandler' driver.
INFO - 2024-03-27 14:22:29 --> Session: Class initialized using 'CodeIgniter\Session\Handlers\FileHandler' driver.
INFO - 2024-03-27 14:22:44 --> Session: Class initialized using 'CodeIgniter\Session\Handlers\FileHandler' driver.
CRITICAL - 2024-03-27 14:22:44 --> Undefined array key "kode_wilayah"
in APPPATH\Views\statuslaporan.php on line 74.
 1 APPPATH\Views\statuslaporan.php(74): CodeIgniter\Debug\Exceptions->errorHandler(2, 'Undefined array key "kode_wilayah"', 'APPPATH\\Views\\statuslaporan.php', 74)
 2 SYSTEMPATH\View\View.php(213): include('APPPATH\\Views\\statuslaporan.php')
 3 SYSTEMPATH\View\View.php(216): CodeIgniter\View\View->CodeIgniter\View\{closure}()
 4 SYSTEMPATH\Common.php(1184): CodeIgniter\View\View->render('statuslaporan', [], true)
 5 APPPATH\Controllers\InputData.php(1307): view('statuslaporan', [...])
 6 SYSTEMPATH\CodeIgniter.php(934): App\Controllers\InputData->status_laporan()
 7 SYSTEMPATH\CodeIgniter.php(499): CodeIgniter\CodeIgniter->runController(Object(App\Controllers\InputData))
 8 SYSTEMPATH\CodeIgniter.php(368): CodeIgniter\CodeIgniter->handleRequest(null, Object(Config\Cache), false)
 9 FCPATH\index.php(55): CodeIgniter\CodeIgniter->run()
INFO - 2024-03-27 14:23:01 --> Session: Class initialized using 'CodeIgniter\Session\Handlers\FileHandler' driver.
CRITICAL - 2024-03-27 14:23:02 --> Undefined array key "kode_wilayah"
in APPPATH\Views\statuslaporan.php on line 72.
 1 APPPATH\Views\statuslaporan.php(72): CodeIgniter\Debug\Exceptions->errorHandler(2, 'Undefined array key "kode_wilayah"', 'APPPATH\\Views\\statuslaporan.php', 72)
 2 SYSTEMPATH\View\View.php(213): include('APPPATH\\Views\\statuslaporan.php')
 3 SYSTEMPATH\View\View.php(216): CodeIgniter\View\View->CodeIgniter\View\{closure}()
 4 SYSTEMPATH\Common.php(1184): CodeIgniter\View\View->render('statuslaporan', [], true)
 5 APPPATH\Controllers\InputData.php(1307): view('statuslaporan', [...])
 6 SYSTEMPATH\CodeIgniter.php(934): App\Controllers\InputData->status_laporan()
 7 SYSTEMPATH\CodeIgniter.php(499): CodeIgniter\CodeIgniter->runController(Object(App\Controllers\InputData))
 8 SYSTEMPATH\CodeIgniter.php(368): CodeIgniter\CodeIgniter->handleRequest(null, Object(Config\Cache), false)
 9 FCPATH\index.php(55): CodeIgniter\CodeIgniter->run()
INFO - 2024-03-27 14:24:21 --> Session: Class initialized using 'CodeIgniter\Session\Handlers\FileHandler' driver.
ERROR - 2024-03-27 14:24:21 --> [Microsoft][ODBC Driver 17 for SQL Server][SQL Server]Column 'Arsip.dbo.sekolah.kode_wilayah' is invalid in the select list because it is not contained in either an aggregate function or the GROUP BY clause.
CRITICAL - 2024-03-27 14:24:21 --> [Microsoft][ODBC Driver 17 for SQL Server][SQL Server]Column 'Arsip.dbo.sekolah.kode_wilayah' is invalid in the select list because it is not contained in either an aggregate function or the GROUP BY clause.
in SYSTEMPATH\Database\BaseConnection.php on line 645.
 1 APPPATH\Models\M_tppk.php(2614): CodeIgniter\Database\BaseConnection->query('SELECT s.nama as nama, s.npsn, s.kode_wilayah
                    ,COUNT(CASE WHEN p.status_kasus = 1 THEN 1 END) AS Terbukti
                    ,COUNT(CASE WHEN p.status_kasus = 2 THEN 1 END) AS TidakTerbukti
                    ,COUNT(CASE WHEN p.status_kasus = 3 THEN 1 END) AS Dihentikan
                FROM [TPPK].[dbo].[kasus] k
                LEFT JOIN [TPPK].[dbo].[pelaporan] p ON k.kasus_id = p.kasus_id 
                LEFT JOIN [Arsip].[dbo].[sekolah] s ON k.npsn = s.npsn
                WHERE LEFT(k.kode_wilayah, 6) = :kode_kota: AND k.soft_delete=0
                GROUP BY s.nama, s.npsn
                ORDER BY s.nama ASC', [...])
 2 APPPATH\Controllers\InputData.php(1281): App\Models\M_tppk->get_rekap_laporan_kecamatan('010101')
 3 SYSTEMPATH\CodeIgniter.php(934): App\Controllers\InputData->status_laporan()
 4 SYSTEMPATH\CodeIgniter.php(499): CodeIgniter\CodeIgniter->runController(Object(App\Controllers\InputData))
 5 SYSTEMPATH\CodeIgniter.php(368): CodeIgniter\CodeIgniter->handleRequest(null, Object(Config\Cache), false)
 6 FCPATH\index.php(55): CodeIgniter\CodeIgniter->run()
INFO - 2024-03-27 14:24:37 --> Session: Class initialized using 'CodeIgniter\Session\Handlers\FileHandler' driver.
INFO - 2024-03-27 14:24:53 --> Session: Class initialized using 'CodeIgniter\Session\Handlers\FileHandler' driver.
INFO - 2024-03-27 14:25:17 --> Session: Class initialized using 'CodeIgniter\Session\Handlers\FileHandler' driver.
INFO - 2024-03-27 14:25:49 --> Session: Class initialized using 'CodeIgniter\Session\Handlers\FileHandler' driver.
INFO - 2024-03-27 14:26:00 --> Session: Class initialized using 'CodeIgniter\Session\Handlers\FileHandler' driver.
INFO - 2024-03-27 14:26:04 --> Session: Class initialized using 'CodeIgniter\Session\Handlers\FileHandler' driver.
INFO - 2024-03-27 14:26:25 --> Session: Class initialized using 'CodeIgniter\Session\Handlers\FileHandler' driver.
