INFO - 2024-06-09 09:39:08 --> Session: Class initialized using 'CodeIgniter\Session\Handlers\FileHandler' driver.
INFO - 2024-06-09 09:55:05 --> Session: Class initialized using 'CodeIgniter\Session\Handlers\FileHandler' driver.
INFO - 2024-06-09 09:56:18 --> Session: Class initialized using 'CodeIgniter\Session\Handlers\FileHandler' driver.
INFO - 2024-06-09 09:56:27 --> Session: Class initialized using 'CodeIgniter\Session\Handlers\FileHandler' driver.
INFO - 2024-06-09 09:56:43 --> Session: Class initialized using 'CodeIgniter\Session\Handlers\FileHandler' driver.
INFO - 2024-06-09 09:56:44 --> Session: Class initialized using 'CodeIgniter\Session\Handlers\FileHandler' driver.
INFO - 2024-06-09 09:56:50 --> Session: Class initialized using 'CodeIgniter\Session\Handlers\FileHandler' driver.
INFO - 2024-06-09 09:57:06 --> Session: Class initialized using 'CodeIgniter\Session\Handlers\FileHandler' driver.
INFO - 2024-06-09 09:57:09 --> Session: Class initialized using 'CodeIgniter\Session\Handlers\FileHandler' driver.
INFO - 2024-06-09 09:57:16 --> Session: Class initialized using 'CodeIgniter\Session\Handlers\FileHandler' driver.
INFO - 2024-06-09 09:57:31 --> Session: Class initialized using 'CodeIgniter\Session\Handlers\FileHandler' driver.
INFO - 2024-06-09 09:57:32 --> Session: Class initialized using 'CodeIgniter\Session\Handlers\FileHandler' driver.
INFO - 2024-06-09 09:57:38 --> Session: Class initialized using 'CodeIgniter\Session\Handlers\FileHandler' driver.
INFO - 2024-06-09 09:57:48 --> Session: Class initialized using 'CodeIgniter\Session\Handlers\FileHandler' driver.
INFO - 2024-06-09 09:57:53 --> Session: Class initialized using 'CodeIgniter\Session\Handlers\FileHandler' driver.
INFO - 2024-06-09 09:58:04 --> Session: Class initialized using 'CodeIgniter\Session\Handlers\FileHandler' driver.
INFO - 2024-06-09 10:27:59 --> Session: Class initialized using 'CodeIgniter\Session\Handlers\FileHandler' driver.
INFO - 2024-06-09 10:28:07 --> Session: Class initialized using 'CodeIgniter\Session\Handlers\FileHandler' driver.
INFO - 2024-06-09 11:02:13 --> Session: Class initialized using 'CodeIgniter\Session\Handlers\FileHandler' driver.
INFO - 2024-06-09 11:02:19 --> Session: Class initialized using 'CodeIgniter\Session\Handlers\FileHandler' driver.
ERROR - 2024-06-09 11:02:20 --> Email: sendWithSmtp throwed ErrorException: fsockopen(): SSL operation failed with code 1. OpenSSL Error messages:
error:1416F086:SSL routines:tls_process_server_certificate:certificate verify failed in D:\laragon\www\tppk\system\Email\Email.php:1868
Stack trace:
#0 [internal function]: CodeIgniter\Debug\Exceptions->errorHandler(2, 'fsockopen(): SS...', 'D:\\laragon\\www\\...', 1868)
#1 D:\laragon\www\tppk\system\Email\Email.php(1868): fsockopen('tls://mail.kemd...', 465, NULL, NULL, 5)
#2 D:\laragon\www\tppk\system\Email\Email.php(1782): CodeIgniter\Email\Email->SMTPConnect()
#3 D:\laragon\www\tppk\system\Email\Email.php(1667): CodeIgniter\Email\Email->sendWithSmtp()
#4 D:\laragon\www\tppk\system\Email\Email.php(1565): CodeIgniter\Email\Email->spoolEmail()
#5 D:\laragon\www\tppk\app\Controllers\Login.php(221): CodeIgniter\Email\Email->send()
#6 D:\laragon\www\tppk\system\CodeIgniter.php(934): App\Controllers\Login->sendEmail()
#7 D:\laragon\www\tppk\system\CodeIgniter.php(499): CodeIgniter\CodeIgniter->runController(Object(App\Controllers\Login))
#8 D:\laragon\www\tppk\system\CodeIgniter.php(368): CodeIgniter\CodeIgniter->handleRequest(NULL, Object(Config\Cache), false)
#9 D:\laragon\www\tppk\index.php(55): CodeIgniter\CodeIgniter->run()
#10 {main}
ERROR - 2024-06-09 11:02:20 --> Email: Unable to send email using SMTP. Your server might not be configured to send mail using this method.
ERROR - 2024-06-09 11:02:20 --> 
INFO - 2024-06-09 11:06:30 --> Session: Class initialized using 'CodeIgniter\Session\Handlers\FileHandler' driver.
INFO - 2024-06-09 12:06:58 --> Session: Class initialized using 'CodeIgniter\Session\Handlers\FileHandler' driver.
INFO - 2024-06-09 12:13:53 --> CSRF token verified.
INFO - 2024-06-09 12:13:53 --> Session: Class initialized using 'CodeIgniter\Session\Handlers\FileHandler' driver.
INFO - 2024-06-09 12:13:54 --> Session: Class initialized using 'CodeIgniter\Session\Handlers\FileHandler' driver.
INFO - 2024-06-09 12:15:02 --> Session: Class initialized using 'CodeIgniter\Session\Handlers\FileHandler' driver.
INFO - 2024-06-09 14:47:41 --> Session: Class initialized using 'CodeIgniter\Session\Handlers\FileHandler' driver.
INFO - 2024-06-09 14:49:22 --> Session: Class initialized using 'CodeIgniter\Session\Handlers\FileHandler' driver.
INFO - 2024-06-09 14:49:40 --> Session: Class initialized using 'CodeIgniter\Session\Handlers\FileHandler' driver.
INFO - 2024-06-09 14:49:49 --> Session: Class initialized using 'CodeIgniter\Session\Handlers\FileHandler' driver.
INFO - 2024-06-09 14:50:12 --> Session: Class initialized using 'CodeIgniter\Session\Handlers\FileHandler' driver.
INFO - 2024-06-09 14:50:14 --> Session: Class initialized using 'CodeIgniter\Session\Handlers\FileHandler' driver.
INFO - 2024-06-09 14:50:16 --> Session: Class initialized using 'CodeIgniter\Session\Handlers\FileHandler' driver.
INFO - 2024-06-09 14:50:41 --> Session: Class initialized using 'CodeIgniter\Session\Handlers\FileHandler' driver.
INFO - 2024-06-09 14:51:07 --> Session: Class initialized using 'CodeIgniter\Session\Handlers\FileHandler' driver.
INFO - 2024-06-09 14:51:36 --> Session: Class initialized using 'CodeIgniter\Session\Handlers\FileHandler' driver.
INFO - 2024-06-09 14:51:40 --> Session: Class initialized using 'CodeIgniter\Session\Handlers\FileHandler' driver.
INFO - 2024-06-09 14:51:42 --> Session: Class initialized using 'CodeIgniter\Session\Handlers\FileHandler' driver.
INFO - 2024-06-09 14:52:09 --> Session: Class initialized using 'CodeIgniter\Session\Handlers\FileHandler' driver.
INFO - 2024-06-09 14:52:25 --> CSRF token verified.
INFO - 2024-06-09 14:52:25 --> Session: Class initialized using 'CodeIgniter\Session\Handlers\FileHandler' driver.
INFO - 2024-06-09 14:52:26 --> Session: Class initialized using 'CodeIgniter\Session\Handlers\FileHandler' driver.
INFO - 2024-06-09 14:54:01 --> Session: Class initialized using 'CodeIgniter\Session\Handlers\FileHandler' driver.
INFO - 2024-06-09 14:54:03 --> Session: Class initialized using 'CodeIgniter\Session\Handlers\FileHandler' driver.
INFO - 2024-06-09 14:54:08 --> CSRF token verified.
INFO - 2024-06-09 14:54:08 --> Session: Class initialized using 'CodeIgniter\Session\Handlers\FileHandler' driver.
INFO - 2024-06-09 14:54:08 --> Session: Class initialized using 'CodeIgniter\Session\Handlers\FileHandler' driver.
INFO - 2024-06-09 14:54:34 --> Session: Class initialized using 'CodeIgniter\Session\Handlers\FileHandler' driver.
INFO - 2024-06-09 14:54:38 --> CSRF token verified.
INFO - 2024-06-09 14:54:38 --> Session: Class initialized using 'CodeIgniter\Session\Handlers\FileHandler' driver.
INFO - 2024-06-09 14:54:41 --> Session: Class initialized using 'CodeIgniter\Session\Handlers\FileHandler' driver.
INFO - 2024-06-09 14:54:46 --> CSRF token verified.
INFO - 2024-06-09 14:54:46 --> Session: Class initialized using 'CodeIgniter\Session\Handlers\FileHandler' driver.
INFO - 2024-06-09 14:54:49 --> Session: Class initialized using 'CodeIgniter\Session\Handlers\FileHandler' driver.
INFO - 2024-06-09 14:55:10 --> CSRF token verified.
INFO - 2024-06-09 14:55:10 --> Session: Class initialized using 'CodeIgniter\Session\Handlers\FileHandler' driver.
INFO - 2024-06-09 14:55:12 --> Session: Class initialized using 'CodeIgniter\Session\Handlers\FileHandler' driver.
INFO - 2024-06-09 14:55:20 --> Session: Class initialized using 'CodeIgniter\Session\Handlers\FileHandler' driver.
INFO - 2024-06-09 14:55:22 --> CSRF token verified.
INFO - 2024-06-09 14:55:22 --> Session: Class initialized using 'CodeIgniter\Session\Handlers\FileHandler' driver.
INFO - 2024-06-09 14:55:22 --> Session: Class initialized using 'CodeIgniter\Session\Handlers\FileHandler' driver.
INFO - 2024-06-09 14:55:54 --> Session: Class initialized using 'CodeIgniter\Session\Handlers\FileHandler' driver.
INFO - 2024-06-09 14:55:56 --> CSRF token verified.
INFO - 2024-06-09 14:55:56 --> Session: Class initialized using 'CodeIgniter\Session\Handlers\FileHandler' driver.
INFO - 2024-06-09 14:55:56 --> Session: Class initialized using 'CodeIgniter\Session\Handlers\FileHandler' driver.
INFO - 2024-06-09 14:56:54 --> Session: Class initialized using 'CodeIgniter\Session\Handlers\FileHandler' driver.
INFO - 2024-06-09 14:57:08 --> Session: Class initialized using 'CodeIgniter\Session\Handlers\FileHandler' driver.
INFO - 2024-06-09 14:57:15 --> CSRF token verified.
INFO - 2024-06-09 14:57:15 --> Session: Class initialized using 'CodeIgniter\Session\Handlers\FileHandler' driver.
INFO - 2024-06-09 14:57:15 --> Session: Class initialized using 'CodeIgniter\Session\Handlers\FileHandler' driver.
INFO - 2024-06-09 14:58:06 --> Session: Class initialized using 'CodeIgniter\Session\Handlers\FileHandler' driver.
INFO - 2024-06-09 14:58:10 --> CSRF token verified.
INFO - 2024-06-09 14:58:10 --> Session: Class initialized using 'CodeIgniter\Session\Handlers\FileHandler' driver.
INFO - 2024-06-09 14:58:13 --> Session: Class initialized using 'CodeIgniter\Session\Handlers\FileHandler' driver.
INFO - 2024-06-09 14:58:25 --> Session: Class initialized using 'CodeIgniter\Session\Handlers\FileHandler' driver.
INFO - 2024-06-09 14:58:32 --> CSRF token verified.
INFO - 2024-06-09 14:58:32 --> Session: Class initialized using 'CodeIgniter\Session\Handlers\FileHandler' driver.
INFO - 2024-06-09 14:58:33 --> Session: Class initialized using 'CodeIgniter\Session\Handlers\FileHandler' driver.
INFO - 2024-06-09 14:58:38 --> CSRF token verified.
INFO - 2024-06-09 14:58:38 --> Session: Class initialized using 'CodeIgniter\Session\Handlers\FileHandler' driver.
INFO - 2024-06-09 14:58:38 --> Session: Class initialized using 'CodeIgniter\Session\Handlers\FileHandler' driver.
INFO - 2024-06-09 14:59:05 --> Session: Class initialized using 'CodeIgniter\Session\Handlers\FileHandler' driver.
INFO - 2024-06-09 14:59:35 --> CSRF token verified.
INFO - 2024-06-09 14:59:35 --> Session: Class initialized using 'CodeIgniter\Session\Handlers\FileHandler' driver.
INFO - 2024-06-09 14:59:36 --> Session: Class initialized using 'CodeIgniter\Session\Handlers\FileHandler' driver.
INFO - 2024-06-09 15:01:38 --> Session: Class initialized using 'CodeIgniter\Session\Handlers\FileHandler' driver.
INFO - 2024-06-09 15:01:43 --> CSRF token verified.
INFO - 2024-06-09 15:01:43 --> Session: Class initialized using 'CodeIgniter\Session\Handlers\FileHandler' driver.
INFO - 2024-06-09 15:01:43 --> Session: Class initialized using 'CodeIgniter\Session\Handlers\FileHandler' driver.
INFO - 2024-06-09 15:02:11 --> Session: Class initialized using 'CodeIgniter\Session\Handlers\FileHandler' driver.
INFO - 2024-06-09 15:02:15 --> CSRF token verified.
INFO - 2024-06-09 15:02:15 --> Session: Class initialized using 'CodeIgniter\Session\Handlers\FileHandler' driver.
INFO - 2024-06-09 15:02:16 --> Session: Class initialized using 'CodeIgniter\Session\Handlers\FileHandler' driver.
INFO - 2024-06-09 15:02:42 --> Session: Class initialized using 'CodeIgniter\Session\Handlers\FileHandler' driver.
INFO - 2024-06-09 15:03:09 --> Session: Class initialized using 'CodeIgniter\Session\Handlers\FileHandler' driver.
INFO - 2024-06-09 15:03:24 --> Session: Class initialized using 'CodeIgniter\Session\Handlers\FileHandler' driver.
INFO - 2024-06-09 15:03:38 --> Session: Class initialized using 'CodeIgniter\Session\Handlers\FileHandler' driver.
INFO - 2024-06-09 15:03:53 --> Session: Class initialized using 'CodeIgniter\Session\Handlers\FileHandler' driver.
INFO - 2024-06-09 15:04:10 --> Session: Class initialized using 'CodeIgniter\Session\Handlers\FileHandler' driver.
INFO - 2024-06-09 15:05:29 --> Session: Class initialized using 'CodeIgniter\Session\Handlers\FileHandler' driver.
INFO - 2024-06-09 15:05:39 --> CSRF token verified.
INFO - 2024-06-09 15:05:39 --> Session: Class initialized using 'CodeIgniter\Session\Handlers\FileHandler' driver.
INFO - 2024-06-09 15:05:39 --> Session: Class initialized using 'CodeIgniter\Session\Handlers\FileHandler' driver.
INFO - 2024-06-09 15:06:33 --> Session: Class initialized using 'CodeIgniter\Session\Handlers\FileHandler' driver.
INFO - 2024-06-09 15:06:47 --> Session: Class initialized using 'CodeIgniter\Session\Handlers\FileHandler' driver.
INFO - 2024-06-09 15:07:07 --> Session: Class initialized using 'CodeIgniter\Session\Handlers\FileHandler' driver.
INFO - 2024-06-09 15:08:28 --> Session: Class initialized using 'CodeIgniter\Session\Handlers\FileHandler' driver.
INFO - 2024-06-09 15:08:30 --> Session: Class initialized using 'CodeIgniter\Session\Handlers\FileHandler' driver.
INFO - 2024-06-09 15:09:53 --> Session: Class initialized using 'CodeIgniter\Session\Handlers\FileHandler' driver.
INFO - 2024-06-09 15:10:42 --> Session: Class initialized using 'CodeIgniter\Session\Handlers\FileHandler' driver.
INFO - 2024-06-09 15:10:59 --> Session: Class initialized using 'CodeIgniter\Session\Handlers\FileHandler' driver.
INFO - 2024-06-09 15:11:12 --> CSRF token verified.
INFO - 2024-06-09 15:11:12 --> Session: Class initialized using 'CodeIgniter\Session\Handlers\FileHandler' driver.
INFO - 2024-06-09 15:11:13 --> Session: Class initialized using 'CodeIgniter\Session\Handlers\FileHandler' driver.
INFO - 2024-06-09 15:11:20 --> CSRF token verified.
INFO - 2024-06-09 15:11:20 --> Session: Class initialized using 'CodeIgniter\Session\Handlers\FileHandler' driver.
INFO - 2024-06-09 15:11:20 --> Session: Class initialized using 'CodeIgniter\Session\Handlers\FileHandler' driver.
INFO - 2024-06-09 15:17:35 --> Session: Class initialized using 'CodeIgniter\Session\Handlers\FileHandler' driver.
INFO - 2024-06-09 15:17:40 --> CSRF token verified.
INFO - 2024-06-09 15:17:40 --> Session: Class initialized using 'CodeIgniter\Session\Handlers\FileHandler' driver.
CRITICAL - 2024-06-09 15:17:40 --> strpos(): Argument #1 ($haystack) must be of type string, CodeIgniter\Email\Email given
in SYSTEMPATH\Email\Email.php on line 737.
 1 SYSTEMPATH\Email\Email.php(737): strpos(Object(CodeIgniter\Email\Email), ',')
 2 SYSTEMPATH\Email\Email.php(550): CodeIgniter\Email\Email->stringToArray(Object(CodeIgniter\Email\Email))
 3 APPPATH\Controllers\Login.php(255): CodeIgniter\Email\Email->setTo(Object(CodeIgniter\Email\Email))
 4 APPPATH\Controllers\Login.php(96): App\Controllers\Login->sendEmail('svzjgyrW', Object(CodeIgniter\Email\Email))
 5 SYSTEMPATH\CodeIgniter.php(934): App\Controllers\Login->updatekodereset()
 6 SYSTEMPATH\CodeIgniter.php(499): CodeIgniter\CodeIgniter->runController(Object(App\Controllers\Login))
 7 SYSTEMPATH\CodeIgniter.php(368): CodeIgniter\CodeIgniter->handleRequest(null, Object(Config\Cache), false)
 8 FCPATH\index.php(55): CodeIgniter\CodeIgniter->run()
INFO - 2024-06-09 15:18:30 --> Session: Class initialized using 'CodeIgniter\Session\Handlers\FileHandler' driver.
INFO - 2024-06-09 15:18:31 --> Session: Class initialized using 'CodeIgniter\Session\Handlers\FileHandler' driver.
INFO - 2024-06-09 15:18:35 --> CSRF token verified.
INFO - 2024-06-09 15:18:35 --> Session: Class initialized using 'CodeIgniter\Session\Handlers\FileHandler' driver.
ERROR - 2024-06-09 15:18:36 --> Email: sendWithSmtp throwed ErrorException: fsockopen(): SSL operation failed with code 1. OpenSSL Error messages:
error:1416F086:SSL routines:tls_process_server_certificate:certificate verify failed in D:\laragon\www\tppk\system\Email\Email.php:1868
Stack trace:
#0 [internal function]: CodeIgniter\Debug\Exceptions->errorHandler(2, 'fsockopen(): SS...', 'D:\\laragon\\www\\...', 1868)
#1 D:\laragon\www\tppk\system\Email\Email.php(1868): fsockopen('tls://mail.kemd...', 465, NULL, NULL, 5)
#2 D:\laragon\www\tppk\system\Email\Email.php(1782): CodeIgniter\Email\Email->SMTPConnect()
#3 D:\laragon\www\tppk\system\Email\Email.php(1667): CodeIgniter\Email\Email->sendWithSmtp()
#4 D:\laragon\www\tppk\system\Email\Email.php(1565): CodeIgniter\Email\Email->spoolEmail()
#5 D:\laragon\www\tppk\app\Controllers\Login.php(267): CodeIgniter\Email\Email->send()
#6 D:\laragon\www\tppk\app\Controllers\Login.php(96): App\Controllers\Login->sendEmail('QMeVjYvs', 'antok2000@yahoo...')
#7 D:\laragon\www\tppk\system\CodeIgniter.php(934): App\Controllers\Login->updatekodereset()
#8 D:\laragon\www\tppk\system\CodeIgniter.php(499): CodeIgniter\CodeIgniter->runController(Object(App\Controllers\Login))
#9 D:\laragon\www\tppk\system\CodeIgniter.php(368): CodeIgniter\CodeIgniter->handleRequest(NULL, Object(Config\Cache), false)
#10 D:\laragon\www\tppk\index.php(55): CodeIgniter\CodeIgniter->run()
#11 {main}
ERROR - 2024-06-09 15:18:36 --> Email: Unable to send email using SMTP. Your server might not be configured to send mail using this method.
ERROR - 2024-06-09 15:18:36 --> 
INFO - 2024-06-09 15:18:36 --> Session: Class initialized using 'CodeIgniter\Session\Handlers\FileHandler' driver.
INFO - 2024-06-09 15:18:55 --> Session: Class initialized using 'CodeIgniter\Session\Handlers\FileHandler' driver.
INFO - 2024-06-09 15:19:07 --> Session: Class initialized using 'CodeIgniter\Session\Handlers\FileHandler' driver.
INFO - 2024-06-09 15:19:33 --> Session: Class initialized using 'CodeIgniter\Session\Handlers\FileHandler' driver.
INFO - 2024-06-09 15:19:38 --> CSRF token verified.
INFO - 2024-06-09 15:19:38 --> Session: Class initialized using 'CodeIgniter\Session\Handlers\FileHandler' driver.
ERROR - 2024-06-09 15:19:39 --> Email: sendWithSmtp throwed ErrorException: fsockopen(): SSL operation failed with code 1. OpenSSL Error messages:
error:1416F086:SSL routines:tls_process_server_certificate:certificate verify failed in D:\laragon\www\tppk\system\Email\Email.php:1868
Stack trace:
#0 [internal function]: CodeIgniter\Debug\Exceptions->errorHandler(2, 'fsockopen(): SS...', 'D:\\laragon\\www\\...', 1868)
#1 D:\laragon\www\tppk\system\Email\Email.php(1868): fsockopen('tls://mail.kemd...', 465, NULL, NULL, 5)
#2 D:\laragon\www\tppk\system\Email\Email.php(1782): CodeIgniter\Email\Email->SMTPConnect()
#3 D:\laragon\www\tppk\system\Email\Email.php(1667): CodeIgniter\Email\Email->sendWithSmtp()
#4 D:\laragon\www\tppk\system\Email\Email.php(1565): CodeIgniter\Email\Email->spoolEmail()
#5 D:\laragon\www\tppk\app\Controllers\Login.php(267): CodeIgniter\Email\Email->send()
#6 D:\laragon\www\tppk\app\Controllers\Login.php(96): App\Controllers\Login->sendEmail('phKbcMjE', 'antok2000@yahoo...')
#7 D:\laragon\www\tppk\system\CodeIgniter.php(934): App\Controllers\Login->updatekodereset()
#8 D:\laragon\www\tppk\system\CodeIgniter.php(499): CodeIgniter\CodeIgniter->runController(Object(App\Controllers\Login))
#9 D:\laragon\www\tppk\system\CodeIgniter.php(368): CodeIgniter\CodeIgniter->handleRequest(NULL, Object(Config\Cache), false)
#10 D:\laragon\www\tppk\index.php(55): CodeIgniter\CodeIgniter->run()
#11 {main}
ERROR - 2024-06-09 15:19:39 --> Email: Unable to send email using SMTP. Your server might not be configured to send mail using this method.
ERROR - 2024-06-09 15:19:39 --> 
INFO - 2024-06-09 15:19:39 --> Session: Class initialized using 'CodeIgniter\Session\Handlers\FileHandler' driver.
INFO - 2024-06-09 15:19:48 --> Session: Class initialized using 'CodeIgniter\Session\Handlers\FileHandler' driver.
INFO - 2024-06-09 15:46:22 --> CSRF token verified.
INFO - 2024-06-09 15:46:22 --> Session: Class initialized using 'CodeIgniter\Session\Handlers\FileHandler' driver.
INFO - 2024-06-09 15:46:23 --> Session: Class initialized using 'CodeIgniter\Session\Handlers\FileHandler' driver.
INFO - 2024-06-09 15:56:19 --> Session: Class initialized using 'CodeIgniter\Session\Handlers\FileHandler' driver.
INFO - 2024-06-09 15:56:56 --> Session: Class initialized using 'CodeIgniter\Session\Handlers\FileHandler' driver.
INFO - 2024-06-09 15:57:04 --> CSRF token verified.
INFO - 2024-06-09 15:57:04 --> Session: Class initialized using 'CodeIgniter\Session\Handlers\FileHandler' driver.
INFO - 2024-06-09 15:57:05 --> Session: Class initialized using 'CodeIgniter\Session\Handlers\FileHandler' driver.
INFO - 2024-06-09 15:57:44 --> Session: Class initialized using 'CodeIgniter\Session\Handlers\FileHandler' driver.
INFO - 2024-06-09 15:57:50 --> CSRF token verified.
INFO - 2024-06-09 15:57:50 --> Session: Class initialized using 'CodeIgniter\Session\Handlers\FileHandler' driver.
INFO - 2024-06-09 15:57:51 --> Session: Class initialized using 'CodeIgniter\Session\Handlers\FileHandler' driver.
INFO - 2024-06-09 15:59:16 --> Session: Class initialized using 'CodeIgniter\Session\Handlers\FileHandler' driver.
INFO - 2024-06-09 15:59:26 --> CSRF token verified.
INFO - 2024-06-09 15:59:26 --> Session: Class initialized using 'CodeIgniter\Session\Handlers\FileHandler' driver.
INFO - 2024-06-09 15:59:28 --> Session: Class initialized using 'CodeIgniter\Session\Handlers\FileHandler' driver.
INFO - 2024-06-09 15:59:37 --> Session: Class initialized using 'CodeIgniter\Session\Handlers\FileHandler' driver.
INFO - 2024-06-09 15:59:41 --> CSRF token verified.
INFO - 2024-06-09 15:59:41 --> Session: Class initialized using 'CodeIgniter\Session\Handlers\FileHandler' driver.
INFO - 2024-06-09 16:00:15 --> CSRF token verified.
INFO - 2024-06-09 16:00:15 --> Session: Class initialized using 'CodeIgniter\Session\Handlers\FileHandler' driver.
INFO - 2024-06-09 16:00:49 --> CSRF token verified.
INFO - 2024-06-09 16:00:49 --> Session: Class initialized using 'CodeIgniter\Session\Handlers\FileHandler' driver.
INFO - 2024-06-09 16:00:50 --> Session: Class initialized using 'CodeIgniter\Session\Handlers\FileHandler' driver.
INFO - 2024-06-09 16:01:31 --> Session: Class initialized using 'CodeIgniter\Session\Handlers\FileHandler' driver.
INFO - 2024-06-09 16:01:35 --> CSRF token verified.
INFO - 2024-06-09 16:01:35 --> Session: Class initialized using 'CodeIgniter\Session\Handlers\FileHandler' driver.
INFO - 2024-06-09 16:01:56 --> CSRF token verified.
INFO - 2024-06-09 16:01:56 --> Session: Class initialized using 'CodeIgniter\Session\Handlers\FileHandler' driver.
INFO - 2024-06-09 16:01:57 --> Session: Class initialized using 'CodeIgniter\Session\Handlers\FileHandler' driver.
INFO - 2024-06-09 16:02:55 --> Session: Class initialized using 'CodeIgniter\Session\Handlers\FileHandler' driver.
INFO - 2024-06-09 16:03:02 --> Session: Class initialized using 'CodeIgniter\Session\Handlers\FileHandler' driver.
INFO - 2024-06-09 16:03:02 --> Session: Class initialized using 'CodeIgniter\Session\Handlers\FileHandler' driver.
INFO - 2024-06-09 16:03:08 --> Session: Class initialized using 'CodeIgniter\Session\Handlers\FileHandler' driver.
INFO - 2024-06-09 16:03:08 --> Session: Class initialized using 'CodeIgniter\Session\Handlers\FileHandler' driver.
INFO - 2024-06-09 16:05:30 --> Session: Class initialized using 'CodeIgniter\Session\Handlers\FileHandler' driver.
INFO - 2024-06-09 16:05:31 --> Session: Class initialized using 'CodeIgniter\Session\Handlers\FileHandler' driver.
INFO - 2024-06-09 16:09:24 --> Session: Class initialized using 'CodeIgniter\Session\Handlers\FileHandler' driver.
INFO - 2024-06-09 16:17:33 --> Session: Class initialized using 'CodeIgniter\Session\Handlers\FileHandler' driver.
INFO - 2024-06-09 16:18:58 --> Session: Class initialized using 'CodeIgniter\Session\Handlers\FileHandler' driver.
INFO - 2024-06-09 16:20:21 --> Session: Class initialized using 'CodeIgniter\Session\Handlers\FileHandler' driver.
INFO - 2024-06-09 16:23:19 --> Session: Class initialized using 'CodeIgniter\Session\Handlers\FileHandler' driver.
INFO - 2024-06-09 16:23:31 --> CSRF token verified.
INFO - 2024-06-09 16:23:31 --> Session: Class initialized using 'CodeIgniter\Session\Handlers\FileHandler' driver.
ERROR - 2024-06-09 16:23:32 --> [Microsoft][ODBC Driver 17 for SQL Server][SQL Server]Conversion failed when converting date and/or time from character string.
CRITICAL - 2024-06-09 16:23:32 --> [Microsoft][ODBC Driver 17 for SQL Server][SQL Server]Conversion failed when converting date and/or time from character string.
in SYSTEMPATH\Database\BaseConnection.php on line 645.
 1 SYSTEMPATH\Database\BaseBuilder.php(2476): CodeIgniter\Database\BaseConnection->query('UPDATE "TPPK"."dbo"."pengguna_satgas" SET "pengguna_id" = :pengguna_id:, "nik" = :nik:, "nama" = :nama:, "tempat_lahir" = :tempat_lahir:, "tanggal_lahir" = :tanggal_lahir:, "jenis_kelamin" = :jenis_kelamin:, "alamat" = :alamat:, "telepon" = :telepon:, "email" = :email:, "password" = :password:, "kode_wilayah" = :kode_wilayah:
WHERE "pengguna_satgas"."pengguna_id" IN :pengguna_satgas.pengguna_id:', [...], false)
 2 SYSTEMPATH\Model.php(396): CodeIgniter\Database\BaseBuilder->update()
 3 SYSTEMPATH\BaseModel.php(943): CodeIgniter\Model->doUpdate([...], [...])
 4 SYSTEMPATH\Model.php(756): CodeIgniter\BaseModel->update([...], [...])
 5 APPPATH\Models\M_tppk.php(3199): CodeIgniter\Model->update('4A31CA21-F413-4173-9259-6E0D45997F87', [...])
 6 APPPATH\Controllers\Login.php(429): App\Models\M_tppk->simpan_operator_satgas([...])
 7 SYSTEMPATH\CodeIgniter.php(934): App\Controllers\Login->add_operator_satgas_password()
 8 SYSTEMPATH\CodeIgniter.php(499): CodeIgniter\CodeIgniter->runController(Object(App\Controllers\Login))
 9 SYSTEMPATH\CodeIgniter.php(368): CodeIgniter\CodeIgniter->handleRequest(null, Object(Config\Cache), false)
10 FCPATH\index.php(55): CodeIgniter\CodeIgniter->run()
INFO - 2024-06-09 16:23:38 --> Session: Class initialized using 'CodeIgniter\Session\Handlers\FileHandler' driver.
INFO - 2024-06-09 16:24:07 --> Session: Class initialized using 'CodeIgniter\Session\Handlers\FileHandler' driver.
INFO - 2024-06-09 16:24:41 --> CSRF token verified.
INFO - 2024-06-09 16:24:41 --> Session: Class initialized using 'CodeIgniter\Session\Handlers\FileHandler' driver.
ERROR - 2024-06-09 16:24:41 --> [Microsoft][ODBC Driver 17 for SQL Server][SQL Server]Conversion failed when converting date and/or time from character string.
CRITICAL - 2024-06-09 16:24:41 --> [Microsoft][ODBC Driver 17 for SQL Server][SQL Server]Conversion failed when converting date and/or time from character string.
in SYSTEMPATH\Database\BaseConnection.php on line 645.
 1 SYSTEMPATH\Database\BaseBuilder.php(2476): CodeIgniter\Database\BaseConnection->query('UPDATE "TPPK"."dbo"."pengguna_satgas" SET "pengguna_id" = :pengguna_id:, "nik" = :nik:, "nama" = :nama:, "tempat_lahir" = :tempat_lahir:, "tanggal_lahir" = :tanggal_lahir:, "jenis_kelamin" = :jenis_kelamin:, "alamat" = :alamat:, "telepon" = :telepon:, "email" = :email:, "password" = :password:, "kode_wilayah" = :kode_wilayah:
WHERE "pengguna_satgas"."pengguna_id" IN :pengguna_satgas.pengguna_id:', [...], false)
 2 SYSTEMPATH\Model.php(396): CodeIgniter\Database\BaseBuilder->update()
 3 SYSTEMPATH\BaseModel.php(943): CodeIgniter\Model->doUpdate([...], [...])
 4 SYSTEMPATH\Model.php(756): CodeIgniter\BaseModel->update([...], [...])
 5 APPPATH\Models\M_tppk.php(3199): CodeIgniter\Model->update('4A31CA21-F413-4173-9259-6E0D45997F87', [...])
 6 APPPATH\Controllers\Login.php(429): App\Models\M_tppk->simpan_operator_satgas([...])
 7 SYSTEMPATH\CodeIgniter.php(934): App\Controllers\Login->add_operator_satgas_password()
 8 SYSTEMPATH\CodeIgniter.php(499): CodeIgniter\CodeIgniter->runController(Object(App\Controllers\Login))
 9 SYSTEMPATH\CodeIgniter.php(368): CodeIgniter\CodeIgniter->handleRequest(null, Object(Config\Cache), false)
10 FCPATH\index.php(55): CodeIgniter\CodeIgniter->run()
INFO - 2024-06-09 16:25:33 --> Session: Class initialized using 'CodeIgniter\Session\Handlers\FileHandler' driver.
INFO - 2024-06-09 16:25:51 --> CSRF token verified.
INFO - 2024-06-09 16:25:51 --> Session: Class initialized using 'CodeIgniter\Session\Handlers\FileHandler' driver.
ERROR - 2024-06-09 16:25:51 --> [Microsoft][ODBC Driver 17 for SQL Server][SQL Server]Conversion failed when converting date and/or time from character string.
CRITICAL - 2024-06-09 16:25:51 --> [Microsoft][ODBC Driver 17 for SQL Server][SQL Server]Conversion failed when converting date and/or time from character string.
in SYSTEMPATH\Database\BaseConnection.php on line 645.
 1 SYSTEMPATH\Database\BaseBuilder.php(2476): CodeIgniter\Database\BaseConnection->query('UPDATE "TPPK"."dbo"."pengguna_satgas" SET "pengguna_id" = :pengguna_id:, "nik" = :nik:, "nama" = :nama:, "tempat_lahir" = :tempat_lahir:, "tanggal_lahir" = :tanggal_lahir:, "jenis_kelamin" = :jenis_kelamin:, "alamat" = :alamat:, "telepon" = :telepon:, "email" = :email:, "password" = :password:, "kode_wilayah" = :kode_wilayah:
WHERE "pengguna_satgas"."pengguna_id" IN :pengguna_satgas.pengguna_id:', [...], false)
 2 SYSTEMPATH\Model.php(396): CodeIgniter\Database\BaseBuilder->update()
 3 SYSTEMPATH\BaseModel.php(943): CodeIgniter\Model->doUpdate([...], [...])
 4 SYSTEMPATH\Model.php(756): CodeIgniter\BaseModel->update([...], [...])
 5 APPPATH\Models\M_tppk.php(3199): CodeIgniter\Model->update('4A31CA21-F413-4173-9259-6E0D45997F87', [...])
 6 APPPATH\Controllers\Login.php(429): App\Models\M_tppk->simpan_operator_satgas([...])
 7 SYSTEMPATH\CodeIgniter.php(934): App\Controllers\Login->add_operator_satgas_password()
 8 SYSTEMPATH\CodeIgniter.php(499): CodeIgniter\CodeIgniter->runController(Object(App\Controllers\Login))
 9 SYSTEMPATH\CodeIgniter.php(368): CodeIgniter\CodeIgniter->handleRequest(null, Object(Config\Cache), false)
10 FCPATH\index.php(55): CodeIgniter\CodeIgniter->run()
INFO - 2024-06-09 16:27:06 --> Session: Class initialized using 'CodeIgniter\Session\Handlers\FileHandler' driver.
INFO - 2024-06-09 16:27:07 --> Session: Class initialized using 'CodeIgniter\Session\Handlers\FileHandler' driver.
INFO - 2024-06-09 16:32:24 --> Session: Class initialized using 'CodeIgniter\Session\Handlers\FileHandler' driver.
INFO - 2024-06-09 16:32:39 --> CSRF token verified.
INFO - 2024-06-09 16:32:39 --> Session: Class initialized using 'CodeIgniter\Session\Handlers\FileHandler' driver.
ERROR - 2024-06-09 16:32:40 --> [Microsoft][ODBC Driver 17 for SQL Server][SQL Server]Conversion failed when converting date and/or time from character string.
CRITICAL - 2024-06-09 16:32:40 --> [Microsoft][ODBC Driver 17 for SQL Server][SQL Server]Conversion failed when converting date and/or time from character string.
in SYSTEMPATH\Database\BaseConnection.php on line 645.
 1 SYSTEMPATH\Database\BaseBuilder.php(2476): CodeIgniter\Database\BaseConnection->query('UPDATE "TPPK"."dbo"."pengguna_satgas" SET "pengguna_id" = :pengguna_id:, "nik" = :nik:, "nama" = :nama:, "tempat_lahir" = :tempat_lahir:, "tanggal_lahir" = :tanggal_lahir:, "jenis_kelamin" = :jenis_kelamin:, "alamat" = :alamat:, "telepon" = :telepon:, "email" = :email:, "password" = :password:, "kode_wilayah" = :kode_wilayah:
WHERE "pengguna_satgas"."pengguna_id" IN :pengguna_satgas.pengguna_id:', [...], false)
 2 SYSTEMPATH\Model.php(396): CodeIgniter\Database\BaseBuilder->update()
 3 SYSTEMPATH\BaseModel.php(943): CodeIgniter\Model->doUpdate([...], [...])
 4 SYSTEMPATH\Model.php(756): CodeIgniter\BaseModel->update([...], [...])
 5 APPPATH\Models\M_tppk.php(3199): CodeIgniter\Model->update('4A31CA21-F413-4173-9259-6E0D45997F87', [...])
 6 APPPATH\Controllers\Login.php(429): App\Models\M_tppk->simpan_operator_satgas([...])
 7 SYSTEMPATH\CodeIgniter.php(934): App\Controllers\Login->add_operator_satgas_password()
 8 SYSTEMPATH\CodeIgniter.php(499): CodeIgniter\CodeIgniter->runController(Object(App\Controllers\Login))
 9 SYSTEMPATH\CodeIgniter.php(368): CodeIgniter\CodeIgniter->handleRequest(null, Object(Config\Cache), false)
10 FCPATH\index.php(55): CodeIgniter\CodeIgniter->run()
INFO - 2024-06-09 16:33:16 --> Session: Class initialized using 'CodeIgniter\Session\Handlers\FileHandler' driver.
INFO - 2024-06-09 16:33:17 --> Session: Class initialized using 'CodeIgniter\Session\Handlers\FileHandler' driver.
INFO - 2024-06-09 16:33:18 --> Session: Class initialized using 'CodeIgniter\Session\Handlers\FileHandler' driver.
INFO - 2024-06-09 16:33:19 --> Session: Class initialized using 'CodeIgniter\Session\Handlers\FileHandler' driver.
INFO - 2024-06-09 16:34:03 --> Session: Class initialized using 'CodeIgniter\Session\Handlers\FileHandler' driver.
INFO - 2024-06-09 16:34:06 --> Session: Class initialized using 'CodeIgniter\Session\Handlers\FileHandler' driver.
INFO - 2024-06-09 16:34:07 --> Session: Class initialized using 'CodeIgniter\Session\Handlers\FileHandler' driver.
INFO - 2024-06-09 16:34:11 --> Session: Class initialized using 'CodeIgniter\Session\Handlers\FileHandler' driver.
INFO - 2024-06-09 16:34:44 --> CSRF token verified.
INFO - 2024-06-09 16:34:44 --> Session: Class initialized using 'CodeIgniter\Session\Handlers\FileHandler' driver.
INFO - 2024-06-09 16:34:45 --> Session: Class initialized using 'CodeIgniter\Session\Handlers\FileHandler' driver.
INFO - 2024-06-09 16:35:07 --> Session: Class initialized using 'CodeIgniter\Session\Handlers\FileHandler' driver.
INFO - 2024-06-09 16:35:08 --> Session: Class initialized using 'CodeIgniter\Session\Handlers\FileHandler' driver.
INFO - 2024-06-09 16:38:10 --> Session: Class initialized using 'CodeIgniter\Session\Handlers\FileHandler' driver.
INFO - 2024-06-09 16:38:22 --> Session: Class initialized using 'CodeIgniter\Session\Handlers\FileHandler' driver.
INFO - 2024-06-09 16:38:32 --> CSRF token verified.
INFO - 2024-06-09 16:38:32 --> Session: Class initialized using 'CodeIgniter\Session\Handlers\FileHandler' driver.
ERROR - 2024-06-09 16:38:32 --> [Microsoft][ODBC Driver 17 for SQL Server][SQL Server]Incorrect syntax near the keyword 'COLLATE'.
CRITICAL - 2024-06-09 16:38:32 --> [Microsoft][ODBC Driver 17 for SQL Server][SQL Server]Incorrect syntax near the keyword 'COLLATE'.
in SYSTEMPATH\Database\BaseConnection.php on line 645.
 1 APPPATH\Models\M_tppk.php(3344): CodeIgniter\Database\BaseConnection->query('SELECT [satgas_id]
                    ,sw.[sk_id]
                    ,kode_wilayah
                    ,[jenis_instansi_id]
                    ,[nama]
                    ,[nik]
                    ,tanggal_lahir
                    ,telepon
                    ,anggotake
                    ,soft_delete
                    ,status_sk
                    ,operator_satgas
                FROM [TPPK].[dbo].[satgas_wilayah] sw
                LEFT JOIN [TPPK].[dbo].[sk_satgas_provinsi] sp ON sw.sk_id=sp.sk_id 
                WHERE jenis_instansi_id = 20 
                AND (soft_delete IS NULL OR soft_delete=0)
                AND status_sk=2
                AND (anggotake=0 OR operator_satgas=1)
                AND email=:email: AND COLLATE Latin1_General_BIN kode_reset=:kode:', [...])
 2 APPPATH\Controllers\Login.php(218): App\Models\M_tppk->cekanggotasatgaskode('antok2000@yahoo.com', 's4rff1Hb')
 3 APPPATH\Controllers\Login.php(178): App\Controllers\Login->cekloginbykode('antok2000@yahoo.com', 's4rff1Hb')
 4 SYSTEMPATH\CodeIgniter.php(934): App\Controllers\Login->loginUser()
 5 SYSTEMPATH\CodeIgniter.php(499): CodeIgniter\CodeIgniter->runController(Object(App\Controllers\Login))
 6 SYSTEMPATH\CodeIgniter.php(368): CodeIgniter\CodeIgniter->handleRequest(null, Object(Config\Cache), false)
 7 FCPATH\index.php(55): CodeIgniter\CodeIgniter->run()
INFO - 2024-06-09 16:39:01 --> Session: Class initialized using 'CodeIgniter\Session\Handlers\FileHandler' driver.
INFO - 2024-06-09 16:39:14 --> CSRF token verified.
INFO - 2024-06-09 16:39:14 --> Session: Class initialized using 'CodeIgniter\Session\Handlers\FileHandler' driver.
INFO - 2024-06-09 16:39:15 --> Session: Class initialized using 'CodeIgniter\Session\Handlers\FileHandler' driver.
INFO - 2024-06-09 16:39:22 --> CSRF token verified.
INFO - 2024-06-09 16:39:22 --> Session: Class initialized using 'CodeIgniter\Session\Handlers\FileHandler' driver.
INFO - 2024-06-09 16:39:23 --> Session: Class initialized using 'CodeIgniter\Session\Handlers\FileHandler' driver.
INFO - 2024-06-09 16:39:51 --> CSRF token verified.
INFO - 2024-06-09 16:39:51 --> Session: Class initialized using 'CodeIgniter\Session\Handlers\FileHandler' driver.
INFO - 2024-06-09 16:39:52 --> Session: Class initialized using 'CodeIgniter\Session\Handlers\FileHandler' driver.
INFO - 2024-06-09 16:40:05 --> Session: Class initialized using 'CodeIgniter\Session\Handlers\FileHandler' driver.
INFO - 2024-06-09 16:40:14 --> Session: Class initialized using 'CodeIgniter\Session\Handlers\FileHandler' driver.
INFO - 2024-06-09 16:40:17 --> Session: Class initialized using 'CodeIgniter\Session\Handlers\FileHandler' driver.
INFO - 2024-06-09 16:40:20 --> Session: Class initialized using 'CodeIgniter\Session\Handlers\FileHandler' driver.
INFO - 2024-06-09 16:40:20 --> Session: Class initialized using 'CodeIgniter\Session\Handlers\FileHandler' driver.
INFO - 2024-06-09 16:40:23 --> Session: Class initialized using 'CodeIgniter\Session\Handlers\FileHandler' driver.
INFO - 2024-06-09 16:40:58 --> CSRF token verified.
INFO - 2024-06-09 16:40:58 --> Session: Class initialized using 'CodeIgniter\Session\Handlers\FileHandler' driver.
INFO - 2024-06-09 16:40:59 --> Session: Class initialized using 'CodeIgniter\Session\Handlers\FileHandler' driver.
INFO - 2024-06-09 16:46:48 --> Session: Class initialized using 'CodeIgniter\Session\Handlers\FileHandler' driver.
INFO - 2024-06-09 16:47:08 --> CSRF token verified.
INFO - 2024-06-09 16:47:08 --> Session: Class initialized using 'CodeIgniter\Session\Handlers\FileHandler' driver.
INFO - 2024-06-09 16:47:09 --> Session: Class initialized using 'CodeIgniter\Session\Handlers\FileHandler' driver.
INFO - 2024-06-09 16:47:15 --> Session: Class initialized using 'CodeIgniter\Session\Handlers\FileHandler' driver.
INFO - 2024-06-09 16:48:01 --> Session: Class initialized using 'CodeIgniter\Session\Handlers\FileHandler' driver.
INFO - 2024-06-09 16:58:58 --> Session: Class initialized using 'CodeIgniter\Session\Handlers\FileHandler' driver.
INFO - 2024-06-09 16:59:02 --> Session: Class initialized using 'CodeIgniter\Session\Handlers\FileHandler' driver.
INFO - 2024-06-09 16:59:03 --> Session: Class initialized using 'CodeIgniter\Session\Handlers\FileHandler' driver.
INFO - 2024-06-09 18:45:03 --> Session: Class initialized using 'CodeIgniter\Session\Handlers\FileHandler' driver.
INFO - 2024-06-09 18:45:17 --> CSRF token verified.
INFO - 2024-06-09 18:45:17 --> Session: Class initialized using 'CodeIgniter\Session\Handlers\FileHandler' driver.
INFO - 2024-06-09 18:45:19 --> Session: Class initialized using 'CodeIgniter\Session\Handlers\FileHandler' driver.
INFO - 2024-06-09 18:45:28 --> Session: Class initialized using 'CodeIgniter\Session\Handlers\FileHandler' driver.
INFO - 2024-06-09 18:45:29 --> Session: Class initialized using 'CodeIgniter\Session\Handlers\FileHandler' driver.
INFO - 2024-06-09 18:55:28 --> Session: Class initialized using 'CodeIgniter\Session\Handlers\FileHandler' driver.
INFO - 2024-06-09 19:03:30 --> Session: Class initialized using 'CodeIgniter\Session\Handlers\FileHandler' driver.
INFO - 2024-06-09 19:03:34 --> Session: Class initialized using 'CodeIgniter\Session\Handlers\FileHandler' driver.
INFO - 2024-06-09 19:03:37 --> Session: Class initialized using 'CodeIgniter\Session\Handlers\FileHandler' driver.
INFO - 2024-06-09 19:03:44 --> Session: Class initialized using 'CodeIgniter\Session\Handlers\FileHandler' driver.
INFO - 2024-06-09 19:04:07 --> Session: Class initialized using 'CodeIgniter\Session\Handlers\FileHandler' driver.
INFO - 2024-06-09 19:04:09 --> Session: Class initialized using 'CodeIgniter\Session\Handlers\FileHandler' driver.
INFO - 2024-06-09 19:04:26 --> CSRF token verified.
INFO - 2024-06-09 19:04:27 --> Session: Class initialized using 'CodeIgniter\Session\Handlers\FileHandler' driver.
INFO - 2024-06-09 19:04:29 --> Session: Class initialized using 'CodeIgniter\Session\Handlers\FileHandler' driver.
INFO - 2024-06-09 19:05:21 --> Session: Class initialized using 'CodeIgniter\Session\Handlers\FileHandler' driver.
INFO - 2024-06-09 19:05:28 --> CSRF token verified.
INFO - 2024-06-09 19:05:28 --> Session: Class initialized using 'CodeIgniter\Session\Handlers\FileHandler' driver.
INFO - 2024-06-09 19:05:49 --> CSRF token verified.
INFO - 2024-06-09 19:05:49 --> Session: Class initialized using 'CodeIgniter\Session\Handlers\FileHandler' driver.
INFO - 2024-06-09 19:06:17 --> CSRF token verified.
INFO - 2024-06-09 19:06:17 --> Session: Class initialized using 'CodeIgniter\Session\Handlers\FileHandler' driver.
INFO - 2024-06-09 19:49:54 --> Session: Class initialized using 'CodeIgniter\Session\Handlers\FileHandler' driver.
INFO - 2024-06-09 19:50:03 --> Session: Class initialized using 'CodeIgniter\Session\Handlers\FileHandler' driver.
INFO - 2024-06-09 19:50:06 --> Session: Class initialized using 'CodeIgniter\Session\Handlers\FileHandler' driver.
INFO - 2024-06-09 19:50:06 --> Session: Class initialized using 'CodeIgniter\Session\Handlers\FileHandler' driver.
INFO - 2024-06-09 19:50:11 --> Session: Class initialized using 'CodeIgniter\Session\Handlers\FileHandler' driver.
INFO - 2024-06-09 19:50:29 --> CSRF token verified.
INFO - 2024-06-09 19:50:29 --> Session: Class initialized using 'CodeIgniter\Session\Handlers\FileHandler' driver.
INFO - 2024-06-09 19:50:30 --> Session: Class initialized using 'CodeIgniter\Session\Handlers\FileHandler' driver.
INFO - 2024-06-09 19:50:59 --> Session: Class initialized using 'CodeIgniter\Session\Handlers\FileHandler' driver.
INFO - 2024-06-09 19:50:59 --> Session: Class initialized using 'CodeIgniter\Session\Handlers\FileHandler' driver.
INFO - 2024-06-09 19:51:01 --> Session: Class initialized using 'CodeIgniter\Session\Handlers\FileHandler' driver.
INFO - 2024-06-09 19:51:01 --> Session: Class initialized using 'CodeIgniter\Session\Handlers\FileHandler' driver.
INFO - 2024-06-09 19:56:52 --> Session: Class initialized using 'CodeIgniter\Session\Handlers\FileHandler' driver.
INFO - 2024-06-09 19:57:01 --> CSRF token verified.
INFO - 2024-06-09 19:57:01 --> Session: Class initialized using 'CodeIgniter\Session\Handlers\FileHandler' driver.
INFO - 2024-06-09 19:57:02 --> Session: Class initialized using 'CodeIgniter\Session\Handlers\FileHandler' driver.
INFO - 2024-06-09 19:57:59 --> Session: Class initialized using 'CodeIgniter\Session\Handlers\FileHandler' driver.
INFO - 2024-06-09 21:06:02 --> Session: Class initialized using 'CodeIgniter\Session\Handlers\FileHandler' driver.
INFO - 2024-06-09 21:08:13 --> Session: Class initialized using 'CodeIgniter\Session\Handlers\FileHandler' driver.
INFO - 2024-06-09 21:23:10 --> Session: Class initialized using 'CodeIgniter\Session\Handlers\FileHandler' driver.
INFO - 2024-06-09 21:23:49 --> CSRF token verified.
INFO - 2024-06-09 21:23:49 --> Session: Class initialized using 'CodeIgniter\Session\Handlers\FileHandler' driver.
INFO - 2024-06-09 21:23:58 --> Session: Class initialized using 'CodeIgniter\Session\Handlers\FileHandler' driver.
INFO - 2024-06-09 21:25:11 --> Session: Class initialized using 'CodeIgniter\Session\Handlers\FileHandler' driver.
INFO - 2024-06-09 21:25:15 --> CSRF token verified.
INFO - 2024-06-09 21:25:15 --> Session: Class initialized using 'CodeIgniter\Session\Handlers\FileHandler' driver.
INFO - 2024-06-09 21:25:15 --> Session: Class initialized using 'CodeIgniter\Session\Handlers\FileHandler' driver.
INFO - 2024-06-09 21:25:19 --> CSRF token verified.
INFO - 2024-06-09 21:25:19 --> Session: Class initialized using 'CodeIgniter\Session\Handlers\FileHandler' driver.
INFO - 2024-06-09 21:25:20 --> Session: Class initialized using 'CodeIgniter\Session\Handlers\FileHandler' driver.
INFO - 2024-06-09 21:50:22 --> Session: Class initialized using 'CodeIgniter\Session\Handlers\FileHandler' driver.
CRITICAL - 2024-06-09 21:50:22 --> Trying to access array offset on value of type null
in APPPATH\Controllers\InputData.php on line 1534.
 1 APPPATH\Controllers\InputData.php(1534): CodeIgniter\Debug\Exceptions->errorHandler(2, 'Trying to access array offset on value of type null', 'APPPATH\\Controllers\\InputData.php', 1534)
 2 SYSTEMPATH\CodeIgniter.php(934): App\Controllers\InputData->status_laporan()
 3 SYSTEMPATH\CodeIgniter.php(499): CodeIgniter\CodeIgniter->runController(Object(App\Controllers\InputData))
 4 SYSTEMPATH\CodeIgniter.php(368): CodeIgniter\CodeIgniter->handleRequest(null, Object(Config\Cache), false)
 5 FCPATH\index.php(55): CodeIgniter\CodeIgniter->run()
INFO - 2024-06-09 21:50:28 --> Session: Class initialized using 'CodeIgniter\Session\Handlers\FileHandler' driver.
INFO - 2024-06-09 21:51:16 --> Session: Class initialized using 'CodeIgniter\Session\Handlers\FileHandler' driver.
INFO - 2024-06-09 22:03:53 --> Session: Class initialized using 'CodeIgniter\Session\Handlers\FileHandler' driver.
INFO - 2024-06-09 22:04:05 --> Session: Class initialized using 'CodeIgniter\Session\Handlers\FileHandler' driver.
INFO - 2024-06-09 22:04:05 --> Session: Class initialized using 'CodeIgniter\Session\Handlers\FileHandler' driver.
INFO - 2024-06-09 22:04:07 --> Session: Class initialized using 'CodeIgniter\Session\Handlers\FileHandler' driver.
INFO - 2024-06-09 22:04:13 --> CSRF token verified.
INFO - 2024-06-09 22:04:13 --> Session: Class initialized using 'CodeIgniter\Session\Handlers\FileHandler' driver.
ERROR - 2024-06-09 22:04:13 --> [Microsoft][ODBC Driver 17 for SQL Server][SQL Server]Ambiguous column name 'email'.
CRITICAL - 2024-06-09 22:04:13 --> [Microsoft][ODBC Driver 17 for SQL Server][SQL Server]Ambiguous column name 'email'.
in SYSTEMPATH\Database\BaseConnection.php on line 645.
 1 SYSTEMPATH\Database\SQLSRV\Builder.php(610): CodeIgniter\Database\BaseConnection->query('SELECT "pengguna_id", "nama", "password", "unggah_sk", "kode_wilayah", "status_approval", "keterangan"
FROM "TPPK"."dbo"."pengguna_satgas"
LEFT JOIN "TPPK"."dbo"."satgas_wilayah" ON "pengguna_satgas"."nik" = "satgas_wilayah"."nik"
WHERE "email" = :email:', [...], false)
 2 SYSTEMPATH\Model.php(840): CodeIgniter\Database\SQLSRV\Builder->get()
 3 APPPATH\Models\M_tppk.php(3236): CodeIgniter\Model->__call('get', [])
 4 APPPATH\Controllers\Login.php(142): App\Models\M_tppk->getPasswordHashByEmail('antok2000@yahoo.com')
 5 SYSTEMPATH\CodeIgniter.php(934): App\Controllers\Login->loginUser()
 6 SYSTEMPATH\CodeIgniter.php(499): CodeIgniter\CodeIgniter->runController(Object(App\Controllers\Login))
 7 SYSTEMPATH\CodeIgniter.php(368): CodeIgniter\CodeIgniter->handleRequest(null, Object(Config\Cache), false)
 8 FCPATH\index.php(55): CodeIgniter\CodeIgniter->run()
INFO - 2024-06-09 22:04:40 --> CSRF token verified.
INFO - 2024-06-09 22:04:40 --> Session: Class initialized using 'CodeIgniter\Session\Handlers\FileHandler' driver.
ERROR - 2024-06-09 22:04:40 --> [Microsoft][ODBC Driver 17 for SQL Server][SQL Server]Ambiguous column name 'nama'.
CRITICAL - 2024-06-09 22:04:40 --> [Microsoft][ODBC Driver 17 for SQL Server][SQL Server]Ambiguous column name 'nama'.
in SYSTEMPATH\Database\BaseConnection.php on line 645.
 1 SYSTEMPATH\Database\SQLSRV\Builder.php(610): CodeIgniter\Database\BaseConnection->query('SELECT "pengguna_id", "nama", "password", "unggah_sk", "kode_wilayah", "status_approval", "keterangan"
FROM "TPPK"."dbo"."pengguna_satgas"
LEFT JOIN "TPPK"."dbo"."satgas_wilayah" ON "pengguna_satgas"."nik" = "satgas_wilayah"."nik"
WHERE "pengguna_satgas"."email" = :pengguna_satgas.email:', [...], false)
 2 SYSTEMPATH\Model.php(840): CodeIgniter\Database\SQLSRV\Builder->get()
 3 APPPATH\Models\M_tppk.php(3236): CodeIgniter\Model->__call('get', [])
 4 APPPATH\Controllers\Login.php(142): App\Models\M_tppk->getPasswordHashByEmail('antok2000@yahoo.com')
 5 SYSTEMPATH\CodeIgniter.php(934): App\Controllers\Login->loginUser()
 6 SYSTEMPATH\CodeIgniter.php(499): CodeIgniter\CodeIgniter->runController(Object(App\Controllers\Login))
 7 SYSTEMPATH\CodeIgniter.php(368): CodeIgniter\CodeIgniter->handleRequest(null, Object(Config\Cache), false)
 8 FCPATH\index.php(55): CodeIgniter\CodeIgniter->run()
INFO - 2024-06-09 22:05:15 --> CSRF token verified.
INFO - 2024-06-09 22:05:15 --> Session: Class initialized using 'CodeIgniter\Session\Handlers\FileHandler' driver.
CRITICAL - 2024-06-09 22:05:16 --> Undefined property: stdClass::$anggotake
in APPPATH\Controllers\Login.php on line 145.
 1 APPPATH\Controllers\Login.php(145): CodeIgniter\Debug\Exceptions->errorHandler(2, 'Undefined property: stdClass::$anggotake', 'APPPATH\\Controllers\\Login.php', 145)
 2 SYSTEMPATH\CodeIgniter.php(934): App\Controllers\Login->loginUser()
 3 SYSTEMPATH\CodeIgniter.php(499): CodeIgniter\CodeIgniter->runController(Object(App\Controllers\Login))
 4 SYSTEMPATH\CodeIgniter.php(368): CodeIgniter\CodeIgniter->handleRequest(null, Object(Config\Cache), false)
 5 FCPATH\index.php(55): CodeIgniter\CodeIgniter->run()
INFO - 2024-06-09 22:05:42 --> CSRF token verified.
INFO - 2024-06-09 22:05:42 --> Session: Class initialized using 'CodeIgniter\Session\Handlers\FileHandler' driver.
INFO - 2024-06-09 22:05:42 --> Session: Class initialized using 'CodeIgniter\Session\Handlers\FileHandler' driver.
INFO - 2024-06-09 22:05:58 --> Session: Class initialized using 'CodeIgniter\Session\Handlers\FileHandler' driver.
INFO - 2024-06-09 22:06:52 --> Session: Class initialized using 'CodeIgniter\Session\Handlers\FileHandler' driver.
INFO - 2024-06-09 22:06:54 --> Session: Class initialized using 'CodeIgniter\Session\Handlers\FileHandler' driver.
INFO - 2024-06-09 22:06:55 --> Session: Class initialized using 'CodeIgniter\Session\Handlers\FileHandler' driver.
INFO - 2024-06-09 22:06:57 --> Session: Class initialized using 'CodeIgniter\Session\Handlers\FileHandler' driver.
INFO - 2024-06-09 22:07:13 --> CSRF token verified.
INFO - 2024-06-09 22:07:13 --> Session: Class initialized using 'CodeIgniter\Session\Handlers\FileHandler' driver.
INFO - 2024-06-09 22:07:14 --> Session: Class initialized using 'CodeIgniter\Session\Handlers\FileHandler' driver.
INFO - 2024-06-09 22:07:20 --> Session: Class initialized using 'CodeIgniter\Session\Handlers\FileHandler' driver.
INFO - 2024-06-09 22:07:25 --> Session: Class initialized using 'CodeIgniter\Session\Handlers\FileHandler' driver.
INFO - 2024-06-09 22:07:28 --> Session: Class initialized using 'CodeIgniter\Session\Handlers\FileHandler' driver.
INFO - 2024-06-09 22:08:09 --> Session: Class initialized using 'CodeIgniter\Session\Handlers\FileHandler' driver.
INFO - 2024-06-09 22:08:16 --> Session: Class initialized using 'CodeIgniter\Session\Handlers\FileHandler' driver.
INFO - 2024-06-09 22:08:19 --> Session: Class initialized using 'CodeIgniter\Session\Handlers\FileHandler' driver.
INFO - 2024-06-09 22:08:25 --> Session: Class initialized using 'CodeIgniter\Session\Handlers\FileHandler' driver.
INFO - 2024-06-09 22:08:27 --> Session: Class initialized using 'CodeIgniter\Session\Handlers\FileHandler' driver.
CRITICAL - 2024-06-09 22:08:27 --> Trying to access array offset on value of type null
in APPPATH\Controllers\InputData.php on line 1534.
 1 APPPATH\Controllers\InputData.php(1534): CodeIgniter\Debug\Exceptions->errorHandler(2, 'Trying to access array offset on value of type null', 'APPPATH\\Controllers\\InputData.php', 1534)
 2 SYSTEMPATH\CodeIgniter.php(934): App\Controllers\InputData->status_laporan()
 3 SYSTEMPATH\CodeIgniter.php(499): CodeIgniter\CodeIgniter->runController(Object(App\Controllers\InputData))
 4 SYSTEMPATH\CodeIgniter.php(368): CodeIgniter\CodeIgniter->handleRequest(null, Object(Config\Cache), false)
 5 FCPATH\index.php(55): CodeIgniter\CodeIgniter->run()
