ERROR - 2023-06-30 09:39:26 --> [Microsoft][ODBC Driver 17 for SQL Server][SQL Server]Database 'sdm' cannot be opened. It has been marked SUSPECT by recovery. See the SQL Server errorlog for more information.
CRITICAL - 2023-06-30 09:39:26 --> [Microsoft][ODBC Driver 17 for SQL Server][SQL Server]Database 'sdm' cannot be opened. It has been marked SUSPECT by recovery. See the SQL Server errorlog for more information.
in SYSTEMPATH\Database\BaseConnection.php on line 645.
 1 APPPATH\Models\M_tppk.php(151): CodeIgniter\Database\BaseConnection->query('SELECT p.nama as nama_operator, * 
                FROM sdm.dbo.pengguna p
                LEFT JOIN sdm.dbo.instansi_pengguna i ON p.pengguna_id = i.pengguna_id 
                WHERE i.instansi_id = :instansiid: AND jabatan_id=\'106\' AND p.soft_delete = 0', [...])
 2 APPPATH\Controllers\InputData.php(437): App\Models\M_tppk->getOperator('80D5E595-2BF5-E011-B48B-FDC34486D625')
 3 SYSTEMPATH\CodeIgniter.php(934): App\Controllers\InputData->npsn('20106346')
 4 SYSTEMPATH\CodeIgniter.php(499): CodeIgniter\CodeIgniter->runController(Object(App\Controllers\InputData))
 5 SYSTEMPATH\CodeIgniter.php(368): CodeIgniter\CodeIgniter->handleRequest(null, Object(Config\Cache), false)
 6 FCPATH\index.php(55): CodeIgniter\CodeIgniter->run()
INFO - 2023-06-30 09:39:28 --> Session: Class initialized using 'CodeIgniter\Session\Handlers\FileHandler' driver.
INFO - 2023-06-30 09:39:30 --> Session: Class initialized using 'CodeIgniter\Session\Handlers\FileHandler' driver.
CRITICAL - 2023-06-30 09:53:01 --> Cannot use object of type stdClass as array
in APPPATH\Controllers\Dashboard.php on line 20.
 1 SYSTEMPATH\CodeIgniter.php(934): App\Controllers\Dashboard->index()
 2 SYSTEMPATH\CodeIgniter.php(499): CodeIgniter\CodeIgniter->runController(Object(App\Controllers\Dashboard))
 3 SYSTEMPATH\CodeIgniter.php(368): CodeIgniter\CodeIgniter->handleRequest(null, Object(Config\Cache), false)
 4 FCPATH\index.php(55): CodeIgniter\CodeIgniter->run()
CRITICAL - 2023-06-30 09:53:23 --> Undefined property: stdClass::$total_jml_tppk
in APPPATH\Controllers\Dashboard.php on line 20.
 1 APPPATH\Controllers\Dashboard.php(20): CodeIgniter\Debug\Exceptions->errorHandler(2, 'Undefined property: stdClass::$total_jml_tppk', 'APPPATH\\Controllers\\Dashboard.php', 20)
 2 SYSTEMPATH\CodeIgniter.php(934): App\Controllers\Dashboard->index()
 3 SYSTEMPATH\CodeIgniter.php(499): CodeIgniter\CodeIgniter->runController(Object(App\Controllers\Dashboard))
 4 SYSTEMPATH\CodeIgniter.php(368): CodeIgniter\CodeIgniter->handleRequest(null, Object(Config\Cache), false)
 5 FCPATH\index.php(55): CodeIgniter\CodeIgniter->run()
INFO - 2023-06-30 09:55:11 --> Session: Class initialized using 'CodeIgniter\Session\Handlers\FileHandler' driver.
INFO - 2023-06-30 09:55:12 --> Session: Class initialized using 'CodeIgniter\Session\Handlers\FileHandler' driver.
CRITICAL - 2023-06-30 09:55:48 --> Undefined variable $presen_tppk
in APPPATH\Views\stat_linechart.php on line 78.
 1 APPPATH\Views\stat_linechart.php(78): CodeIgniter\Debug\Exceptions->errorHandler(2, 'Undefined variable $presen_tppk', 'APPPATH\\Views\\stat_linechart.php', 78)
 2 SYSTEMPATH\View\View.php(213): include('APPPATH\\Views\\stat_linechart.php')
 3 SYSTEMPATH\View\View.php(216): CodeIgniter\View\View->CodeIgniter\View\{closure}()
 4 SYSTEMPATH\Common.php(1184): CodeIgniter\View\View->render('stat_linechart', [], true)
 5 APPPATH\Controllers\Dashboard.php(29): view('stat_linechart', [...])
 6 SYSTEMPATH\CodeIgniter.php(934): App\Controllers\Dashboard->index()
 7 SYSTEMPATH\CodeIgniter.php(499): CodeIgniter\CodeIgniter->runController(Object(App\Controllers\Dashboard))
 8 SYSTEMPATH\CodeIgniter.php(368): CodeIgniter\CodeIgniter->handleRequest(null, Object(Config\Cache), false)
 9 FCPATH\index.php(55): CodeIgniter\CodeIgniter->run()
INFO - 2023-06-30 09:55:59 --> Session: Class initialized using 'CodeIgniter\Session\Handlers\FileHandler' driver.
INFO - 2023-06-30 09:56:22 --> Session: Class initialized using 'CodeIgniter\Session\Handlers\FileHandler' driver.
INFO - 2023-06-30 09:56:45 --> Session: Class initialized using 'CodeIgniter\Session\Handlers\FileHandler' driver.
INFO - 2023-06-30 09:56:55 --> Session: Class initialized using 'CodeIgniter\Session\Handlers\FileHandler' driver.
INFO - 2023-06-30 09:56:55 --> Session: Class initialized using 'CodeIgniter\Session\Handlers\FileHandler' driver.
INFO - 2023-06-30 09:57:45 --> Session: Class initialized using 'CodeIgniter\Session\Handlers\FileHandler' driver.
INFO - 2023-06-30 09:58:21 --> Session: Class initialized using 'CodeIgniter\Session\Handlers\FileHandler' driver.
INFO - 2023-06-30 09:58:33 --> Session: Class initialized using 'CodeIgniter\Session\Handlers\FileHandler' driver.
INFO - 2023-06-30 09:58:44 --> Session: Class initialized using 'CodeIgniter\Session\Handlers\FileHandler' driver.
INFO - 2023-06-30 09:59:04 --> Session: Class initialized using 'CodeIgniter\Session\Handlers\FileHandler' driver.
INFO - 2023-06-30 09:59:31 --> Session: Class initialized using 'CodeIgniter\Session\Handlers\FileHandler' driver.
INFO - 2023-06-30 09:59:31 --> Session: Class initialized using 'CodeIgniter\Session\Handlers\FileHandler' driver.
INFO - 2023-06-30 09:59:36 --> Session: Class initialized using 'CodeIgniter\Session\Handlers\FileHandler' driver.
INFO - 2023-06-30 09:59:37 --> Session: Class initialized using 'CodeIgniter\Session\Handlers\FileHandler' driver.
INFO - 2023-06-30 09:59:38 --> Session: Class initialized using 'CodeIgniter\Session\Handlers\FileHandler' driver.
INFO - 2023-06-30 09:59:39 --> Session: Class initialized using 'CodeIgniter\Session\Handlers\FileHandler' driver.
INFO - 2023-06-30 09:59:40 --> Session: Class initialized using 'CodeIgniter\Session\Handlers\FileHandler' driver.
INFO - 2023-06-30 09:59:40 --> Session: Class initialized using 'CodeIgniter\Session\Handlers\FileHandler' driver.
ERROR - 2023-06-30 09:59:43 --> [Microsoft][ODBC Driver 17 for SQL Server][SQL Server]Database 'sdm' cannot be opened. It has been marked SUSPECT by recovery. See the SQL Server errorlog for more information.
CRITICAL - 2023-06-30 09:59:43 --> [Microsoft][ODBC Driver 17 for SQL Server][SQL Server]Database 'sdm' cannot be opened. It has been marked SUSPECT by recovery. See the SQL Server errorlog for more information.
in SYSTEMPATH\Database\BaseConnection.php on line 645.
 1 APPPATH\Models\M_tppk.php(151): CodeIgniter\Database\BaseConnection->query('SELECT p.nama as nama_operator, * 
                FROM sdm.dbo.pengguna p
                LEFT JOIN sdm.dbo.instansi_pengguna i ON p.pengguna_id = i.pengguna_id 
                WHERE i.instansi_id = :instansiid: AND jabatan_id=\'106\' AND p.soft_delete = 0', [...])
 2 APPPATH\Controllers\TPPK.php(144): App\Models\M_tppk->getOperator('00E09B94-2BF5-E011-9894-31473205A536')
 3 SYSTEMPATH\CodeIgniter.php(934): App\Controllers\TPPK->anggota('20104472')
 4 SYSTEMPATH\CodeIgniter.php(499): CodeIgniter\CodeIgniter->runController(Object(App\Controllers\TPPK))
 5 SYSTEMPATH\CodeIgniter.php(368): CodeIgniter\CodeIgniter->handleRequest(null, Object(Config\Cache), false)
 6 FCPATH\index.php(55): CodeIgniter\CodeIgniter->run()
INFO - 2023-06-30 10:00:36 --> Session: Class initialized using 'CodeIgniter\Session\Handlers\FileHandler' driver.
INFO - 2023-06-30 10:04:43 --> Session: Class initialized using 'CodeIgniter\Session\Handlers\FileHandler' driver.
INFO - 2023-06-30 10:04:44 --> Session: Class initialized using 'CodeIgniter\Session\Handlers\FileHandler' driver.
INFO - 2023-06-30 10:04:46 --> Session: Class initialized using 'CodeIgniter\Session\Handlers\FileHandler' driver.
