INFO - 2024-06-14 06:52:40 --> Session: Class initialized using 'CodeIgniter\Session\Handlers\FileHandler' driver.
INFO - 2024-06-14 07:00:43 --> Session: Class initialized using 'CodeIgniter\Session\Handlers\FileHandler' driver.
INFO - 2024-06-14 07:00:45 --> Session: Class initialized using 'CodeIgniter\Session\Handlers\FileHandler' driver.
INFO - 2024-06-14 07:11:44 --> Session: Class initialized using 'CodeIgniter\Session\Handlers\FileHandler' driver.
INFO - 2024-06-14 07:11:50 --> Session: Class initialized using 'CodeIgniter\Session\Handlers\FileHandler' driver.
INFO - 2024-06-14 07:12:16 --> Session: Class initialized using 'CodeIgniter\Session\Handlers\FileHandler' driver.
INFO - 2024-06-14 07:12:20 --> Session: Class initialized using 'CodeIgniter\Session\Handlers\FileHandler' driver.
INFO - 2024-06-14 07:12:27 --> Session: Class initialized using 'CodeIgniter\Session\Handlers\FileHandler' driver.
INFO - 2024-06-14 07:12:31 --> Session: Class initialized using 'CodeIgniter\Session\Handlers\FileHandler' driver.
INFO - 2024-06-14 07:13:27 --> Session: Class initialized using 'CodeIgniter\Session\Handlers\FileHandler' driver.
INFO - 2024-06-14 07:13:29 --> Session: Class initialized using 'CodeIgniter\Session\Handlers\FileHandler' driver.
INFO - 2024-06-14 07:13:33 --> Session: Class initialized using 'CodeIgniter\Session\Handlers\FileHandler' driver.
INFO - 2024-06-14 07:13:35 --> Session: Class initialized using 'CodeIgniter\Session\Handlers\FileHandler' driver.
INFO - 2024-06-14 07:13:37 --> Session: Class initialized using 'CodeIgniter\Session\Handlers\FileHandler' driver.
INFO - 2024-06-14 07:13:39 --> Session: Class initialized using 'CodeIgniter\Session\Handlers\FileHandler' driver.
INFO - 2024-06-14 07:13:41 --> Session: Class initialized using 'CodeIgniter\Session\Handlers\FileHandler' driver.
INFO - 2024-06-14 07:13:43 --> Session: Class initialized using 'CodeIgniter\Session\Handlers\FileHandler' driver.
INFO - 2024-06-14 07:13:46 --> Session: Class initialized using 'CodeIgniter\Session\Handlers\FileHandler' driver.
INFO - 2024-06-14 07:15:41 --> Session: Class initialized using 'CodeIgniter\Session\Handlers\FileHandler' driver.
INFO - 2024-06-14 07:17:59 --> Session: Class initialized using 'CodeIgniter\Session\Handlers\FileHandler' driver.
INFO - 2024-06-14 07:18:00 --> Session: Class initialized using 'CodeIgniter\Session\Handlers\FileHandler' driver.
INFO - 2024-06-14 07:18:04 --> Session: Class initialized using 'CodeIgniter\Session\Handlers\FileHandler' driver.
INFO - 2024-06-14 07:18:05 --> Session: Class initialized using 'CodeIgniter\Session\Handlers\FileHandler' driver.
INFO - 2024-06-14 07:18:13 --> Session: Class initialized using 'CodeIgniter\Session\Handlers\FileHandler' driver.
INFO - 2024-06-14 07:24:07 --> Session: Class initialized using 'CodeIgniter\Session\Handlers\FileHandler' driver.
INFO - 2024-06-14 07:24:20 --> Session: Class initialized using 'CodeIgniter\Session\Handlers\FileHandler' driver.
INFO - 2024-06-14 07:24:25 --> Session: Class initialized using 'CodeIgniter\Session\Handlers\FileHandler' driver.
INFO - 2024-06-14 07:24:47 --> Session: Class initialized using 'CodeIgniter\Session\Handlers\FileHandler' driver.
INFO - 2024-06-14 07:25:34 --> Session: Class initialized using 'CodeIgniter\Session\Handlers\FileHandler' driver.
INFO - 2024-06-14 07:26:04 --> Session: Class initialized using 'CodeIgniter\Session\Handlers\FileHandler' driver.
INFO - 2024-06-14 07:27:11 --> Session: Class initialized using 'CodeIgniter\Session\Handlers\FileHandler' driver.
INFO - 2024-06-14 07:27:29 --> Session: Class initialized using 'CodeIgniter\Session\Handlers\FileHandler' driver.
INFO - 2024-06-14 07:28:45 --> Session: Class initialized using 'CodeIgniter\Session\Handlers\FileHandler' driver.
INFO - 2024-06-14 07:29:01 --> Session: Class initialized using 'CodeIgniter\Session\Handlers\FileHandler' driver.
INFO - 2024-06-14 07:29:03 --> Session: Class initialized using 'CodeIgniter\Session\Handlers\FileHandler' driver.
INFO - 2024-06-14 07:29:06 --> Session: Class initialized using 'CodeIgniter\Session\Handlers\FileHandler' driver.
INFO - 2024-06-14 07:29:08 --> Session: Class initialized using 'CodeIgniter\Session\Handlers\FileHandler' driver.
INFO - 2024-06-14 07:29:11 --> Session: Class initialized using 'CodeIgniter\Session\Handlers\FileHandler' driver.
INFO - 2024-06-14 07:29:13 --> Session: Class initialized using 'CodeIgniter\Session\Handlers\FileHandler' driver.
INFO - 2024-06-14 07:29:16 --> Session: Class initialized using 'CodeIgniter\Session\Handlers\FileHandler' driver.
INFO - 2024-06-14 07:29:19 --> Session: Class initialized using 'CodeIgniter\Session\Handlers\FileHandler' driver.
INFO - 2024-06-14 07:29:22 --> Session: Class initialized using 'CodeIgniter\Session\Handlers\FileHandler' driver.
INFO - 2024-06-14 07:29:35 --> Session: Class initialized using 'CodeIgniter\Session\Handlers\FileHandler' driver.
INFO - 2024-06-14 07:29:36 --> Session: Class initialized using 'CodeIgniter\Session\Handlers\FileHandler' driver.
INFO - 2024-06-14 07:29:41 --> Session: Class initialized using 'CodeIgniter\Session\Handlers\FileHandler' driver.
INFO - 2024-06-14 07:29:57 --> Session: Class initialized using 'CodeIgniter\Session\Handlers\FileHandler' driver.
INFO - 2024-06-14 07:30:04 --> Session: Class initialized using 'CodeIgniter\Session\Handlers\FileHandler' driver.
INFO - 2024-06-14 07:31:32 --> Session: Class initialized using 'CodeIgniter\Session\Handlers\FileHandler' driver.
INFO - 2024-06-14 07:31:33 --> Session: Class initialized using 'CodeIgniter\Session\Handlers\FileHandler' driver.
INFO - 2024-06-14 07:31:35 --> Session: Class initialized using 'CodeIgniter\Session\Handlers\FileHandler' driver.
INFO - 2024-06-14 07:40:10 --> Session: Class initialized using 'CodeIgniter\Session\Handlers\FileHandler' driver.
INFO - 2024-06-14 08:00:46 --> Session: Class initialized using 'CodeIgniter\Session\Handlers\FileHandler' driver.
INFO - 2024-06-14 08:00:47 --> Session: Class initialized using 'CodeIgniter\Session\Handlers\FileHandler' driver.
INFO - 2024-06-14 08:00:55 --> Session: Class initialized using 'CodeIgniter\Session\Handlers\FileHandler' driver.
INFO - 2024-06-14 08:01:18 --> Session: Class initialized using 'CodeIgniter\Session\Handlers\FileHandler' driver.
INFO - 2024-06-14 08:01:19 --> Session: Class initialized using 'CodeIgniter\Session\Handlers\FileHandler' driver.
INFO - 2024-06-14 08:02:56 --> Session: Class initialized using 'CodeIgniter\Session\Handlers\FileHandler' driver.
INFO - 2024-06-14 08:02:57 --> Session: Class initialized using 'CodeIgniter\Session\Handlers\FileHandler' driver.
INFO - 2024-06-14 08:06:09 --> Session: Class initialized using 'CodeIgniter\Session\Handlers\FileHandler' driver.
INFO - 2024-06-14 08:06:16 --> Session: Class initialized using 'CodeIgniter\Session\Handlers\FileHandler' driver.
INFO - 2024-06-14 08:12:14 --> Session: Class initialized using 'CodeIgniter\Session\Handlers\FileHandler' driver.
INFO - 2024-06-14 08:12:41 --> Session: Class initialized using 'CodeIgniter\Session\Handlers\FileHandler' driver.
INFO - 2024-06-14 08:22:57 --> Session: Class initialized using 'CodeIgniter\Session\Handlers\FileHandler' driver.
INFO - 2024-06-14 08:40:55 --> Session: Class initialized using 'CodeIgniter\Session\Handlers\FileHandler' driver.
INFO - 2024-06-14 08:41:17 --> Session: Class initialized using 'CodeIgniter\Session\Handlers\FileHandler' driver.
INFO - 2024-06-14 08:41:53 --> Session: Class initialized using 'CodeIgniter\Session\Handlers\FileHandler' driver.
INFO - 2024-06-14 09:18:33 --> Session: Class initialized using 'CodeIgniter\Session\Handlers\FileHandler' driver.
CRITICAL - 2024-06-14 09:18:35 --> Undefined array key "login-time"
in APPPATH\Views\tppk\statistik_user.php on line 121.
 1 APPPATH\Views\tppk\statistik_user.php(121): CodeIgniter\Debug\Exceptions->errorHandler(2, 'Undefined array key "login-time"', 'APPPATH\\Views\\tppk\\statistik_user.php', 121)
 2 SYSTEMPATH\View\View.php(213): include('APPPATH\\Views\\tppk\\statistik_user.php')
 3 SYSTEMPATH\View\View.php(216): CodeIgniter\View\View->CodeIgniter\View\{closure}()
 4 SYSTEMPATH\Common.php(1184): CodeIgniter\View\View->render('tppk/statistik_user', [], true)
 5 APPPATH\Controllers\InputData.php(1151): view('tppk/statistik_user', [...])
 6 SYSTEMPATH\CodeIgniter.php(934): App\Controllers\InputData->statistik_user()
 7 SYSTEMPATH\CodeIgniter.php(499): CodeIgniter\CodeIgniter->runController(Object(App\Controllers\InputData))
 8 SYSTEMPATH\CodeIgniter.php(368): CodeIgniter\CodeIgniter->handleRequest(null, Object(Config\Cache), false)
 9 FCPATH\index.php(55): CodeIgniter\CodeIgniter->run()
INFO - 2024-06-14 09:18:46 --> Session: Class initialized using 'CodeIgniter\Session\Handlers\FileHandler' driver.
INFO - 2024-06-14 09:19:54 --> Session: Class initialized using 'CodeIgniter\Session\Handlers\FileHandler' driver.
INFO - 2024-06-14 09:20:15 --> Session: Class initialized using 'CodeIgniter\Session\Handlers\FileHandler' driver.
INFO - 2024-06-14 09:21:17 --> Session: Class initialized using 'CodeIgniter\Session\Handlers\FileHandler' driver.
INFO - 2024-06-14 09:25:51 --> Session: Class initialized using 'CodeIgniter\Session\Handlers\FileHandler' driver.
INFO - 2024-06-14 09:26:01 --> Session: Class initialized using 'CodeIgniter\Session\Handlers\FileHandler' driver.
INFO - 2024-06-14 09:26:50 --> Session: Class initialized using 'CodeIgniter\Session\Handlers\FileHandler' driver.
INFO - 2024-06-14 09:27:16 --> Session: Class initialized using 'CodeIgniter\Session\Handlers\FileHandler' driver.
INFO - 2024-06-14 09:28:04 --> Session: Class initialized using 'CodeIgniter\Session\Handlers\FileHandler' driver.
INFO - 2024-06-14 09:28:25 --> Session: Class initialized using 'CodeIgniter\Session\Handlers\FileHandler' driver.
INFO - 2024-06-14 09:28:34 --> Session: Class initialized using 'CodeIgniter\Session\Handlers\FileHandler' driver.
INFO - 2024-06-14 09:29:49 --> Session: Class initialized using 'CodeIgniter\Session\Handlers\FileHandler' driver.
INFO - 2024-06-14 09:50:09 --> Session: Class initialized using 'CodeIgniter\Session\Handlers\FileHandler' driver.
INFO - 2024-06-14 09:53:38 --> Session: Class initialized using 'CodeIgniter\Session\Handlers\FileHandler' driver.
CRITICAL - 2024-06-14 09:53:38 --> Undefined array key "jenis_instansi"
in APPPATH\Views\tppk\statistik_user.php on line 128.
 1 APPPATH\Views\tppk\statistik_user.php(128): CodeIgniter\Debug\Exceptions->errorHandler(2, 'Undefined array key "jenis_instansi"', 'APPPATH\\Views\\tppk\\statistik_user.php', 128)
 2 SYSTEMPATH\View\View.php(213): include('APPPATH\\Views\\tppk\\statistik_user.php')
 3 SYSTEMPATH\View\View.php(216): CodeIgniter\View\View->CodeIgniter\View\{closure}()
 4 SYSTEMPATH\Common.php(1184): CodeIgniter\View\View->render('tppk/statistik_user', [], true)
 5 APPPATH\Controllers\InputData.php(1156): view('tppk/statistik_user', [...])
 6 SYSTEMPATH\CodeIgniter.php(934): App\Controllers\InputData->statistik_user()
 7 SYSTEMPATH\CodeIgniter.php(499): CodeIgniter\CodeIgniter->runController(Object(App\Controllers\InputData))
 8 SYSTEMPATH\CodeIgniter.php(368): CodeIgniter\CodeIgniter->handleRequest(null, Object(Config\Cache), false)
 9 FCPATH\index.php(55): CodeIgniter\CodeIgniter->run()
INFO - 2024-06-14 09:54:35 --> Session: Class initialized using 'CodeIgniter\Session\Handlers\FileHandler' driver.
INFO - 2024-06-14 09:54:57 --> Session: Class initialized using 'CodeIgniter\Session\Handlers\FileHandler' driver.
INFO - 2024-06-14 09:55:24 --> Session: Class initialized using 'CodeIgniter\Session\Handlers\FileHandler' driver.
CRITICAL - 2024-06-14 09:55:24 --> Undefined variable $instansi
in APPPATH\Views\tppk\statistik_user.php on line 138.
 1 APPPATH\Views\tppk\statistik_user.php(138): CodeIgniter\Debug\Exceptions->errorHandler(2, 'Undefined variable $instansi', 'APPPATH\\Views\\tppk\\statistik_user.php', 138)
 2 SYSTEMPATH\View\View.php(213): include('APPPATH\\Views\\tppk\\statistik_user.php')
 3 SYSTEMPATH\View\View.php(216): CodeIgniter\View\View->CodeIgniter\View\{closure}()
 4 SYSTEMPATH\Common.php(1184): CodeIgniter\View\View->render('tppk/statistik_user', [], true)
 5 APPPATH\Controllers\InputData.php(1156): view('tppk/statistik_user', [...])
 6 SYSTEMPATH\CodeIgniter.php(934): App\Controllers\InputData->statistik_user()
 7 SYSTEMPATH\CodeIgniter.php(499): CodeIgniter\CodeIgniter->runController(Object(App\Controllers\InputData))
 8 SYSTEMPATH\CodeIgniter.php(368): CodeIgniter\CodeIgniter->handleRequest(null, Object(Config\Cache), false)
 9 FCPATH\index.php(55): CodeIgniter\CodeIgniter->run()
INFO - 2024-06-14 09:55:51 --> Session: Class initialized using 'CodeIgniter\Session\Handlers\FileHandler' driver.
INFO - 2024-06-14 09:57:15 --> Session: Class initialized using 'CodeIgniter\Session\Handlers\FileHandler' driver.
INFO - 2024-06-14 09:59:24 --> Session: Class initialized using 'CodeIgniter\Session\Handlers\FileHandler' driver.
INFO - 2024-06-14 10:00:05 --> Session: Class initialized using 'CodeIgniter\Session\Handlers\FileHandler' driver.
INFO - 2024-06-14 10:00:23 --> Session: Class initialized using 'CodeIgniter\Session\Handlers\FileHandler' driver.
INFO - 2024-06-14 10:02:07 --> Session: Class initialized using 'CodeIgniter\Session\Handlers\FileHandler' driver.
INFO - 2024-06-14 10:03:13 --> Session: Class initialized using 'CodeIgniter\Session\Handlers\FileHandler' driver.
CRITICAL - 2024-06-14 10:03:15 --> Undefined variable $wilayah
in APPPATH\Views\tppk\statistik_user.php on line 138.
 1 APPPATH\Views\tppk\statistik_user.php(138): CodeIgniter\Debug\Exceptions->errorHandler(2, 'Undefined variable $wilayah', 'APPPATH\\Views\\tppk\\statistik_user.php', 138)
 2 SYSTEMPATH\View\View.php(213): include('APPPATH\\Views\\tppk\\statistik_user.php')
 3 SYSTEMPATH\View\View.php(216): CodeIgniter\View\View->CodeIgniter\View\{closure}()
 4 SYSTEMPATH\Common.php(1184): CodeIgniter\View\View->render('tppk/statistik_user', [], true)
 5 APPPATH\Controllers\InputData.php(1156): view('tppk/statistik_user', [...])
 6 SYSTEMPATH\CodeIgniter.php(934): App\Controllers\InputData->statistik_user()
 7 SYSTEMPATH\CodeIgniter.php(499): CodeIgniter\CodeIgniter->runController(Object(App\Controllers\InputData))
 8 SYSTEMPATH\CodeIgniter.php(368): CodeIgniter\CodeIgniter->handleRequest(null, Object(Config\Cache), false)
 9 FCPATH\index.php(55): CodeIgniter\CodeIgniter->run()
INFO - 2024-06-14 10:03:53 --> Session: Class initialized using 'CodeIgniter\Session\Handlers\FileHandler' driver.
INFO - 2024-06-14 10:04:37 --> Session: Class initialized using 'CodeIgniter\Session\Handlers\FileHandler' driver.
INFO - 2024-06-14 10:05:34 --> Session: Class initialized using 'CodeIgniter\Session\Handlers\FileHandler' driver.
INFO - 2024-06-14 10:06:06 --> Session: Class initialized using 'CodeIgniter\Session\Handlers\FileHandler' driver.
INFO - 2024-06-14 10:06:20 --> Session: Class initialized using 'CodeIgniter\Session\Handlers\FileHandler' driver.
INFO - 2024-06-14 10:08:29 --> Session: Class initialized using 'CodeIgniter\Session\Handlers\FileHandler' driver.
INFO - 2024-06-14 10:09:57 --> Session: Class initialized using 'CodeIgniter\Session\Handlers\FileHandler' driver.
INFO - 2024-06-14 10:10:14 --> Session: Class initialized using 'CodeIgniter\Session\Handlers\FileHandler' driver.
INFO - 2024-06-14 10:10:41 --> Session: Class initialized using 'CodeIgniter\Session\Handlers\FileHandler' driver.
INFO - 2024-06-14 10:11:14 --> Session: Class initialized using 'CodeIgniter\Session\Handlers\FileHandler' driver.
INFO - 2024-06-14 10:11:43 --> Session: Class initialized using 'CodeIgniter\Session\Handlers\FileHandler' driver.
INFO - 2024-06-14 10:37:34 --> Session: Class initialized using 'CodeIgniter\Session\Handlers\FileHandler' driver.
ERROR - 2024-06-14 10:37:35 --> [Microsoft][ODBC Driver 17 for SQL Server][SQL Server]Incorrect syntax near '='.
CRITICAL - 2024-06-14 10:37:35 --> [Microsoft][ODBC Driver 17 for SQL Server][SQL Server]Incorrect syntax near '='.
in SYSTEMPATH\Database\BaseConnection.php on line 645.
 1 APPPATH\Models\M_tppk.php(3312): CodeIgniter\Database\BaseConnection->query('SELECT 
                    sl.[username],
                    sl.[login_time],
                    sl.[nama],
                    sl.[jenis_instansi_id],
                    sl.[wilayah_akses],
                    rf1.nama as wilayah,
                    rf2.nama as provinsi,
                    s.nama as sekolah,
                    CASE 
                        WHEN sl.jenis_instansi_id IN (2, 3) THEN sw.email
                        ELSE NULL
                    END AS email,
                    CASE 
                        WHEN sl.jenis_instansi_id IN (2, 3) THEN sw.telepon
                        WHEN sl.jenis_instansi_id = 5 THEN kp.no_kontak
                        ELSE NULL
                    END AS telp
                FROM 
                    [TPPK].[dbo].[statuserlogin] sl
                LEFT JOIN 
                    Referensi.ref.mst_wilayah rf1 
                    ON LEFT(sl.wilayah_akses, 4) = LEFT(rf1.kode_wilayah, 4) 
                    AND rf1.id_level_wilayah = 2
                LEFT JOIN 
                    Referensi.ref.mst_wilayah rf2 
                    ON LEFT(sl.wilayah_akses, 2) = LEFT(rf2.kode_wilayah, 2) 
                    AND rf2.id_level_wilayah = 1
                LEFT JOIN 
                    Arsip.dbo.sekolah s 
                    ON s.npsn = sl.npsn
                LEFT JOIN 
                    TPPK.dbo.satgas_wilayah sw 
                    ON sl.[wilayah_akses] = sw.[wilayah_akses] AND nm_ang==sl.nama
                    AND sl.jenis_instansi_id IN (2, 3)
                LEFT JOIN 
                    TPPK.dbo.kepanitiaan kp 
                    ON sl.[username] = kp.[email]
                    AND sl.jenis_instansi_id = 5
                WHERE 
                    CONVERT(date, sl.login_time) = :tanggal: 
                    AND sl.asal = :asal:
                ORDER BY 
                    sl.login_time DESC', [...])
 2 APPPATH\Controllers\InputData.php(1153): App\Models\M_tppk->getDaftarStatistik('2024-06-14', '1')
 3 SYSTEMPATH\CodeIgniter.php(934): App\Controllers\InputData->statistik_user()
 4 SYSTEMPATH\CodeIgniter.php(499): CodeIgniter\CodeIgniter->runController(Object(App\Controllers\InputData))
 5 SYSTEMPATH\CodeIgniter.php(368): CodeIgniter\CodeIgniter->handleRequest(null, Object(Config\Cache), false)
 6 FCPATH\index.php(55): CodeIgniter\CodeIgniter->run()
INFO - 2024-06-14 10:37:58 --> Session: Class initialized using 'CodeIgniter\Session\Handlers\FileHandler' driver.
ERROR - 2024-06-14 10:37:59 --> [Microsoft][ODBC Driver 17 for SQL Server][SQL Server]Invalid column name 'wilayah_akses'.
CRITICAL - 2024-06-14 10:37:59 --> [Microsoft][ODBC Driver 17 for SQL Server][SQL Server]Invalid column name 'wilayah_akses'.
in SYSTEMPATH\Database\BaseConnection.php on line 645.
 1 APPPATH\Models\M_tppk.php(3312): CodeIgniter\Database\BaseConnection->query('SELECT 
                    sl.[username],
                    sl.[login_time],
                    sl.[nama],
                    sl.[jenis_instansi_id],
                    sl.[wilayah_akses],
                    rf1.nama as wilayah,
                    rf2.nama as provinsi,
                    s.nama as sekolah,
                    CASE 
                        WHEN sl.jenis_instansi_id IN (2, 3) THEN sw.email
                        ELSE NULL
                    END AS email,
                    CASE 
                        WHEN sl.jenis_instansi_id IN (2, 3) THEN sw.telepon
                        WHEN sl.jenis_instansi_id = 5 THEN kp.no_kontak
                        ELSE NULL
                    END AS telp
                FROM 
                    [TPPK].[dbo].[statuserlogin] sl
                LEFT JOIN 
                    Referensi.ref.mst_wilayah rf1 
                    ON LEFT(sl.wilayah_akses, 4) = LEFT(rf1.kode_wilayah, 4) 
                    AND rf1.id_level_wilayah = 2
                LEFT JOIN 
                    Referensi.ref.mst_wilayah rf2 
                    ON LEFT(sl.wilayah_akses, 2) = LEFT(rf2.kode_wilayah, 2) 
                    AND rf2.id_level_wilayah = 1
                LEFT JOIN 
                    Arsip.dbo.sekolah s 
                    ON s.npsn = sl.npsn
                LEFT JOIN 
                    TPPK.dbo.satgas_wilayah sw 
                    ON sl.[wilayah_akses] = sw.[wilayah_akses] AND nm_ang=sl.nama
                    AND sl.jenis_instansi_id IN (2, 3)
                LEFT JOIN 
                    TPPK.dbo.kepanitiaan kp 
                    ON sl.[username] = kp.[email]
                    AND sl.jenis_instansi_id = 5
                WHERE 
                    CONVERT(date, sl.login_time) = :tanggal: 
                    AND sl.asal = :asal:
                ORDER BY 
                    sl.login_time DESC', [...])
 2 APPPATH\Controllers\InputData.php(1153): App\Models\M_tppk->getDaftarStatistik('2024-06-14', '1')
 3 SYSTEMPATH\CodeIgniter.php(934): App\Controllers\InputData->statistik_user()
 4 SYSTEMPATH\CodeIgniter.php(499): CodeIgniter\CodeIgniter->runController(Object(App\Controllers\InputData))
 5 SYSTEMPATH\CodeIgniter.php(368): CodeIgniter\CodeIgniter->handleRequest(null, Object(Config\Cache), false)
 6 FCPATH\index.php(55): CodeIgniter\CodeIgniter->run()
INFO - 2024-06-14 10:41:39 --> Session: Class initialized using 'CodeIgniter\Session\Handlers\FileHandler' driver.
INFO - 2024-06-14 11:23:30 --> Session: Class initialized using 'CodeIgniter\Session\Handlers\FileHandler' driver.
INFO - 2024-06-14 11:36:12 --> Session: Class initialized using 'CodeIgniter\Session\Handlers\FileHandler' driver.
INFO - 2024-06-14 13:17:52 --> Session: Class initialized using 'CodeIgniter\Session\Handlers\FileHandler' driver.
INFO - 2024-06-14 13:18:13 --> Session: Class initialized using 'CodeIgniter\Session\Handlers\FileHandler' driver.
INFO - 2024-06-14 13:18:35 --> Session: Class initialized using 'CodeIgniter\Session\Handlers\FileHandler' driver.
ERROR - 2024-06-14 13:18:36 --> [Microsoft][ODBC Driver 17 for SQL Server][SQL Server]Error converting data type varchar to numeric.
CRITICAL - 2024-06-14 13:18:36 --> [Microsoft][ODBC Driver 17 for SQL Server][SQL Server]Error converting data type varchar to numeric.
in SYSTEMPATH\Database\BaseConnection.php on line 645.
 1 APPPATH\Models\M_tppk.php(3323): CodeIgniter\Database\BaseConnection->query('WITH LastLogin AS (
                    SELECT 
                        username,
                        MAX(login_time) AS last_login_time
                    FROM 
                        [TPPK].[dbo].[statuserlogin]
                    WHERE 
                        CONVERT(date, login_time) = :tanggal:
                        AND asal = :asal:
                    GROUP BY 
                        username
                )
                SELECT 
                    sl.[username],
                    sl.[login_time],
                    sl.[nama],
                    sl.[jenis_instansi_id],
                    sl.[wilayah_akses],
                    rf1.nama as wilayah,
                    rf2.nama as provinsi,
                    (SELECT TOP 1 s.nama 
                    FROM Arsip.dbo.sekolah s 
                    WHERE s.npsn = sl.npsn) as sekolah,
                    CASE 
                        WHEN sl.jenis_instansi_id IN (2, 3) THEN sw.email
                        ELSE NULL
                    END AS email,
                    CASE 
                        WHEN sl.jenis_instansi_id IN (2, 3) THEN sw.telepon
                        WHEN sl.jenis_instansi_id = 5 THEN \'kp.no_kontak\'
                        ELSE NULL
                    END AS telp
                FROM 
                    [TPPK].[dbo].[statuserlogin] sl
                LEFT JOIN 
                    Referensi.ref.mst_wilayah rf1 
                    ON LEFT(sl.wilayah_akses, 4) = LEFT(rf1.kode_wilayah, 4) 
                    AND rf1.id_level_wilayah = 2
                LEFT JOIN 
                    Referensi.ref.mst_wilayah rf2 
                    ON LEFT(sl.wilayah_akses, 2) = LEFT(rf2.kode_wilayah, 2) 
                    AND rf2.id_level_wilayah = 1
                LEFT JOIN 
                    TPPK.dbo.satgas_wilayah sw 
                    ON sl.[username] = sw.[email]
                    AND sl.jenis_instansi_id IN (2, 3)
                JOIN 
                    LastLogin ll 
                    ON sl.username = ll.username 
                    AND sl.login_time = ll.last_login_time
                WHERE 
                    CONVERT(date, sl.login_time) = :tanggal:
                    AND sl.asal = :asal:
                ORDER BY 
                    sl.login_time DESC', [...])
 2 APPPATH\Controllers\InputData.php(1153): App\Models\M_tppk->getDaftarStatistik('2024-06-14', 'D:\\laragon\\www\\tppk')
 3 SYSTEMPATH\CodeIgniter.php(934): App\Controllers\InputData->statistik_user()
 4 SYSTEMPATH\CodeIgniter.php(499): CodeIgniter\CodeIgniter->runController(Object(App\Controllers\InputData))
 5 SYSTEMPATH\CodeIgniter.php(368): CodeIgniter\CodeIgniter->handleRequest(null, Object(Config\Cache), false)
 6 FCPATH\index.php(55): CodeIgniter\CodeIgniter->run()
INFO - 2024-06-14 13:18:44 --> Session: Class initialized using 'CodeIgniter\Session\Handlers\FileHandler' driver.
INFO - 2024-06-14 13:18:50 --> Session: Class initialized using 'CodeIgniter\Session\Handlers\FileHandler' driver.
ERROR - 2024-06-14 13:18:51 --> [Microsoft][ODBC Driver 17 for SQL Server][SQL Server]Error converting data type varchar to numeric.
CRITICAL - 2024-06-14 13:18:51 --> [Microsoft][ODBC Driver 17 for SQL Server][SQL Server]Error converting data type varchar to numeric.
in SYSTEMPATH\Database\BaseConnection.php on line 645.
 1 APPPATH\Models\M_tppk.php(3323): CodeIgniter\Database\BaseConnection->query('WITH LastLogin AS (
                    SELECT 
                        username,
                        MAX(login_time) AS last_login_time
                    FROM 
                        [TPPK].[dbo].[statuserlogin]
                    WHERE 
                        CONVERT(date, login_time) = :tanggal:
                        AND asal = :asal:
                    GROUP BY 
                        username
                )
                SELECT 
                    sl.[username],
                    sl.[login_time],
                    sl.[nama],
                    sl.[jenis_instansi_id],
                    sl.[wilayah_akses],
                    rf1.nama as wilayah,
                    rf2.nama as provinsi,
                    (SELECT TOP 1 s.nama 
                    FROM Arsip.dbo.sekolah s 
                    WHERE s.npsn = sl.npsn) as sekolah,
                    CASE 
                        WHEN sl.jenis_instansi_id IN (2, 3) THEN sw.email
                        ELSE NULL
                    END AS email,
                    CASE 
                        WHEN sl.jenis_instansi_id IN (2, 3) THEN sw.telepon
                        WHEN sl.jenis_instansi_id = 5 THEN \'kp.no_kontak\'
                        ELSE NULL
                    END AS telp
                FROM 
                    [TPPK].[dbo].[statuserlogin] sl
                LEFT JOIN 
                    Referensi.ref.mst_wilayah rf1 
                    ON LEFT(sl.wilayah_akses, 4) = LEFT(rf1.kode_wilayah, 4) 
                    AND rf1.id_level_wilayah = 2
                LEFT JOIN 
                    Referensi.ref.mst_wilayah rf2 
                    ON LEFT(sl.wilayah_akses, 2) = LEFT(rf2.kode_wilayah, 2) 
                    AND rf2.id_level_wilayah = 1
                LEFT JOIN 
                    TPPK.dbo.satgas_wilayah sw 
                    ON sl.[username] = sw.[email]
                    AND sl.jenis_instansi_id IN (2, 3)
                JOIN 
                    LastLogin ll 
                    ON sl.username = ll.username 
                    AND sl.login_time = ll.last_login_time
                WHERE 
                    CONVERT(date, sl.login_time) = :tanggal:
                    AND sl.asal = :asal:
                ORDER BY 
                    sl.login_time DESC', [...])
 2 APPPATH\Controllers\InputData.php(1153): App\Models\M_tppk->getDaftarStatistik('2024-06-14', 'D:\\laragon\\www\\tppk')
 3 SYSTEMPATH\CodeIgniter.php(934): App\Controllers\InputData->statistik_user()
 4 SYSTEMPATH\CodeIgniter.php(499): CodeIgniter\CodeIgniter->runController(Object(App\Controllers\InputData))
 5 SYSTEMPATH\CodeIgniter.php(368): CodeIgniter\CodeIgniter->handleRequest(null, Object(Config\Cache), false)
 6 FCPATH\index.php(55): CodeIgniter\CodeIgniter->run()
INFO - 2024-06-14 13:20:13 --> Session: Class initialized using 'CodeIgniter\Session\Handlers\FileHandler' driver.
ERROR - 2024-06-14 13:20:14 --> [Microsoft][ODBC Driver 17 for SQL Server][SQL Server]Error converting data type varchar to numeric.
CRITICAL - 2024-06-14 13:20:14 --> [Microsoft][ODBC Driver 17 for SQL Server][SQL Server]Error converting data type varchar to numeric.
in SYSTEMPATH\Database\BaseConnection.php on line 645.
 1 APPPATH\Models\M_tppk.php(3323): CodeIgniter\Database\BaseConnection->query('WITH LastLogin AS (
                    SELECT 
                        username,
                        MAX(login_time) AS last_login_time
                    FROM 
                        [TPPK].[dbo].[statuserlogin]
                    WHERE 
                        CONVERT(date, login_time) = :tanggal:
                        AND asal = :asal:
                    GROUP BY 
                        username
                )
                SELECT 
                    sl.[username],
                    sl.[login_time],
                    sl.[nama],
                    sl.[jenis_instansi_id],
                    sl.[wilayah_akses],
                    rf1.nama as wilayah,
                    rf2.nama as provinsi,
                    (SELECT TOP 1 s.nama 
                    FROM Arsip.dbo.sekolah s 
                    WHERE s.npsn = sl.npsn) as sekolah,
                    CASE 
                        WHEN sl.jenis_instansi_id IN (2, 3) THEN sw.email
                        ELSE NULL
                    END AS email,
                    CASE 
                        WHEN sl.jenis_instansi_id IN (2, 3) THEN sw.telepon
                        WHEN sl.jenis_instansi_id = 5 THEN \'kp.no_kontak\'
                        ELSE NULL
                    END AS telp
                FROM 
                    [TPPK].[dbo].[statuserlogin] sl
                LEFT JOIN 
                    Referensi.ref.mst_wilayah rf1 
                    ON LEFT(sl.wilayah_akses, 4) = LEFT(rf1.kode_wilayah, 4) 
                    AND rf1.id_level_wilayah = 2
                LEFT JOIN 
                    Referensi.ref.mst_wilayah rf2 
                    ON LEFT(sl.wilayah_akses, 2) = LEFT(rf2.kode_wilayah, 2) 
                    AND rf2.id_level_wilayah = 1
                LEFT JOIN 
                    TPPK.dbo.satgas_wilayah sw 
                    ON sl.[username] = sw.[email]
                    AND sl.jenis_instansi_id IN (2, 3)
                JOIN 
                    LastLogin ll 
                    ON sl.username = ll.username 
                    AND sl.login_time = ll.last_login_time
                WHERE 
                    CONVERT(date, sl.login_time) = :tanggal:
                    AND sl.asal = :asal:
                ORDER BY 
                    sl.login_time DESC', [...])
 2 APPPATH\Controllers\InputData.php(1153): App\Models\M_tppk->getDaftarStatistik('2024-06-14', 'D:\\laragon\\www\\tppk')
 3 SYSTEMPATH\CodeIgniter.php(934): App\Controllers\InputData->statistik_user()
 4 SYSTEMPATH\CodeIgniter.php(499): CodeIgniter\CodeIgniter->runController(Object(App\Controllers\InputData))
 5 SYSTEMPATH\CodeIgniter.php(368): CodeIgniter\CodeIgniter->handleRequest(null, Object(Config\Cache), false)
 6 FCPATH\index.php(55): CodeIgniter\CodeIgniter->run()
INFO - 2024-06-14 13:21:17 --> Session: Class initialized using 'CodeIgniter\Session\Handlers\FileHandler' driver.
ERROR - 2024-06-14 13:21:17 --> [Microsoft][ODBC Driver 17 for SQL Server][SQL Server]Error converting data type varchar to numeric.
CRITICAL - 2024-06-14 13:21:17 --> [Microsoft][ODBC Driver 17 for SQL Server][SQL Server]Error converting data type varchar to numeric.
in SYSTEMPATH\Database\BaseConnection.php on line 645.
 1 APPPATH\Models\M_tppk.php(3323): CodeIgniter\Database\BaseConnection->query('WITH LastLogin AS (
                    SELECT 
                        username,
                        MAX(login_time) AS last_login_time
                    FROM 
                        [TPPK].[dbo].[statuserlogin]
                    WHERE 
                        CONVERT(date, login_time) = :tanggal:
                        AND asal = :asal:
                    GROUP BY 
                        username
                )
                SELECT 
                    sl.[username],
                    sl.[login_time],
                    sl.[nama],
                    sl.[jenis_instansi_id],
                    sl.[wilayah_akses],
                    rf1.nama as wilayah,
                    rf2.nama as provinsi,
                    (SELECT TOP 1 s.nama 
                    FROM Arsip.dbo.sekolah s 
                    WHERE s.npsn = sl.npsn) as sekolah,
                    CASE 
                        WHEN sl.jenis_instansi_id IN (2, 3) THEN sw.email
                        ELSE NULL
                    END AS email,
                    CASE 
                        WHEN sl.jenis_instansi_id IN (2, 3) THEN sw.telepon
                        WHEN sl.jenis_instansi_id = 5 THEN \'kp.no_kontak\'
                        ELSE NULL
                    END AS telp
                FROM 
                    [TPPK].[dbo].[statuserlogin] sl
                LEFT JOIN 
                    Referensi.ref.mst_wilayah rf1 
                    ON LEFT(sl.wilayah_akses, 4) = LEFT(rf1.kode_wilayah, 4) 
                    AND rf1.id_level_wilayah = 2
                LEFT JOIN 
                    Referensi.ref.mst_wilayah rf2 
                    ON LEFT(sl.wilayah_akses, 2) = LEFT(rf2.kode_wilayah, 2) 
                    AND rf2.id_level_wilayah = 1
                LEFT JOIN 
                    TPPK.dbo.satgas_wilayah sw 
                    ON sl.[username] = sw.[email]
                    AND sl.jenis_instansi_id IN (2, 3)
                JOIN 
                    LastLogin ll 
                    ON sl.username = ll.username 
                    AND sl.login_time = ll.last_login_time
                WHERE 
                    CONVERT(date, sl.login_time) = :tanggal:
                    AND sl.asal = :asal:
                ORDER BY 
                    sl.login_time DESC', [...])
 2 APPPATH\Controllers\InputData.php(1154): App\Models\M_tppk->getDaftarStatistik('2024-06-14', 'D:\\laragon\\www\\tppk')
 3 SYSTEMPATH\CodeIgniter.php(934): App\Controllers\InputData->statistik_user()
 4 SYSTEMPATH\CodeIgniter.php(499): CodeIgniter\CodeIgniter->runController(Object(App\Controllers\InputData))
 5 SYSTEMPATH\CodeIgniter.php(368): CodeIgniter\CodeIgniter->handleRequest(null, Object(Config\Cache), false)
 6 FCPATH\index.php(55): CodeIgniter\CodeIgniter->run()
INFO - 2024-06-14 13:21:35 --> Session: Class initialized using 'CodeIgniter\Session\Handlers\FileHandler' driver.
ERROR - 2024-06-14 13:21:36 --> [Microsoft][ODBC Driver 17 for SQL Server][SQL Server]Error converting data type varchar to numeric.
CRITICAL - 2024-06-14 13:21:36 --> [Microsoft][ODBC Driver 17 for SQL Server][SQL Server]Error converting data type varchar to numeric.
in SYSTEMPATH\Database\BaseConnection.php on line 645.
 1 APPPATH\Models\M_tppk.php(3323): CodeIgniter\Database\BaseConnection->query('WITH LastLogin AS (
                    SELECT 
                        username,
                        MAX(login_time) AS last_login_time
                    FROM 
                        [TPPK].[dbo].[statuserlogin]
                    WHERE 
                        CONVERT(date, login_time) = :tanggal:
                        AND asal = :asal:
                    GROUP BY 
                        username
                )
                SELECT 
                    sl.[username],
                    sl.[login_time],
                    sl.[nama],
                    sl.[jenis_instansi_id],
                    sl.[wilayah_akses],
                    rf1.nama as wilayah,
                    rf2.nama as provinsi,
                    (SELECT TOP 1 s.nama 
                    FROM Arsip.dbo.sekolah s 
                    WHERE s.npsn = sl.npsn) as sekolah,
                    CASE 
                        WHEN sl.jenis_instansi_id IN (2, 3) THEN sw.email
                        ELSE NULL
                    END AS email,
                    CASE 
                        WHEN sl.jenis_instansi_id IN (2, 3) THEN sw.telepon
                        WHEN sl.jenis_instansi_id = 5 THEN \'kp.no_kontak\'
                        ELSE NULL
                    END AS telp
                FROM 
                    [TPPK].[dbo].[statuserlogin] sl
                LEFT JOIN 
                    Referensi.ref.mst_wilayah rf1 
                    ON LEFT(sl.wilayah_akses, 4) = LEFT(rf1.kode_wilayah, 4) 
                    AND rf1.id_level_wilayah = 2
                LEFT JOIN 
                    Referensi.ref.mst_wilayah rf2 
                    ON LEFT(sl.wilayah_akses, 2) = LEFT(rf2.kode_wilayah, 2) 
                    AND rf2.id_level_wilayah = 1
                LEFT JOIN 
                    TPPK.dbo.satgas_wilayah sw 
                    ON sl.[username] = sw.[email]
                    AND sl.jenis_instansi_id IN (2, 3)
                JOIN 
                    LastLogin ll 
                    ON sl.username = ll.username 
                    AND sl.login_time = ll.last_login_time
                WHERE 
                    CONVERT(date, sl.login_time) = :tanggal:
                    AND sl.asal = :asal:
                ORDER BY 
                    sl.login_time DESC', [...])
 2 APPPATH\Controllers\InputData.php(1154): App\Models\M_tppk->getDaftarStatistik('2024-06-14', 'D:\\laragon\\www\\tppk')
 3 SYSTEMPATH\CodeIgniter.php(934): App\Controllers\InputData->statistik_user()
 4 SYSTEMPATH\CodeIgniter.php(499): CodeIgniter\CodeIgniter->runController(Object(App\Controllers\InputData))
 5 SYSTEMPATH\CodeIgniter.php(368): CodeIgniter\CodeIgniter->handleRequest(null, Object(Config\Cache), false)
 6 FCPATH\index.php(55): CodeIgniter\CodeIgniter->run()
INFO - 2024-06-14 13:21:50 --> Session: Class initialized using 'CodeIgniter\Session\Handlers\FileHandler' driver.
INFO - 2024-06-14 13:24:57 --> Session: Class initialized using 'CodeIgniter\Session\Handlers\FileHandler' driver.
INFO - 2024-06-14 13:25:01 --> Session: Class initialized using 'CodeIgniter\Session\Handlers\FileHandler' driver.
INFO - 2024-06-14 13:25:31 --> Session: Class initialized using 'CodeIgniter\Session\Handlers\FileHandler' driver.
INFO - 2024-06-14 13:26:45 --> Session: Class initialized using 'CodeIgniter\Session\Handlers\FileHandler' driver.
INFO - 2024-06-14 13:26:48 --> Session: Class initialized using 'CodeIgniter\Session\Handlers\FileHandler' driver.
INFO - 2024-06-14 13:26:51 --> Session: Class initialized using 'CodeIgniter\Session\Handlers\FileHandler' driver.
INFO - 2024-06-14 13:26:56 --> Session: Class initialized using 'CodeIgniter\Session\Handlers\FileHandler' driver.
INFO - 2024-06-14 13:56:16 --> Session: Class initialized using 'CodeIgniter\Session\Handlers\FileHandler' driver.
INFO - 2024-06-14 13:57:12 --> Session: Class initialized using 'CodeIgniter\Session\Handlers\FileHandler' driver.
INFO - 2024-06-14 15:15:58 --> Session: Class initialized using 'CodeIgniter\Session\Handlers\FileHandler' driver.
INFO - 2024-06-14 15:16:12 --> Session: Class initialized using 'CodeIgniter\Session\Handlers\FileHandler' driver.
INFO - 2024-06-14 15:16:51 --> Session: Class initialized using 'CodeIgniter\Session\Handlers\FileHandler' driver.
INFO - 2024-06-14 15:17:08 --> Session: Class initialized using 'CodeIgniter\Session\Handlers\FileHandler' driver.
INFO - 2024-06-14 15:48:50 --> Session: Class initialized using 'CodeIgniter\Session\Handlers\FileHandler' driver.
INFO - 2024-06-14 15:51:18 --> Session: Class initialized using 'CodeIgniter\Session\Handlers\FileHandler' driver.
INFO - 2024-06-14 16:40:04 --> Session: Class initialized using 'CodeIgniter\Session\Handlers\FileHandler' driver.
ERROR - 2024-06-14 16:40:04 --> [Microsoft][ODBC Driver 17 for SQL Server][SQL Server]The multi-part identifier "sl.login_time" could not be bound.
CRITICAL - 2024-06-14 16:40:04 --> [Microsoft][ODBC Driver 17 for SQL Server][SQL Server]The multi-part identifier "sl.login_time" could not be bound.
in SYSTEMPATH\Database\BaseConnection.php on line 645.
 1 APPPATH\Models\M_tppk.php(3306): CodeIgniter\Database\BaseConnection->query('WITH LastLogin AS (
                    SELECT 
                        [username],
                        [login_time],
                        [nama],
                        [jenis_instansi_id],
                        [wilayah_akses],
                        [npsn],
                        [ptk_id],
                        [peran],
                        [jabatan],
                        [telp],
                        [asal],
                        ROW_NUMBER() OVER (PARTITION BY [username] ORDER BY [login_time] DESC) AS rn
                    FROM 
                        [TPPK].[dbo].[statuserlogin]
                    WHERE 
                        CONVERT(date, sl.login_time) = :tanggal:
                        AND sl.asal = :asal:
                )
                SELECT 
                    [username],
                    [login_time],
                    [nama],
                    [jenis_instansi_id],
                    [wilayah_akses],
                    [npsn],
                    [ptk_id],
                    [peran],
                    [jabatan],
                    [telp],
                    [asal]
                FROM 
                    LastLogin
                WHERE 
                    rn = 1
                ORDER BY 
                    [login_time] DESC', [...])
 2 APPPATH\Controllers\InputData.php(1153): App\Models\M_tppk->getDaftarStatistik('2024-06-14', '1')
 3 SYSTEMPATH\CodeIgniter.php(934): App\Controllers\InputData->statistik_user()
 4 SYSTEMPATH\CodeIgniter.php(499): CodeIgniter\CodeIgniter->runController(Object(App\Controllers\InputData))
 5 SYSTEMPATH\CodeIgniter.php(368): CodeIgniter\CodeIgniter->handleRequest(null, Object(Config\Cache), false)
 6 FCPATH\index.php(55): CodeIgniter\CodeIgniter->run()
INFO - 2024-06-14 16:40:49 --> Session: Class initialized using 'CodeIgniter\Session\Handlers\FileHandler' driver.
CRITICAL - 2024-06-14 16:40:49 --> Undefined array key "sekolah"
in APPPATH\Views\tppk\statistik_user.php on line 144.
 1 APPPATH\Views\tppk\statistik_user.php(144): CodeIgniter\Debug\Exceptions->errorHandler(2, 'Undefined array key "sekolah"', 'APPPATH\\Views\\tppk\\statistik_user.php', 144)
 2 SYSTEMPATH\View\View.php(213): include('APPPATH\\Views\\tppk\\statistik_user.php')
 3 SYSTEMPATH\View\View.php(216): CodeIgniter\View\View->CodeIgniter\View\{closure}()
 4 SYSTEMPATH\Common.php(1184): CodeIgniter\View\View->render('tppk/statistik_user', [], true)
 5 APPPATH\Controllers\InputData.php(1159): view('tppk/statistik_user', [...])
 6 SYSTEMPATH\CodeIgniter.php(934): App\Controllers\InputData->statistik_user()
 7 SYSTEMPATH\CodeIgniter.php(499): CodeIgniter\CodeIgniter->runController(Object(App\Controllers\InputData))
 8 SYSTEMPATH\CodeIgniter.php(368): CodeIgniter\CodeIgniter->handleRequest(null, Object(Config\Cache), false)
 9 FCPATH\index.php(55): CodeIgniter\CodeIgniter->run()
INFO - 2024-06-14 16:44:16 --> Session: Class initialized using 'CodeIgniter\Session\Handlers\FileHandler' driver.
ERROR - 2024-06-14 16:44:16 --> [Microsoft][ODBC Driver 17 for SQL Server][SQL Server]Incorrect syntax near 'ROW_NUMBER'.
CRITICAL - 2024-06-14 16:44:16 --> [Microsoft][ODBC Driver 17 for SQL Server][SQL Server]Incorrect syntax near 'ROW_NUMBER'.
in SYSTEMPATH\Database\BaseConnection.php on line 645.
 1 APPPATH\Models\M_tppk.php(3320): CodeIgniter\Database\BaseConnection->query('WITH LastLogin AS (
                    SELECT 
                        [username],
                        [login_time],
                        [nama],
                        [jenis_instansi_id],
                        [wilayah_akses],
                        [npsn],
                        [ptk_id],
                        [peran],
                        [jabatan],
                        [telp],
                        [asal],
                        rf1.nama as wilayah,
                        rf2.nama as provinsi,
                        ss.nama as sekolah
                        ROW_NUMBER() OVER (PARTITION BY [username] ORDER BY [login_time] DESC) AS rn
                    FROM 
                        [TPPK].[dbo].[statuserlogin]
                    WHERE 
                        CONVERT(date, login_time) = :tanggal:
                        AND asal = :asal:
                )
                SELECT 
                    [username],
                    [login_time],
                    [nama],
                    [jenis_instansi_id],
                    [wilayah_akses],
                    [npsn],
                    [ptk_id],
                    [peran],
                    [jabatan],
                    [telp],
                    [asal]
                FROM 
                    LastLogin ll
                LEFT JOIN 
                    Referensi.ref.mst_wilayah rf1 
                    ON LEFT(ll.wilayah_akses, 4) = LEFT(rf1.kode_wilayah, 4) 
                    AND rf1.id_level_wilayah = 2
                LEFT JOIN 
                    Referensi.ref.mst_wilayah rf2 
                    ON LEFT(ll.wilayah_akses, 2) = LEFT(rf2.kode_wilayah, 2) 
                    AND rf2.id_level_wilayah = 1
                LEFT JOIN 
                    Arsip.dbo.sekolah ss 
                    ON ll.[npsn] = ss.[npsn]
                WHERE 
                    rn = 1
                ORDER BY 
                    [login_time] DESC', [...])
 2 APPPATH\Controllers\InputData.php(1153): App\Models\M_tppk->getDaftarStatistik('2024-06-14', '1')
 3 SYSTEMPATH\CodeIgniter.php(934): App\Controllers\InputData->statistik_user()
 4 SYSTEMPATH\CodeIgniter.php(499): CodeIgniter\CodeIgniter->runController(Object(App\Controllers\InputData))
 5 SYSTEMPATH\CodeIgniter.php(368): CodeIgniter\CodeIgniter->handleRequest(null, Object(Config\Cache), false)
 6 FCPATH\index.php(55): CodeIgniter\CodeIgniter->run()
INFO - 2024-06-14 16:44:29 --> Session: Class initialized using 'CodeIgniter\Session\Handlers\FileHandler' driver.
ERROR - 2024-06-14 16:44:29 --> [Microsoft][ODBC Driver 17 for SQL Server][SQL Server]The multi-part identifier "rf1.nama" could not be bound.
CRITICAL - 2024-06-14 16:44:29 --> [Microsoft][ODBC Driver 17 for SQL Server][SQL Server]The multi-part identifier "rf1.nama" could not be bound.
in SYSTEMPATH\Database\BaseConnection.php on line 645.
 1 APPPATH\Models\M_tppk.php(3320): CodeIgniter\Database\BaseConnection->query('WITH LastLogin AS (
                    SELECT 
                        [username],
                        [login_time],
                        [nama],
                        [jenis_instansi_id],
                        [wilayah_akses],
                        [npsn],
                        [ptk_id],
                        [peran],
                        [jabatan],
                        [telp],
                        [asal],
                        rf1.nama as wilayah,
                        rf2.nama as provinsi,
                        ss.nama as sekolah,
                        ROW_NUMBER() OVER (PARTITION BY [username] ORDER BY [login_time] DESC) AS rn
                    FROM 
                        [TPPK].[dbo].[statuserlogin]
                    WHERE 
                        CONVERT(date, login_time) = :tanggal:
                        AND asal = :asal:
                )
                SELECT 
                    [username],
                    [login_time],
                    [nama],
                    [jenis_instansi_id],
                    [wilayah_akses],
                    [npsn],
                    [ptk_id],
                    [peran],
                    [jabatan],
                    [telp],
                    [asal]
                FROM 
                    LastLogin ll
                LEFT JOIN 
                    Referensi.ref.mst_wilayah rf1 
                    ON LEFT(ll.wilayah_akses, 4) = LEFT(rf1.kode_wilayah, 4) 
                    AND rf1.id_level_wilayah = 2
                LEFT JOIN 
                    Referensi.ref.mst_wilayah rf2 
                    ON LEFT(ll.wilayah_akses, 2) = LEFT(rf2.kode_wilayah, 2) 
                    AND rf2.id_level_wilayah = 1
                LEFT JOIN 
                    Arsip.dbo.sekolah ss 
                    ON ll.[npsn] = ss.[npsn]
                WHERE 
                    rn = 1
                ORDER BY 
                    [login_time] DESC', [...])
 2 APPPATH\Controllers\InputData.php(1153): App\Models\M_tppk->getDaftarStatistik('2024-06-14', '1')
 3 SYSTEMPATH\CodeIgniter.php(934): App\Controllers\InputData->statistik_user()
 4 SYSTEMPATH\CodeIgniter.php(499): CodeIgniter\CodeIgniter->runController(Object(App\Controllers\InputData))
 5 SYSTEMPATH\CodeIgniter.php(368): CodeIgniter\CodeIgniter->handleRequest(null, Object(Config\Cache), false)
 6 FCPATH\index.php(55): CodeIgniter\CodeIgniter->run()
INFO - 2024-06-14 16:45:05 --> Session: Class initialized using 'CodeIgniter\Session\Handlers\FileHandler' driver.
ERROR - 2024-06-14 16:45:05 --> [Microsoft][ODBC Driver 17 for SQL Server][SQL Server]Ambiguous column name 'nama'.
CRITICAL - 2024-06-14 16:45:05 --> [Microsoft][ODBC Driver 17 for SQL Server][SQL Server]Ambiguous column name 'nama'.
in SYSTEMPATH\Database\BaseConnection.php on line 645.
 1 APPPATH\Models\M_tppk.php(3320): CodeIgniter\Database\BaseConnection->query('WITH LastLogin AS (
                    SELECT 
                        [username],
                        [login_time],
                        [nama],
                        [jenis_instansi_id],
                        [wilayah_akses],
                        [npsn],
                        [ptk_id],
                        [peran],
                        [jabatan],
                        [telp],
                        [asal],
                        ROW_NUMBER() OVER (PARTITION BY [username] ORDER BY [login_time] DESC) AS rn
                    FROM 
                        [TPPK].[dbo].[statuserlogin]
                    WHERE 
                        CONVERT(date, login_time) = :tanggal:
                        AND asal = :asal:
                )
                SELECT 
                    [username],
                    [login_time],
                    [nama],
                    [jenis_instansi_id],
                    [wilayah_akses],
                    [npsn],
                    [ptk_id],
                    [peran],
                    [jabatan],
                    [telp],
                    [asal],
                    rf1.nama as wilayah,
                    rf2.nama as provinsi,
                    ss.nama as sekolah
                FROM 
                    LastLogin ll
                LEFT JOIN 
                    Referensi.ref.mst_wilayah rf1 
                    ON LEFT(ll.wilayah_akses, 4) = LEFT(rf1.kode_wilayah, 4) 
                    AND rf1.id_level_wilayah = 2
                LEFT JOIN 
                    Referensi.ref.mst_wilayah rf2 
                    ON LEFT(ll.wilayah_akses, 2) = LEFT(rf2.kode_wilayah, 2) 
                    AND rf2.id_level_wilayah = 1
                LEFT JOIN 
                    Arsip.dbo.sekolah ss 
                    ON ll.[npsn] = ss.[npsn]
                WHERE 
                    rn = 1
                ORDER BY 
                    [login_time] DESC', [...])
 2 APPPATH\Controllers\InputData.php(1153): App\Models\M_tppk->getDaftarStatistik('2024-06-14', '1')
 3 SYSTEMPATH\CodeIgniter.php(934): App\Controllers\InputData->statistik_user()
 4 SYSTEMPATH\CodeIgniter.php(499): CodeIgniter\CodeIgniter->runController(Object(App\Controllers\InputData))
 5 SYSTEMPATH\CodeIgniter.php(368): CodeIgniter\CodeIgniter->handleRequest(null, Object(Config\Cache), false)
 6 FCPATH\index.php(55): CodeIgniter\CodeIgniter->run()
INFO - 2024-06-14 16:45:18 --> Session: Class initialized using 'CodeIgniter\Session\Handlers\FileHandler' driver.
ERROR - 2024-06-14 16:45:18 --> [Microsoft][ODBC Driver 17 for SQL Server][SQL Server]Ambiguous column name 'npsn'.
CRITICAL - 2024-06-14 16:45:18 --> [Microsoft][ODBC Driver 17 for SQL Server][SQL Server]Ambiguous column name 'npsn'.
in SYSTEMPATH\Database\BaseConnection.php on line 645.
 1 APPPATH\Models\M_tppk.php(3320): CodeIgniter\Database\BaseConnection->query('WITH LastLogin AS (
                    SELECT 
                        [username],
                        [login_time],
                        [nama],
                        [jenis_instansi_id],
                        [wilayah_akses],
                        [npsn],
                        [ptk_id],
                        [peran],
                        [jabatan],
                        [telp],
                        [asal],
                        ROW_NUMBER() OVER (PARTITION BY [username] ORDER BY [login_time] DESC) AS rn
                    FROM 
                        [TPPK].[dbo].[statuserlogin]
                    WHERE 
                        CONVERT(date, login_time) = :tanggal:
                        AND asal = :asal:
                )
                SELECT 
                    [username],
                    [login_time],
                    ll.[nama],
                    [jenis_instansi_id],
                    [wilayah_akses],
                    [npsn],
                    [ptk_id],
                    [peran],
                    [jabatan],
                    [telp],
                    [asal],
                    rf1.nama as wilayah,
                    rf2.nama as provinsi,
                    ss.nama as sekolah
                FROM 
                    LastLogin ll
                LEFT JOIN 
                    Referensi.ref.mst_wilayah rf1 
                    ON LEFT(ll.wilayah_akses, 4) = LEFT(rf1.kode_wilayah, 4) 
                    AND rf1.id_level_wilayah = 2
                LEFT JOIN 
                    Referensi.ref.mst_wilayah rf2 
                    ON LEFT(ll.wilayah_akses, 2) = LEFT(rf2.kode_wilayah, 2) 
                    AND rf2.id_level_wilayah = 1
                LEFT JOIN 
                    Arsip.dbo.sekolah ss 
                    ON ll.[npsn] = ss.[npsn]
                WHERE 
                    rn = 1
                ORDER BY 
                    [login_time] DESC', [...])
 2 APPPATH\Controllers\InputData.php(1153): App\Models\M_tppk->getDaftarStatistik('2024-06-14', '1')
 3 SYSTEMPATH\CodeIgniter.php(934): App\Controllers\InputData->statistik_user()
 4 SYSTEMPATH\CodeIgniter.php(499): CodeIgniter\CodeIgniter->runController(Object(App\Controllers\InputData))
 5 SYSTEMPATH\CodeIgniter.php(368): CodeIgniter\CodeIgniter->handleRequest(null, Object(Config\Cache), false)
 6 FCPATH\index.php(55): CodeIgniter\CodeIgniter->run()
INFO - 2024-06-14 16:45:26 --> Session: Class initialized using 'CodeIgniter\Session\Handlers\FileHandler' driver.
INFO - 2024-06-14 16:45:34 --> Session: Class initialized using 'CodeIgniter\Session\Handlers\FileHandler' driver.
CRITICAL - 2024-06-14 16:45:34 --> Undefined array key "peran_ang"
in APPPATH\Views\tppk\statistik_user.php on line 147.
 1 APPPATH\Views\tppk\statistik_user.php(147): CodeIgniter\Debug\Exceptions->errorHandler(2, 'Undefined array key "peran_ang"', 'APPPATH\\Views\\tppk\\statistik_user.php', 147)
 2 SYSTEMPATH\View\View.php(213): include('APPPATH\\Views\\tppk\\statistik_user.php')
 3 SYSTEMPATH\View\View.php(216): CodeIgniter\View\View->CodeIgniter\View\{closure}()
 4 SYSTEMPATH\Common.php(1184): CodeIgniter\View\View->render('tppk/statistik_user', [], true)
 5 APPPATH\Controllers\InputData.php(1159): view('tppk/statistik_user', [...])
 6 SYSTEMPATH\CodeIgniter.php(934): App\Controllers\InputData->statistik_user()
 7 SYSTEMPATH\CodeIgniter.php(499): CodeIgniter\CodeIgniter->runController(Object(App\Controllers\InputData))
 8 SYSTEMPATH\CodeIgniter.php(368): CodeIgniter\CodeIgniter->handleRequest(null, Object(Config\Cache), false)
 9 FCPATH\index.php(55): CodeIgniter\CodeIgniter->run()
INFO - 2024-06-14 16:46:29 --> Session: Class initialized using 'CodeIgniter\Session\Handlers\FileHandler' driver.
INFO - 2024-06-14 16:46:42 --> Session: Class initialized using 'CodeIgniter\Session\Handlers\FileHandler' driver.
INFO - 2024-06-14 16:46:44 --> Session: Class initialized using 'CodeIgniter\Session\Handlers\FileHandler' driver.
INFO - 2024-06-14 16:46:59 --> Session: Class initialized using 'CodeIgniter\Session\Handlers\FileHandler' driver.
INFO - 2024-06-14 16:47:20 --> Session: Class initialized using 'CodeIgniter\Session\Handlers\FileHandler' driver.
INFO - 2024-06-14 16:47:23 --> Session: Class initialized using 'CodeIgniter\Session\Handlers\FileHandler' driver.
INFO - 2024-06-14 16:47:26 --> Session: Class initialized using 'CodeIgniter\Session\Handlers\FileHandler' driver.
INFO - 2024-06-14 16:47:30 --> Session: Class initialized using 'CodeIgniter\Session\Handlers\FileHandler' driver.
INFO - 2024-06-14 16:52:26 --> Session: Class initialized using 'CodeIgniter\Session\Handlers\FileHandler' driver.
CRITICAL - 2024-06-14 16:52:26 --> Class "App\Controllers\DateTime" not found
in APPPATH\Controllers\InputData.php on line 1157.
 1 SYSTEMPATH\CodeIgniter.php(934): App\Controllers\InputData->statistik_user()
 2 SYSTEMPATH\CodeIgniter.php(499): CodeIgniter\CodeIgniter->runController(Object(App\Controllers\InputData))
 3 SYSTEMPATH\CodeIgniter.php(368): CodeIgniter\CodeIgniter->handleRequest(null, Object(Config\Cache), false)
 4 FCPATH\index.php(55): CodeIgniter\CodeIgniter->run()
INFO - 2024-06-14 16:55:39 --> Session: Class initialized using 'CodeIgniter\Session\Handlers\FileHandler' driver.
INFO - 2024-06-14 16:56:14 --> Session: Class initialized using 'CodeIgniter\Session\Handlers\FileHandler' driver.
INFO - 2024-06-14 16:56:17 --> Session: Class initialized using 'CodeIgniter\Session\Handlers\FileHandler' driver.
INFO - 2024-06-14 16:56:18 --> Session: Class initialized using 'CodeIgniter\Session\Handlers\FileHandler' driver.
INFO - 2024-06-14 16:59:55 --> Session: Class initialized using 'CodeIgniter\Session\Handlers\FileHandler' driver.
INFO - 2024-06-14 16:59:59 --> Session: Class initialized using 'CodeIgniter\Session\Handlers\FileHandler' driver.
INFO - 2024-06-14 17:00:26 --> Session: Class initialized using 'CodeIgniter\Session\Handlers\FileHandler' driver.
INFO - 2024-06-14 17:01:28 --> Session: Class initialized using 'CodeIgniter\Session\Handlers\FileHandler' driver.
INFO - 2024-06-14 17:03:03 --> Session: Class initialized using 'CodeIgniter\Session\Handlers\FileHandler' driver.
INFO - 2024-06-14 17:03:06 --> Session: Class initialized using 'CodeIgniter\Session\Handlers\FileHandler' driver.
INFO - 2024-06-14 17:03:08 --> Session: Class initialized using 'CodeIgniter\Session\Handlers\FileHandler' driver.
INFO - 2024-06-14 17:03:12 --> Session: Class initialized using 'CodeIgniter\Session\Handlers\FileHandler' driver.
INFO - 2024-06-14 17:05:22 --> Session: Class initialized using 'CodeIgniter\Session\Handlers\FileHandler' driver.
