INFO - 2024-01-20 05:16:03 --> Session: Class initialized using 'CodeIgniter\Session\Handlers\FileHandler' driver.
INFO - 2024-01-20 05:16:03 --> Session: Class initialized using 'CodeIgniter\Session\Handlers\FileHandler' driver.
INFO - 2024-01-20 05:17:02 --> Session: Class initialized using 'CodeIgniter\Session\Handlers\FileHandler' driver.
INFO - 2024-01-20 05:20:00 --> Session: Class initialized using 'CodeIgniter\Session\Handlers\FileHandler' driver.
ERROR - 2024-01-20 05:20:38 --> Error connecting to the database: CodeIgniter\Database\Exceptions\DatabaseException: [Microsoft][ODBC Driver 17 for SQL Server]Named Pipes Provider: Could not open a connection to SQL Server [53].  SQLSTATE: 08001, code: 53
[Microsoft][ODBC Driver 17 for SQL Server]Login timeout expired SQLSTATE: HYT00, code: 0
[Microsoft][ODBC Driver 17 for SQL Server]A network-related or instance-specific error has occurred while establishing a connection to SQL Server. Server is not found or not accessible. Check if instance name is correct and if SQL Server is configured to allow remote connections. For more information see SQL Server Books Online. SQLSTATE: 08001, code: 53 in D:\laragon\www\tppk\system\Database\SQLSRV\Connection.php:142
Stack trace:
#0 D:\laragon\www\tppk\system\Database\BaseConnection.php(391): CodeIgniter\Database\SQLSRV\Connection->connect(false)
#1 D:\laragon\www\tppk\system\Database\BaseConnection.php(573): CodeIgniter\Database\BaseConnection->initialize()
#2 D:\laragon\www\tppk\app\Models\M_tppk.php(1666): CodeIgniter\Database\BaseConnection->query('SELECT r1.nama ...')
#3 D:\laragon\www\tppk\app\Controllers\InputData.php(1582): App\Models\M_tppk->daf_sekolah_nontppk(1, '022100', 'PAUD')
#4 D:\laragon\www\tppk\system\CodeIgniter.php(934): App\Controllers\InputData->daftarsekolahnontppk()
#5 D:\laragon\www\tppk\system\CodeIgniter.php(499): CodeIgniter\CodeIgniter->runController(Object(App\Controllers\InputData))
#6 D:\laragon\www\tppk\system\CodeIgniter.php(368): CodeIgniter\CodeIgniter->handleRequest(NULL, Object(Config\Cache), false)
#7 D:\laragon\www\tppk\index.php(55): CodeIgniter\CodeIgniter->run()
#8 {main}
CRITICAL - 2024-01-20 05:20:38 --> Unable to connect to the database.
Main connection [SQLSRV]: [Microsoft][ODBC Driver 17 for SQL Server]Named Pipes Provider: Could not open a connection to SQL Server [53].  SQLSTATE: 08001, code: 53
[Microsoft][ODBC Driver 17 for SQL Server]Login timeout expired SQLSTATE: HYT00, code: 0
[Microsoft][ODBC Driver 17 for SQL Server]A network-related or instance-specific error has occurred while establishing a connection to SQL Server. Server is not found or not accessible. Check if instance name is correct and if SQL Server is configured to allow remote connections. For more information see SQL Server Books Online. SQLSTATE: 08001, code: 53
in SYSTEMPATH\Database\BaseConnection.php on line 427.
 1 SYSTEMPATH\Database\BaseConnection.php(573): CodeIgniter\Database\BaseConnection->initialize()
 2 APPPATH\Models\M_tppk.php(1666): CodeIgniter\Database\BaseConnection->query('SELECT r1.nama as propinsi, r2.nama as kota_kab, r3.nama as kecamatan
                    ,[wilayah] as Sekolah
                    ,rt.kode_wilayah AS NPSN
                    ,[bentuk_pendidikan]
                    ,[status_sekolah]
                    ,[jml_tppk]
                FROM [TPPK].[rpt].[rekap_tppk] rt 
                LEFT JOIN Referensi.ref.mst_wilayah r1 on LEFT(r1.kode_wilayah, 2) = LEFT (rt.mst_kode_wilayah, 2) 
                AND r1.id_level_wilayah=1 
                LEFT JOIN Referensi.ref.mst_wilayah r2 on LEFT(r2.kode_wilayah, 4) = LEFT (rt.mst_kode_wilayah, 4) 
                AND r2.id_level_wilayah=2 
                LEFT JOIN Referensi.ref.mst_wilayah r3 on LEFT(r3.kode_wilayah, 6) = LEFT (rt.mst_kode_wilayah, 6) 
                AND r3.id_level_wilayah=3 
                WHERE rt.id_level_wilayah=4 AND (bentuk_pendidikan=\'TK\' OR bentuk_pendidikan=\'TPA\' OR bentuk_pendidikan=\'SPS\' OR bentuk_pendidikan=\'KB\' OR bentuk_pendidikan=\'SPK TK\' OR bentuk_pendidikan=\'SPK KB\') AND LEFT(r2.kode_wilayah, 4) = \'0221\' AND jml_tppk=0
                ORDER BY r1.kode_wilayah, r2.kode_wilayah, r3.kode_wilayah, sekolah')
 3 APPPATH\Controllers\InputData.php(1582): App\Models\M_tppk->daf_sekolah_nontppk(1, '022100', 'PAUD')
 4 SYSTEMPATH\CodeIgniter.php(934): App\Controllers\InputData->daftarsekolahnontppk()
 5 SYSTEMPATH\CodeIgniter.php(499): CodeIgniter\CodeIgniter->runController(Object(App\Controllers\InputData))
 6 SYSTEMPATH\CodeIgniter.php(368): CodeIgniter\CodeIgniter->handleRequest(null, Object(Config\Cache), false)
 7 FCPATH\index.php(55): CodeIgniter\CodeIgniter->run()
ERROR - 2024-01-20 05:20:38 --> Error connecting to the database: CodeIgniter\Database\Exceptions\DatabaseException: [Microsoft][ODBC Driver 17 for SQL Server]Named Pipes Provider: Could not open a connection to SQL Server [53].  SQLSTATE: 08001, code: 53
[Microsoft][ODBC Driver 17 for SQL Server]Login timeout expired SQLSTATE: HYT00, code: 0
[Microsoft][ODBC Driver 17 for SQL Server]A network-related or instance-specific error has occurred while establishing a connection to SQL Server. Server is not found or not accessible. Check if instance name is correct and if SQL Server is configured to allow remote connections. For more information see SQL Server Books Online. SQLSTATE: 08001, code: 53 in D:\laragon\www\tppk\system\Database\SQLSRV\Connection.php:142
Stack trace:
#0 D:\laragon\www\tppk\system\Database\BaseConnection.php(391): CodeIgniter\Database\SQLSRV\Connection->connect(false)
#1 D:\laragon\www\tppk\system\Database\BaseConnection.php(573): CodeIgniter\Database\BaseConnection->initialize()
#2 D:\laragon\www\tppk\app\Models\M_tppk.php(1776): CodeIgniter\Database\BaseConnection->query('SELECT nik, nik...', Array)
#3 D:\laragon\www\tppk\app\Controllers\InputData.php(1354): App\Models\M_tppk->getnamaortu(NULL, NULL)
#4 D:\laragon\www\tppk\system\CodeIgniter.php(934): App\Controllers\InputData->ceknikortu()
#5 D:\laragon\www\tppk\system\CodeIgniter.php(499): CodeIgniter\CodeIgniter->runController(Object(App\Controllers\InputData))
#6 D:\laragon\www\tppk\system\CodeIgniter.php(368): CodeIgniter\CodeIgniter->handleRequest(NULL, Object(Config\Cache), false)
#7 D:\laragon\www\tppk\index.php(55): CodeIgniter\CodeIgniter->run()
#8 {main}
CRITICAL - 2024-01-20 05:20:38 --> Unable to connect to the database.
Main connection [SQLSRV]: [Microsoft][ODBC Driver 17 for SQL Server]Named Pipes Provider: Could not open a connection to SQL Server [53].  SQLSTATE: 08001, code: 53
[Microsoft][ODBC Driver 17 for SQL Server]Login timeout expired SQLSTATE: HYT00, code: 0
[Microsoft][ODBC Driver 17 for SQL Server]A network-related or instance-specific error has occurred while establishing a connection to SQL Server. Server is not found or not accessible. Check if instance name is correct and if SQL Server is configured to allow remote connections. For more information see SQL Server Books Online. SQLSTATE: 08001, code: 53
in SYSTEMPATH\Database\BaseConnection.php on line 427.
 1 SYSTEMPATH\Database\BaseConnection.php(573): CodeIgniter\Database\BaseConnection->initialize()
 2 APPPATH\Models\M_tppk.php(1776): CodeIgniter\Database\BaseConnection->query('SELECT nik, nik_ayah, nik_ibu, nik_wali, nama_ayah, nama_ibu_kandung, nama_wali 
                FROM [Arsip].[dbo].[peserta_didik]
                where nik = :niksiswa: AND (nik_ayah = :nikortu: OR nik_ibu = :nikortu: OR nik_wali = :nikortu:)', [...])
 3 APPPATH\Controllers\InputData.php(1354): App\Models\M_tppk->getnamaortu(null, null)
 4 SYSTEMPATH\CodeIgniter.php(934): App\Controllers\InputData->ceknikortu()
 5 SYSTEMPATH\CodeIgniter.php(499): CodeIgniter\CodeIgniter->runController(Object(App\Controllers\InputData))
 6 SYSTEMPATH\CodeIgniter.php(368): CodeIgniter\CodeIgniter->handleRequest(null, Object(Config\Cache), false)
 7 FCPATH\index.php(55): CodeIgniter\CodeIgniter->run()
INFO - 2024-01-20 05:20:38 --> Session: Class initialized using 'CodeIgniter\Session\Handlers\FileHandler' driver.
INFO - 2024-01-20 05:20:38 --> Session: Class initialized using 'CodeIgniter\Session\Handlers\FileHandler' driver.
INFO - 2024-01-20 05:20:39 --> Session: Class initialized using 'CodeIgniter\Session\Handlers\FileHandler' driver.
INFO - 2024-01-20 05:20:39 --> Session: Class initialized using 'CodeIgniter\Session\Handlers\FileHandler' driver.
INFO - 2024-01-20 05:20:39 --> Session: Class initialized using 'CodeIgniter\Session\Handlers\FileHandler' driver.
INFO - 2024-01-20 05:20:39 --> Session: Class initialized using 'CodeIgniter\Session\Handlers\FileHandler' driver.
INFO - 2024-01-20 06:03:41 --> Session: Class initialized using 'CodeIgniter\Session\Handlers\FileHandler' driver.
INFO - 2024-01-20 06:03:59 --> Session: Class initialized using 'CodeIgniter\Session\Handlers\FileHandler' driver.
INFO - 2024-01-20 06:03:59 --> Session: Class initialized using 'CodeIgniter\Session\Handlers\FileHandler' driver.
INFO - 2024-01-20 06:29:08 --> Session: Class initialized using 'CodeIgniter\Session\Handlers\FileHandler' driver.
