INFO - 2024-02-07 12:59:36 --> Session: Class initialized using 'CodeIgniter\Session\Handlers\FileHandler' driver.
INFO - 2024-02-07 12:59:43 --> Session: Class initialized using 'CodeIgniter\Session\Handlers\FileHandler' driver.
INFO - 2024-02-07 12:59:45 --> Session: Class initialized using 'CodeIgniter\Session\Handlers\FileHandler' driver.
INFO - 2024-02-07 12:59:51 --> Session: Class initialized using 'CodeIgniter\Session\Handlers\FileHandler' driver.
INFO - 2024-02-07 12:59:53 --> Session: Class initialized using 'CodeIgniter\Session\Handlers\FileHandler' driver.
INFO - 2024-02-07 13:00:15 --> CSRF token verified.
INFO - 2024-02-07 13:00:15 --> Session: Class initialized using 'CodeIgniter\Session\Handlers\FileHandler' driver.
INFO - 2024-02-07 13:07:15 --> Session: Class initialized using 'CodeIgniter\Session\Handlers\FileHandler' driver.
INFO - 2024-02-07 13:07:29 --> Session: Class initialized using 'CodeIgniter\Session\Handlers\FileHandler' driver.
INFO - 2024-02-07 13:11:09 --> Session: Class initialized using 'CodeIgniter\Session\Handlers\FileHandler' driver.
INFO - 2024-02-07 13:11:19 --> Session: Class initialized using 'CodeIgniter\Session\Handlers\FileHandler' driver.
INFO - 2024-02-07 13:12:33 --> Session: Class initialized using 'CodeIgniter\Session\Handlers\FileHandler' driver.
INFO - 2024-02-07 13:13:03 --> Session: Class initialized using 'CodeIgniter\Session\Handlers\FileHandler' driver.
INFO - 2024-02-07 13:15:11 --> Session: Class initialized using 'CodeIgniter\Session\Handlers\FileHandler' driver.
INFO - 2024-02-07 13:16:35 --> Session: Class initialized using 'CodeIgniter\Session\Handlers\FileHandler' driver.
INFO - 2024-02-07 13:17:15 --> Session: Class initialized using 'CodeIgniter\Session\Handlers\FileHandler' driver.
INFO - 2024-02-07 13:17:49 --> Session: Class initialized using 'CodeIgniter\Session\Handlers\FileHandler' driver.
INFO - 2024-02-07 13:18:19 --> Session: Class initialized using 'CodeIgniter\Session\Handlers\FileHandler' driver.
INFO - 2024-02-07 13:18:24 --> Session: Class initialized using 'CodeIgniter\Session\Handlers\FileHandler' driver.
INFO - 2024-02-07 13:18:26 --> CSRF token verified.
INFO - 2024-02-07 13:18:26 --> Session: Class initialized using 'CodeIgniter\Session\Handlers\FileHandler' driver.
INFO - 2024-02-07 13:18:30 --> Session: Class initialized using 'CodeIgniter\Session\Handlers\FileHandler' driver.
WARNING - 2024-02-07 13:18:32 --> [DEPRECATED] substr(): Passing null to parameter #1 ($string) of type string is deprecated in APPPATH\Views\tppk\input_sk.php on line 138.
 1 APPPATH\Views\tppk\input_sk.php(138): substr(null, 8, 2)
 2 SYSTEMPATH\View\View.php(213): include('APPPATH\\Views\\tppk\\input_sk.php')
 3 SYSTEMPATH\View\View.php(216): CodeIgniter\View\View->CodeIgniter\View\{closure}()
 4 SYSTEMPATH\Common.php(1184): CodeIgniter\View\View->render('tppk/input_sk', [], true)
 5 APPPATH\Controllers\InputData.php(740): view('tppk/input_sk', [...])
 6 APPPATH\Controllers\InputData.php(70): App\Controllers\InputData->npsn('10100594')
 7 SYSTEMPATH\CodeIgniter.php(934): App\Controllers\InputData->index()
 8 SYSTEMPATH\CodeIgniter.php(499): CodeIgniter\CodeIgniter->runController(Object(App\Controllers\InputData))
 9 SYSTEMPATH\CodeIgniter.php(368): CodeIgniter\CodeIgniter->handleRequest(null, Object(Config\Cache), false)
10 FCPATH\index.php(55): CodeIgniter\CodeIgniter->run()
WARNING - 2024-02-07 13:18:32 --> [DEPRECATED] substr(): Passing null to parameter #1 ($string) of type string is deprecated in APPPATH\Views\tppk\input_sk.php on line 138.
 1 APPPATH\Views\tppk\input_sk.php(138): substr(null, 5, 2)
 2 SYSTEMPATH\View\View.php(213): include('APPPATH\\Views\\tppk\\input_sk.php')
 3 SYSTEMPATH\View\View.php(216): CodeIgniter\View\View->CodeIgniter\View\{closure}()
 4 SYSTEMPATH\Common.php(1184): CodeIgniter\View\View->render('tppk/input_sk', [], true)
 5 APPPATH\Controllers\InputData.php(740): view('tppk/input_sk', [...])
 6 APPPATH\Controllers\InputData.php(70): App\Controllers\InputData->npsn('10100594')
 7 SYSTEMPATH\CodeIgniter.php(934): App\Controllers\InputData->index()
 8 SYSTEMPATH\CodeIgniter.php(499): CodeIgniter\CodeIgniter->runController(Object(App\Controllers\InputData))
 9 SYSTEMPATH\CodeIgniter.php(368): CodeIgniter\CodeIgniter->handleRequest(null, Object(Config\Cache), false)
10 FCPATH\index.php(55): CodeIgniter\CodeIgniter->run()
WARNING - 2024-02-07 13:18:32 --> [DEPRECATED] substr(): Passing null to parameter #1 ($string) of type string is deprecated in APPPATH\Views\tppk\input_sk.php on line 138.
 1 APPPATH\Views\tppk\input_sk.php(138): substr(null, 0, 4)
 2 SYSTEMPATH\View\View.php(213): include('APPPATH\\Views\\tppk\\input_sk.php')
 3 SYSTEMPATH\View\View.php(216): CodeIgniter\View\View->CodeIgniter\View\{closure}()
 4 SYSTEMPATH\Common.php(1184): CodeIgniter\View\View->render('tppk/input_sk', [], true)
 5 APPPATH\Controllers\InputData.php(740): view('tppk/input_sk', [...])
 6 APPPATH\Controllers\InputData.php(70): App\Controllers\InputData->npsn('10100594')
 7 SYSTEMPATH\CodeIgniter.php(934): App\Controllers\InputData->index()
 8 SYSTEMPATH\CodeIgniter.php(499): CodeIgniter\CodeIgniter->runController(Object(App\Controllers\InputData))
 9 SYSTEMPATH\CodeIgniter.php(368): CodeIgniter\CodeIgniter->handleRequest(null, Object(Config\Cache), false)
10 FCPATH\index.php(55): CodeIgniter\CodeIgniter->run()
INFO - 2024-02-07 13:18:32 --> Session: Class initialized using 'CodeIgniter\Session\Handlers\FileHandler' driver.
INFO - 2024-02-07 13:18:54 --> Session: Class initialized using 'CodeIgniter\Session\Handlers\FileHandler' driver.
WARNING - 2024-02-07 13:18:56 --> [DEPRECATED] substr(): Passing null to parameter #1 ($string) of type string is deprecated in APPPATH\Views\tppk\input_sk.php on line 138.
 1 APPPATH\Views\tppk\input_sk.php(138): substr(null, 8, 2)
 2 SYSTEMPATH\View\View.php(213): include('APPPATH\\Views\\tppk\\input_sk.php')
 3 SYSTEMPATH\View\View.php(216): CodeIgniter\View\View->CodeIgniter\View\{closure}()
 4 SYSTEMPATH\Common.php(1184): CodeIgniter\View\View->render('tppk/input_sk', [], true)
 5 APPPATH\Controllers\InputData.php(740): view('tppk/input_sk', [...])
 6 APPPATH\Controllers\InputData.php(70): App\Controllers\InputData->npsn('10100594')
 7 SYSTEMPATH\CodeIgniter.php(934): App\Controllers\InputData->index()
 8 SYSTEMPATH\CodeIgniter.php(499): CodeIgniter\CodeIgniter->runController(Object(App\Controllers\InputData))
 9 SYSTEMPATH\CodeIgniter.php(368): CodeIgniter\CodeIgniter->handleRequest(null, Object(Config\Cache), false)
10 FCPATH\index.php(55): CodeIgniter\CodeIgniter->run()
WARNING - 2024-02-07 13:18:56 --> [DEPRECATED] substr(): Passing null to parameter #1 ($string) of type string is deprecated in APPPATH\Views\tppk\input_sk.php on line 138.
 1 APPPATH\Views\tppk\input_sk.php(138): substr(null, 5, 2)
 2 SYSTEMPATH\View\View.php(213): include('APPPATH\\Views\\tppk\\input_sk.php')
 3 SYSTEMPATH\View\View.php(216): CodeIgniter\View\View->CodeIgniter\View\{closure}()
 4 SYSTEMPATH\Common.php(1184): CodeIgniter\View\View->render('tppk/input_sk', [], true)
 5 APPPATH\Controllers\InputData.php(740): view('tppk/input_sk', [...])
 6 APPPATH\Controllers\InputData.php(70): App\Controllers\InputData->npsn('10100594')
 7 SYSTEMPATH\CodeIgniter.php(934): App\Controllers\InputData->index()
 8 SYSTEMPATH\CodeIgniter.php(499): CodeIgniter\CodeIgniter->runController(Object(App\Controllers\InputData))
 9 SYSTEMPATH\CodeIgniter.php(368): CodeIgniter\CodeIgniter->handleRequest(null, Object(Config\Cache), false)
10 FCPATH\index.php(55): CodeIgniter\CodeIgniter->run()
WARNING - 2024-02-07 13:18:56 --> [DEPRECATED] substr(): Passing null to parameter #1 ($string) of type string is deprecated in APPPATH\Views\tppk\input_sk.php on line 138.
 1 APPPATH\Views\tppk\input_sk.php(138): substr(null, 0, 4)
 2 SYSTEMPATH\View\View.php(213): include('APPPATH\\Views\\tppk\\input_sk.php')
 3 SYSTEMPATH\View\View.php(216): CodeIgniter\View\View->CodeIgniter\View\{closure}()
 4 SYSTEMPATH\Common.php(1184): CodeIgniter\View\View->render('tppk/input_sk', [], true)
 5 APPPATH\Controllers\InputData.php(740): view('tppk/input_sk', [...])
 6 APPPATH\Controllers\InputData.php(70): App\Controllers\InputData->npsn('10100594')
 7 SYSTEMPATH\CodeIgniter.php(934): App\Controllers\InputData->index()
 8 SYSTEMPATH\CodeIgniter.php(499): CodeIgniter\CodeIgniter->runController(Object(App\Controllers\InputData))
 9 SYSTEMPATH\CodeIgniter.php(368): CodeIgniter\CodeIgniter->handleRequest(null, Object(Config\Cache), false)
10 FCPATH\index.php(55): CodeIgniter\CodeIgniter->run()
INFO - 2024-02-07 13:19:26 --> Session: Class initialized using 'CodeIgniter\Session\Handlers\FileHandler' driver.
WARNING - 2024-02-07 13:19:29 --> [DEPRECATED] substr(): Passing null to parameter #1 ($string) of type string is deprecated in APPPATH\Views\tppk\input_sk.php on line 138.
 1 APPPATH\Views\tppk\input_sk.php(138): substr(null, 8, 2)
 2 SYSTEMPATH\View\View.php(213): include('APPPATH\\Views\\tppk\\input_sk.php')
 3 SYSTEMPATH\View\View.php(216): CodeIgniter\View\View->CodeIgniter\View\{closure}()
 4 SYSTEMPATH\Common.php(1184): CodeIgniter\View\View->render('tppk/input_sk', [], true)
 5 APPPATH\Controllers\InputData.php(740): view('tppk/input_sk', [...])
 6 APPPATH\Controllers\InputData.php(70): App\Controllers\InputData->npsn('10100594')
 7 SYSTEMPATH\CodeIgniter.php(934): App\Controllers\InputData->index()
 8 SYSTEMPATH\CodeIgniter.php(499): CodeIgniter\CodeIgniter->runController(Object(App\Controllers\InputData))
 9 SYSTEMPATH\CodeIgniter.php(368): CodeIgniter\CodeIgniter->handleRequest(null, Object(Config\Cache), false)
10 FCPATH\index.php(55): CodeIgniter\CodeIgniter->run()
WARNING - 2024-02-07 13:19:29 --> [DEPRECATED] substr(): Passing null to parameter #1 ($string) of type string is deprecated in APPPATH\Views\tppk\input_sk.php on line 138.
 1 APPPATH\Views\tppk\input_sk.php(138): substr(null, 5, 2)
 2 SYSTEMPATH\View\View.php(213): include('APPPATH\\Views\\tppk\\input_sk.php')
 3 SYSTEMPATH\View\View.php(216): CodeIgniter\View\View->CodeIgniter\View\{closure}()
 4 SYSTEMPATH\Common.php(1184): CodeIgniter\View\View->render('tppk/input_sk', [], true)
 5 APPPATH\Controllers\InputData.php(740): view('tppk/input_sk', [...])
 6 APPPATH\Controllers\InputData.php(70): App\Controllers\InputData->npsn('10100594')
 7 SYSTEMPATH\CodeIgniter.php(934): App\Controllers\InputData->index()
 8 SYSTEMPATH\CodeIgniter.php(499): CodeIgniter\CodeIgniter->runController(Object(App\Controllers\InputData))
 9 SYSTEMPATH\CodeIgniter.php(368): CodeIgniter\CodeIgniter->handleRequest(null, Object(Config\Cache), false)
10 FCPATH\index.php(55): CodeIgniter\CodeIgniter->run()
WARNING - 2024-02-07 13:19:29 --> [DEPRECATED] substr(): Passing null to parameter #1 ($string) of type string is deprecated in APPPATH\Views\tppk\input_sk.php on line 138.
 1 APPPATH\Views\tppk\input_sk.php(138): substr(null, 0, 4)
 2 SYSTEMPATH\View\View.php(213): include('APPPATH\\Views\\tppk\\input_sk.php')
 3 SYSTEMPATH\View\View.php(216): CodeIgniter\View\View->CodeIgniter\View\{closure}()
 4 SYSTEMPATH\Common.php(1184): CodeIgniter\View\View->render('tppk/input_sk', [], true)
 5 APPPATH\Controllers\InputData.php(740): view('tppk/input_sk', [...])
 6 APPPATH\Controllers\InputData.php(70): App\Controllers\InputData->npsn('10100594')
 7 SYSTEMPATH\CodeIgniter.php(934): App\Controllers\InputData->index()
 8 SYSTEMPATH\CodeIgniter.php(499): CodeIgniter\CodeIgniter->runController(Object(App\Controllers\InputData))
 9 SYSTEMPATH\CodeIgniter.php(368): CodeIgniter\CodeIgniter->handleRequest(null, Object(Config\Cache), false)
10 FCPATH\index.php(55): CodeIgniter\CodeIgniter->run()
INFO - 2024-02-07 13:20:19 --> Session: Class initialized using 'CodeIgniter\Session\Handlers\FileHandler' driver.
WARNING - 2024-02-07 13:20:22 --> [DEPRECATED] substr(): Passing null to parameter #1 ($string) of type string is deprecated in APPPATH\Views\tppk\input_sk.php on line 138.
 1 APPPATH\Views\tppk\input_sk.php(138): substr(null, 8, 2)
 2 SYSTEMPATH\View\View.php(213): include('APPPATH\\Views\\tppk\\input_sk.php')
 3 SYSTEMPATH\View\View.php(216): CodeIgniter\View\View->CodeIgniter\View\{closure}()
 4 SYSTEMPATH\Common.php(1184): CodeIgniter\View\View->render('tppk/input_sk', [], true)
 5 APPPATH\Controllers\InputData.php(740): view('tppk/input_sk', [...])
 6 APPPATH\Controllers\InputData.php(70): App\Controllers\InputData->npsn('10100594')
 7 SYSTEMPATH\CodeIgniter.php(934): App\Controllers\InputData->index()
 8 SYSTEMPATH\CodeIgniter.php(499): CodeIgniter\CodeIgniter->runController(Object(App\Controllers\InputData))
 9 SYSTEMPATH\CodeIgniter.php(368): CodeIgniter\CodeIgniter->handleRequest(null, Object(Config\Cache), false)
10 FCPATH\index.php(55): CodeIgniter\CodeIgniter->run()
WARNING - 2024-02-07 13:20:22 --> [DEPRECATED] substr(): Passing null to parameter #1 ($string) of type string is deprecated in APPPATH\Views\tppk\input_sk.php on line 138.
 1 APPPATH\Views\tppk\input_sk.php(138): substr(null, 5, 2)
 2 SYSTEMPATH\View\View.php(213): include('APPPATH\\Views\\tppk\\input_sk.php')
 3 SYSTEMPATH\View\View.php(216): CodeIgniter\View\View->CodeIgniter\View\{closure}()
 4 SYSTEMPATH\Common.php(1184): CodeIgniter\View\View->render('tppk/input_sk', [], true)
 5 APPPATH\Controllers\InputData.php(740): view('tppk/input_sk', [...])
 6 APPPATH\Controllers\InputData.php(70): App\Controllers\InputData->npsn('10100594')
 7 SYSTEMPATH\CodeIgniter.php(934): App\Controllers\InputData->index()
 8 SYSTEMPATH\CodeIgniter.php(499): CodeIgniter\CodeIgniter->runController(Object(App\Controllers\InputData))
 9 SYSTEMPATH\CodeIgniter.php(368): CodeIgniter\CodeIgniter->handleRequest(null, Object(Config\Cache), false)
10 FCPATH\index.php(55): CodeIgniter\CodeIgniter->run()
WARNING - 2024-02-07 13:20:22 --> [DEPRECATED] substr(): Passing null to parameter #1 ($string) of type string is deprecated in APPPATH\Views\tppk\input_sk.php on line 138.
 1 APPPATH\Views\tppk\input_sk.php(138): substr(null, 0, 4)
 2 SYSTEMPATH\View\View.php(213): include('APPPATH\\Views\\tppk\\input_sk.php')
 3 SYSTEMPATH\View\View.php(216): CodeIgniter\View\View->CodeIgniter\View\{closure}()
 4 SYSTEMPATH\Common.php(1184): CodeIgniter\View\View->render('tppk/input_sk', [], true)
 5 APPPATH\Controllers\InputData.php(740): view('tppk/input_sk', [...])
 6 APPPATH\Controllers\InputData.php(70): App\Controllers\InputData->npsn('10100594')
 7 SYSTEMPATH\CodeIgniter.php(934): App\Controllers\InputData->index()
 8 SYSTEMPATH\CodeIgniter.php(499): CodeIgniter\CodeIgniter->runController(Object(App\Controllers\InputData))
 9 SYSTEMPATH\CodeIgniter.php(368): CodeIgniter\CodeIgniter->handleRequest(null, Object(Config\Cache), false)
10 FCPATH\index.php(55): CodeIgniter\CodeIgniter->run()
INFO - 2024-02-07 13:20:37 --> Session: Class initialized using 'CodeIgniter\Session\Handlers\FileHandler' driver.
WARNING - 2024-02-07 13:20:40 --> [DEPRECATED] substr(): Passing null to parameter #1 ($string) of type string is deprecated in APPPATH\Views\tppk\input_sk.php on line 138.
 1 APPPATH\Views\tppk\input_sk.php(138): substr(null, 8, 2)
 2 SYSTEMPATH\View\View.php(213): include('APPPATH\\Views\\tppk\\input_sk.php')
 3 SYSTEMPATH\View\View.php(216): CodeIgniter\View\View->CodeIgniter\View\{closure}()
 4 SYSTEMPATH\Common.php(1184): CodeIgniter\View\View->render('tppk/input_sk', [], true)
 5 APPPATH\Controllers\InputData.php(740): view('tppk/input_sk', [...])
 6 APPPATH\Controllers\InputData.php(70): App\Controllers\InputData->npsn('10100594')
 7 SYSTEMPATH\CodeIgniter.php(934): App\Controllers\InputData->index()
 8 SYSTEMPATH\CodeIgniter.php(499): CodeIgniter\CodeIgniter->runController(Object(App\Controllers\InputData))
 9 SYSTEMPATH\CodeIgniter.php(368): CodeIgniter\CodeIgniter->handleRequest(null, Object(Config\Cache), false)
10 FCPATH\index.php(55): CodeIgniter\CodeIgniter->run()
WARNING - 2024-02-07 13:20:40 --> [DEPRECATED] substr(): Passing null to parameter #1 ($string) of type string is deprecated in APPPATH\Views\tppk\input_sk.php on line 138.
 1 APPPATH\Views\tppk\input_sk.php(138): substr(null, 5, 2)
 2 SYSTEMPATH\View\View.php(213): include('APPPATH\\Views\\tppk\\input_sk.php')
 3 SYSTEMPATH\View\View.php(216): CodeIgniter\View\View->CodeIgniter\View\{closure}()
 4 SYSTEMPATH\Common.php(1184): CodeIgniter\View\View->render('tppk/input_sk', [], true)
 5 APPPATH\Controllers\InputData.php(740): view('tppk/input_sk', [...])
 6 APPPATH\Controllers\InputData.php(70): App\Controllers\InputData->npsn('10100594')
 7 SYSTEMPATH\CodeIgniter.php(934): App\Controllers\InputData->index()
 8 SYSTEMPATH\CodeIgniter.php(499): CodeIgniter\CodeIgniter->runController(Object(App\Controllers\InputData))
 9 SYSTEMPATH\CodeIgniter.php(368): CodeIgniter\CodeIgniter->handleRequest(null, Object(Config\Cache), false)
10 FCPATH\index.php(55): CodeIgniter\CodeIgniter->run()
WARNING - 2024-02-07 13:20:40 --> [DEPRECATED] substr(): Passing null to parameter #1 ($string) of type string is deprecated in APPPATH\Views\tppk\input_sk.php on line 138.
 1 APPPATH\Views\tppk\input_sk.php(138): substr(null, 0, 4)
 2 SYSTEMPATH\View\View.php(213): include('APPPATH\\Views\\tppk\\input_sk.php')
 3 SYSTEMPATH\View\View.php(216): CodeIgniter\View\View->CodeIgniter\View\{closure}()
 4 SYSTEMPATH\Common.php(1184): CodeIgniter\View\View->render('tppk/input_sk', [], true)
 5 APPPATH\Controllers\InputData.php(740): view('tppk/input_sk', [...])
 6 APPPATH\Controllers\InputData.php(70): App\Controllers\InputData->npsn('10100594')
 7 SYSTEMPATH\CodeIgniter.php(934): App\Controllers\InputData->index()
 8 SYSTEMPATH\CodeIgniter.php(499): CodeIgniter\CodeIgniter->runController(Object(App\Controllers\InputData))
 9 SYSTEMPATH\CodeIgniter.php(368): CodeIgniter\CodeIgniter->handleRequest(null, Object(Config\Cache), false)
10 FCPATH\index.php(55): CodeIgniter\CodeIgniter->run()
INFO - 2024-02-07 13:20:40 --> Session: Class initialized using 'CodeIgniter\Session\Handlers\FileHandler' driver.
WARNING - 2024-02-07 13:20:43 --> [DEPRECATED] substr(): Passing null to parameter #1 ($string) of type string is deprecated in APPPATH\Views\tppk\input_sk.php on line 138.
 1 APPPATH\Views\tppk\input_sk.php(138): substr(null, 8, 2)
 2 SYSTEMPATH\View\View.php(213): include('APPPATH\\Views\\tppk\\input_sk.php')
 3 SYSTEMPATH\View\View.php(216): CodeIgniter\View\View->CodeIgniter\View\{closure}()
 4 SYSTEMPATH\Common.php(1184): CodeIgniter\View\View->render('tppk/input_sk', [], true)
 5 APPPATH\Controllers\InputData.php(740): view('tppk/input_sk', [...])
 6 APPPATH\Controllers\InputData.php(70): App\Controllers\InputData->npsn('10100594')
 7 SYSTEMPATH\CodeIgniter.php(934): App\Controllers\InputData->index()
 8 SYSTEMPATH\CodeIgniter.php(499): CodeIgniter\CodeIgniter->runController(Object(App\Controllers\InputData))
 9 SYSTEMPATH\CodeIgniter.php(368): CodeIgniter\CodeIgniter->handleRequest(null, Object(Config\Cache), false)
10 FCPATH\index.php(55): CodeIgniter\CodeIgniter->run()
WARNING - 2024-02-07 13:20:43 --> [DEPRECATED] substr(): Passing null to parameter #1 ($string) of type string is deprecated in APPPATH\Views\tppk\input_sk.php on line 138.
 1 APPPATH\Views\tppk\input_sk.php(138): substr(null, 5, 2)
 2 SYSTEMPATH\View\View.php(213): include('APPPATH\\Views\\tppk\\input_sk.php')
 3 SYSTEMPATH\View\View.php(216): CodeIgniter\View\View->CodeIgniter\View\{closure}()
 4 SYSTEMPATH\Common.php(1184): CodeIgniter\View\View->render('tppk/input_sk', [], true)
 5 APPPATH\Controllers\InputData.php(740): view('tppk/input_sk', [...])
 6 APPPATH\Controllers\InputData.php(70): App\Controllers\InputData->npsn('10100594')
 7 SYSTEMPATH\CodeIgniter.php(934): App\Controllers\InputData->index()
 8 SYSTEMPATH\CodeIgniter.php(499): CodeIgniter\CodeIgniter->runController(Object(App\Controllers\InputData))
 9 SYSTEMPATH\CodeIgniter.php(368): CodeIgniter\CodeIgniter->handleRequest(null, Object(Config\Cache), false)
10 FCPATH\index.php(55): CodeIgniter\CodeIgniter->run()
WARNING - 2024-02-07 13:20:43 --> [DEPRECATED] substr(): Passing null to parameter #1 ($string) of type string is deprecated in APPPATH\Views\tppk\input_sk.php on line 138.
 1 APPPATH\Views\tppk\input_sk.php(138): substr(null, 0, 4)
 2 SYSTEMPATH\View\View.php(213): include('APPPATH\\Views\\tppk\\input_sk.php')
 3 SYSTEMPATH\View\View.php(216): CodeIgniter\View\View->CodeIgniter\View\{closure}()
 4 SYSTEMPATH\Common.php(1184): CodeIgniter\View\View->render('tppk/input_sk', [], true)
 5 APPPATH\Controllers\InputData.php(740): view('tppk/input_sk', [...])
 6 APPPATH\Controllers\InputData.php(70): App\Controllers\InputData->npsn('10100594')
 7 SYSTEMPATH\CodeIgniter.php(934): App\Controllers\InputData->index()
 8 SYSTEMPATH\CodeIgniter.php(499): CodeIgniter\CodeIgniter->runController(Object(App\Controllers\InputData))
 9 SYSTEMPATH\CodeIgniter.php(368): CodeIgniter\CodeIgniter->handleRequest(null, Object(Config\Cache), false)
10 FCPATH\index.php(55): CodeIgniter\CodeIgniter->run()
INFO - 2024-02-07 13:21:05 --> Session: Class initialized using 'CodeIgniter\Session\Handlers\FileHandler' driver.
WARNING - 2024-02-07 13:21:08 --> [DEPRECATED] substr(): Passing null to parameter #1 ($string) of type string is deprecated in APPPATH\Views\tppk\input_sk.php on line 138.
 1 APPPATH\Views\tppk\input_sk.php(138): substr(null, 8, 2)
 2 SYSTEMPATH\View\View.php(213): include('APPPATH\\Views\\tppk\\input_sk.php')
 3 SYSTEMPATH\View\View.php(216): CodeIgniter\View\View->CodeIgniter\View\{closure}()
 4 SYSTEMPATH\Common.php(1184): CodeIgniter\View\View->render('tppk/input_sk', [], true)
 5 APPPATH\Controllers\InputData.php(740): view('tppk/input_sk', [...])
 6 APPPATH\Controllers\InputData.php(70): App\Controllers\InputData->npsn('10100594')
 7 SYSTEMPATH\CodeIgniter.php(934): App\Controllers\InputData->index()
 8 SYSTEMPATH\CodeIgniter.php(499): CodeIgniter\CodeIgniter->runController(Object(App\Controllers\InputData))
 9 SYSTEMPATH\CodeIgniter.php(368): CodeIgniter\CodeIgniter->handleRequest(null, Object(Config\Cache), false)
10 FCPATH\index.php(55): CodeIgniter\CodeIgniter->run()
WARNING - 2024-02-07 13:21:08 --> [DEPRECATED] substr(): Passing null to parameter #1 ($string) of type string is deprecated in APPPATH\Views\tppk\input_sk.php on line 138.
 1 APPPATH\Views\tppk\input_sk.php(138): substr(null, 5, 2)
 2 SYSTEMPATH\View\View.php(213): include('APPPATH\\Views\\tppk\\input_sk.php')
 3 SYSTEMPATH\View\View.php(216): CodeIgniter\View\View->CodeIgniter\View\{closure}()
 4 SYSTEMPATH\Common.php(1184): CodeIgniter\View\View->render('tppk/input_sk', [], true)
 5 APPPATH\Controllers\InputData.php(740): view('tppk/input_sk', [...])
 6 APPPATH\Controllers\InputData.php(70): App\Controllers\InputData->npsn('10100594')
 7 SYSTEMPATH\CodeIgniter.php(934): App\Controllers\InputData->index()
 8 SYSTEMPATH\CodeIgniter.php(499): CodeIgniter\CodeIgniter->runController(Object(App\Controllers\InputData))
 9 SYSTEMPATH\CodeIgniter.php(368): CodeIgniter\CodeIgniter->handleRequest(null, Object(Config\Cache), false)
10 FCPATH\index.php(55): CodeIgniter\CodeIgniter->run()
WARNING - 2024-02-07 13:21:08 --> [DEPRECATED] substr(): Passing null to parameter #1 ($string) of type string is deprecated in APPPATH\Views\tppk\input_sk.php on line 138.
 1 APPPATH\Views\tppk\input_sk.php(138): substr(null, 0, 4)
 2 SYSTEMPATH\View\View.php(213): include('APPPATH\\Views\\tppk\\input_sk.php')
 3 SYSTEMPATH\View\View.php(216): CodeIgniter\View\View->CodeIgniter\View\{closure}()
 4 SYSTEMPATH\Common.php(1184): CodeIgniter\View\View->render('tppk/input_sk', [], true)
 5 APPPATH\Controllers\InputData.php(740): view('tppk/input_sk', [...])
 6 APPPATH\Controllers\InputData.php(70): App\Controllers\InputData->npsn('10100594')
 7 SYSTEMPATH\CodeIgniter.php(934): App\Controllers\InputData->index()
 8 SYSTEMPATH\CodeIgniter.php(499): CodeIgniter\CodeIgniter->runController(Object(App\Controllers\InputData))
 9 SYSTEMPATH\CodeIgniter.php(368): CodeIgniter\CodeIgniter->handleRequest(null, Object(Config\Cache), false)
10 FCPATH\index.php(55): CodeIgniter\CodeIgniter->run()
INFO - 2024-02-07 13:21:11 --> Session: Class initialized using 'CodeIgniter\Session\Handlers\FileHandler' driver.
INFO - 2024-02-07 13:21:15 --> Session: Class initialized using 'CodeIgniter\Session\Handlers\FileHandler' driver.
INFO - 2024-02-07 13:21:40 --> Session: Class initialized using 'CodeIgniter\Session\Handlers\FileHandler' driver.
INFO - 2024-02-07 13:23:28 --> Session: Class initialized using 'CodeIgniter\Session\Handlers\FileHandler' driver.
INFO - 2024-02-07 13:23:37 --> Session: Class initialized using 'CodeIgniter\Session\Handlers\FileHandler' driver.
INFO - 2024-02-07 13:23:58 --> CSRF token verified.
INFO - 2024-02-07 13:23:59 --> Session: Class initialized using 'CodeIgniter\Session\Handlers\FileHandler' driver.
INFO - 2024-02-07 13:24:02 --> Session: Class initialized using 'CodeIgniter\Session\Handlers\FileHandler' driver.
INFO - 2024-02-07 13:25:16 --> Session: Class initialized using 'CodeIgniter\Session\Handlers\FileHandler' driver.
INFO - 2024-02-07 13:25:21 --> Session: Class initialized using 'CodeIgniter\Session\Handlers\FileHandler' driver.
INFO - 2024-02-07 13:25:28 --> Session: Class initialized using 'CodeIgniter\Session\Handlers\FileHandler' driver.
INFO - 2024-02-07 13:25:30 --> Session: Class initialized using 'CodeIgniter\Session\Handlers\FileHandler' driver.
INFO - 2024-02-07 13:25:30 --> Session: Class initialized using 'CodeIgniter\Session\Handlers\FileHandler' driver.
INFO - 2024-02-07 14:25:00 --> Session: Class initialized using 'CodeIgniter\Session\Handlers\FileHandler' driver.
