INFO - 2023-09-08 09:44:54 --> Session: Class initialized using 'CodeIgniter\Session\Handlers\FileHandler' driver.
INFO - 2023-09-08 09:45:32 --> Session: Class initialized using 'CodeIgniter\Session\Handlers\FileHandler' driver.
ERROR - 2023-09-08 09:45:32 --> Error connecting to the database: Error: Call to undefined function CodeIgniter\Database\SQLSRV\sqlsrv_configure() in D:\laragon\www\tppk\system\Database\SQLSRV\Connection.php:128
Stack trace:
#0 D:\laragon\www\tppk\system\Database\BaseConnection.php(391): CodeIgniter\Database\SQLSRV\Connection->connect(false)
#1 D:\laragon\www\tppk\system\Database\BaseConnection.php(573): CodeIgniter\Database\BaseConnection->initialize()
#2 D:\laragon\www\tppk\app\Models\M_tppk.php(372): CodeIgniter\Database\BaseConnection->query('EXEC sdm.dbo.sp...', Array)
#3 D:\laragon\www\tppk\app\Controllers\Login.php(31): App\Models\M_tppk->getTokenSSO('71CE0B46-FB6D-4...')
#4 D:\laragon\www\tppk\system\CodeIgniter.php(934): App\Controllers\Login->actionLoginsso()
#5 D:\laragon\www\tppk\system\CodeIgniter.php(499): CodeIgniter\CodeIgniter->runController(Object(App\Controllers\Login))
#6 D:\laragon\www\tppk\system\CodeIgniter.php(368): CodeIgniter\CodeIgniter->handleRequest(NULL, Object(Config\Cache), false)
#7 D:\laragon\www\tppk\index.php(55): CodeIgniter\CodeIgniter->run()
#8 {main}
CRITICAL - 2023-09-08 09:45:32 --> Unable to connect to the database.
Main connection [SQLSRV]: Call to undefined function CodeIgniter\Database\SQLSRV\sqlsrv_configure()
in SYSTEMPATH\Database\BaseConnection.php on line 427.
 1 SYSTEMPATH\Database\BaseConnection.php(573): CodeIgniter\Database\BaseConnection->initialize()
 2 APPPATH\Models\M_tppk.php(372): CodeIgniter\Database\BaseConnection->query('EXEC sdm.dbo.sp_sso_checkToken :token:', [...])
 3 APPPATH\Controllers\Login.php(31): App\Models\M_tppk->getTokenSSO('71CE0B46-FB6D-4CAF-9388-CB5BE0304037')
 4 SYSTEMPATH\CodeIgniter.php(934): App\Controllers\Login->actionLoginsso()
 5 SYSTEMPATH\CodeIgniter.php(499): CodeIgniter\CodeIgniter->runController(Object(App\Controllers\Login))
 6 SYSTEMPATH\CodeIgniter.php(368): CodeIgniter\CodeIgniter->handleRequest(null, Object(Config\Cache), false)
 7 FCPATH\index.php(55): CodeIgniter\CodeIgniter->run()
INFO - 2023-09-08 09:46:52 --> Session: Class initialized using 'CodeIgniter\Session\Handlers\FileHandler' driver.
INFO - 2023-09-08 09:48:06 --> Session: Class initialized using 'CodeIgniter\Session\Handlers\FileHandler' driver.
INFO - 2023-09-08 09:48:12 --> Session: Class initialized using 'CodeIgniter\Session\Handlers\FileHandler' driver.
ERROR - 2023-09-08 09:48:12 --> Error connecting to the database: Error: Call to undefined function CodeIgniter\Database\SQLSRV\sqlsrv_configure() in D:\laragon\www\tppk\system\Database\SQLSRV\Connection.php:128
Stack trace:
#0 D:\laragon\www\tppk\system\Database\BaseConnection.php(391): CodeIgniter\Database\SQLSRV\Connection->connect(false)
#1 D:\laragon\www\tppk\system\Database\BaseConnection.php(573): CodeIgniter\Database\BaseConnection->initialize()
#2 D:\laragon\www\tppk\app\Models\M_tppk.php(372): CodeIgniter\Database\BaseConnection->query('EXEC sdm.dbo.sp...', Array)
#3 D:\laragon\www\tppk\app\Controllers\Login.php(31): App\Models\M_tppk->getTokenSSO('23E71E30-55E2-4...')
#4 D:\laragon\www\tppk\system\CodeIgniter.php(934): App\Controllers\Login->actionLoginsso()
#5 D:\laragon\www\tppk\system\CodeIgniter.php(499): CodeIgniter\CodeIgniter->runController(Object(App\Controllers\Login))
#6 D:\laragon\www\tppk\system\CodeIgniter.php(368): CodeIgniter\CodeIgniter->handleRequest(NULL, Object(Config\Cache), false)
#7 D:\laragon\www\tppk\index.php(55): CodeIgniter\CodeIgniter->run()
#8 {main}
CRITICAL - 2023-09-08 09:48:12 --> Unable to connect to the database.
Main connection [SQLSRV]: Call to undefined function CodeIgniter\Database\SQLSRV\sqlsrv_configure()
in SYSTEMPATH\Database\BaseConnection.php on line 427.
 1 SYSTEMPATH\Database\BaseConnection.php(573): CodeIgniter\Database\BaseConnection->initialize()
 2 APPPATH\Models\M_tppk.php(372): CodeIgniter\Database\BaseConnection->query('EXEC sdm.dbo.sp_sso_checkToken :token:', [...])
 3 APPPATH\Controllers\Login.php(31): App\Models\M_tppk->getTokenSSO('23E71E30-55E2-4DCC-8573-71000BA1857E')
 4 SYSTEMPATH\CodeIgniter.php(934): App\Controllers\Login->actionLoginsso()
 5 SYSTEMPATH\CodeIgniter.php(499): CodeIgniter\CodeIgniter->runController(Object(App\Controllers\Login))
 6 SYSTEMPATH\CodeIgniter.php(368): CodeIgniter\CodeIgniter->handleRequest(null, Object(Config\Cache), false)
 7 FCPATH\index.php(55): CodeIgniter\CodeIgniter->run()
INFO - 2023-09-08 09:50:23 --> Session: Class initialized using 'CodeIgniter\Session\Handlers\FileHandler' driver.
ERROR - 2023-09-08 09:50:23 --> Error connecting to the database: Error: Call to undefined function CodeIgniter\Database\SQLSRV\sqlsrv_configure() in D:\laragon\www\tppk\system\Database\SQLSRV\Connection.php:128
Stack trace:
#0 D:\laragon\www\tppk\system\Database\BaseConnection.php(391): CodeIgniter\Database\SQLSRV\Connection->connect(false)
#1 D:\laragon\www\tppk\system\Database\BaseConnection.php(573): CodeIgniter\Database\BaseConnection->initialize()
#2 D:\laragon\www\tppk\app\Models\M_tppk.php(372): CodeIgniter\Database\BaseConnection->query('EXEC sdm.dbo.sp...', Array)
#3 D:\laragon\www\tppk\app\Controllers\Login.php(31): App\Models\M_tppk->getTokenSSO('4240CC7B-6E56-4...')
#4 D:\laragon\www\tppk\system\CodeIgniter.php(934): App\Controllers\Login->actionLoginsso()
#5 D:\laragon\www\tppk\system\CodeIgniter.php(499): CodeIgniter\CodeIgniter->runController(Object(App\Controllers\Login))
#6 D:\laragon\www\tppk\system\CodeIgniter.php(368): CodeIgniter\CodeIgniter->handleRequest(NULL, Object(Config\Cache), false)
#7 D:\laragon\www\tppk\index.php(55): CodeIgniter\CodeIgniter->run()
#8 {main}
CRITICAL - 2023-09-08 09:50:23 --> Unable to connect to the database.
Main connection [SQLSRV]: Call to undefined function CodeIgniter\Database\SQLSRV\sqlsrv_configure()
in SYSTEMPATH\Database\BaseConnection.php on line 427.
 1 SYSTEMPATH\Database\BaseConnection.php(573): CodeIgniter\Database\BaseConnection->initialize()
 2 APPPATH\Models\M_tppk.php(372): CodeIgniter\Database\BaseConnection->query('EXEC sdm.dbo.sp_sso_checkToken :token:', [...])
 3 APPPATH\Controllers\Login.php(31): App\Models\M_tppk->getTokenSSO('4240CC7B-6E56-4048-AC04-F6D745015F0E')
 4 SYSTEMPATH\CodeIgniter.php(934): App\Controllers\Login->actionLoginsso()
 5 SYSTEMPATH\CodeIgniter.php(499): CodeIgniter\CodeIgniter->runController(Object(App\Controllers\Login))
 6 SYSTEMPATH\CodeIgniter.php(368): CodeIgniter\CodeIgniter->handleRequest(null, Object(Config\Cache), false)
 7 FCPATH\index.php(55): CodeIgniter\CodeIgniter->run()
INFO - 2023-09-08 14:58:38 --> Session: Class initialized using 'CodeIgniter\Session\Handlers\FileHandler' driver.
ERROR - 2023-09-08 14:58:38 --> Error connecting to the database: Error: Call to undefined function CodeIgniter\Database\SQLSRV\sqlsrv_configure() in D:\laragon\www\tppk\system\Database\SQLSRV\Connection.php:128
Stack trace:
#0 D:\laragon\www\tppk\system\Database\BaseConnection.php(391): CodeIgniter\Database\SQLSRV\Connection->connect(false)
#1 D:\laragon\www\tppk\system\Database\BaseConnection.php(573): CodeIgniter\Database\BaseConnection->initialize()
#2 D:\laragon\www\tppk\app\Models\M_tppk.php(372): CodeIgniter\Database\BaseConnection->query('EXEC sdm.dbo.sp...', Array)
#3 D:\laragon\www\tppk\app\Controllers\Login.php(31): App\Models\M_tppk->getTokenSSO('4240CC7B-6E56-4...')
#4 D:\laragon\www\tppk\system\CodeIgniter.php(934): App\Controllers\Login->actionLoginsso()
#5 D:\laragon\www\tppk\system\CodeIgniter.php(499): CodeIgniter\CodeIgniter->runController(Object(App\Controllers\Login))
#6 D:\laragon\www\tppk\system\CodeIgniter.php(368): CodeIgniter\CodeIgniter->handleRequest(NULL, Object(Config\Cache), false)
#7 D:\laragon\www\tppk\index.php(55): CodeIgniter\CodeIgniter->run()
#8 {main}
CRITICAL - 2023-09-08 14:58:38 --> Unable to connect to the database.
Main connection [SQLSRV]: Call to undefined function CodeIgniter\Database\SQLSRV\sqlsrv_configure()
in SYSTEMPATH\Database\BaseConnection.php on line 427.
 1 SYSTEMPATH\Database\BaseConnection.php(573): CodeIgniter\Database\BaseConnection->initialize()
 2 APPPATH\Models\M_tppk.php(372): CodeIgniter\Database\BaseConnection->query('EXEC sdm.dbo.sp_sso_checkToken :token:', [...])
 3 APPPATH\Controllers\Login.php(31): App\Models\M_tppk->getTokenSSO('4240CC7B-6E56-4048-AC04-F6D745015F0E')
 4 SYSTEMPATH\CodeIgniter.php(934): App\Controllers\Login->actionLoginsso()
 5 SYSTEMPATH\CodeIgniter.php(499): CodeIgniter\CodeIgniter->runController(Object(App\Controllers\Login))
 6 SYSTEMPATH\CodeIgniter.php(368): CodeIgniter\CodeIgniter->handleRequest(null, Object(Config\Cache), false)
 7 FCPATH\index.php(55): CodeIgniter\CodeIgniter->run()
