INFO - 2024-01-16 08:08:14 --> Session: Class initialized using 'CodeIgniter\Session\Handlers\FileHandler' driver.
INFO - 2024-01-16 08:08:15 --> Session: Class initialized using 'CodeIgniter\Session\Handlers\FileHandler' driver.
INFO - 2024-01-16 08:08:20 --> Session: Class initialized using 'CodeIgniter\Session\Handlers\FileHandler' driver.
INFO - 2024-01-16 08:08:27 --> Session: Class initialized using 'CodeIgniter\Session\Handlers\FileHandler' driver.
INFO - 2024-01-16 08:08:28 --> Session: Class initialized using 'CodeIgniter\Session\Handlers\FileHandler' driver.
INFO - 2024-01-16 08:08:39 --> Session: Class initialized using 'CodeIgniter\Session\Handlers\FileHandler' driver.
INFO - 2024-01-16 08:11:45 --> Session: Class initialized using 'CodeIgniter\Session\Handlers\FileHandler' driver.
INFO - 2024-01-16 08:12:15 --> Session: Class initialized using 'CodeIgniter\Session\Handlers\FileHandler' driver.
INFO - 2024-01-16 08:12:26 --> Session: Class initialized using 'CodeIgniter\Session\Handlers\FileHandler' driver.
INFO - 2024-01-16 08:15:16 --> Session: Class initialized using 'CodeIgniter\Session\Handlers\FileHandler' driver.
INFO - 2024-01-16 08:17:34 --> Session: Class initialized using 'CodeIgniter\Session\Handlers\FileHandler' driver.
INFO - 2024-01-16 08:19:36 --> Session: Class initialized using 'CodeIgniter\Session\Handlers\FileHandler' driver.
INFO - 2024-01-16 08:19:48 --> Session: Class initialized using 'CodeIgniter\Session\Handlers\FileHandler' driver.
INFO - 2024-01-16 08:32:28 --> Session: Class initialized using 'CodeIgniter\Session\Handlers\FileHandler' driver.
INFO - 2024-01-16 08:35:09 --> Session: Class initialized using 'CodeIgniter\Session\Handlers\FileHandler' driver.
INFO - 2024-01-16 08:40:43 --> Session: Class initialized using 'CodeIgniter\Session\Handlers\FileHandler' driver.
INFO - 2024-01-16 09:03:47 --> Session: Class initialized using 'CodeIgniter\Session\Handlers\FileHandler' driver.
INFO - 2024-01-16 09:05:26 --> Session: Class initialized using 'CodeIgniter\Session\Handlers\FileHandler' driver.
INFO - 2024-01-16 09:12:37 --> Session: Class initialized using 'CodeIgniter\Session\Handlers\FileHandler' driver.
INFO - 2024-01-16 09:16:46 --> Session: Class initialized using 'CodeIgniter\Session\Handlers\FileHandler' driver.
INFO - 2024-01-16 09:20:08 --> Session: Class initialized using 'CodeIgniter\Session\Handlers\FileHandler' driver.
INFO - 2024-01-16 09:22:31 --> Session: Class initialized using 'CodeIgniter\Session\Handlers\FileHandler' driver.
INFO - 2024-01-16 09:26:32 --> Session: Class initialized using 'CodeIgniter\Session\Handlers\FileHandler' driver.
INFO - 2024-01-16 09:33:29 --> Session: Class initialized using 'CodeIgniter\Session\Handlers\FileHandler' driver.
INFO - 2024-01-16 09:33:47 --> Session: Class initialized using 'CodeIgniter\Session\Handlers\FileHandler' driver.
INFO - 2024-01-16 09:33:57 --> Session: Class initialized using 'CodeIgniter\Session\Handlers\FileHandler' driver.
INFO - 2024-01-16 09:35:40 --> Session: Class initialized using 'CodeIgniter\Session\Handlers\FileHandler' driver.
INFO - 2024-01-16 09:39:38 --> Session: Class initialized using 'CodeIgniter\Session\Handlers\FileHandler' driver.
INFO - 2024-01-16 10:00:12 --> Session: Class initialized using 'CodeIgniter\Session\Handlers\FileHandler' driver.
INFO - 2024-01-16 10:02:09 --> Session: Class initialized using 'CodeIgniter\Session\Handlers\FileHandler' driver.
INFO - 2024-01-16 10:03:16 --> Session: Class initialized using 'CodeIgniter\Session\Handlers\FileHandler' driver.
INFO - 2024-01-16 10:14:31 --> Session: Class initialized using 'CodeIgniter\Session\Handlers\FileHandler' driver.
INFO - 2024-01-16 10:24:24 --> Session: Class initialized using 'CodeIgniter\Session\Handlers\FileHandler' driver.
INFO - 2024-01-16 10:26:06 --> Session: Class initialized using 'CodeIgniter\Session\Handlers\FileHandler' driver.
INFO - 2024-01-16 10:31:02 --> Session: Class initialized using 'CodeIgniter\Session\Handlers\FileHandler' driver.
INFO - 2024-01-16 10:33:19 --> Session: Class initialized using 'CodeIgniter\Session\Handlers\FileHandler' driver.
INFO - 2024-01-16 10:34:38 --> Session: Class initialized using 'CodeIgniter\Session\Handlers\FileHandler' driver.
INFO - 2024-01-16 10:38:29 --> Session: Class initialized using 'CodeIgniter\Session\Handlers\FileHandler' driver.
INFO - 2024-01-16 10:39:25 --> Session: Class initialized using 'CodeIgniter\Session\Handlers\FileHandler' driver.
INFO - 2024-01-16 10:40:31 --> Session: Class initialized using 'CodeIgniter\Session\Handlers\FileHandler' driver.
INFO - 2024-01-16 10:47:35 --> Session: Class initialized using 'CodeIgniter\Session\Handlers\FileHandler' driver.
INFO - 2024-01-16 10:51:31 --> Session: Class initialized using 'CodeIgniter\Session\Handlers\FileHandler' driver.
INFO - 2024-01-16 10:54:23 --> Session: Class initialized using 'CodeIgniter\Session\Handlers\FileHandler' driver.
INFO - 2024-01-16 10:55:54 --> Session: Class initialized using 'CodeIgniter\Session\Handlers\FileHandler' driver.
INFO - 2024-01-16 10:58:21 --> CSRF token verified.
INFO - 2024-01-16 11:00:51 --> Session: Class initialized using 'CodeIgniter\Session\Handlers\FileHandler' driver.
INFO - 2024-01-16 11:02:17 --> Session: Class initialized using 'CodeIgniter\Session\Handlers\FileHandler' driver.
INFO - 2024-01-16 11:08:21 --> Session: Class initialized using 'CodeIgniter\Session\Handlers\FileHandler' driver.
INFO - 2024-01-16 11:12:59 --> Session: Class initialized using 'CodeIgniter\Session\Handlers\FileHandler' driver.
INFO - 2024-01-16 11:14:59 --> Session: Class initialized using 'CodeIgniter\Session\Handlers\FileHandler' driver.
INFO - 2024-01-16 11:15:27 --> Session: Class initialized using 'CodeIgniter\Session\Handlers\FileHandler' driver.
INFO - 2024-01-16 11:19:29 --> CSRF token verified.
INFO - 2024-01-16 11:19:31 --> Session: Class initialized using 'CodeIgniter\Session\Handlers\FileHandler' driver.
INFO - 2024-01-16 11:21:35 --> CSRF token verified.
INFO - 2024-01-16 11:22:05 --> Session: Class initialized using 'CodeIgniter\Session\Handlers\FileHandler' driver.
INFO - 2024-01-16 11:25:25 --> Session: Class initialized using 'CodeIgniter\Session\Handlers\FileHandler' driver.
INFO - 2024-01-16 11:36:57 --> Session: Class initialized using 'CodeIgniter\Session\Handlers\FileHandler' driver.
INFO - 2024-01-16 11:38:19 --> Session: Class initialized using 'CodeIgniter\Session\Handlers\FileHandler' driver.
INFO - 2024-01-16 11:39:49 --> Session: Class initialized using 'CodeIgniter\Session\Handlers\FileHandler' driver.
INFO - 2024-01-16 11:50:08 --> Session: Class initialized using 'CodeIgniter\Session\Handlers\FileHandler' driver.
INFO - 2024-01-16 11:51:35 --> Session: Class initialized using 'CodeIgniter\Session\Handlers\FileHandler' driver.
INFO - 2024-01-16 12:05:02 --> Session: Class initialized using 'CodeIgniter\Session\Handlers\FileHandler' driver.
INFO - 2024-01-16 12:06:06 --> Session: Class initialized using 'CodeIgniter\Session\Handlers\FileHandler' driver.
INFO - 2024-01-16 12:58:35 --> Session: Class initialized using 'CodeIgniter\Session\Handlers\FileHandler' driver.
INFO - 2024-01-16 13:00:04 --> Session: Class initialized using 'CodeIgniter\Session\Handlers\FileHandler' driver.
INFO - 2024-01-16 13:02:11 --> Session: Class initialized using 'CodeIgniter\Session\Handlers\FileHandler' driver.
INFO - 2024-01-16 13:05:25 --> CSRF token verified.
INFO - 2024-01-16 13:41:03 --> Session: Class initialized using 'CodeIgniter\Session\Handlers\FileHandler' driver.
INFO - 2024-01-16 13:41:34 --> Session: Class initialized using 'CodeIgniter\Session\Handlers\FileHandler' driver.
INFO - 2024-01-16 14:01:11 --> Session: Class initialized using 'CodeIgniter\Session\Handlers\FileHandler' driver.
INFO - 2024-01-16 14:02:12 --> CSRF token verified.
INFO - 2024-01-16 14:05:42 --> Session: Class initialized using 'CodeIgniter\Session\Handlers\FileHandler' driver.
INFO - 2024-01-16 14:06:27 --> CSRF token verified.
CRITICAL - 2024-01-16 14:10:43 --> The action you requested is not allowed.
in SYSTEMPATH\Security\Security.php on line 306.
 1 SYSTEMPATH\Security\Security.php(306): CodeIgniter\Security\Exceptions\SecurityException::forDisallowedAction()
 2 SYSTEMPATH\Filters\CSRF.php(55): CodeIgniter\Security\Security->verify(Object(CodeIgniter\HTTP\IncomingRequest))
 3 SYSTEMPATH\Filters\Filters.php(173): CodeIgniter\Filters\CSRF->before(Object(CodeIgniter\HTTP\IncomingRequest), null)
 4 SYSTEMPATH\CodeIgniter.php(473): CodeIgniter\Filters\Filters->run('inputdata/simpan_kasus', 'before')
 5 SYSTEMPATH\CodeIgniter.php(368): CodeIgniter\CodeIgniter->handleRequest(null, Object(Config\Cache), false)
 6 FCPATH\index.php(55): CodeIgniter\CodeIgniter->run()
INFO - 2024-01-16 14:11:12 --> Session: Class initialized using 'CodeIgniter\Session\Handlers\FileHandler' driver.
INFO - 2024-01-16 14:14:53 --> CSRF token verified.
INFO - 2024-01-16 14:16:05 --> Session: Class initialized using 'CodeIgniter\Session\Handlers\FileHandler' driver.
INFO - 2024-01-16 14:17:24 --> CSRF token verified.
INFO - 2024-01-16 14:22:52 --> Session: Class initialized using 'CodeIgniter\Session\Handlers\FileHandler' driver.
INFO - 2024-01-16 14:23:38 --> CSRF token verified.
INFO - 2024-01-16 14:28:20 --> Session: Class initialized using 'CodeIgniter\Session\Handlers\FileHandler' driver.
INFO - 2024-01-16 14:28:58 --> CSRF token verified.
INFO - 2024-01-16 14:28:58 --> Session: Class initialized using 'CodeIgniter\Session\Handlers\FileHandler' driver.
ERROR - 2024-01-16 14:28:58 --> [Microsoft][ODBC Driver 17 for SQL Server][SQL Server]The conversion of a varchar data type to a datetime data type resulted in an out-of-range value.
CRITICAL - 2024-01-16 14:28:58 --> [Microsoft][ODBC Driver 17 for SQL Server][SQL Server]The conversion of a varchar data type to a datetime data type resulted in an out-of-range value.
in SYSTEMPATH\Database\BaseConnection.php on line 645.
 1 APPPATH\Models\M_tppk.php(1682): CodeIgniter\Database\BaseConnection->query('INSERT INTO [TPPK].[dbo].[pelaporan] (kasus_id, tanggal_pelaporan, tanggal_kejadian, status_kasus, alasan_dihentikan, bentuk_kekerasan, cakupan_kekerasan, kronologi, create_date, pencatat)
        VALUES (:kasus_id:,:tanggal_pelaporan:, :tanggal_kejadian:, :status_kasus:,:alasan_dihentikan:,:bentuk_kekerasan:,:cakupan_kekerasan:,:kronologi:,:create_date:,:pencatat:)', [...])
 2 APPPATH\Controllers\InputData.php(1326): App\Models\M_tppk->save_pelaporan([...])
 3 SYSTEMPATH\CodeIgniter.php(934): App\Controllers\InputData->simpan_kasus()
 4 SYSTEMPATH\CodeIgniter.php(499): CodeIgniter\CodeIgniter->runController(Object(App\Controllers\InputData))
 5 SYSTEMPATH\CodeIgniter.php(368): CodeIgniter\CodeIgniter->handleRequest(null, Object(Config\Cache), false)
 6 FCPATH\index.php(55): CodeIgniter\CodeIgniter->run()
CRITICAL - 2024-01-16 14:33:41 --> The action you requested is not allowed.
in SYSTEMPATH\Security\Security.php on line 306.
 1 SYSTEMPATH\Security\Security.php(306): CodeIgniter\Security\Exceptions\SecurityException::forDisallowedAction()
 2 SYSTEMPATH\Filters\CSRF.php(55): CodeIgniter\Security\Security->verify(Object(CodeIgniter\HTTP\IncomingRequest))
 3 SYSTEMPATH\Filters\Filters.php(173): CodeIgniter\Filters\CSRF->before(Object(CodeIgniter\HTTP\IncomingRequest), null)
 4 SYSTEMPATH\CodeIgniter.php(473): CodeIgniter\Filters\Filters->run('inputdata/simpan_kasus', 'before')
 5 SYSTEMPATH\CodeIgniter.php(368): CodeIgniter\CodeIgniter->handleRequest(null, Object(Config\Cache), false)
 6 FCPATH\index.php(55): CodeIgniter\CodeIgniter->run()
INFO - 2024-01-16 14:38:08 --> Session: Class initialized using 'CodeIgniter\Session\Handlers\FileHandler' driver.
INFO - 2024-01-16 14:39:13 --> CSRF token verified.
INFO - 2024-01-16 14:39:13 --> Session: Class initialized using 'CodeIgniter\Session\Handlers\FileHandler' driver.
ERROR - 2024-01-16 14:39:13 --> [Microsoft][ODBC Driver 17 for SQL Server][SQL Server]Conversion failed when converting date and/or time from character string.
CRITICAL - 2024-01-16 14:39:13 --> [Microsoft][ODBC Driver 17 for SQL Server][SQL Server]Conversion failed when converting date and/or time from character string.
in SYSTEMPATH\Database\BaseConnection.php on line 645.
 1 APPPATH\Models\M_tppk.php(1682): CodeIgniter\Database\BaseConnection->query('INSERT INTO [TPPK].[dbo].[pelaporan] (kasus_id, tanggal_pelaporan, tanggal_kejadian, status_kasus, alasan_dihentikan, bentuk_kekerasan, cakupan_kekerasan, kronologi, create_date, pencatat)
        VALUES (:kasus_id:,:tanggal_pelaporan:, :tanggal_kejadian:, :status_kasus:,:alasan_dihentikan:,:bentuk_kekerasan:,:cakupan_kekerasan:,:kronologi:,:create_date:,:pencatat:)', [...])
 2 APPPATH\Controllers\InputData.php(1329): App\Models\M_tppk->save_pelaporan([...])
 3 SYSTEMPATH\CodeIgniter.php(934): App\Controllers\InputData->simpan_kasus()
 4 SYSTEMPATH\CodeIgniter.php(499): CodeIgniter\CodeIgniter->runController(Object(App\Controllers\InputData))
 5 SYSTEMPATH\CodeIgniter.php(368): CodeIgniter\CodeIgniter->handleRequest(null, Object(Config\Cache), false)
 6 FCPATH\index.php(55): CodeIgniter\CodeIgniter->run()
INFO - 2024-01-16 14:41:07 --> Session: Class initialized using 'CodeIgniter\Session\Handlers\FileHandler' driver.
INFO - 2024-01-16 14:42:33 --> CSRF token verified.
INFO - 2024-01-16 14:42:33 --> Session: Class initialized using 'CodeIgniter\Session\Handlers\FileHandler' driver.
INFO - 2024-01-16 14:52:05 --> Session: Class initialized using 'CodeIgniter\Session\Handlers\FileHandler' driver.
INFO - 2024-01-16 14:52:45 --> CSRF token verified.
INFO - 2024-01-16 14:52:45 --> Session: Class initialized using 'CodeIgniter\Session\Handlers\FileHandler' driver.
ERROR - 2024-01-16 14:52:46 --> [Microsoft][ODBC Driver 17 for SQL Server][SQL Server]Invalid object name 'TPPK.dbo.tbkorban'.
CRITICAL - 2024-01-16 14:52:46 --> [Microsoft][ODBC Driver 17 for SQL Server][SQL Server]Invalid object name 'TPPK.dbo.tbkorban'.
in SYSTEMPATH\Database\BaseConnection.php on line 645.
 1 SYSTEMPATH\Database\BaseBuilder.php(1801): CodeIgniter\Database\BaseConnection->query('INSERT INTO "TPPK"."dbo"."tbkorban" ("disabilitas", "inputdisabilitas", "jenis_kelamin", "kasus_id", "last_update", "nama", "nama_instansi", "nik", "nisn", "npsn", "pelaporan_id", "sebagai", "status_korban_pelaku")
VALUES (\'tidak\',\'\',\'P\',\'FE1151CC-D4DE-4AF2-B3E7-CD286EF0505E\',\'2024-01-16 14:52:46\',\'Anisa Tri Rahmadani\',\'SMAN 6 KOTA TANGERANG SELATAN\',\'\',\'0076930491\',\'20613768\',\'42726FB9-1BB2-4F4D-AF36-0F3B4907DA85\',1,\'1\')', null, false)
 2 SYSTEMPATH\Database\BaseBuilder.php(2192): CodeIgniter\Database\BaseBuilder->batchExecute('_insertBatch', 100)
 3 APPPATH\Models\M_tppk.php(1691): CodeIgniter\Database\BaseBuilder->insertBatch([...])
 4 APPPATH\Controllers\InputData.php(1362): App\Models\M_tppk->save_tbkorban([...])
 5 SYSTEMPATH\CodeIgniter.php(934): App\Controllers\InputData->simpan_kasus()
 6 SYSTEMPATH\CodeIgniter.php(499): CodeIgniter\CodeIgniter->runController(Object(App\Controllers\InputData))
 7 SYSTEMPATH\CodeIgniter.php(368): CodeIgniter\CodeIgniter->handleRequest(null, Object(Config\Cache), false)
 8 FCPATH\index.php(55): CodeIgniter\CodeIgniter->run()
INFO - 2024-01-16 14:57:39 --> Session: Class initialized using 'CodeIgniter\Session\Handlers\FileHandler' driver.
INFO - 2024-01-16 14:58:26 --> CSRF token verified.
INFO - 2024-01-16 14:58:26 --> Session: Class initialized using 'CodeIgniter\Session\Handlers\FileHandler' driver.
ERROR - 2024-01-16 14:58:26 --> [Microsoft][ODBC Driver 17 for SQL Server][SQL Server]Invalid object name 'TPPK.dbo.[TPPK].[dbo].[korban_pelaku]'.
CRITICAL - 2024-01-16 14:58:26 --> [Microsoft][ODBC Driver 17 for SQL Server][SQL Server]Invalid object name 'TPPK.dbo.[TPPK].[dbo].[korban_pelaku]'.
in SYSTEMPATH\Database\BaseConnection.php on line 645.
 1 SYSTEMPATH\Database\BaseBuilder.php(1801): CodeIgniter\Database\BaseConnection->query('INSERT INTO "TPPK"."dbo"."[TPPK].[dbo].[korban_pelaku]" ("disabilitas", "inputdisabilitas", "jenis_kelamin", "kasus_id", "last_update", "nama", "nama_instansi", "nik", "nisn", "npsn", "pelaporan_id", "sebagai", "status_korban_pelaku")
VALUES (\'tidak\',\'\',\'P\',\'DC54D795-125C-45D2-91CE-34EAEBD7681E\',\'2024-01-16 14:58:26\',\'Anisa Tri Rahmadani\',\'SMAN 6 KOTA TANGERANG SELATAN\',\'\',\'0076930491\',\'20613768\',\'5F34A5A4-39B7-4A64-B7E1-EBF31A0AA6E1\',1,\'1\')', null, false)
 2 SYSTEMPATH\Database\BaseBuilder.php(2192): CodeIgniter\Database\BaseBuilder->batchExecute('_insertBatch', 100)
 3 APPPATH\Models\M_tppk.php(1691): CodeIgniter\Database\BaseBuilder->insertBatch([...])
 4 APPPATH\Controllers\InputData.php(1355): App\Models\M_tppk->save_tbkorban([...])
 5 SYSTEMPATH\CodeIgniter.php(934): App\Controllers\InputData->simpan_kasus()
 6 SYSTEMPATH\CodeIgniter.php(499): CodeIgniter\CodeIgniter->runController(Object(App\Controllers\InputData))
 7 SYSTEMPATH\CodeIgniter.php(368): CodeIgniter\CodeIgniter->handleRequest(null, Object(Config\Cache), false)
 8 FCPATH\index.php(55): CodeIgniter\CodeIgniter->run()
INFO - 2024-01-16 15:00:38 --> Session: Class initialized using 'CodeIgniter\Session\Handlers\FileHandler' driver.
INFO - 2024-01-16 15:01:19 --> CSRF token verified.
INFO - 2024-01-16 15:01:19 --> Session: Class initialized using 'CodeIgniter\Session\Handlers\FileHandler' driver.
ERROR - 2024-01-16 15:01:19 --> [Microsoft][ODBC Driver 17 for SQL Server][SQL Server]Invalid column name 'inputdisabilitas'.
CRITICAL - 2024-01-16 15:01:19 --> [Microsoft][ODBC Driver 17 for SQL Server][SQL Server]Invalid column name 'inputdisabilitas'.
in SYSTEMPATH\Database\BaseConnection.php on line 645.
 1 SYSTEMPATH\Database\BaseBuilder.php(1801): CodeIgniter\Database\BaseConnection->query('INSERT INTO "TPPK"."dbo"."korban_pelaku" ("disabilitas", "inputdisabilitas", "jenis_kelamin", "kasus_id", "last_update", "nama", "nama_instansi", "nik", "nisn", "npsn", "pelaporan_id", "sebagai", "status_korban_pelaku")
VALUES (\'tidak\',\'\',\'P\',\'4114F1AD-C2D0-4505-B269-ED360C7D6095\',\'2024-01-16 15:01:19\',\'Feliza Sahla Aqilah\',\'SMAN 6 KOTA TANGERANG SELATAN\',\'\',\'0085645744\',\'20613768\',\'914DF906-41E6-4929-BFF3-C70B237E7BF3\',1,\'1\')', null, false)
 2 SYSTEMPATH\Database\BaseBuilder.php(2192): CodeIgniter\Database\BaseBuilder->batchExecute('_insertBatch', 100)
 3 APPPATH\Models\M_tppk.php(1691): CodeIgniter\Database\BaseBuilder->insertBatch([...])
 4 APPPATH\Controllers\InputData.php(1355): App\Models\M_tppk->save_tbkorban([...])
 5 SYSTEMPATH\CodeIgniter.php(934): App\Controllers\InputData->simpan_kasus()
 6 SYSTEMPATH\CodeIgniter.php(499): CodeIgniter\CodeIgniter->runController(Object(App\Controllers\InputData))
 7 SYSTEMPATH\CodeIgniter.php(368): CodeIgniter\CodeIgniter->handleRequest(null, Object(Config\Cache), false)
 8 FCPATH\index.php(55): CodeIgniter\CodeIgniter->run()
INFO - 2024-01-16 15:05:14 --> Session: Class initialized using 'CodeIgniter\Session\Handlers\FileHandler' driver.
INFO - 2024-01-16 15:06:15 --> Session: Class initialized using 'CodeIgniter\Session\Handlers\FileHandler' driver.
INFO - 2024-01-16 15:07:02 --> CSRF token verified.
INFO - 2024-01-16 15:07:02 --> Session: Class initialized using 'CodeIgniter\Session\Handlers\FileHandler' driver.
ERROR - 2024-01-16 15:07:02 --> [Microsoft][ODBC Driver 17 for SQL Server][SQL Server]Invalid column name 'inputdisabilitas'.
CRITICAL - 2024-01-16 15:07:02 --> [Microsoft][ODBC Driver 17 for SQL Server][SQL Server]Invalid column name 'inputdisabilitas'.
in SYSTEMPATH\Database\BaseConnection.php on line 645.
 1 SYSTEMPATH\Database\BaseBuilder.php(1801): CodeIgniter\Database\BaseConnection->query('INSERT INTO "TPPK"."dbo"."korban_pelaku" ("disabilitas", "inputdisabilitas", "jenis_kelamin", "kasus_id", "last_update", "nama", "nama_instansi", "nik", "nisn", "npsn", "pelaporan_id", "sebagai", "status_korban_pelaku")
VALUES (\'0\',\'\',\'P\',\'292E8998-AB8B-42C6-A79D-227EA4349DC2\',\'2024-01-16 15:07:02\',\'Anisa Tri Rahmadani\',\'SMAN 6 KOTA TANGERANG SELATAN\',\'\',\'0076930491\',\'20613768\',\'A2C0FC26-DB95-49F5-BFD8-E3CBFFBEF8E4\',1,\'1\')', null, false)
 2 SYSTEMPATH\Database\BaseBuilder.php(2192): CodeIgniter\Database\BaseBuilder->batchExecute('_insertBatch', 100)
 3 APPPATH\Models\M_tppk.php(1691): CodeIgniter\Database\BaseBuilder->insertBatch([...])
 4 APPPATH\Controllers\InputData.php(1355): App\Models\M_tppk->save_tbkorban([...])
 5 SYSTEMPATH\CodeIgniter.php(934): App\Controllers\InputData->simpan_kasus()
 6 SYSTEMPATH\CodeIgniter.php(499): CodeIgniter\CodeIgniter->runController(Object(App\Controllers\InputData))
 7 SYSTEMPATH\CodeIgniter.php(368): CodeIgniter\CodeIgniter->handleRequest(null, Object(Config\Cache), false)
 8 FCPATH\index.php(55): CodeIgniter\CodeIgniter->run()
INFO - 2024-01-16 15:08:43 --> Session: Class initialized using 'CodeIgniter\Session\Handlers\FileHandler' driver.
INFO - 2024-01-16 15:09:31 --> CSRF token verified.
INFO - 2024-01-16 15:09:31 --> Session: Class initialized using 'CodeIgniter\Session\Handlers\FileHandler' driver.
CRITICAL - 2024-01-16 15:09:32 --> foreach() argument must be of type array|object, null given
in APPPATH\Controllers\InputData.php on line 1380.
 1 APPPATH\Controllers\InputData.php(1380): CodeIgniter\Debug\Exceptions->errorHandler(2, 'foreach() argument must be of type array|object, null given', 'APPPATH\\Controllers\\InputData.php', 1380)
 2 SYSTEMPATH\CodeIgniter.php(934): App\Controllers\InputData->simpan_kasus()
 3 SYSTEMPATH\CodeIgniter.php(499): CodeIgniter\CodeIgniter->runController(Object(App\Controllers\InputData))
 4 SYSTEMPATH\CodeIgniter.php(368): CodeIgniter\CodeIgniter->handleRequest(null, Object(Config\Cache), false)
 5 FCPATH\index.php(55): CodeIgniter\CodeIgniter->run()
INFO - 2024-01-16 15:11:43 --> Session: Class initialized using 'CodeIgniter\Session\Handlers\FileHandler' driver.
INFO - 2024-01-16 15:16:58 --> Session: Class initialized using 'CodeIgniter\Session\Handlers\FileHandler' driver.
INFO - 2024-01-16 15:17:55 --> CSRF token verified.
INFO - 2024-01-16 15:17:55 --> Session: Class initialized using 'CodeIgniter\Session\Handlers\FileHandler' driver.
INFO - 2024-01-16 15:18:13 --> Session: Class initialized using 'CodeIgniter\Session\Handlers\FileHandler' driver.
INFO - 2024-01-16 15:19:37 --> CSRF token verified.
INFO - 2024-01-16 15:19:37 --> Session: Class initialized using 'CodeIgniter\Session\Handlers\FileHandler' driver.
INFO - 2024-01-16 15:22:04 --> Session: Class initialized using 'CodeIgniter\Session\Handlers\FileHandler' driver.
INFO - 2024-01-16 15:24:53 --> CSRF token verified.
INFO - 2024-01-16 15:24:53 --> Session: Class initialized using 'CodeIgniter\Session\Handlers\FileHandler' driver.
