CRITICAL - 2023-06-07 07:44:12 --> Undefined property: stdClass::$tot_residu_kependudukan
in APPPATH\Views\stat_linechart.php on line 261.
 1 APPPATH\Views\stat_linechart.php(261): CodeIgniter\Debug\Exceptions->errorHandler(2, 'Undefined property: stdClass::$tot_residu_kependudukan', 'APPPATH\\Views\\stat_linechart.php', 261)
 2 SYSTEMPATH\View\View.php(213): include('APPPATH\\Views\\stat_linechart.php')
 3 SYSTEMPATH\View\View.php(216): CodeIgniter\View\View->CodeIgniter\View\{closure}()
 4 SYSTEMPATH\Common.php(1184): CodeIgniter\View\View->render('stat_linechart', [], true)
 5 APPPATH\Controllers\Dashboard.php(36): view('stat_linechart', [...])
 6 SYSTEMPATH\CodeIgniter.php(934): App\Controllers\Dashboard->index()
 7 SYSTEMPATH\CodeIgniter.php(499): CodeIgniter\CodeIgniter->runController(Object(App\Controllers\Dashboard))
 8 SYSTEMPATH\CodeIgniter.php(368): CodeIgniter\CodeIgniter->handleRequest(null, Object(Config\Cache), false)
 9 FCPATH\index.php(55): CodeIgniter\CodeIgniter->run()
CRITICAL - 2023-06-07 08:39:23 --> Undefined variable $tglsekarang
in APPPATH\Views\stat_linechart.php on line 40.
 1 APPPATH\Views\stat_linechart.php(40): CodeIgniter\Debug\Exceptions->errorHandler(2, 'Undefined variable $tglsekarang', 'APPPATH\\Views\\stat_linechart.php', 40)
 2 SYSTEMPATH\View\View.php(213): include('APPPATH\\Views\\stat_linechart.php')
 3 SYSTEMPATH\View\View.php(216): CodeIgniter\View\View->CodeIgniter\View\{closure}()
 4 SYSTEMPATH\Common.php(1184): CodeIgniter\View\View->render('stat_linechart', [], true)
 5 APPPATH\Controllers\Dashboard.php(36): view('stat_linechart', [...])
 6 SYSTEMPATH\CodeIgniter.php(934): App\Controllers\Dashboard->index()
 7 SYSTEMPATH\CodeIgniter.php(499): CodeIgniter\CodeIgniter->runController(Object(App\Controllers\Dashboard))
 8 SYSTEMPATH\CodeIgniter.php(368): CodeIgniter\CodeIgniter->handleRequest(null, Object(Config\Cache), false)
 9 FCPATH\index.php(55): CodeIgniter\CodeIgniter->run()
ERROR - 2023-06-07 11:15:06 --> Error connecting to the database: Error: Call to undefined function CodeIgniter\Database\SQLSRV\sqlsrv_configure() in D:\laragon\www\res_pd\system\Database\SQLSRV\Connection.php:128
Stack trace:
#0 D:\laragon\www\res_pd\system\Database\BaseConnection.php(391): CodeIgniter\Database\SQLSRV\Connection->connect(false)
#1 D:\laragon\www\res_pd\system\Database\BaseConnection.php(573): CodeIgniter\Database\BaseConnection->initialize()
#2 D:\laragon\www\res_pd\app\Models\M_residu.php(176): CodeIgniter\Database\BaseConnection->query('SELECT sum([tot...')
#3 D:\laragon\www\res_pd\app\Controllers\Dashboard.php(18): App\Models\M_residu->getTotalJendralResidu()
#4 D:\laragon\www\res_pd\system\CodeIgniter.php(934): App\Controllers\Dashboard->index()
#5 D:\laragon\www\res_pd\system\CodeIgniter.php(499): CodeIgniter\CodeIgniter->runController(Object(App\Controllers\Dashboard))
#6 D:\laragon\www\res_pd\system\CodeIgniter.php(368): CodeIgniter\CodeIgniter->handleRequest(NULL, Object(Config\Cache), false)
#7 D:\laragon\www\res_pd\index.php(55): CodeIgniter\CodeIgniter->run()
#8 {main}
CRITICAL - 2023-06-07 11:15:06 --> Unable to connect to the database.
Main connection [SQLSRV]: Call to undefined function CodeIgniter\Database\SQLSRV\sqlsrv_configure()
in SYSTEMPATH\Database\BaseConnection.php on line 427.
 1 SYSTEMPATH\Database\BaseConnection.php(573): CodeIgniter\Database\BaseConnection->initialize()
 2 APPPATH\Models\M_residu.php(176): CodeIgniter\Database\BaseConnection->query('SELECT sum([total_pd]) as tot_pd, sum([residu_nisn]) as tot_residu_nisn, 
        sum([residu_kependudukan]) as tot_residu_kependudukan, sum([residu_nik]) as tot_residu_nik, 
        sum([residu_wilayah]) as tot_residu_wilayah 
        FROM [Arsip].[pd].[rekap_residu] where id_level_wilayah = 1')
 3 APPPATH\Controllers\Dashboard.php(18): App\Models\M_residu->getTotalJendralResidu()
 4 SYSTEMPATH\CodeIgniter.php(934): App\Controllers\Dashboard->index()
 5 SYSTEMPATH\CodeIgniter.php(499): CodeIgniter\CodeIgniter->runController(Object(App\Controllers\Dashboard))
 6 SYSTEMPATH\CodeIgniter.php(368): CodeIgniter\CodeIgniter->handleRequest(null, Object(Config\Cache), false)
 7 FCPATH\index.php(55): CodeIgniter\CodeIgniter->run()
ERROR - 2023-06-07 11:15:32 --> Error connecting to the database: Error: Call to undefined function CodeIgniter\Database\SQLSRV\sqlsrv_configure() in D:\laragon\www\res_pd\system\Database\SQLSRV\Connection.php:128
Stack trace:
#0 D:\laragon\www\res_pd\system\Database\BaseConnection.php(391): CodeIgniter\Database\SQLSRV\Connection->connect(false)
#1 D:\laragon\www\res_pd\system\Database\BaseConnection.php(573): CodeIgniter\Database\BaseConnection->initialize()
#2 D:\laragon\www\res_pd\app\Models\M_residu.php(176): CodeIgniter\Database\BaseConnection->query('SELECT sum([tot...')
#3 D:\laragon\www\res_pd\app\Controllers\Dashboard.php(18): App\Models\M_residu->getTotalJendralResidu()
#4 D:\laragon\www\res_pd\system\CodeIgniter.php(934): App\Controllers\Dashboard->index()
#5 D:\laragon\www\res_pd\system\CodeIgniter.php(499): CodeIgniter\CodeIgniter->runController(Object(App\Controllers\Dashboard))
#6 D:\laragon\www\res_pd\system\CodeIgniter.php(368): CodeIgniter\CodeIgniter->handleRequest(NULL, Object(Config\Cache), false)
#7 D:\laragon\www\res_pd\index.php(55): CodeIgniter\CodeIgniter->run()
#8 {main}
CRITICAL - 2023-06-07 11:15:32 --> Unable to connect to the database.
Main connection [SQLSRV]: Call to undefined function CodeIgniter\Database\SQLSRV\sqlsrv_configure()
in SYSTEMPATH\Database\BaseConnection.php on line 427.
 1 SYSTEMPATH\Database\BaseConnection.php(573): CodeIgniter\Database\BaseConnection->initialize()
 2 APPPATH\Models\M_residu.php(176): CodeIgniter\Database\BaseConnection->query('SELECT sum([total_pd]) as tot_pd, sum([residu_nisn]) as tot_residu_nisn, 
        sum([residu_kependudukan]) as tot_residu_kependudukan, sum([residu_nik]) as tot_residu_nik, 
        sum([residu_wilayah]) as tot_residu_wilayah 
        FROM [Arsip].[pd].[rekap_residu] where id_level_wilayah = 1')
 3 APPPATH\Controllers\Dashboard.php(18): App\Models\M_residu->getTotalJendralResidu()
 4 SYSTEMPATH\CodeIgniter.php(934): App\Controllers\Dashboard->index()
 5 SYSTEMPATH\CodeIgniter.php(499): CodeIgniter\CodeIgniter->runController(Object(App\Controllers\Dashboard))
 6 SYSTEMPATH\CodeIgniter.php(368): CodeIgniter\CodeIgniter->handleRequest(null, Object(Config\Cache), false)
 7 FCPATH\index.php(55): CodeIgniter\CodeIgniter->run()
ERROR - 2023-06-07 12:24:04 --> Error connecting to the database: CodeIgniter\Database\Exceptions\DatabaseException: [Microsoft][ODBC Driver 17 for SQL Server]Named Pipes Provider: Could not open a connection to SQL Server [1326].  SQLSTATE: 08001, code: 1326
[Microsoft][ODBC Driver 17 for SQL Server]Login timeout expired SQLSTATE: HYT00, code: 0
[Microsoft][ODBC Driver 17 for SQL Server]A network-related or instance-specific error has occurred while establishing a connection to SQL Server. Server is not found or not accessible. Check if instance name is correct and if SQL Server is configured to allow remote connections. For more information see SQL Server Books Online. SQLSTATE: 08001, code: 1326 in D:\laragon\www\res_pd\system\Database\SQLSRV\Connection.php:142
Stack trace:
#0 D:\laragon\www\res_pd\system\Database\BaseConnection.php(391): CodeIgniter\Database\SQLSRV\Connection->connect(false)
#1 D:\laragon\www\res_pd\system\Database\BaseConnection.php(573): CodeIgniter\Database\BaseConnection->initialize()
#2 D:\laragon\www\res_pd\app\Models\M_residu.php(176): CodeIgniter\Database\BaseConnection->query('SELECT sum([tot...')
#3 D:\laragon\www\res_pd\app\Controllers\Dashboard.php(18): App\Models\M_residu->getTotalJendralResidu()
#4 D:\laragon\www\res_pd\system\CodeIgniter.php(934): App\Controllers\Dashboard->index()
#5 D:\laragon\www\res_pd\system\CodeIgniter.php(499): CodeIgniter\CodeIgniter->runController(Object(App\Controllers\Dashboard))
#6 D:\laragon\www\res_pd\system\CodeIgniter.php(368): CodeIgniter\CodeIgniter->handleRequest(NULL, Object(Config\Cache), false)
#7 D:\laragon\www\res_pd\index.php(55): CodeIgniter\CodeIgniter->run()
#8 {main}
CRITICAL - 2023-06-07 12:24:04 --> Unable to connect to the database.
Main connection [SQLSRV]: [Microsoft][ODBC Driver 17 for SQL Server]Named Pipes Provider: Could not open a connection to SQL Server [1326].  SQLSTATE: 08001, code: 1326
[Microsoft][ODBC Driver 17 for SQL Server]Login timeout expired SQLSTATE: HYT00, code: 0
[Microsoft][ODBC Driver 17 for SQL Server]A network-related or instance-specific error has occurred while establishing a connection to SQL Server. Server is not found or not accessible. Check if instance name is correct and if SQL Server is configured to allow remote connections. For more information see SQL Server Books Online. SQLSTATE: 08001, code: 1326
in SYSTEMPATH\Database\BaseConnection.php on line 427.
 1 SYSTEMPATH\Database\BaseConnection.php(573): CodeIgniter\Database\BaseConnection->initialize()
 2 APPPATH\Models\M_residu.php(176): CodeIgniter\Database\BaseConnection->query('SELECT sum([total_pd]) as tot_pd, sum([residu_nisn]) as tot_residu_nisn, 
        sum([residu_kependudukan]) as tot_residu_kependudukan, sum([residu_nik]) as tot_residu_nik, 
        sum([residu_wilayah]) as tot_residu_wilayah 
        FROM [Arsip].[pd].[rekap_residu] where id_level_wilayah = 1')
 3 APPPATH\Controllers\Dashboard.php(18): App\Models\M_residu->getTotalJendralResidu()
 4 SYSTEMPATH\CodeIgniter.php(934): App\Controllers\Dashboard->index()
 5 SYSTEMPATH\CodeIgniter.php(499): CodeIgniter\CodeIgniter->runController(Object(App\Controllers\Dashboard))
 6 SYSTEMPATH\CodeIgniter.php(368): CodeIgniter\CodeIgniter->handleRequest(null, Object(Config\Cache), false)
 7 FCPATH\index.php(55): CodeIgniter\CodeIgniter->run()
CRITICAL - 2023-06-07 13:20:28 --> Undefined property: stdClass::$tot_pd
in APPPATH\Views\stat_linechart.php on line 89.
 1 APPPATH\Views\stat_linechart.php(89): CodeIgniter\Debug\Exceptions->errorHandler(2, 'Undefined property: stdClass::$tot_pd', 'APPPATH\\Views\\stat_linechart.php', 89)
 2 SYSTEMPATH\View\View.php(213): include('APPPATH\\Views\\stat_linechart.php')
 3 SYSTEMPATH\View\View.php(216): CodeIgniter\View\View->CodeIgniter\View\{closure}()
 4 SYSTEMPATH\Common.php(1184): CodeIgniter\View\View->render('stat_linechart', [], true)
 5 APPPATH\Controllers\Dashboard.php(37): view('stat_linechart', [...])
 6 SYSTEMPATH\CodeIgniter.php(934): App\Controllers\Dashboard->index()
 7 SYSTEMPATH\CodeIgniter.php(499): CodeIgniter\CodeIgniter->runController(Object(App\Controllers\Dashboard))
 8 SYSTEMPATH\CodeIgniter.php(368): CodeIgniter\CodeIgniter->handleRequest(null, Object(Config\Cache), false)
 9 FCPATH\index.php(55): CodeIgniter\CodeIgniter->run()
CRITICAL - 2023-06-07 13:31:23 --> Undefined variable $tglawal
in APPPATH\Views\stat_linechart.php on line 181.
 1 APPPATH\Views\stat_linechart.php(181): CodeIgniter\Debug\Exceptions->errorHandler(2, 'Undefined variable $tglawal', 'APPPATH\\Views\\stat_linechart.php', 181)
 2 SYSTEMPATH\View\View.php(213): include('APPPATH\\Views\\stat_linechart.php')
 3 SYSTEMPATH\View\View.php(216): CodeIgniter\View\View->CodeIgniter\View\{closure}()
 4 SYSTEMPATH\Common.php(1184): CodeIgniter\View\View->render('stat_linechart', [], true)
 5 APPPATH\Controllers\Dashboard.php(37): view('stat_linechart', [...])
 6 SYSTEMPATH\CodeIgniter.php(934): App\Controllers\Dashboard->index()
 7 SYSTEMPATH\CodeIgniter.php(499): CodeIgniter\CodeIgniter->runController(Object(App\Controllers\Dashboard))
 8 SYSTEMPATH\CodeIgniter.php(368): CodeIgniter\CodeIgniter->handleRequest(null, Object(Config\Cache), false)
 9 FCPATH\index.php(55): CodeIgniter\CodeIgniter->run()
