INFO - 2023-08-11 07:46:08 --> Session: Class initialized using 'CodeIgniter\Session\Handlers\FileHandler' driver.
INFO - 2023-08-11 07:46:16 --> Session: Class initialized using 'CodeIgniter\Session\Handlers\FileHandler' driver.
INFO - 2023-08-11 07:46:22 --> Session: Class initialized using 'CodeIgniter\Session\Handlers\FileHandler' driver.
ERROR - 2023-08-11 07:47:06 --> Error connecting to the database: CodeIgniter\Database\Exceptions\DatabaseException: [Microsoft][ODBC Driver 17 for SQL Server]Named Pipes Provider: Could not open a connection to SQL Server [53].  SQLSTATE: 08001, code: 53
[Microsoft][ODBC Driver 17 for SQL Server]Login timeout expired SQLSTATE: HYT00, code: 0
[Microsoft][ODBC Driver 17 for SQL Server]A network-related or instance-specific error has occurred while establishing a connection to SQL Server. Server is not found or not accessible. Check if instance name is correct and if SQL Server is configured to allow remote connections. For more information see SQL Server Books Online. SQLSTATE: 08001, code: 53 in D:\laragon\www\tppk\system\Database\SQLSRV\Connection.php:142
Stack trace:
#0 D:\laragon\www\tppk\system\Database\BaseConnection.php(391): CodeIgniter\Database\SQLSRV\Connection->connect(false)
#1 D:\laragon\www\tppk\system\Database\BaseConnection.php(573): CodeIgniter\Database\BaseConnection->initialize()
#2 D:\laragon\www\tppk\app\Models\M_tppk.php(762): CodeIgniter\Database\BaseConnection->query('SELECT SUM (jml...')
#3 D:\laragon\www\tppk\app\Controllers\Dashboard.php(28): App\Models\M_tppk->getTotalJendralPPTK()
#4 D:\laragon\www\tppk\system\CodeIgniter.php(934): App\Controllers\Dashboard->index()
#5 D:\laragon\www\tppk\system\CodeIgniter.php(499): CodeIgniter\CodeIgniter->runController(Object(App\Controllers\Dashboard))
#6 D:\laragon\www\tppk\system\CodeIgniter.php(368): CodeIgniter\CodeIgniter->handleRequest(NULL, Object(Config\Cache), false)
#7 D:\laragon\www\tppk\index.php(55): CodeIgniter\CodeIgniter->run()
#8 {main}
CRITICAL - 2023-08-11 07:47:06 --> Unable to connect to the database.
Main connection [SQLSRV]: [Microsoft][ODBC Driver 17 for SQL Server]Named Pipes Provider: Could not open a connection to SQL Server [53].  SQLSTATE: 08001, code: 53
[Microsoft][ODBC Driver 17 for SQL Server]Login timeout expired SQLSTATE: HYT00, code: 0
[Microsoft][ODBC Driver 17 for SQL Server]A network-related or instance-specific error has occurred while establishing a connection to SQL Server. Server is not found or not accessible. Check if instance name is correct and if SQL Server is configured to allow remote connections. For more information see SQL Server Books Online. SQLSTATE: 08001, code: 53
in SYSTEMPATH\Database\BaseConnection.php on line 427.
 1 SYSTEMPATH\Database\BaseConnection.php(573): CodeIgniter\Database\BaseConnection->initialize()
 2 APPPATH\Models\M_tppk.php(762): CodeIgniter\Database\BaseConnection->query('SELECT SUM (jml_satuan_pendidikan) as total_jml_sp, 
                SUM (jml_tppk) as total_jml_tppk
                FROM [TPPK].[rpt].[rekap_tppk]
                where id_level_wilayah = 1 AND bentuk_pendidikan=\'semua\'
                group by id_level_wilayah')
 3 APPPATH\Controllers\Dashboard.php(28): App\Models\M_tppk->getTotalJendralPPTK()
 4 SYSTEMPATH\CodeIgniter.php(934): App\Controllers\Dashboard->index()
 5 SYSTEMPATH\CodeIgniter.php(499): CodeIgniter\CodeIgniter->runController(Object(App\Controllers\Dashboard))
 6 SYSTEMPATH\CodeIgniter.php(368): CodeIgniter\CodeIgniter->handleRequest(null, Object(Config\Cache), false)
 7 FCPATH\index.php(55): CodeIgniter\CodeIgniter->run()
INFO - 2023-08-11 07:47:30 --> Session: Class initialized using 'CodeIgniter\Session\Handlers\FileHandler' driver.
INFO - 2023-08-11 07:47:38 --> Session: Class initialized using 'CodeIgniter\Session\Handlers\FileHandler' driver.
INFO - 2023-08-11 07:47:39 --> Session: Class initialized using 'CodeIgniter\Session\Handlers\FileHandler' driver.
INFO - 2023-08-11 07:47:42 --> Session: Class initialized using 'CodeIgniter\Session\Handlers\FileHandler' driver.
INFO - 2023-08-11 07:47:43 --> Session: Class initialized using 'CodeIgniter\Session\Handlers\FileHandler' driver.
INFO - 2023-08-11 07:47:47 --> Session: Class initialized using 'CodeIgniter\Session\Handlers\FileHandler' driver.
INFO - 2023-08-11 07:47:48 --> Session: Class initialized using 'CodeIgniter\Session\Handlers\FileHandler' driver.
INFO - 2023-08-11 07:47:53 --> Session: Class initialized using 'CodeIgniter\Session\Handlers\FileHandler' driver.
INFO - 2023-08-11 07:47:54 --> Session: Class initialized using 'CodeIgniter\Session\Handlers\FileHandler' driver.
INFO - 2023-08-11 07:48:02 --> Session: Class initialized using 'CodeIgniter\Session\Handlers\FileHandler' driver.
WARNING - 2023-08-11 07:48:02 --> [DEPRECATED] substr(): Passing null to parameter #1 ($string) of type string is deprecated in APPPATH\Views\tppk\daftaranggota.php on line 140.
 1 APPPATH\Views\tppk\daftaranggota.php(140): substr(null, 8, 2)
 2 SYSTEMPATH\View\View.php(213): include('APPPATH\\Views\\tppk\\daftaranggota.php')
 3 SYSTEMPATH\View\View.php(216): CodeIgniter\View\View->CodeIgniter\View\{closure}()
 4 SYSTEMPATH\Common.php(1184): CodeIgniter\View\View->render('tppk/daftaranggota', [], true)
 5 APPPATH\Controllers\TPPK.php(233): view('tppk/daftaranggota', [...])
 6 SYSTEMPATH\CodeIgniter.php(934): App\Controllers\TPPK->anggota('20231334')
 7 SYSTEMPATH\CodeIgniter.php(499): CodeIgniter\CodeIgniter->runController(Object(App\Controllers\TPPK))
 8 SYSTEMPATH\CodeIgniter.php(368): CodeIgniter\CodeIgniter->handleRequest(null, Object(Config\Cache), false)
 9 FCPATH\index.php(55): CodeIgniter\CodeIgniter->run()
WARNING - 2023-08-11 07:48:02 --> [DEPRECATED] substr(): Passing null to parameter #1 ($string) of type string is deprecated in APPPATH\Views\tppk\daftaranggota.php on line 140.
 1 APPPATH\Views\tppk\daftaranggota.php(140): substr(null, 5, 2)
 2 SYSTEMPATH\View\View.php(213): include('APPPATH\\Views\\tppk\\daftaranggota.php')
 3 SYSTEMPATH\View\View.php(216): CodeIgniter\View\View->CodeIgniter\View\{closure}()
 4 SYSTEMPATH\Common.php(1184): CodeIgniter\View\View->render('tppk/daftaranggota', [], true)
 5 APPPATH\Controllers\TPPK.php(233): view('tppk/daftaranggota', [...])
 6 SYSTEMPATH\CodeIgniter.php(934): App\Controllers\TPPK->anggota('20231334')
 7 SYSTEMPATH\CodeIgniter.php(499): CodeIgniter\CodeIgniter->runController(Object(App\Controllers\TPPK))
 8 SYSTEMPATH\CodeIgniter.php(368): CodeIgniter\CodeIgniter->handleRequest(null, Object(Config\Cache), false)
 9 FCPATH\index.php(55): CodeIgniter\CodeIgniter->run()
WARNING - 2023-08-11 07:48:02 --> [DEPRECATED] substr(): Passing null to parameter #1 ($string) of type string is deprecated in APPPATH\Views\tppk\daftaranggota.php on line 140.
 1 APPPATH\Views\tppk\daftaranggota.php(140): substr(null, 0, 4)
 2 SYSTEMPATH\View\View.php(213): include('APPPATH\\Views\\tppk\\daftaranggota.php')
 3 SYSTEMPATH\View\View.php(216): CodeIgniter\View\View->CodeIgniter\View\{closure}()
 4 SYSTEMPATH\Common.php(1184): CodeIgniter\View\View->render('tppk/daftaranggota', [], true)
 5 APPPATH\Controllers\TPPK.php(233): view('tppk/daftaranggota', [...])
 6 SYSTEMPATH\CodeIgniter.php(934): App\Controllers\TPPK->anggota('20231334')
 7 SYSTEMPATH\CodeIgniter.php(499): CodeIgniter\CodeIgniter->runController(Object(App\Controllers\TPPK))
 8 SYSTEMPATH\CodeIgniter.php(368): CodeIgniter\CodeIgniter->handleRequest(null, Object(Config\Cache), false)
 9 FCPATH\index.php(55): CodeIgniter\CodeIgniter->run()
INFO - 2023-08-11 07:49:21 --> Session: Class initialized using 'CodeIgniter\Session\Handlers\FileHandler' driver.
INFO - 2023-08-11 07:49:22 --> Session: Class initialized using 'CodeIgniter\Session\Handlers\FileHandler' driver.
INFO - 2023-08-11 07:49:30 --> Session: Class initialized using 'CodeIgniter\Session\Handlers\FileHandler' driver.
WARNING - 2023-08-11 07:49:30 --> [DEPRECATED] substr(): Passing null to parameter #1 ($string) of type string is deprecated in APPPATH\Views\tppk\daftaranggota.php on line 140.
 1 APPPATH\Views\tppk\daftaranggota.php(140): substr(null, 8, 2)
 2 SYSTEMPATH\View\View.php(213): include('APPPATH\\Views\\tppk\\daftaranggota.php')
 3 SYSTEMPATH\View\View.php(216): CodeIgniter\View\View->CodeIgniter\View\{closure}()
 4 SYSTEMPATH\Common.php(1184): CodeIgniter\View\View->render('tppk/daftaranggota', [], true)
 5 APPPATH\Controllers\TPPK.php(233): view('tppk/daftaranggota', [...])
 6 SYSTEMPATH\CodeIgniter.php(934): App\Controllers\TPPK->anggota('20231334')
 7 SYSTEMPATH\CodeIgniter.php(499): CodeIgniter\CodeIgniter->runController(Object(App\Controllers\TPPK))
 8 SYSTEMPATH\CodeIgniter.php(368): CodeIgniter\CodeIgniter->handleRequest(null, Object(Config\Cache), false)
 9 FCPATH\index.php(55): CodeIgniter\CodeIgniter->run()
WARNING - 2023-08-11 07:49:30 --> [DEPRECATED] substr(): Passing null to parameter #1 ($string) of type string is deprecated in APPPATH\Views\tppk\daftaranggota.php on line 140.
 1 APPPATH\Views\tppk\daftaranggota.php(140): substr(null, 5, 2)
 2 SYSTEMPATH\View\View.php(213): include('APPPATH\\Views\\tppk\\daftaranggota.php')
 3 SYSTEMPATH\View\View.php(216): CodeIgniter\View\View->CodeIgniter\View\{closure}()
 4 SYSTEMPATH\Common.php(1184): CodeIgniter\View\View->render('tppk/daftaranggota', [], true)
 5 APPPATH\Controllers\TPPK.php(233): view('tppk/daftaranggota', [...])
 6 SYSTEMPATH\CodeIgniter.php(934): App\Controllers\TPPK->anggota('20231334')
 7 SYSTEMPATH\CodeIgniter.php(499): CodeIgniter\CodeIgniter->runController(Object(App\Controllers\TPPK))
 8 SYSTEMPATH\CodeIgniter.php(368): CodeIgniter\CodeIgniter->handleRequest(null, Object(Config\Cache), false)
 9 FCPATH\index.php(55): CodeIgniter\CodeIgniter->run()
WARNING - 2023-08-11 07:49:30 --> [DEPRECATED] substr(): Passing null to parameter #1 ($string) of type string is deprecated in APPPATH\Views\tppk\daftaranggota.php on line 140.
 1 APPPATH\Views\tppk\daftaranggota.php(140): substr(null, 0, 4)
 2 SYSTEMPATH\View\View.php(213): include('APPPATH\\Views\\tppk\\daftaranggota.php')
 3 SYSTEMPATH\View\View.php(216): CodeIgniter\View\View->CodeIgniter\View\{closure}()
 4 SYSTEMPATH\Common.php(1184): CodeIgniter\View\View->render('tppk/daftaranggota', [], true)
 5 APPPATH\Controllers\TPPK.php(233): view('tppk/daftaranggota', [...])
 6 SYSTEMPATH\CodeIgniter.php(934): App\Controllers\TPPK->anggota('20231334')
 7 SYSTEMPATH\CodeIgniter.php(499): CodeIgniter\CodeIgniter->runController(Object(App\Controllers\TPPK))
 8 SYSTEMPATH\CodeIgniter.php(368): CodeIgniter\CodeIgniter->handleRequest(null, Object(Config\Cache), false)
 9 FCPATH\index.php(55): CodeIgniter\CodeIgniter->run()
INFO - 2023-08-11 08:38:59 --> Session: Class initialized using 'CodeIgniter\Session\Handlers\FileHandler' driver.
INFO - 2023-08-11 09:08:16 --> Session: Class initialized using 'CodeIgniter\Session\Handlers\FileHandler' driver.
ERROR - 2023-08-11 09:08:18 --> [Microsoft][ODBC Driver 17 for SQL Server][SQL Server]Invalid object name 'TPPK.dbo.log_userlogin'.
CRITICAL - 2023-08-11 09:08:18 --> [Microsoft][ODBC Driver 17 for SQL Server][SQL Server]Invalid object name 'TPPK.dbo.log_userlogin'.
in SYSTEMPATH\Database\BaseConnection.php on line 645.
 1 APPPATH\Models\M_tppk.php(987): CodeIgniter\Database\BaseConnection->query('INSERT INTO TPPK.dbo.log_userlogin (username, login_time, nama, jenis_instansi_id, wilayah_akses) values (\'hardianto@kemdikbud.go.id\',GETDATE(),\'Hardianto,M.Kom\',\'1\',\'000000\')')
 2 APPPATH\Controllers\Login.php(47): App\Models\M_tppk->simpan_log_userlogin()
 3 SYSTEMPATH\CodeIgniter.php(934): App\Controllers\Login->actionLoginsso()
 4 SYSTEMPATH\CodeIgniter.php(499): CodeIgniter\CodeIgniter->runController(Object(App\Controllers\Login))
 5 SYSTEMPATH\CodeIgniter.php(368): CodeIgniter\CodeIgniter->handleRequest(null, Object(Config\Cache), false)
 6 FCPATH\index.php(55): CodeIgniter\CodeIgniter->run()
INFO - 2023-08-11 09:10:11 --> Session: Class initialized using 'CodeIgniter\Session\Handlers\FileHandler' driver.
ERROR - 2023-08-11 09:10:12 --> [Microsoft][ODBC Driver 17 for SQL Server][SQL Server]Invalid object name 'TPPK.dbo.log_userlogin'.
CRITICAL - 2023-08-11 09:10:12 --> [Microsoft][ODBC Driver 17 for SQL Server][SQL Server]Invalid object name 'TPPK.dbo.log_userlogin'.
in SYSTEMPATH\Database\BaseConnection.php on line 645.
 1 APPPATH\Models\M_tppk.php(987): CodeIgniter\Database\BaseConnection->query('INSERT INTO TPPK.dbo.log_userlogin (username, login_time, nama, jenis_instansi_id, wilayah_akses) values (\'hardianto@kemdikbud.go.id\',GETDATE(),\'Hardianto,M.Kom\',\'1\',\'000000\')')
 2 APPPATH\Controllers\Login.php(47): App\Models\M_tppk->simpan_log_userlogin()
 3 SYSTEMPATH\CodeIgniter.php(934): App\Controllers\Login->actionLoginsso()
 4 SYSTEMPATH\CodeIgniter.php(499): CodeIgniter\CodeIgniter->runController(Object(App\Controllers\Login))
 5 SYSTEMPATH\CodeIgniter.php(368): CodeIgniter\CodeIgniter->handleRequest(null, Object(Config\Cache), false)
 6 FCPATH\index.php(55): CodeIgniter\CodeIgniter->run()
INFO - 2023-08-11 09:13:10 --> Session: Class initialized using 'CodeIgniter\Session\Handlers\FileHandler' driver.
ERROR - 2023-08-11 09:13:11 --> [Microsoft][ODBC Driver 17 for SQL Server][SQL Server]Invalid object name 'TPPK.dbo.log_userlogin'.
CRITICAL - 2023-08-11 09:13:11 --> [Microsoft][ODBC Driver 17 for SQL Server][SQL Server]Invalid object name 'TPPK.dbo.log_userlogin'.
in SYSTEMPATH\Database\BaseConnection.php on line 645.
 1 APPPATH\Models\M_tppk.php(987): CodeIgniter\Database\BaseConnection->query('INSERT INTO TPPK.dbo.log_userlogin (username, login_time, nama, jenis_instansi_id, wilayah_akses) values (\'hardianto@kemdikbud.go.id\',GETDATE(),\'Hardianto,M.Kom\',\'1\',\'000000\')')
 2 APPPATH\Controllers\Login.php(47): App\Models\M_tppk->simpan_log_userlogin()
 3 SYSTEMPATH\CodeIgniter.php(934): App\Controllers\Login->actionLoginsso()
 4 SYSTEMPATH\CodeIgniter.php(499): CodeIgniter\CodeIgniter->runController(Object(App\Controllers\Login))
 5 SYSTEMPATH\CodeIgniter.php(368): CodeIgniter\CodeIgniter->handleRequest(null, Object(Config\Cache), false)
 6 FCPATH\index.php(55): CodeIgniter\CodeIgniter->run()
INFO - 2023-08-11 09:15:08 --> Session: Class initialized using 'CodeIgniter\Session\Handlers\FileHandler' driver.
ERROR - 2023-08-11 09:15:10 --> [Microsoft][ODBC Driver 17 for SQL Server][SQL Server]Invalid object name 'TPPK.dbo.log_userlogin'.
CRITICAL - 2023-08-11 09:15:10 --> [Microsoft][ODBC Driver 17 for SQL Server][SQL Server]Invalid object name 'TPPK.dbo.log_userlogin'.
in SYSTEMPATH\Database\BaseConnection.php on line 645.
 1 APPPATH\Models\M_tppk.php(987): CodeIgniter\Database\BaseConnection->query('INSERT INTO [TPPK].[dbo].[log_userlogin] (username, login_time, nama, jenis_instansi_id, wilayah_akses) values (\'hardianto@kemdikbud.go.id\',GETDATE(),\'Hardianto,M.Kom\',\'1\',\'000000\')')
 2 APPPATH\Controllers\Login.php(47): App\Models\M_tppk->simpan_log_userlogin()
 3 SYSTEMPATH\CodeIgniter.php(934): App\Controllers\Login->actionLoginsso()
 4 SYSTEMPATH\CodeIgniter.php(499): CodeIgniter\CodeIgniter->runController(Object(App\Controllers\Login))
 5 SYSTEMPATH\CodeIgniter.php(368): CodeIgniter\CodeIgniter->handleRequest(null, Object(Config\Cache), false)
 6 FCPATH\index.php(55): CodeIgniter\CodeIgniter->run()
INFO - 2023-08-11 09:17:44 --> Session: Class initialized using 'CodeIgniter\Session\Handlers\FileHandler' driver.
ERROR - 2023-08-11 09:17:45 --> [Microsoft][ODBC Driver 17 for SQL Server][SQL Server]Invalid object name 'TPPK.dbo.statuserlogin'.
CRITICAL - 2023-08-11 09:17:45 --> [Microsoft][ODBC Driver 17 for SQL Server][SQL Server]Invalid object name 'TPPK.dbo.statuserlogin'.
in SYSTEMPATH\Database\BaseConnection.php on line 645.
 1 APPPATH\Models\M_tppk.php(987): CodeIgniter\Database\BaseConnection->query('INSERT INTO [TPPK].[dbo].[statuserlogin] (username, login_time, nama, jenis_instansi_id, wilayah_akses) values (\'hardianto@kemdikbud.go.id\',GETDATE(),\'Hardianto,M.Kom\',\'1\',\'000000\')')
 2 APPPATH\Controllers\Login.php(47): App\Models\M_tppk->simpan_log_userlogin()
 3 SYSTEMPATH\CodeIgniter.php(934): App\Controllers\Login->actionLoginsso()
 4 SYSTEMPATH\CodeIgniter.php(499): CodeIgniter\CodeIgniter->runController(Object(App\Controllers\Login))
 5 SYSTEMPATH\CodeIgniter.php(368): CodeIgniter\CodeIgniter->handleRequest(null, Object(Config\Cache), false)
 6 FCPATH\index.php(55): CodeIgniter\CodeIgniter->run()
INFO - 2023-08-11 09:18:49 --> Session: Class initialized using 'CodeIgniter\Session\Handlers\FileHandler' driver.
ERROR - 2023-08-11 09:18:49 --> [Microsoft][ODBC Driver 17 for SQL Server][SQL Server]Invalid object name 'TPPK.dbo.statuserlogin'.
CRITICAL - 2023-08-11 09:18:49 --> [Microsoft][ODBC Driver 17 for SQL Server][SQL Server]Invalid object name 'TPPK.dbo.statuserlogin'.
in SYSTEMPATH\Database\BaseConnection.php on line 645.
 1 APPPATH\Models\M_tppk.php(991): CodeIgniter\Database\BaseConnection->query('SELECT *
                FROM TPPK.dbo.statuserlogin
                ORDER BY create_date')
 2 APPPATH\Controllers\Login.php(47): App\Models\M_tppk->simpan_log_userlogin()
 3 SYSTEMPATH\CodeIgniter.php(934): App\Controllers\Login->actionLoginsso()
 4 SYSTEMPATH\CodeIgniter.php(499): CodeIgniter\CodeIgniter->runController(Object(App\Controllers\Login))
 5 SYSTEMPATH\CodeIgniter.php(368): CodeIgniter\CodeIgniter->handleRequest(null, Object(Config\Cache), false)
 6 FCPATH\index.php(55): CodeIgniter\CodeIgniter->run()
INFO - 2023-08-11 09:21:41 --> Session: Class initialized using 'CodeIgniter\Session\Handlers\FileHandler' driver.
ERROR - 2023-08-11 09:21:41 --> [Microsoft][ODBC Driver 17 for SQL Server][SQL Server]Invalid object name 'TPPK.dbo.stattppk'.
CRITICAL - 2023-08-11 09:21:41 --> [Microsoft][ODBC Driver 17 for SQL Server][SQL Server]Invalid object name 'TPPK.dbo.stattppk'.
in SYSTEMPATH\Database\BaseConnection.php on line 645.
 1 APPPATH\Models\M_tppk.php(991): CodeIgniter\Database\BaseConnection->query('SELECT TOP 100 *
                FROM TPPK.dbo.stattppk
                ORDER BY create_date')
 2 APPPATH\Controllers\Login.php(47): App\Models\M_tppk->simpan_log_userlogin()
 3 SYSTEMPATH\CodeIgniter.php(934): App\Controllers\Login->actionLoginsso()
 4 SYSTEMPATH\CodeIgniter.php(499): CodeIgniter\CodeIgniter->runController(Object(App\Controllers\Login))
 5 SYSTEMPATH\CodeIgniter.php(368): CodeIgniter\CodeIgniter->handleRequest(null, Object(Config\Cache), false)
 6 FCPATH\index.php(55): CodeIgniter\CodeIgniter->run()
INFO - 2023-08-11 09:24:55 --> Session: Class initialized using 'CodeIgniter\Session\Handlers\FileHandler' driver.
INFO - 2023-08-11 09:24:58 --> Session: Class initialized using 'CodeIgniter\Session\Handlers\FileHandler' driver.
INFO - 2023-08-11 09:34:49 --> Session: Class initialized using 'CodeIgniter\Session\Handlers\FileHandler' driver.
INFO - 2023-08-11 09:34:49 --> Session: Class initialized using 'CodeIgniter\Session\Handlers\FileHandler' driver.
