ERROR - 2023-06-09 07:03:30 --> Error connecting to the database: Error: Call to undefined function CodeIgniter\Database\SQLSRV\sqlsrv_configure() in D:\laragon\www\res_pd\system\Database\SQLSRV\Connection.php:128
Stack trace:
#0 D:\laragon\www\res_pd\system\Database\BaseConnection.php(391): CodeIgniter\Database\SQLSRV\Connection->connect(false)
#1 D:\laragon\www\res_pd\system\Database\BaseConnection.php(573): CodeIgniter\Database\BaseConnection->initialize()
#2 D:\laragon\www\res_pd\app\Models\M_residu.php(392): CodeIgniter\Database\BaseConnection->query('SELECT lembaga_...')
#3 D:\laragon\www\res_pd\app\Controllers\PesertaDidik.php(91): App\Models\M_residu->getKementerian()
#4 D:\laragon\www\res_pd\system\CodeIgniter.php(934): App\Controllers\PesertaDidik->wilayah()
#5 D:\laragon\www\res_pd\system\CodeIgniter.php(499): CodeIgniter\CodeIgniter->runController(Object(App\Controllers\PesertaDidik))
#6 D:\laragon\www\res_pd\system\CodeIgniter.php(368): CodeIgniter\CodeIgniter->handleRequest(NULL, Object(Config\Cache), false)
#7 D:\laragon\www\res_pd\index.php(55): CodeIgniter\CodeIgniter->run()
#8 {main}
CRITICAL - 2023-06-09 07:03:30 --> Unable to connect to the database.
Main connection [SQLSRV]: Call to undefined function CodeIgniter\Database\SQLSRV\sqlsrv_configure()
in SYSTEMPATH\Database\BaseConnection.php on line 427.
 1 SYSTEMPATH\Database\BaseConnection.php(573): CodeIgniter\Database\BaseConnection->initialize()
 2 APPPATH\Models\M_residu.php(392): CodeIgniter\Database\BaseConnection->query('SELECT lembaga_id, nama, singkatan
                FROM [Arsip].[dbo].[lembaga_non_sekolah]')
 3 APPPATH\Controllers\PesertaDidik.php(91): App\Models\M_residu->getKementerian()
 4 SYSTEMPATH\CodeIgniter.php(934): App\Controllers\PesertaDidik->wilayah()
 5 SYSTEMPATH\CodeIgniter.php(499): CodeIgniter\CodeIgniter->runController(Object(App\Controllers\PesertaDidik))
 6 SYSTEMPATH\CodeIgniter.php(368): CodeIgniter\CodeIgniter->handleRequest(null, Object(Config\Cache), false)
 7 FCPATH\index.php(55): CodeIgniter\CodeIgniter->run()
ERROR - 2023-06-09 07:03:34 --> Error connecting to the database: Error: Call to undefined function CodeIgniter\Database\SQLSRV\sqlsrv_configure() in D:\laragon\www\res_pd\system\Database\SQLSRV\Connection.php:128
Stack trace:
#0 D:\laragon\www\res_pd\system\Database\BaseConnection.php(391): CodeIgniter\Database\SQLSRV\Connection->connect(false)
#1 D:\laragon\www\res_pd\system\Database\BaseConnection.php(573): CodeIgniter\Database\BaseConnection->initialize()
#2 D:\laragon\www\res_pd\app\Models\M_residu.php(392): CodeIgniter\Database\BaseConnection->query('SELECT lembaga_...')
#3 D:\laragon\www\res_pd\app\Controllers\PesertaDidik.php(91): App\Models\M_residu->getKementerian()
#4 D:\laragon\www\res_pd\system\CodeIgniter.php(934): App\Controllers\PesertaDidik->wilayah()
#5 D:\laragon\www\res_pd\system\CodeIgniter.php(499): CodeIgniter\CodeIgniter->runController(Object(App\Controllers\PesertaDidik))
#6 D:\laragon\www\res_pd\system\CodeIgniter.php(368): CodeIgniter\CodeIgniter->handleRequest(NULL, Object(Config\Cache), false)
#7 D:\laragon\www\res_pd\index.php(55): CodeIgniter\CodeIgniter->run()
#8 {main}
CRITICAL - 2023-06-09 07:03:34 --> Unable to connect to the database.
Main connection [SQLSRV]: Call to undefined function CodeIgniter\Database\SQLSRV\sqlsrv_configure()
in SYSTEMPATH\Database\BaseConnection.php on line 427.
 1 SYSTEMPATH\Database\BaseConnection.php(573): CodeIgniter\Database\BaseConnection->initialize()
 2 APPPATH\Models\M_residu.php(392): CodeIgniter\Database\BaseConnection->query('SELECT lembaga_id, nama, singkatan
                FROM [Arsip].[dbo].[lembaga_non_sekolah]')
 3 APPPATH\Controllers\PesertaDidik.php(91): App\Models\M_residu->getKementerian()
 4 SYSTEMPATH\CodeIgniter.php(934): App\Controllers\PesertaDidik->wilayah()
 5 SYSTEMPATH\CodeIgniter.php(499): CodeIgniter\CodeIgniter->runController(Object(App\Controllers\PesertaDidik))
 6 SYSTEMPATH\CodeIgniter.php(368): CodeIgniter\CodeIgniter->handleRequest(null, Object(Config\Cache), false)
 7 FCPATH\index.php(55): CodeIgniter\CodeIgniter->run()
ERROR - 2023-06-09 07:03:35 --> Error connecting to the database: Error: Call to undefined function CodeIgniter\Database\SQLSRV\sqlsrv_configure() in D:\laragon\www\res_pd\system\Database\SQLSRV\Connection.php:128
Stack trace:
#0 D:\laragon\www\res_pd\system\Database\BaseConnection.php(391): CodeIgniter\Database\SQLSRV\Connection->connect(false)
#1 D:\laragon\www\res_pd\system\Database\BaseConnection.php(573): CodeIgniter\Database\BaseConnection->initialize()
#2 D:\laragon\www\res_pd\app\Models\M_residu.php(392): CodeIgniter\Database\BaseConnection->query('SELECT lembaga_...')
#3 D:\laragon\www\res_pd\app\Controllers\PesertaDidik.php(91): App\Models\M_residu->getKementerian()
#4 D:\laragon\www\res_pd\system\CodeIgniter.php(934): App\Controllers\PesertaDidik->wilayah()
#5 D:\laragon\www\res_pd\system\CodeIgniter.php(499): CodeIgniter\CodeIgniter->runController(Object(App\Controllers\PesertaDidik))
#6 D:\laragon\www\res_pd\system\CodeIgniter.php(368): CodeIgniter\CodeIgniter->handleRequest(NULL, Object(Config\Cache), false)
#7 D:\laragon\www\res_pd\index.php(55): CodeIgniter\CodeIgniter->run()
#8 {main}
CRITICAL - 2023-06-09 07:03:35 --> Unable to connect to the database.
Main connection [SQLSRV]: Call to undefined function CodeIgniter\Database\SQLSRV\sqlsrv_configure()
in SYSTEMPATH\Database\BaseConnection.php on line 427.
 1 SYSTEMPATH\Database\BaseConnection.php(573): CodeIgniter\Database\BaseConnection->initialize()
 2 APPPATH\Models\M_residu.php(392): CodeIgniter\Database\BaseConnection->query('SELECT lembaga_id, nama, singkatan
                FROM [Arsip].[dbo].[lembaga_non_sekolah]')
 3 APPPATH\Controllers\PesertaDidik.php(91): App\Models\M_residu->getKementerian()
 4 SYSTEMPATH\CodeIgniter.php(934): App\Controllers\PesertaDidik->wilayah()
 5 SYSTEMPATH\CodeIgniter.php(499): CodeIgniter\CodeIgniter->runController(Object(App\Controllers\PesertaDidik))
 6 SYSTEMPATH\CodeIgniter.php(368): CodeIgniter\CodeIgniter->handleRequest(null, Object(Config\Cache), false)
 7 FCPATH\index.php(55): CodeIgniter\CodeIgniter->run()
ERROR - 2023-06-09 07:03:37 --> Error connecting to the database: Error: Call to undefined function CodeIgniter\Database\SQLSRV\sqlsrv_configure() in D:\laragon\www\res_pd\system\Database\SQLSRV\Connection.php:128
Stack trace:
#0 D:\laragon\www\res_pd\system\Database\BaseConnection.php(391): CodeIgniter\Database\SQLSRV\Connection->connect(false)
#1 D:\laragon\www\res_pd\system\Database\BaseConnection.php(573): CodeIgniter\Database\BaseConnection->initialize()
#2 D:\laragon\www\res_pd\app\Models\M_residu.php(392): CodeIgniter\Database\BaseConnection->query('SELECT lembaga_...')
#3 D:\laragon\www\res_pd\app\Controllers\PesertaDidik.php(91): App\Models\M_residu->getKementerian()
#4 D:\laragon\www\res_pd\system\CodeIgniter.php(934): App\Controllers\PesertaDidik->wilayah()
#5 D:\laragon\www\res_pd\system\CodeIgniter.php(499): CodeIgniter\CodeIgniter->runController(Object(App\Controllers\PesertaDidik))
#6 D:\laragon\www\res_pd\system\CodeIgniter.php(368): CodeIgniter\CodeIgniter->handleRequest(NULL, Object(Config\Cache), false)
#7 D:\laragon\www\res_pd\index.php(55): CodeIgniter\CodeIgniter->run()
#8 {main}
CRITICAL - 2023-06-09 07:03:37 --> Unable to connect to the database.
Main connection [SQLSRV]: Call to undefined function CodeIgniter\Database\SQLSRV\sqlsrv_configure()
in SYSTEMPATH\Database\BaseConnection.php on line 427.
 1 SYSTEMPATH\Database\BaseConnection.php(573): CodeIgniter\Database\BaseConnection->initialize()
 2 APPPATH\Models\M_residu.php(392): CodeIgniter\Database\BaseConnection->query('SELECT lembaga_id, nama, singkatan
                FROM [Arsip].[dbo].[lembaga_non_sekolah]')
 3 APPPATH\Controllers\PesertaDidik.php(91): App\Models\M_residu->getKementerian()
 4 SYSTEMPATH\CodeIgniter.php(934): App\Controllers\PesertaDidik->wilayah()
 5 SYSTEMPATH\CodeIgniter.php(499): CodeIgniter\CodeIgniter->runController(Object(App\Controllers\PesertaDidik))
 6 SYSTEMPATH\CodeIgniter.php(368): CodeIgniter\CodeIgniter->handleRequest(null, Object(Config\Cache), false)
 7 FCPATH\index.php(55): CodeIgniter\CodeIgniter->run()
ERROR - 2023-06-09 07:05:46 --> Error connecting to the database: Error: Call to undefined function CodeIgniter\Database\SQLSRV\sqlsrv_configure() in D:\laragon\www\res_pd\system\Database\SQLSRV\Connection.php:128
Stack trace:
#0 D:\laragon\www\res_pd\system\Database\BaseConnection.php(391): CodeIgniter\Database\SQLSRV\Connection->connect(false)
#1 D:\laragon\www\res_pd\system\Database\BaseConnection.php(573): CodeIgniter\Database\BaseConnection->initialize()
#2 D:\laragon\www\res_pd\app\Models\M_residu.php(176): CodeIgniter\Database\BaseConnection->query('SELECT sum([tot...')
#3 D:\laragon\www\res_pd\app\Controllers\Dashboard.php(18): App\Models\M_residu->getTotalJendralResidu()
#4 D:\laragon\www\res_pd\system\CodeIgniter.php(934): App\Controllers\Dashboard->index()
#5 D:\laragon\www\res_pd\system\CodeIgniter.php(499): CodeIgniter\CodeIgniter->runController(Object(App\Controllers\Dashboard))
#6 D:\laragon\www\res_pd\system\CodeIgniter.php(368): CodeIgniter\CodeIgniter->handleRequest(NULL, Object(Config\Cache), false)
#7 D:\laragon\www\res_pd\index.php(55): CodeIgniter\CodeIgniter->run()
#8 {main}
CRITICAL - 2023-06-09 07:05:46 --> Unable to connect to the database.
Main connection [SQLSRV]: Call to undefined function CodeIgniter\Database\SQLSRV\sqlsrv_configure()
in SYSTEMPATH\Database\BaseConnection.php on line 427.
 1 SYSTEMPATH\Database\BaseConnection.php(573): CodeIgniter\Database\BaseConnection->initialize()
 2 APPPATH\Models\M_residu.php(176): CodeIgniter\Database\BaseConnection->query('SELECT sum([total_pd]) as tot_pd, sum([residu_nisn]) as tot_residu_nisn, 
        sum([residu_kependudukan]) as tot_residu_kependudukan, sum([residu_nik]) as tot_residu_nik, 
        sum([residu_wilayah]) as tot_residu_wilayah 
        FROM [Arsip].[pd].[rekap_residu] where id_level_wilayah = 1')
 3 APPPATH\Controllers\Dashboard.php(18): App\Models\M_residu->getTotalJendralResidu()
 4 SYSTEMPATH\CodeIgniter.php(934): App\Controllers\Dashboard->index()
 5 SYSTEMPATH\CodeIgniter.php(499): CodeIgniter\CodeIgniter->runController(Object(App\Controllers\Dashboard))
 6 SYSTEMPATH\CodeIgniter.php(368): CodeIgniter\CodeIgniter->handleRequest(null, Object(Config\Cache), false)
 7 FCPATH\index.php(55): CodeIgniter\CodeIgniter->run()
ERROR - 2023-06-09 07:06:06 --> Error connecting to the database: Error: Call to undefined function CodeIgniter\Database\SQLSRV\sqlsrv_configure() in D:\laragon\www\res_pd\system\Database\SQLSRV\Connection.php:128
Stack trace:
#0 D:\laragon\www\res_pd\system\Database\BaseConnection.php(391): CodeIgniter\Database\SQLSRV\Connection->connect(false)
#1 D:\laragon\www\res_pd\system\Database\BaseConnection.php(573): CodeIgniter\Database\BaseConnection->initialize()
#2 D:\laragon\www\res_pd\app\Models\M_residu.php(176): CodeIgniter\Database\BaseConnection->query('SELECT sum([tot...')
#3 D:\laragon\www\res_pd\app\Controllers\Dashboard.php(18): App\Models\M_residu->getTotalJendralResidu()
#4 D:\laragon\www\res_pd\system\CodeIgniter.php(934): App\Controllers\Dashboard->index()
#5 D:\laragon\www\res_pd\system\CodeIgniter.php(499): CodeIgniter\CodeIgniter->runController(Object(App\Controllers\Dashboard))
#6 D:\laragon\www\res_pd\system\CodeIgniter.php(368): CodeIgniter\CodeIgniter->handleRequest(NULL, Object(Config\Cache), false)
#7 D:\laragon\www\res_pd\index.php(55): CodeIgniter\CodeIgniter->run()
#8 {main}
CRITICAL - 2023-06-09 07:06:06 --> Unable to connect to the database.
Main connection [SQLSRV]: Call to undefined function CodeIgniter\Database\SQLSRV\sqlsrv_configure()
in SYSTEMPATH\Database\BaseConnection.php on line 427.
 1 SYSTEMPATH\Database\BaseConnection.php(573): CodeIgniter\Database\BaseConnection->initialize()
 2 APPPATH\Models\M_residu.php(176): CodeIgniter\Database\BaseConnection->query('SELECT sum([total_pd]) as tot_pd, sum([residu_nisn]) as tot_residu_nisn, 
        sum([residu_kependudukan]) as tot_residu_kependudukan, sum([residu_nik]) as tot_residu_nik, 
        sum([residu_wilayah]) as tot_residu_wilayah 
        FROM [Arsip].[pd].[rekap_residu] where id_level_wilayah = 1')
 3 APPPATH\Controllers\Dashboard.php(18): App\Models\M_residu->getTotalJendralResidu()
 4 SYSTEMPATH\CodeIgniter.php(934): App\Controllers\Dashboard->index()
 5 SYSTEMPATH\CodeIgniter.php(499): CodeIgniter\CodeIgniter->runController(Object(App\Controllers\Dashboard))
 6 SYSTEMPATH\CodeIgniter.php(368): CodeIgniter\CodeIgniter->handleRequest(null, Object(Config\Cache), false)
 7 FCPATH\index.php(55): CodeIgniter\CodeIgniter->run()
ERROR - 2023-06-09 07:59:50 --> [Microsoft][ODBC Driver 17 for SQL Server][SQL Server]Invalid column name 'total_ptk'.
CRITICAL - 2023-06-09 07:59:50 --> [Microsoft][ODBC Driver 17 for SQL Server][SQL Server]Invalid column name 'total_ptk'.
in SYSTEMPATH\Database\BaseConnection.php on line 645.
 1 APPPATH\Models\M_residu.php(309): CodeIgniter\Database\BaseConnection->query('SELECT [kode_wilayah],[wilayah],[id_level_wilayah],[mst_kode_wilayah],[kementerian]
                ,sum ([total_ptk]) as jml_total_ptk
                ,sum ([residu_nuptk]) as jml_residu_nuptk
                ,sum ([residu_nuptk_ganda]) as jml_residu_nuptk_ganda
                ,sum ([residu_nuptk_kosong]) as jml_residu_nuptk_kosong
                ,sum ([residu_nama]) as jml_residu_nama
                ,sum ([residu_tempat_lahir]) as jml_residu_tempat_lahir
                ,sum ([residu_tanggal_lahir]) as jml_residu_tanggal_lahir
                ,sum ([residu_nama_Ibu_kandung]) as jml_residu_nama_Ibu_kandung
                ,sum ([residu_jenis_kelamin]) as jml_residu_jenis_kelamin
                ,sum ([residu_nik]) as jml_residu_nik
                ,sum ([residu_kependudukan]) as jml_residu_kependudukan
                ,sum ([residu_wilayah]) as jml_residu_wilayah
                FROM [Arsip].[pd].[rekap_residu] 
                where id_level_wilayah = :levelnya: and mst_kode_wilayah=:kodebaru: AND kementerian = :kementrian:  
                group by kode_wilayah, wilayah,id_level_wilayah, mst_kode_wilayah,kementerian 
                ORDER BY kode_wilayah', [...])
 2 APPPATH\Controllers\Pendidik.php(104): App\Models\M_residu->getTotalResiduPendidik('000000', 1, 'Kementerian Agama', 'D:\\laragon\\www\\res_pd')
 3 SYSTEMPATH\CodeIgniter.php(934): App\Controllers\Pendidik->wilayah()
 4 SYSTEMPATH\CodeIgniter.php(499): CodeIgniter\CodeIgniter->runController(Object(App\Controllers\Pendidik))
 5 SYSTEMPATH\CodeIgniter.php(368): CodeIgniter\CodeIgniter->handleRequest(null, Object(Config\Cache), false)
 6 FCPATH\index.php(55): CodeIgniter\CodeIgniter->run()
ERROR - 2023-06-09 08:23:20 --> [Microsoft][ODBC Driver 17 for SQL Server][SQL Server]Invalid column name 'residu_nuptk_ganda'.
CRITICAL - 2023-06-09 08:23:20 --> [Microsoft][ODBC Driver 17 for SQL Server][SQL Server]Invalid column name 'residu_nuptk_ganda'.
in SYSTEMPATH\Database\BaseConnection.php on line 645.
 1 APPPATH\Models\M_residu.php(309): CodeIgniter\Database\BaseConnection->query('SELECT [kode_wilayah],[wilayah],[id_level_wilayah],[mst_kode_wilayah],[kementerian]
                ,sum ([total_ptk]) as jml_total_ptk
                ,sum ([residu_nuptk]) as jml_residu_nuptk
                ,sum ([residu_nuptk_ganda]) as jml_residu_nuptk_ganda
                ,sum ([residu_nuptk_kosong]) as jml_residu_nuptk_kosong
                ,sum ([residu_nama]) as jml_residu_nama
                ,sum ([residu_tempat_lahir]) as jml_residu_tempat_lahir
                ,sum ([residu_tanggal_lahir]) as jml_residu_tanggal_lahir
                ,sum ([residu_nama_Ibu_kandung]) as jml_residu_nama_Ibu_kandung
                ,sum ([residu_jenis_kelamin]) as jml_residu_jenis_kelamin
                ,sum ([residu_nik]) as jml_residu_nik
                ,sum ([residu_kependudukan]) as jml_residu_kependudukan
                ,sum ([residu_wilayah]) as jml_residu_wilayah
                FROM [Arsip].[ptk].[rekap_residu] 
                where id_level_wilayah = :levelnya: and mst_kode_wilayah=:kodebaru: AND kementerian = :kementrian:  
                group by kode_wilayah, wilayah,id_level_wilayah, mst_kode_wilayah,kementerian 
                ORDER BY kode_wilayah', [...])
 2 APPPATH\Controllers\Pendidik.php(104): App\Models\M_residu->getTotalResiduPendidik('000000', 1, 'Kementerian Agama', 'D:\\laragon\\www\\res_pd')
 3 SYSTEMPATH\CodeIgniter.php(934): App\Controllers\Pendidik->wilayah()
 4 SYSTEMPATH\CodeIgniter.php(499): CodeIgniter\CodeIgniter->runController(Object(App\Controllers\Pendidik))
 5 SYSTEMPATH\CodeIgniter.php(368): CodeIgniter\CodeIgniter->handleRequest(null, Object(Config\Cache), false)
 6 FCPATH\index.php(55): CodeIgniter\CodeIgniter->run()
ERROR - 2023-06-09 08:24:30 --> [Microsoft][ODBC Driver 17 for SQL Server][SQL Server]Invalid column name 'residu_nuptk_kosong'.
CRITICAL - 2023-06-09 08:24:30 --> [Microsoft][ODBC Driver 17 for SQL Server][SQL Server]Invalid column name 'residu_nuptk_kosong'.
in SYSTEMPATH\Database\BaseConnection.php on line 645.
 1 APPPATH\Models\M_residu.php(309): CodeIgniter\Database\BaseConnection->query('SELECT [kode_wilayah],[wilayah],[id_level_wilayah],[mst_kode_wilayah],[kementerian]
                ,sum ([total_ptk]) as jml_total_ptk
                ,sum ([residu_nuptk]) as jml_residu_nuptk
                -- ,sum ([residu_nuptk_ganda]) as jml_residu_nuptk_ganda
                ,sum ([residu_nuptk_kosong]) as jml_residu_nuptk_kosong
                ,sum ([residu_nama]) as jml_residu_nama
                ,sum ([residu_tempat_lahir]) as jml_residu_tempat_lahir
                ,sum ([residu_tanggal_lahir]) as jml_residu_tanggal_lahir
                ,sum ([residu_nama_Ibu_kandung]) as jml_residu_nama_Ibu_kandung
                ,sum ([residu_jenis_kelamin]) as jml_residu_jenis_kelamin
                ,sum ([residu_nik]) as jml_residu_nik
                ,sum ([residu_kependudukan]) as jml_residu_kependudukan
                ,sum ([residu_wilayah]) as jml_residu_wilayah
                FROM [Arsip].[ptk].[rekap_residu] 
                where id_level_wilayah = :levelnya: and mst_kode_wilayah=:kodebaru: AND kementerian = :kementrian:  
                group by kode_wilayah, wilayah,id_level_wilayah, mst_kode_wilayah,kementerian 
                ORDER BY kode_wilayah', [...])
 2 APPPATH\Controllers\Pendidik.php(104): App\Models\M_residu->getTotalResiduPendidik('000000', 1, 'Kementerian Agama', 'D:\\laragon\\www\\res_pd')
 3 SYSTEMPATH\CodeIgniter.php(934): App\Controllers\Pendidik->wilayah()
 4 SYSTEMPATH\CodeIgniter.php(499): CodeIgniter\CodeIgniter->runController(Object(App\Controllers\Pendidik))
 5 SYSTEMPATH\CodeIgniter.php(368): CodeIgniter\CodeIgniter->handleRequest(null, Object(Config\Cache), false)
 6 FCPATH\index.php(55): CodeIgniter\CodeIgniter->run()
ERROR - 2023-06-09 08:25:01 --> [Microsoft][ODBC Driver 17 for SQL Server][SQL Server]Invalid column name 'residu_wilayah'.
CRITICAL - 2023-06-09 08:25:01 --> [Microsoft][ODBC Driver 17 for SQL Server][SQL Server]Invalid column name 'residu_wilayah'.
in SYSTEMPATH\Database\BaseConnection.php on line 645.
 1 APPPATH\Models\M_residu.php(309): CodeIgniter\Database\BaseConnection->query('SELECT [kode_wilayah],[wilayah],[id_level_wilayah],[mst_kode_wilayah],[kementerian]
                ,sum ([total_ptk]) as jml_total_ptk
                ,sum ([residu_nuptk]) as jml_residu_nuptk
                -- ,sum ([residu_nuptk_ganda]) as jml_residu_nuptk_ganda
                -- ,sum ([residu_nuptk_kosong]) as jml_residu_nuptk_kosong
                ,sum ([residu_nama]) as jml_residu_nama
                ,sum ([residu_tempat_lahir]) as jml_residu_tempat_lahir
                ,sum ([residu_tanggal_lahir]) as jml_residu_tanggal_lahir
                ,sum ([residu_nama_Ibu_kandung]) as jml_residu_nama_Ibu_kandung
                ,sum ([residu_jenis_kelamin]) as jml_residu_jenis_kelamin
                ,sum ([residu_nik]) as jml_residu_nik
                ,sum ([residu_kependudukan]) as jml_residu_kependudukan
                ,sum ([residu_wilayah]) as jml_residu_wilayah
                FROM [Arsip].[ptk].[rekap_residu] 
                where id_level_wilayah = :levelnya: and mst_kode_wilayah=:kodebaru: AND kementerian = :kementrian:  
                group by kode_wilayah, wilayah,id_level_wilayah, mst_kode_wilayah,kementerian 
                ORDER BY kode_wilayah', [...])
 2 APPPATH\Controllers\Pendidik.php(104): App\Models\M_residu->getTotalResiduPendidik('000000', 1, 'Kementerian Agama', 'D:\\laragon\\www\\res_pd')
 3 SYSTEMPATH\CodeIgniter.php(934): App\Controllers\Pendidik->wilayah()
 4 SYSTEMPATH\CodeIgniter.php(499): CodeIgniter\CodeIgniter->runController(Object(App\Controllers\Pendidik))
 5 SYSTEMPATH\CodeIgniter.php(368): CodeIgniter\CodeIgniter->handleRequest(null, Object(Config\Cache), false)
 6 FCPATH\index.php(55): CodeIgniter\CodeIgniter->run()
CRITICAL - 2023-06-09 08:26:53 --> Undefined array key "jml_residu_nuptk_kosong"
in APPPATH\Views\pendidik\data_residu_ptk.php on line 252.
 1 APPPATH\Views\pendidik\data_residu_ptk.php(252): CodeIgniter\Debug\Exceptions->errorHandler(2, 'Undefined array key "jml_residu_nuptk_kosong"', 'APPPATH\\Views\\pendidik\\data_residu_ptk.php', 252)
 2 SYSTEMPATH\View\View.php(213): include('APPPATH\\Views\\pendidik\\data_residu_ptk.php')
 3 SYSTEMPATH\View\View.php(216): CodeIgniter\View\View->CodeIgniter\View\{closure}()
 4 SYSTEMPATH\Common.php(1184): CodeIgniter\View\View->render('pendidik/data_residu_ptk', [], true)
 5 APPPATH\Controllers\Pendidik.php(107): view('pendidik/data_residu_ptk', [...])
 6 SYSTEMPATH\CodeIgniter.php(934): App\Controllers\Pendidik->wilayah()
 7 SYSTEMPATH\CodeIgniter.php(499): CodeIgniter\CodeIgniter->runController(Object(App\Controllers\Pendidik))
 8 SYSTEMPATH\CodeIgniter.php(368): CodeIgniter\CodeIgniter->handleRequest(null, Object(Config\Cache), false)
 9 FCPATH\index.php(55): CodeIgniter\CodeIgniter->run()
