INFO - 2024-02-13 06:27:15 --> Session: Class initialized using 'CodeIgniter\Session\Handlers\FileHandler' driver.
INFO - 2024-02-13 06:27:16 --> Session: Class initialized using 'CodeIgniter\Session\Handlers\FileHandler' driver.
INFO - 2024-02-13 06:27:23 --> Session: Class initialized using 'CodeIgniter\Session\Handlers\FileHandler' driver.
INFO - 2024-02-13 06:27:23 --> Session: Class initialized using 'CodeIgniter\Session\Handlers\FileHandler' driver.
INFO - 2024-02-13 06:27:32 --> Session: Class initialized using 'CodeIgniter\Session\Handlers\FileHandler' driver.
INFO - 2024-02-13 06:27:33 --> Session: Class initialized using 'CodeIgniter\Session\Handlers\FileHandler' driver.
INFO - 2024-02-13 06:27:42 --> Session: Class initialized using 'CodeIgniter\Session\Handlers\FileHandler' driver.
INFO - 2024-02-13 06:28:04 --> Session: Class initialized using 'CodeIgniter\Session\Handlers\FileHandler' driver.
INFO - 2024-02-13 06:28:06 --> Session: Class initialized using 'CodeIgniter\Session\Handlers\FileHandler' driver.
INFO - 2024-02-13 06:28:19 --> Session: Class initialized using 'CodeIgniter\Session\Handlers\FileHandler' driver.
INFO - 2024-02-13 06:31:24 --> Session: Class initialized using 'CodeIgniter\Session\Handlers\FileHandler' driver.
INFO - 2024-02-13 06:31:41 --> Session: Class initialized using 'CodeIgniter\Session\Handlers\FileHandler' driver.
INFO - 2024-02-13 06:33:34 --> Session: Class initialized using 'CodeIgniter\Session\Handlers\FileHandler' driver.
INFO - 2024-02-13 06:36:57 --> Session: Class initialized using 'CodeIgniter\Session\Handlers\FileHandler' driver.
INFO - 2024-02-13 06:37:49 --> Session: Class initialized using 'CodeIgniter\Session\Handlers\FileHandler' driver.
INFO - 2024-02-13 06:38:48 --> Session: Class initialized using 'CodeIgniter\Session\Handlers\FileHandler' driver.
INFO - 2024-02-13 06:38:57 --> Session: Class initialized using 'CodeIgniter\Session\Handlers\FileHandler' driver.
INFO - 2024-02-13 07:16:08 --> Session: Class initialized using 'CodeIgniter\Session\Handlers\FileHandler' driver.
INFO - 2024-02-13 07:16:39 --> Session: Class initialized using 'CodeIgniter\Session\Handlers\FileHandler' driver.
ERROR - 2024-02-13 07:16:47 --> Error connecting to the database: CodeIgniter\Database\Exceptions\DatabaseException: [Microsoft][ODBC Driver 17 for SQL Server]Named Pipes Provider: Could not open a connection to SQL Server [53].  SQLSTATE: 08001, code: 53
[Microsoft][ODBC Driver 17 for SQL Server]Login timeout expired SQLSTATE: HYT00, code: 0
[Microsoft][ODBC Driver 17 for SQL Server]A network-related or instance-specific error has occurred while establishing a connection to SQL Server. Server is not found or not accessible. Check if instance name is correct and if SQL Server is configured to allow remote connections. For more information see SQL Server Books Online. SQLSTATE: 08001, code: 53 in D:\laragon\www\tppk\system\Database\SQLSRV\Connection.php:142
Stack trace:
#0 D:\laragon\www\tppk\system\Database\BaseConnection.php(391): CodeIgniter\Database\SQLSRV\Connection->connect(false)
#1 D:\laragon\www\tppk\system\Database\BaseConnection.php(573): CodeIgniter\Database\BaseConnection->initialize()
#2 D:\laragon\www\tppk\app\Models\M_tppk.php(1737): CodeIgniter\Database\BaseConnection->query('SELECT status_k...')
#3 D:\laragon\www\tppk\app\Controllers\InputData.php(1368): App\Models\M_tppk->get_status_korban()
#4 D:\laragon\www\tppk\system\CodeIgniter.php(934): App\Controllers\InputData->view('B2B39868-C2C3-4...')
#5 D:\laragon\www\tppk\system\CodeIgniter.php(499): CodeIgniter\CodeIgniter->runController(Object(App\Controllers\InputData))
#6 D:\laragon\www\tppk\system\CodeIgniter.php(368): CodeIgniter\CodeIgniter->handleRequest(NULL, Object(Config\Cache), false)
#7 D:\laragon\www\tppk\index.php(55): CodeIgniter\CodeIgniter->run()
#8 {main}
CRITICAL - 2024-02-13 07:16:47 --> Unable to connect to the database.
Main connection [SQLSRV]: [Microsoft][ODBC Driver 17 for SQL Server]Named Pipes Provider: Could not open a connection to SQL Server [53].  SQLSTATE: 08001, code: 53
[Microsoft][ODBC Driver 17 for SQL Server]Login timeout expired SQLSTATE: HYT00, code: 0
[Microsoft][ODBC Driver 17 for SQL Server]A network-related or instance-specific error has occurred while establishing a connection to SQL Server. Server is not found or not accessible. Check if instance name is correct and if SQL Server is configured to allow remote connections. For more information see SQL Server Books Online. SQLSTATE: 08001, code: 53
in SYSTEMPATH\Database\BaseConnection.php on line 427.
 1 SYSTEMPATH\Database\BaseConnection.php(573): CodeIgniter\Database\BaseConnection->initialize()
 2 APPPATH\Models\M_tppk.php(1737): CodeIgniter\Database\BaseConnection->query('SELECT status_korban_pelaku_id, nama 
                FROM [TPPK].[ref].[status_korban_pelaku]')
 3 APPPATH\Controllers\InputData.php(1368): App\Models\M_tppk->get_status_korban()
 4 SYSTEMPATH\CodeIgniter.php(934): App\Controllers\InputData->view('B2B39868-C2C3-4AD2-8657-B8AE3DEA2203')
 5 SYSTEMPATH\CodeIgniter.php(499): CodeIgniter\CodeIgniter->runController(Object(App\Controllers\InputData))
 6 SYSTEMPATH\CodeIgniter.php(368): CodeIgniter\CodeIgniter->handleRequest(null, Object(Config\Cache), false)
 7 FCPATH\index.php(55): CodeIgniter\CodeIgniter->run()
INFO - 2024-02-13 07:17:36 --> Session: Class initialized using 'CodeIgniter\Session\Handlers\FileHandler' driver.
INFO - 2024-02-13 07:19:15 --> Session: Class initialized using 'CodeIgniter\Session\Handlers\FileHandler' driver.
INFO - 2024-02-13 07:19:26 --> Session: Class initialized using 'CodeIgniter\Session\Handlers\FileHandler' driver.
INFO - 2024-02-13 07:19:44 --> Session: Class initialized using 'CodeIgniter\Session\Handlers\FileHandler' driver.
INFO - 2024-02-13 07:19:47 --> Session: Class initialized using 'CodeIgniter\Session\Handlers\FileHandler' driver.
INFO - 2024-02-13 07:20:08 --> Session: Class initialized using 'CodeIgniter\Session\Handlers\FileHandler' driver.
INFO - 2024-02-13 07:20:31 --> Session: Class initialized using 'CodeIgniter\Session\Handlers\FileHandler' driver.
INFO - 2024-02-13 07:20:40 --> Session: Class initialized using 'CodeIgniter\Session\Handlers\FileHandler' driver.
INFO - 2024-02-13 07:22:20 --> Session: Class initialized using 'CodeIgniter\Session\Handlers\FileHandler' driver.
INFO - 2024-02-13 07:22:34 --> Session: Class initialized using 'CodeIgniter\Session\Handlers\FileHandler' driver.
INFO - 2024-02-13 07:22:38 --> Session: Class initialized using 'CodeIgniter\Session\Handlers\FileHandler' driver.
INFO - 2024-02-13 07:22:43 --> Session: Class initialized using 'CodeIgniter\Session\Handlers\FileHandler' driver.
INFO - 2024-02-13 07:22:47 --> Session: Class initialized using 'CodeIgniter\Session\Handlers\FileHandler' driver.
WARNING - 2024-02-13 07:22:48 --> [DEPRECATED] substr(): Passing null to parameter #1 ($string) of type string is deprecated in APPPATH\Views\tppk\input_sk.php on line 138.
 1 APPPATH\Views\tppk\input_sk.php(138): substr(null, 8, 2)
 2 SYSTEMPATH\View\View.php(213): include('APPPATH\\Views\\tppk\\input_sk.php')
 3 SYSTEMPATH\View\View.php(216): CodeIgniter\View\View->CodeIgniter\View\{closure}()
 4 SYSTEMPATH\Common.php(1184): CodeIgniter\View\View->render('tppk/input_sk', [], true)
 5 APPPATH\Controllers\InputData.php(741): view('tppk/input_sk', [...])
 6 APPPATH\Controllers\InputData.php(70): App\Controllers\InputData->npsn('10100594')
 7 SYSTEMPATH\CodeIgniter.php(934): App\Controllers\InputData->index()
 8 SYSTEMPATH\CodeIgniter.php(499): CodeIgniter\CodeIgniter->runController(Object(App\Controllers\InputData))
 9 SYSTEMPATH\CodeIgniter.php(368): CodeIgniter\CodeIgniter->handleRequest(null, Object(Config\Cache), false)
10 FCPATH\index.php(55): CodeIgniter\CodeIgniter->run()
WARNING - 2024-02-13 07:22:48 --> [DEPRECATED] substr(): Passing null to parameter #1 ($string) of type string is deprecated in APPPATH\Views\tppk\input_sk.php on line 138.
 1 APPPATH\Views\tppk\input_sk.php(138): substr(null, 5, 2)
 2 SYSTEMPATH\View\View.php(213): include('APPPATH\\Views\\tppk\\input_sk.php')
 3 SYSTEMPATH\View\View.php(216): CodeIgniter\View\View->CodeIgniter\View\{closure}()
 4 SYSTEMPATH\Common.php(1184): CodeIgniter\View\View->render('tppk/input_sk', [], true)
 5 APPPATH\Controllers\InputData.php(741): view('tppk/input_sk', [...])
 6 APPPATH\Controllers\InputData.php(70): App\Controllers\InputData->npsn('10100594')
 7 SYSTEMPATH\CodeIgniter.php(934): App\Controllers\InputData->index()
 8 SYSTEMPATH\CodeIgniter.php(499): CodeIgniter\CodeIgniter->runController(Object(App\Controllers\InputData))
 9 SYSTEMPATH\CodeIgniter.php(368): CodeIgniter\CodeIgniter->handleRequest(null, Object(Config\Cache), false)
10 FCPATH\index.php(55): CodeIgniter\CodeIgniter->run()
WARNING - 2024-02-13 07:22:48 --> [DEPRECATED] substr(): Passing null to parameter #1 ($string) of type string is deprecated in APPPATH\Views\tppk\input_sk.php on line 138.
 1 APPPATH\Views\tppk\input_sk.php(138): substr(null, 0, 4)
 2 SYSTEMPATH\View\View.php(213): include('APPPATH\\Views\\tppk\\input_sk.php')
 3 SYSTEMPATH\View\View.php(216): CodeIgniter\View\View->CodeIgniter\View\{closure}()
 4 SYSTEMPATH\Common.php(1184): CodeIgniter\View\View->render('tppk/input_sk', [], true)
 5 APPPATH\Controllers\InputData.php(741): view('tppk/input_sk', [...])
 6 APPPATH\Controllers\InputData.php(70): App\Controllers\InputData->npsn('10100594')
 7 SYSTEMPATH\CodeIgniter.php(934): App\Controllers\InputData->index()
 8 SYSTEMPATH\CodeIgniter.php(499): CodeIgniter\CodeIgniter->runController(Object(App\Controllers\InputData))
 9 SYSTEMPATH\CodeIgniter.php(368): CodeIgniter\CodeIgniter->handleRequest(null, Object(Config\Cache), false)
10 FCPATH\index.php(55): CodeIgniter\CodeIgniter->run()
INFO - 2024-02-13 07:22:48 --> Session: Class initialized using 'CodeIgniter\Session\Handlers\FileHandler' driver.
INFO - 2024-02-13 07:23:00 --> Session: Class initialized using 'CodeIgniter\Session\Handlers\FileHandler' driver.
INFO - 2024-02-13 07:23:02 --> Session: Class initialized using 'CodeIgniter\Session\Handlers\FileHandler' driver.
INFO - 2024-02-13 07:25:26 --> Session: Class initialized using 'CodeIgniter\Session\Handlers\FileHandler' driver.
INFO - 2024-02-13 07:25:41 --> Session: Class initialized using 'CodeIgniter\Session\Handlers\FileHandler' driver.
INFO - 2024-02-13 09:16:22 --> Session: Class initialized using 'CodeIgniter\Session\Handlers\FileHandler' driver.
CRITICAL - 2024-02-13 09:16:23 --> Undefined array key "jabatan"
in APPPATH\Controllers\Login.php on line 69.
 1 APPPATH\Controllers\Login.php(69): CodeIgniter\Debug\Exceptions->errorHandler(2, 'Undefined array key "jabatan"', 'APPPATH\\Controllers\\Login.php', 69)
 2 SYSTEMPATH\CodeIgniter.php(934): App\Controllers\Login->actionLoginsso()
 3 SYSTEMPATH\CodeIgniter.php(499): CodeIgniter\CodeIgniter->runController(Object(App\Controllers\Login))
 4 SYSTEMPATH\CodeIgniter.php(368): CodeIgniter\CodeIgniter->handleRequest(null, Object(Config\Cache), false)
 5 FCPATH\index.php(55): CodeIgniter\CodeIgniter->run()
INFO - 2024-02-13 09:16:40 --> Session: Class initialized using 'CodeIgniter\Session\Handlers\FileHandler' driver.
CRITICAL - 2024-02-13 09:16:40 --> Undefined array key "jabatan"
in APPPATH\Controllers\Login.php on line 69.
 1 APPPATH\Controllers\Login.php(69): CodeIgniter\Debug\Exceptions->errorHandler(2, 'Undefined array key "jabatan"', 'APPPATH\\Controllers\\Login.php', 69)
 2 SYSTEMPATH\CodeIgniter.php(934): App\Controllers\Login->actionLoginsso()
 3 SYSTEMPATH\CodeIgniter.php(499): CodeIgniter\CodeIgniter->runController(Object(App\Controllers\Login))
 4 SYSTEMPATH\CodeIgniter.php(368): CodeIgniter\CodeIgniter->handleRequest(null, Object(Config\Cache), false)
 5 FCPATH\index.php(55): CodeIgniter\CodeIgniter->run()
INFO - 2024-02-13 09:17:29 --> Session: Class initialized using 'CodeIgniter\Session\Handlers\FileHandler' driver.
CRITICAL - 2024-02-13 09:17:29 --> Undefined array key "jabatan"
in APPPATH\Controllers\Login.php on line 69.
 1 APPPATH\Controllers\Login.php(69): CodeIgniter\Debug\Exceptions->errorHandler(2, 'Undefined array key "jabatan"', 'APPPATH\\Controllers\\Login.php', 69)
 2 SYSTEMPATH\CodeIgniter.php(934): App\Controllers\Login->actionLoginsso()
 3 SYSTEMPATH\CodeIgniter.php(499): CodeIgniter\CodeIgniter->runController(Object(App\Controllers\Login))
 4 SYSTEMPATH\CodeIgniter.php(368): CodeIgniter\CodeIgniter->handleRequest(null, Object(Config\Cache), false)
 5 FCPATH\index.php(55): CodeIgniter\CodeIgniter->run()
INFO - 2024-02-13 09:17:46 --> Session: Class initialized using 'CodeIgniter\Session\Handlers\FileHandler' driver.
INFO - 2024-02-13 09:20:02 --> Session: Class initialized using 'CodeIgniter\Session\Handlers\FileHandler' driver.
INFO - 2024-02-13 09:20:20 --> Session: Class initialized using 'CodeIgniter\Session\Handlers\FileHandler' driver.
INFO - 2024-02-13 09:26:29 --> Session: Class initialized using 'CodeIgniter\Session\Handlers\FileHandler' driver.
INFO - 2024-02-13 09:26:34 --> Session: Class initialized using 'CodeIgniter\Session\Handlers\FileHandler' driver.
INFO - 2024-02-13 09:26:35 --> Session: Class initialized using 'CodeIgniter\Session\Handlers\FileHandler' driver.
INFO - 2024-02-13 09:26:49 --> Session: Class initialized using 'CodeIgniter\Session\Handlers\FileHandler' driver.
INFO - 2024-02-13 09:35:56 --> Session: Class initialized using 'CodeIgniter\Session\Handlers\FileHandler' driver.
INFO - 2024-02-13 09:35:56 --> Session: Class initialized using 'CodeIgniter\Session\Handlers\FileHandler' driver.
INFO - 2024-02-13 09:36:11 --> Session: Class initialized using 'CodeIgniter\Session\Handlers\FileHandler' driver.
INFO - 2024-02-13 09:36:12 --> Session: Class initialized using 'CodeIgniter\Session\Handlers\FileHandler' driver.
INFO - 2024-02-13 09:36:15 --> Session: Class initialized using 'CodeIgniter\Session\Handlers\FileHandler' driver.
INFO - 2024-02-13 09:37:00 --> Session: Class initialized using 'CodeIgniter\Session\Handlers\FileHandler' driver.
INFO - 2024-02-13 09:37:06 --> Session: Class initialized using 'CodeIgniter\Session\Handlers\FileHandler' driver.
INFO - 2024-02-13 09:37:08 --> Session: Class initialized using 'CodeIgniter\Session\Handlers\FileHandler' driver.
INFO - 2024-02-13 09:37:19 --> Session: Class initialized using 'CodeIgniter\Session\Handlers\FileHandler' driver.
INFO - 2024-02-13 09:37:28 --> Session: Class initialized using 'CodeIgniter\Session\Handlers\FileHandler' driver.
INFO - 2024-02-13 09:37:57 --> Session: Class initialized using 'CodeIgniter\Session\Handlers\FileHandler' driver.
INFO - 2024-02-13 09:38:02 --> Session: Class initialized using 'CodeIgniter\Session\Handlers\FileHandler' driver.
INFO - 2024-02-13 09:38:25 --> Session: Class initialized using 'CodeIgniter\Session\Handlers\FileHandler' driver.
INFO - 2024-02-13 09:38:31 --> Session: Class initialized using 'CodeIgniter\Session\Handlers\FileHandler' driver.
INFO - 2024-02-13 09:38:34 --> Session: Class initialized using 'CodeIgniter\Session\Handlers\FileHandler' driver.
INFO - 2024-02-13 10:20:01 --> Session: Class initialized using 'CodeIgniter\Session\Handlers\FileHandler' driver.
CRITICAL - 2024-02-13 10:20:01 --> Undefined array key "nama"
in APPPATH\Controllers\Login.php on line 79.
 1 APPPATH\Controllers\Login.php(79): CodeIgniter\Debug\Exceptions->errorHandler(2, 'Undefined array key "nama"', 'APPPATH\\Controllers\\Login.php', 79)
 2 SYSTEMPATH\CodeIgniter.php(934): App\Controllers\Login->actionLoginsso()
 3 SYSTEMPATH\CodeIgniter.php(499): CodeIgniter\CodeIgniter->runController(Object(App\Controllers\Login))
 4 SYSTEMPATH\CodeIgniter.php(368): CodeIgniter\CodeIgniter->handleRequest(null, Object(Config\Cache), false)
 5 FCPATH\index.php(55): CodeIgniter\CodeIgniter->run()
INFO - 2024-02-13 10:21:00 --> Session: Class initialized using 'CodeIgniter\Session\Handlers\FileHandler' driver.
INFO - 2024-02-13 10:21:02 --> Session: Class initialized using 'CodeIgniter\Session\Handlers\FileHandler' driver.
CRITICAL - 2024-02-13 10:22:47 --> Uninitialized string offset 0
in SYSTEMPATH\CodeIgniter.php on line 892.
 1 SYSTEMPATH\CodeIgniter.php(892): CodeIgniter\Debug\Exceptions->errorHandler(2, 'Uninitialized string offset 0', 'SYSTEMPATH\\CodeIgniter.php', 892)
 2 SYSTEMPATH\CodeIgniter.php(486): CodeIgniter\CodeIgniter->startController()
 3 SYSTEMPATH\CodeIgniter.php(368): CodeIgniter\CodeIgniter->handleRequest(null, Object(Config\Cache), false)
 4 FCPATH\index.php(55): CodeIgniter\CodeIgniter->run()
INFO - 2024-02-13 10:22:51 --> Session: Class initialized using 'CodeIgniter\Session\Handlers\FileHandler' driver.
INFO - 2024-02-13 10:25:23 --> Session: Class initialized using 'CodeIgniter\Session\Handlers\FileHandler' driver.
INFO - 2024-02-13 10:25:40 --> Session: Class initialized using 'CodeIgniter\Session\Handlers\FileHandler' driver.
INFO - 2024-02-13 10:26:22 --> Session: Class initialized using 'CodeIgniter\Session\Handlers\FileHandler' driver.
INFO - 2024-02-13 10:26:24 --> Session: Class initialized using 'CodeIgniter\Session\Handlers\FileHandler' driver.
INFO - 2024-02-13 10:27:02 --> Session: Class initialized using 'CodeIgniter\Session\Handlers\FileHandler' driver.
INFO - 2024-02-13 10:27:09 --> Session: Class initialized using 'CodeIgniter\Session\Handlers\FileHandler' driver.
INFO - 2024-02-13 10:27:14 --> Session: Class initialized using 'CodeIgniter\Session\Handlers\FileHandler' driver.
INFO - 2024-02-13 10:32:11 --> Session: Class initialized using 'CodeIgniter\Session\Handlers\FileHandler' driver.
INFO - 2024-02-13 10:45:56 --> Session: Class initialized using 'CodeIgniter\Session\Handlers\FileHandler' driver.
INFO - 2024-02-13 10:46:24 --> Session: Class initialized using 'CodeIgniter\Session\Handlers\FileHandler' driver.
INFO - 2024-02-13 10:47:55 --> Session: Class initialized using 'CodeIgniter\Session\Handlers\FileHandler' driver.
INFO - 2024-02-13 10:48:03 --> Session: Class initialized using 'CodeIgniter\Session\Handlers\FileHandler' driver.
INFO - 2024-02-13 10:48:08 --> Session: Class initialized using 'CodeIgniter\Session\Handlers\FileHandler' driver.
INFO - 2024-02-13 10:49:53 --> Session: Class initialized using 'CodeIgniter\Session\Handlers\FileHandler' driver.
INFO - 2024-02-13 10:49:54 --> Session: Class initialized using 'CodeIgniter\Session\Handlers\FileHandler' driver.
INFO - 2024-02-13 10:50:02 --> Session: Class initialized using 'CodeIgniter\Session\Handlers\FileHandler' driver.
INFO - 2024-02-13 10:51:45 --> Session: Class initialized using 'CodeIgniter\Session\Handlers\FileHandler' driver.
INFO - 2024-02-13 10:52:12 --> Session: Class initialized using 'CodeIgniter\Session\Handlers\FileHandler' driver.
INFO - 2024-02-13 11:00:55 --> Session: Class initialized using 'CodeIgniter\Session\Handlers\FileHandler' driver.
INFO - 2024-02-13 11:00:57 --> Session: Class initialized using 'CodeIgniter\Session\Handlers\FileHandler' driver.
INFO - 2024-02-13 11:00:58 --> Session: Class initialized using 'CodeIgniter\Session\Handlers\FileHandler' driver.
INFO - 2024-02-13 11:01:01 --> Session: Class initialized using 'CodeIgniter\Session\Handlers\FileHandler' driver.
INFO - 2024-02-13 11:01:03 --> Session: Class initialized using 'CodeIgniter\Session\Handlers\FileHandler' driver.
INFO - 2024-02-13 11:01:04 --> Session: Class initialized using 'CodeIgniter\Session\Handlers\FileHandler' driver.
INFO - 2024-02-13 11:01:04 --> Session: Class initialized using 'CodeIgniter\Session\Handlers\FileHandler' driver.
INFO - 2024-02-13 11:01:05 --> Session: Class initialized using 'CodeIgniter\Session\Handlers\FileHandler' driver.
INFO - 2024-02-13 11:01:06 --> Session: Class initialized using 'CodeIgniter\Session\Handlers\FileHandler' driver.
INFO - 2024-02-13 11:01:08 --> Session: Class initialized using 'CodeIgniter\Session\Handlers\FileHandler' driver.
INFO - 2024-02-13 11:01:10 --> Session: Class initialized using 'CodeIgniter\Session\Handlers\FileHandler' driver.
INFO - 2024-02-13 11:01:11 --> Session: Class initialized using 'CodeIgniter\Session\Handlers\FileHandler' driver.
INFO - 2024-02-13 11:01:22 --> Session: Class initialized using 'CodeIgniter\Session\Handlers\FileHandler' driver.
INFO - 2024-02-13 11:06:29 --> Session: Class initialized using 'CodeIgniter\Session\Handlers\FileHandler' driver.
INFO - 2024-02-13 11:06:33 --> Session: Class initialized using 'CodeIgniter\Session\Handlers\FileHandler' driver.
INFO - 2024-02-13 11:06:34 --> Session: Class initialized using 'CodeIgniter\Session\Handlers\FileHandler' driver.
INFO - 2024-02-13 11:07:44 --> Session: Class initialized using 'CodeIgniter\Session\Handlers\FileHandler' driver.
INFO - 2024-02-13 11:07:46 --> Session: Class initialized using 'CodeIgniter\Session\Handlers\FileHandler' driver.
INFO - 2024-02-13 11:11:48 --> Session: Class initialized using 'CodeIgniter\Session\Handlers\FileHandler' driver.
INFO - 2024-02-13 11:11:51 --> Session: Class initialized using 'CodeIgniter\Session\Handlers\FileHandler' driver.
INFO - 2024-02-13 11:11:59 --> Session: Class initialized using 'CodeIgniter\Session\Handlers\FileHandler' driver.
INFO - 2024-02-13 11:20:37 --> Session: Class initialized using 'CodeIgniter\Session\Handlers\FileHandler' driver.
INFO - 2024-02-13 13:15:41 --> Session: Class initialized using 'CodeIgniter\Session\Handlers\FileHandler' driver.
INFO - 2024-02-13 13:15:49 --> Session: Class initialized using 'CodeIgniter\Session\Handlers\FileHandler' driver.
INFO - 2024-02-13 13:15:50 --> Session: Class initialized using 'CodeIgniter\Session\Handlers\FileHandler' driver.
INFO - 2024-02-13 13:15:51 --> Session: Class initialized using 'CodeIgniter\Session\Handlers\FileHandler' driver.
INFO - 2024-02-13 13:15:54 --> Session: Class initialized using 'CodeIgniter\Session\Handlers\FileHandler' driver.
INFO - 2024-02-13 13:15:56 --> Session: Class initialized using 'CodeIgniter\Session\Handlers\FileHandler' driver.
INFO - 2024-02-13 13:15:57 --> Session: Class initialized using 'CodeIgniter\Session\Handlers\FileHandler' driver.
INFO - 2024-02-13 13:16:00 --> Session: Class initialized using 'CodeIgniter\Session\Handlers\FileHandler' driver.
INFO - 2024-02-13 13:16:03 --> Session: Class initialized using 'CodeIgniter\Session\Handlers\FileHandler' driver.
INFO - 2024-02-13 13:22:49 --> Session: Class initialized using 'CodeIgniter\Session\Handlers\FileHandler' driver.
INFO - 2024-02-13 13:24:09 --> Session: Class initialized using 'CodeIgniter\Session\Handlers\FileHandler' driver.
INFO - 2024-02-13 13:25:20 --> Session: Class initialized using 'CodeIgniter\Session\Handlers\FileHandler' driver.
INFO - 2024-02-13 13:25:31 --> Session: Class initialized using 'CodeIgniter\Session\Handlers\FileHandler' driver.
INFO - 2024-02-13 13:25:46 --> Session: Class initialized using 'CodeIgniter\Session\Handlers\FileHandler' driver.
INFO - 2024-02-13 13:30:28 --> Session: Class initialized using 'CodeIgniter\Session\Handlers\FileHandler' driver.
INFO - 2024-02-13 13:30:58 --> Session: Class initialized using 'CodeIgniter\Session\Handlers\FileHandler' driver.
INFO - 2024-02-13 13:31:16 --> Session: Class initialized using 'CodeIgniter\Session\Handlers\FileHandler' driver.
INFO - 2024-02-13 13:31:26 --> Session: Class initialized using 'CodeIgniter\Session\Handlers\FileHandler' driver.
INFO - 2024-02-13 13:31:31 --> Session: Class initialized using 'CodeIgniter\Session\Handlers\FileHandler' driver.
INFO - 2024-02-13 13:31:46 --> Session: Class initialized using 'CodeIgniter\Session\Handlers\FileHandler' driver.
INFO - 2024-02-13 13:37:19 --> Session: Class initialized using 'CodeIgniter\Session\Handlers\FileHandler' driver.
INFO - 2024-02-13 13:43:27 --> Session: Class initialized using 'CodeIgniter\Session\Handlers\FileHandler' driver.
INFO - 2024-02-13 13:44:22 --> Session: Class initialized using 'CodeIgniter\Session\Handlers\FileHandler' driver.
INFO - 2024-02-13 13:44:24 --> Session: Class initialized using 'CodeIgniter\Session\Handlers\FileHandler' driver.
INFO - 2024-02-13 13:44:28 --> Session: Class initialized using 'CodeIgniter\Session\Handlers\FileHandler' driver.
INFO - 2024-02-13 13:45:00 --> Session: Class initialized using 'CodeIgniter\Session\Handlers\FileHandler' driver.
INFO - 2024-02-13 13:45:23 --> Session: Class initialized using 'CodeIgniter\Session\Handlers\FileHandler' driver.
INFO - 2024-02-13 13:45:37 --> Session: Class initialized using 'CodeIgniter\Session\Handlers\FileHandler' driver.
INFO - 2024-02-13 13:47:28 --> Session: Class initialized using 'CodeIgniter\Session\Handlers\FileHandler' driver.
INFO - 2024-02-13 13:51:25 --> Session: Class initialized using 'CodeIgniter\Session\Handlers\FileHandler' driver.
INFO - 2024-02-13 13:52:47 --> Session: Class initialized using 'CodeIgniter\Session\Handlers\FileHandler' driver.
INFO - 2024-02-13 13:53:46 --> Session: Class initialized using 'CodeIgniter\Session\Handlers\FileHandler' driver.
INFO - 2024-02-13 13:53:53 --> Session: Class initialized using 'CodeIgniter\Session\Handlers\FileHandler' driver.
INFO - 2024-02-13 13:54:25 --> Session: Class initialized using 'CodeIgniter\Session\Handlers\FileHandler' driver.
INFO - 2024-02-13 13:54:43 --> Session: Class initialized using 'CodeIgniter\Session\Handlers\FileHandler' driver.
INFO - 2024-02-13 13:55:08 --> Session: Class initialized using 'CodeIgniter\Session\Handlers\FileHandler' driver.
INFO - 2024-02-13 13:55:31 --> Session: Class initialized using 'CodeIgniter\Session\Handlers\FileHandler' driver.
INFO - 2024-02-13 13:55:41 --> Session: Class initialized using 'CodeIgniter\Session\Handlers\FileHandler' driver.
INFO - 2024-02-13 13:55:47 --> Session: Class initialized using 'CodeIgniter\Session\Handlers\FileHandler' driver.
INFO - 2024-02-13 13:56:32 --> Session: Class initialized using 'CodeIgniter\Session\Handlers\FileHandler' driver.
INFO - 2024-02-13 13:57:00 --> Session: Class initialized using 'CodeIgniter\Session\Handlers\FileHandler' driver.
INFO - 2024-02-13 13:57:13 --> Session: Class initialized using 'CodeIgniter\Session\Handlers\FileHandler' driver.
INFO - 2024-02-13 13:58:28 --> Session: Class initialized using 'CodeIgniter\Session\Handlers\FileHandler' driver.
INFO - 2024-02-13 13:58:50 --> Session: Class initialized using 'CodeIgniter\Session\Handlers\FileHandler' driver.
INFO - 2024-02-13 13:59:02 --> Session: Class initialized using 'CodeIgniter\Session\Handlers\FileHandler' driver.
INFO - 2024-02-13 13:59:09 --> Session: Class initialized using 'CodeIgniter\Session\Handlers\FileHandler' driver.
INFO - 2024-02-13 13:59:17 --> Session: Class initialized using 'CodeIgniter\Session\Handlers\FileHandler' driver.
INFO - 2024-02-13 13:59:36 --> Session: Class initialized using 'CodeIgniter\Session\Handlers\FileHandler' driver.
INFO - 2024-02-13 13:59:56 --> Session: Class initialized using 'CodeIgniter\Session\Handlers\FileHandler' driver.
INFO - 2024-02-13 14:00:13 --> Session: Class initialized using 'CodeIgniter\Session\Handlers\FileHandler' driver.
INFO - 2024-02-13 14:00:50 --> Session: Class initialized using 'CodeIgniter\Session\Handlers\FileHandler' driver.
INFO - 2024-02-13 14:01:42 --> Session: Class initialized using 'CodeIgniter\Session\Handlers\FileHandler' driver.
INFO - 2024-02-13 14:02:28 --> Session: Class initialized using 'CodeIgniter\Session\Handlers\FileHandler' driver.
INFO - 2024-02-13 14:02:41 --> Session: Class initialized using 'CodeIgniter\Session\Handlers\FileHandler' driver.
INFO - 2024-02-13 14:02:50 --> Session: Class initialized using 'CodeIgniter\Session\Handlers\FileHandler' driver.
INFO - 2024-02-13 14:02:58 --> Session: Class initialized using 'CodeIgniter\Session\Handlers\FileHandler' driver.
INFO - 2024-02-13 14:03:12 --> Session: Class initialized using 'CodeIgniter\Session\Handlers\FileHandler' driver.
INFO - 2024-02-13 14:03:23 --> Session: Class initialized using 'CodeIgniter\Session\Handlers\FileHandler' driver.
INFO - 2024-02-13 14:04:10 --> Session: Class initialized using 'CodeIgniter\Session\Handlers\FileHandler' driver.
INFO - 2024-02-13 14:04:32 --> Session: Class initialized using 'CodeIgniter\Session\Handlers\FileHandler' driver.
INFO - 2024-02-13 14:05:35 --> Session: Class initialized using 'CodeIgniter\Session\Handlers\FileHandler' driver.
INFO - 2024-02-13 14:05:41 --> Session: Class initialized using 'CodeIgniter\Session\Handlers\FileHandler' driver.
INFO - 2024-02-13 14:05:53 --> Session: Class initialized using 'CodeIgniter\Session\Handlers\FileHandler' driver.
INFO - 2024-02-13 14:05:57 --> Session: Class initialized using 'CodeIgniter\Session\Handlers\FileHandler' driver.
INFO - 2024-02-13 14:06:04 --> Session: Class initialized using 'CodeIgniter\Session\Handlers\FileHandler' driver.
INFO - 2024-02-13 14:06:09 --> Session: Class initialized using 'CodeIgniter\Session\Handlers\FileHandler' driver.
INFO - 2024-02-13 14:06:14 --> Session: Class initialized using 'CodeIgniter\Session\Handlers\FileHandler' driver.
INFO - 2024-02-13 14:06:19 --> Session: Class initialized using 'CodeIgniter\Session\Handlers\FileHandler' driver.
INFO - 2024-02-13 14:06:29 --> Session: Class initialized using 'CodeIgniter\Session\Handlers\FileHandler' driver.
INFO - 2024-02-13 14:07:13 --> Session: Class initialized using 'CodeIgniter\Session\Handlers\FileHandler' driver.
INFO - 2024-02-13 14:07:24 --> Session: Class initialized using 'CodeIgniter\Session\Handlers\FileHandler' driver.
INFO - 2024-02-13 14:07:55 --> Session: Class initialized using 'CodeIgniter\Session\Handlers\FileHandler' driver.
INFO - 2024-02-13 14:08:05 --> Session: Class initialized using 'CodeIgniter\Session\Handlers\FileHandler' driver.
INFO - 2024-02-13 14:08:19 --> Session: Class initialized using 'CodeIgniter\Session\Handlers\FileHandler' driver.
INFO - 2024-02-13 14:08:33 --> Session: Class initialized using 'CodeIgniter\Session\Handlers\FileHandler' driver.
INFO - 2024-02-13 14:08:42 --> Session: Class initialized using 'CodeIgniter\Session\Handlers\FileHandler' driver.
INFO - 2024-02-13 14:08:47 --> Session: Class initialized using 'CodeIgniter\Session\Handlers\FileHandler' driver.
INFO - 2024-02-13 14:09:20 --> Session: Class initialized using 'CodeIgniter\Session\Handlers\FileHandler' driver.
INFO - 2024-02-13 14:09:36 --> Session: Class initialized using 'CodeIgniter\Session\Handlers\FileHandler' driver.
INFO - 2024-02-13 14:10:00 --> Session: Class initialized using 'CodeIgniter\Session\Handlers\FileHandler' driver.
INFO - 2024-02-13 14:10:16 --> Session: Class initialized using 'CodeIgniter\Session\Handlers\FileHandler' driver.
INFO - 2024-02-13 14:10:22 --> Session: Class initialized using 'CodeIgniter\Session\Handlers\FileHandler' driver.
INFO - 2024-02-13 14:10:36 --> Session: Class initialized using 'CodeIgniter\Session\Handlers\FileHandler' driver.
INFO - 2024-02-13 14:11:00 --> Session: Class initialized using 'CodeIgniter\Session\Handlers\FileHandler' driver.
INFO - 2024-02-13 14:11:14 --> Session: Class initialized using 'CodeIgniter\Session\Handlers\FileHandler' driver.
INFO - 2024-02-13 14:11:32 --> Session: Class initialized using 'CodeIgniter\Session\Handlers\FileHandler' driver.
INFO - 2024-02-13 14:11:46 --> Session: Class initialized using 'CodeIgniter\Session\Handlers\FileHandler' driver.
INFO - 2024-02-13 14:11:55 --> Session: Class initialized using 'CodeIgniter\Session\Handlers\FileHandler' driver.
INFO - 2024-02-13 14:12:04 --> Session: Class initialized using 'CodeIgniter\Session\Handlers\FileHandler' driver.
INFO - 2024-02-13 14:12:11 --> Session: Class initialized using 'CodeIgniter\Session\Handlers\FileHandler' driver.
INFO - 2024-02-13 14:12:18 --> Session: Class initialized using 'CodeIgniter\Session\Handlers\FileHandler' driver.
INFO - 2024-02-13 14:12:29 --> Session: Class initialized using 'CodeIgniter\Session\Handlers\FileHandler' driver.
INFO - 2024-02-13 14:12:49 --> Session: Class initialized using 'CodeIgniter\Session\Handlers\FileHandler' driver.
INFO - 2024-02-13 14:12:57 --> Session: Class initialized using 'CodeIgniter\Session\Handlers\FileHandler' driver.
INFO - 2024-02-13 14:14:17 --> Session: Class initialized using 'CodeIgniter\Session\Handlers\FileHandler' driver.
INFO - 2024-02-13 14:14:36 --> Session: Class initialized using 'CodeIgniter\Session\Handlers\FileHandler' driver.
INFO - 2024-02-13 14:14:44 --> Session: Class initialized using 'CodeIgniter\Session\Handlers\FileHandler' driver.
INFO - 2024-02-13 14:14:53 --> Session: Class initialized using 'CodeIgniter\Session\Handlers\FileHandler' driver.
INFO - 2024-02-13 14:15:03 --> Session: Class initialized using 'CodeIgniter\Session\Handlers\FileHandler' driver.
INFO - 2024-02-13 14:15:42 --> Session: Class initialized using 'CodeIgniter\Session\Handlers\FileHandler' driver.
INFO - 2024-02-13 14:15:46 --> Session: Class initialized using 'CodeIgniter\Session\Handlers\FileHandler' driver.
INFO - 2024-02-13 14:16:36 --> Session: Class initialized using 'CodeIgniter\Session\Handlers\FileHandler' driver.
INFO - 2024-02-13 14:16:45 --> Session: Class initialized using 'CodeIgniter\Session\Handlers\FileHandler' driver.
INFO - 2024-02-13 14:17:13 --> Session: Class initialized using 'CodeIgniter\Session\Handlers\FileHandler' driver.
INFO - 2024-02-13 14:17:15 --> Session: Class initialized using 'CodeIgniter\Session\Handlers\FileHandler' driver.
INFO - 2024-02-13 14:17:18 --> Session: Class initialized using 'CodeIgniter\Session\Handlers\FileHandler' driver.
INFO - 2024-02-13 14:17:54 --> Session: Class initialized using 'CodeIgniter\Session\Handlers\FileHandler' driver.
INFO - 2024-02-13 14:17:55 --> Session: Class initialized using 'CodeIgniter\Session\Handlers\FileHandler' driver.
INFO - 2024-02-13 14:18:47 --> Session: Class initialized using 'CodeIgniter\Session\Handlers\FileHandler' driver.
INFO - 2024-02-13 14:21:47 --> Session: Class initialized using 'CodeIgniter\Session\Handlers\FileHandler' driver.
INFO - 2024-02-13 14:21:48 --> Session: Class initialized using 'CodeIgniter\Session\Handlers\FileHandler' driver.
ERROR - 2024-02-13 14:21:54 --> [Microsoft][ODBC Driver 17 for SQL Server][SQL Server]Incorrect syntax near ')'.
CRITICAL - 2024-02-13 14:21:54 --> [Microsoft][ODBC Driver 17 for SQL Server][SQL Server]Incorrect syntax near ')'.
in SYSTEMPATH\Database\BaseConnection.php on line 645.
 1 APPPATH\Models\M_tppk.php(1923): CodeIgniter\Database\BaseConnection->query('SELECT TOP 5 npsn, MAX(nama_sekolah) AS nama_sekolah,
                MAX(kode_wilayah) AS kode_wilayah,
                MAX(status_sekolah) AS status_sekolah,
                MAX(provinsi) AS provinsi,
                MAX(kota) AS kota,
                MAX(kecamatan) AS kecamatan
                FROM (
                    SELECT top 5 1 as oder, npsn, s.nama as nama_sekolah, s.kode_wilayah,status_sekolah, r1.nama as provinsi, r2.nama as kota, r3.nama as kecamatan
                            FROM [Arsip].[dbo].[sekolah] s
                            LEFT JOIN Referensi.ref.mst_wilayah r1 on LEFT(r1.kode_wilayah, 2) = LEFT (s.kode_wilayah, 2) AND r1.id_level_wilayah=1 
            LEFT JOIN Referensi.ref.mst_wilayah r2 on LEFT(r2.kode_wilayah, 4) = LEFT (s.kode_wilayah, 4) AND r2.id_level_wilayah=2 
            LEFT JOIN Referensi.ref.mst_wilayah r3 on LEFT(r3.kode_wilayah, 6) = LEFT (s.kode_wilayah, 6) AND r3.id_level_wilayah=3 
                            WHERE soft_delete = 0 AND LOWER(s.nama) LIKE \'%sma%\' AND LOWER(r2.nama) LIKE \'%3%\' 

                    UNION ALL 

                    SELECT top 5 2 as oder, npsn, s.nama as nama_sekolah, s.kode_wilayah, status_sekolah, r1.nama as provinsi, r2.nama as kota, r3.nama as kecamatan
                            FROM [Arsip].[dbo].[sekolah] s
                            LEFT JOIN Referensi.ref.mst_wilayah r1 on LEFT(r1.kode_wilayah, 2) = LEFT (s.kode_wilayah, 2) AND r1.id_level_wilayah=1 
            LEFT JOIN Referensi.ref.mst_wilayah r2 on LEFT(r2.kode_wilayah, 4) = LEFT (s.kode_wilayah, 4) AND r2.id_level_wilayah=2 
            LEFT JOIN Referensi.ref.mst_wilayah r3 on LEFT(r3.kode_wilayah, 6) = LEFT (s.kode_wilayah, 6) AND r3.id_level_wilayah=3 
                            WHERE soft_delete = 0 AND LOWER(s.nama) LIKE \'%sma%\' AND LOWER(s.nama) LIKE \'%3%\' 

                GROUP BY npsn
                ORDER BY MAX(oder)', [...])
 2 APPPATH\Controllers\TPPK.php(46): App\Models\M_tppk->carinamasekolahall('sma 3')
 3 SYSTEMPATH\CodeIgniter.php(934): App\Controllers\TPPK->cari_sekolah('sma 3')
 4 SYSTEMPATH\CodeIgniter.php(499): CodeIgniter\CodeIgniter->runController(Object(App\Controllers\TPPK))
 5 SYSTEMPATH\CodeIgniter.php(368): CodeIgniter\CodeIgniter->handleRequest(null, Object(Config\Cache), false)
 6 FCPATH\index.php(55): CodeIgniter\CodeIgniter->run()
ERROR - 2024-02-13 14:23:19 --> [Microsoft][ODBC Driver 17 for SQL Server][SQL Server]Incorrect syntax near ')'.
CRITICAL - 2024-02-13 14:23:19 --> [Microsoft][ODBC Driver 17 for SQL Server][SQL Server]Incorrect syntax near ')'.
in SYSTEMPATH\Database\BaseConnection.php on line 645.
 1 APPPATH\Models\M_tppk.php(1923): CodeIgniter\Database\BaseConnection->query('SELECT TOP 5 npsn, MAX(nama_sekolah) AS nama_sekolah,
                MAX(kode_wilayah) AS kode_wilayah,
                MAX(status_sekolah) AS status_sekolah,
                MAX(provinsi) AS provinsi,
                MAX(kota) AS kota,
                MAX(kecamatan) AS kecamatan
                FROM (
                    SELECT top 5 1 as oder, npsn, s.nama as nama_sekolah, s.kode_wilayah,status_sekolah, r1.nama as provinsi, r2.nama as kota, r3.nama as kecamatan
                            FROM [Arsip].[dbo].[sekolah] s
                            LEFT JOIN Referensi.ref.mst_wilayah r1 on LEFT(r1.kode_wilayah, 2) = LEFT (s.kode_wilayah, 2) AND r1.id_level_wilayah=1 
            LEFT JOIN Referensi.ref.mst_wilayah r2 on LEFT(r2.kode_wilayah, 4) = LEFT (s.kode_wilayah, 4) AND r2.id_level_wilayah=2 
            LEFT JOIN Referensi.ref.mst_wilayah r3 on LEFT(r3.kode_wilayah, 6) = LEFT (s.kode_wilayah, 6) AND r3.id_level_wilayah=3 
                            WHERE soft_delete = 0 AND LOWER(s.nama) LIKE \'%sma%\' AND LOWER(r2.nama) LIKE \'%3%\' 

                    UNION ALL 

                    SELECT top 5 2 as oder, npsn, s.nama as nama_sekolah, s.kode_wilayah, status_sekolah, r1.nama as provinsi, r2.nama as kota, r3.nama as kecamatan
                            FROM [Arsip].[dbo].[sekolah] s
                            LEFT JOIN Referensi.ref.mst_wilayah r1 on LEFT(r1.kode_wilayah, 2) = LEFT (s.kode_wilayah, 2) AND r1.id_level_wilayah=1 
            LEFT JOIN Referensi.ref.mst_wilayah r2 on LEFT(r2.kode_wilayah, 4) = LEFT (s.kode_wilayah, 4) AND r2.id_level_wilayah=2 
            LEFT JOIN Referensi.ref.mst_wilayah r3 on LEFT(r3.kode_wilayah, 6) = LEFT (s.kode_wilayah, 6) AND r3.id_level_wilayah=3 
                            WHERE soft_delete = 0 AND LOWER(s.nama) LIKE \'%sma%\' AND LOWER(s.nama) LIKE \'%3%\' 

                GROUP BY npsn
                ORDER BY MAX(oder)', [...])
 2 APPPATH\Controllers\TPPK.php(46): App\Models\M_tppk->carinamasekolahall('sma 3')
 3 SYSTEMPATH\CodeIgniter.php(934): App\Controllers\TPPK->cari_sekolah('sma 3')
 4 SYSTEMPATH\CodeIgniter.php(499): CodeIgniter\CodeIgniter->runController(Object(App\Controllers\TPPK))
 5 SYSTEMPATH\CodeIgniter.php(368): CodeIgniter\CodeIgniter->handleRequest(null, Object(Config\Cache), false)
 6 FCPATH\index.php(55): CodeIgniter\CodeIgniter->run()
CRITICAL - 2024-02-13 14:46:49 --> Undefined variable $jenjang
in APPPATH\Views\tppk\data_tppksekolah_npsn.php on line 6.
 1 APPPATH\Views\tppk\data_tppksekolah_npsn.php(6): CodeIgniter\Debug\Exceptions->errorHandler(2, 'Undefined variable $jenjang', 'APPPATH\\Views\\tppk\\data_tppksekolah_npsn.php', 6)
 2 SYSTEMPATH\View\View.php(213): include('APPPATH\\Views\\tppk\\data_tppksekolah_npsn.php')
 3 SYSTEMPATH\View\View.php(216): CodeIgniter\View\View->CodeIgniter\View\{closure}()
 4 SYSTEMPATH\Common.php(1184): CodeIgniter\View\View->render('tppk/data_tppksekolah_npsn', [], true)
 5 APPPATH\Controllers\TPPK.php(48): view('tppk/data_tppksekolah_npsn', [...])
 6 SYSTEMPATH\CodeIgniter.php(934): App\Controllers\TPPK->cari_sekolah('sma 3')
 7 SYSTEMPATH\CodeIgniter.php(499): CodeIgniter\CodeIgniter->runController(Object(App\Controllers\TPPK))
 8 SYSTEMPATH\CodeIgniter.php(368): CodeIgniter\CodeIgniter->handleRequest(null, Object(Config\Cache), false)
 9 FCPATH\index.php(55): CodeIgniter\CodeIgniter->run()
CRITICAL - 2024-02-13 14:47:29 --> Undefined array key "tot_jml_tppk"
in APPPATH\Views\tppk\data_tppksekolah_npsn.php on line 153.
 1 APPPATH\Views\tppk\data_tppksekolah_npsn.php(153): CodeIgniter\Debug\Exceptions->errorHandler(2, 'Undefined array key "tot_jml_tppk"', 'APPPATH\\Views\\tppk\\data_tppksekolah_npsn.php', 153)
 2 SYSTEMPATH\View\View.php(213): include('APPPATH\\Views\\tppk\\data_tppksekolah_npsn.php')
 3 SYSTEMPATH\View\View.php(216): CodeIgniter\View\View->CodeIgniter\View\{closure}()
 4 SYSTEMPATH\Common.php(1184): CodeIgniter\View\View->render('tppk/data_tppksekolah_npsn', [], true)
 5 APPPATH\Controllers\TPPK.php(64): view('tppk/data_tppksekolah_npsn', [...])
 6 SYSTEMPATH\CodeIgniter.php(934): App\Controllers\TPPK->cari_sekolah('sma 3')
 7 SYSTEMPATH\CodeIgniter.php(499): CodeIgniter\CodeIgniter->runController(Object(App\Controllers\TPPK))
 8 SYSTEMPATH\CodeIgniter.php(368): CodeIgniter\CodeIgniter->handleRequest(null, Object(Config\Cache), false)
 9 FCPATH\index.php(55): CodeIgniter\CodeIgniter->run()
ERROR - 2024-02-13 15:00:34 --> [Microsoft][ODBC Driver 17 for SQL Server][SQL Server]Incorrect syntax near ','.
CRITICAL - 2024-02-13 15:00:34 --> [Microsoft][ODBC Driver 17 for SQL Server][SQL Server]Incorrect syntax near ','.
in SYSTEMPATH\Database\BaseConnection.php on line 645.
 1 APPPATH\Models\M_tppk.php(1942): CodeIgniter\Database\BaseConnection->query('SELECT 
                ,[bentuk_pendidikan]
                ,[status_sekolah]
                ,[jenjang_sekolah]
                ,[residu] as tot_residu
                ,[residu_kepsek] as tot_residu_kepsek
                ,[residu_guru] as tot_residu_guru
                ,[residu_komite] as tot_residu_komite
                ,[residu_upload_sk] as tot_residu_upload_sk
                ,[residu_siswa] as tot_siswa
                ,[residu_ganjil] as tot_ganjil
                ,[jml_satuan_pendidikan] as tot_jml_satuan_pendidikan
                ,[jml_tppk] as tot_jml_tppk
                ,status_sk, MAX(nama_sekolah) AS nama_sekolah,
                MAX(kode_wilayah) AS kode_wilayah,
                MAX(status_sekolah) AS status_sekolah,
                MAX(provinsi) AS provinsi,
                MAX(kota) AS kota,
                MAX(kecamatan) AS kecamatan 
                FROM [TPPK].[rpt].[rekap_tppk] rt
                WHERE npsn = 
                (SELECT npsn, MAX(nama_sekolah) AS nama_sekolah,
                MAX(kode_wilayah) AS kode_wilayah,
                MAX(status_sekolah) AS status_sekolah,
                MAX(provinsi) AS provinsi,
                MAX(kota) AS kota,
                MAX(kecamatan) AS kecamatan
                FROM (
                    SELECT top 5 1 as oder, npsn, s.nama as nama_sekolah, s.kode_wilayah,status_sekolah, r1.nama as provinsi, r2.nama as kota, r3.nama as kecamatan
                            FROM [Arsip].[dbo].[sekolah] s
                            LEFT JOIN Referensi.ref.mst_wilayah r1 on LEFT(r1.kode_wilayah, 2) = LEFT (s.kode_wilayah, 2) AND r1.id_level_wilayah=1 
            LEFT JOIN Referensi.ref.mst_wilayah r2 on LEFT(r2.kode_wilayah, 4) = LEFT (s.kode_wilayah, 4) AND r2.id_level_wilayah=2 
            LEFT JOIN Referensi.ref.mst_wilayah r3 on LEFT(r3.kode_wilayah, 6) = LEFT (s.kode_wilayah, 6) AND r3.id_level_wilayah=3 
                            WHERE soft_delete = 0 AND LOWER(s.nama) LIKE \'%sma%\' AND LOWER(r2.nama) LIKE \'%3%\' 

                    UNION ALL 

                    SELECT top 5 2 as oder, npsn, s.nama as nama_sekolah, s.kode_wilayah, status_sekolah, r1.nama as provinsi, r2.nama as kota, r3.nama as kecamatan
                            FROM [Arsip].[dbo].[sekolah] s
                            LEFT JOIN Referensi.ref.mst_wilayah r1 on LEFT(r1.kode_wilayah, 2) = LEFT (s.kode_wilayah, 2) AND r1.id_level_wilayah=1 
            LEFT JOIN Referensi.ref.mst_wilayah r2 on LEFT(r2.kode_wilayah, 4) = LEFT (s.kode_wilayah, 4) AND r2.id_level_wilayah=2 
            LEFT JOIN Referensi.ref.mst_wilayah r3 on LEFT(r3.kode_wilayah, 6) = LEFT (s.kode_wilayah, 6) AND r3.id_level_wilayah=3 
                            WHERE soft_delete = 0 AND LOWER(s.nama) LIKE \'%sma%\' AND LOWER(s.nama) LIKE \'%3%\' ) as g 
                GROUP BY npsn
                ORDER BY MAX(oder))', [...])
 2 APPPATH\Controllers\TPPK.php(62): App\Models\M_tppk->carinamasekolahall('sma 3')
 3 SYSTEMPATH\CodeIgniter.php(934): App\Controllers\TPPK->cari_sekolah('sma 3')
 4 SYSTEMPATH\CodeIgniter.php(499): CodeIgniter\CodeIgniter->runController(Object(App\Controllers\TPPK))
 5 SYSTEMPATH\CodeIgniter.php(368): CodeIgniter\CodeIgniter->handleRequest(null, Object(Config\Cache), false)
 6 FCPATH\index.php(55): CodeIgniter\CodeIgniter->run()
ERROR - 2024-02-13 15:01:21 --> [Microsoft][ODBC Driver 17 for SQL Server][SQL Server]Incorrect syntax near ','.
CRITICAL - 2024-02-13 15:01:21 --> [Microsoft][ODBC Driver 17 for SQL Server][SQL Server]Incorrect syntax near ','.
in SYSTEMPATH\Database\BaseConnection.php on line 645.
 1 APPPATH\Models\M_tppk.php(1943): CodeIgniter\Database\BaseConnection->query('SELECT 
                ,[bentuk_pendidikan]
                ,[status_sekolah]
                ,[jenjang_sekolah]
                ,[residu] as tot_residu
                ,[residu_kepsek] as tot_residu_kepsek
                ,[residu_guru] as tot_residu_guru
                ,[residu_komite] as tot_residu_komite
                ,[residu_upload_sk] as tot_residu_upload_sk
                ,[residu_siswa] as tot_siswa
                ,[residu_ganjil] as tot_ganjil
                ,[jml_satuan_pendidikan] as tot_jml_satuan_pendidikan
                ,[jml_tppk] as tot_jml_tppk
                ,status_sk, MAX(nama_sekolah) AS nama_sekolah,
                MAX(kode_wilayah) AS kode_wilayah,
                MAX(status_sekolah) AS status_sekolah,
                MAX(provinsi) AS provinsi,
                MAX(kota) AS kota,
                MAX(kecamatan) AS kecamatan 
                FROM [TPPK].[rpt].[rekap_tppk] rt
                WHERE npsn = 
                (SELECT npsn, MAX(nama_sekolah) AS nama_sekolah,
                MAX(kode_wilayah) AS kode_wilayah,
                MAX(status_sekolah) AS status_sekolah,
                MAX(provinsi) AS provinsi,
                MAX(kota) AS kota,
                MAX(kecamatan) AS kecamatan
                FROM (
                    SELECT top 5 1 as oder, npsn, s.nama as nama_sekolah, s.kode_wilayah,status_sekolah, r1.nama as provinsi, r2.nama as kota, r3.nama as kecamatan
                            FROM [Arsip].[dbo].[sekolah] s
                            LEFT JOIN Referensi.ref.mst_wilayah r1 on LEFT(r1.kode_wilayah, 2) = LEFT (s.kode_wilayah, 2) AND r1.id_level_wilayah=1 
            LEFT JOIN Referensi.ref.mst_wilayah r2 on LEFT(r2.kode_wilayah, 4) = LEFT (s.kode_wilayah, 4) AND r2.id_level_wilayah=2 
            LEFT JOIN Referensi.ref.mst_wilayah r3 on LEFT(r3.kode_wilayah, 6) = LEFT (s.kode_wilayah, 6) AND r3.id_level_wilayah=3 
                            WHERE soft_delete = 0 AND LOWER(s.nama) LIKE \'%sma%\' AND LOWER(r2.nama) LIKE \'%3%\' 

                    UNION ALL 

                    SELECT top 5 2 as oder, npsn, s.nama as nama_sekolah, s.kode_wilayah, status_sekolah, r1.nama as provinsi, r2.nama as kota, r3.nama as kecamatan
                            FROM [Arsip].[dbo].[sekolah] s
                            LEFT JOIN Referensi.ref.mst_wilayah r1 on LEFT(r1.kode_wilayah, 2) = LEFT (s.kode_wilayah, 2) AND r1.id_level_wilayah=1 
            LEFT JOIN Referensi.ref.mst_wilayah r2 on LEFT(r2.kode_wilayah, 4) = LEFT (s.kode_wilayah, 4) AND r2.id_level_wilayah=2 
            LEFT JOIN Referensi.ref.mst_wilayah r3 on LEFT(r3.kode_wilayah, 6) = LEFT (s.kode_wilayah, 6) AND r3.id_level_wilayah=3 
                            WHERE soft_delete = 0 AND LOWER(s.nama) LIKE \'%sma%\' AND LOWER(s.nama) LIKE \'%3%\' ) as g 
                GROUP BY npsn
                ORDER BY MAX(oder))', [...])
 2 APPPATH\Controllers\TPPK.php(62): App\Models\M_tppk->carinamasekolahall('sma 3')
 3 SYSTEMPATH\CodeIgniter.php(934): App\Controllers\TPPK->cari_sekolah('sma 3')
 4 SYSTEMPATH\CodeIgniter.php(499): CodeIgniter\CodeIgniter->runController(Object(App\Controllers\TPPK))
 5 SYSTEMPATH\CodeIgniter.php(368): CodeIgniter\CodeIgniter->handleRequest(null, Object(Config\Cache), false)
 6 FCPATH\index.php(55): CodeIgniter\CodeIgniter->run()
ERROR - 2024-02-13 15:01:32 --> [Microsoft][ODBC Driver 17 for SQL Server][SQL Server]The ORDER BY clause is invalid in views, inline functions, derived tables, subqueries, and common table expressions, unless TOP, OFFSET or FOR XML is also specified.
CRITICAL - 2024-02-13 15:01:32 --> [Microsoft][ODBC Driver 17 for SQL Server][SQL Server]The ORDER BY clause is invalid in views, inline functions, derived tables, subqueries, and common table expressions, unless TOP, OFFSET or FOR XML is also specified.
in SYSTEMPATH\Database\BaseConnection.php on line 645.
 1 APPPATH\Models\M_tppk.php(1943): CodeIgniter\Database\BaseConnection->query('SELECT 
                [bentuk_pendidikan]
                ,[status_sekolah]
                ,[jenjang_sekolah]
                ,[residu] as tot_residu
                ,[residu_kepsek] as tot_residu_kepsek
                ,[residu_guru] as tot_residu_guru
                ,[residu_komite] as tot_residu_komite
                ,[residu_upload_sk] as tot_residu_upload_sk
                ,[residu_siswa] as tot_siswa
                ,[residu_ganjil] as tot_ganjil
                ,[jml_satuan_pendidikan] as tot_jml_satuan_pendidikan
                ,[jml_tppk] as tot_jml_tppk
                ,status_sk, MAX(nama_sekolah) AS nama_sekolah,
                MAX(kode_wilayah) AS kode_wilayah,
                MAX(status_sekolah) AS status_sekolah,
                MAX(provinsi) AS provinsi,
                MAX(kota) AS kota,
                MAX(kecamatan) AS kecamatan 
                FROM [TPPK].[rpt].[rekap_tppk] rt
                WHERE npsn = 
                (SELECT npsn, MAX(nama_sekolah) AS nama_sekolah,
                MAX(kode_wilayah) AS kode_wilayah,
                MAX(status_sekolah) AS status_sekolah,
                MAX(provinsi) AS provinsi,
                MAX(kota) AS kota,
                MAX(kecamatan) AS kecamatan
                FROM (
                    SELECT top 5 1 as oder, npsn, s.nama as nama_sekolah, s.kode_wilayah,status_sekolah, r1.nama as provinsi, r2.nama as kota, r3.nama as kecamatan
                            FROM [Arsip].[dbo].[sekolah] s
                            LEFT JOIN Referensi.ref.mst_wilayah r1 on LEFT(r1.kode_wilayah, 2) = LEFT (s.kode_wilayah, 2) AND r1.id_level_wilayah=1 
            LEFT JOIN Referensi.ref.mst_wilayah r2 on LEFT(r2.kode_wilayah, 4) = LEFT (s.kode_wilayah, 4) AND r2.id_level_wilayah=2 
            LEFT JOIN Referensi.ref.mst_wilayah r3 on LEFT(r3.kode_wilayah, 6) = LEFT (s.kode_wilayah, 6) AND r3.id_level_wilayah=3 
                            WHERE soft_delete = 0 AND LOWER(s.nama) LIKE \'%sma%\' AND LOWER(r2.nama) LIKE \'%3%\' 

                    UNION ALL 

                    SELECT top 5 2 as oder, npsn, s.nama as nama_sekolah, s.kode_wilayah, status_sekolah, r1.nama as provinsi, r2.nama as kota, r3.nama as kecamatan
                            FROM [Arsip].[dbo].[sekolah] s
                            LEFT JOIN Referensi.ref.mst_wilayah r1 on LEFT(r1.kode_wilayah, 2) = LEFT (s.kode_wilayah, 2) AND r1.id_level_wilayah=1 
            LEFT JOIN Referensi.ref.mst_wilayah r2 on LEFT(r2.kode_wilayah, 4) = LEFT (s.kode_wilayah, 4) AND r2.id_level_wilayah=2 
            LEFT JOIN Referensi.ref.mst_wilayah r3 on LEFT(r3.kode_wilayah, 6) = LEFT (s.kode_wilayah, 6) AND r3.id_level_wilayah=3 
                            WHERE soft_delete = 0 AND LOWER(s.nama) LIKE \'%sma%\' AND LOWER(s.nama) LIKE \'%3%\' ) as g 
                GROUP BY npsn
                ORDER BY MAX(oder))', [...])
 2 APPPATH\Controllers\TPPK.php(62): App\Models\M_tppk->carinamasekolahall('sma 3')
 3 SYSTEMPATH\CodeIgniter.php(934): App\Controllers\TPPK->cari_sekolah('sma 3')
 4 SYSTEMPATH\CodeIgniter.php(499): CodeIgniter\CodeIgniter->runController(Object(App\Controllers\TPPK))
 5 SYSTEMPATH\CodeIgniter.php(368): CodeIgniter\CodeIgniter->handleRequest(null, Object(Config\Cache), false)
 6 FCPATH\index.php(55): CodeIgniter\CodeIgniter->run()
ERROR - 2024-02-13 15:02:14 --> [Microsoft][ODBC Driver 17 for SQL Server][SQL Server]Incorrect syntax near the keyword 'ORDER'.
CRITICAL - 2024-02-13 15:02:14 --> [Microsoft][ODBC Driver 17 for SQL Server][SQL Server]Incorrect syntax near the keyword 'ORDER'.
in SYSTEMPATH\Database\BaseConnection.php on line 645.
 1 APPPATH\Models\M_tppk.php(1922): CodeIgniter\Database\BaseConnection->query('(SELECT npsn, MAX(nama_sekolah) AS nama_sekolah,
                MAX(kode_wilayah) AS kode_wilayah,
                MAX(status_sekolah) AS status_sekolah,
                MAX(provinsi) AS provinsi,
                MAX(kota) AS kota,
                MAX(kecamatan) AS kecamatan
                FROM (
                    SELECT top 5 1 as oder, npsn, s.nama as nama_sekolah, s.kode_wilayah,status_sekolah, r1.nama as provinsi, r2.nama as kota, r3.nama as kecamatan
                            FROM [Arsip].[dbo].[sekolah] s
                            LEFT JOIN Referensi.ref.mst_wilayah r1 on LEFT(r1.kode_wilayah, 2) = LEFT (s.kode_wilayah, 2) AND r1.id_level_wilayah=1 
            LEFT JOIN Referensi.ref.mst_wilayah r2 on LEFT(r2.kode_wilayah, 4) = LEFT (s.kode_wilayah, 4) AND r2.id_level_wilayah=2 
            LEFT JOIN Referensi.ref.mst_wilayah r3 on LEFT(r3.kode_wilayah, 6) = LEFT (s.kode_wilayah, 6) AND r3.id_level_wilayah=3 
                            WHERE soft_delete = 0 AND LOWER(s.nama) LIKE \'%sma%\' AND LOWER(r2.nama) LIKE \'%3%\' 

                    UNION ALL 

                    SELECT top 5 2 as oder, npsn, s.nama as nama_sekolah, s.kode_wilayah, status_sekolah, r1.nama as provinsi, r2.nama as kota, r3.nama as kecamatan
                            FROM [Arsip].[dbo].[sekolah] s
                            LEFT JOIN Referensi.ref.mst_wilayah r1 on LEFT(r1.kode_wilayah, 2) = LEFT (s.kode_wilayah, 2) AND r1.id_level_wilayah=1 
            LEFT JOIN Referensi.ref.mst_wilayah r2 on LEFT(r2.kode_wilayah, 4) = LEFT (s.kode_wilayah, 4) AND r2.id_level_wilayah=2 
            LEFT JOIN Referensi.ref.mst_wilayah r3 on LEFT(r3.kode_wilayah, 6) = LEFT (s.kode_wilayah, 6) AND r3.id_level_wilayah=3 
                            WHERE soft_delete = 0 AND LOWER(s.nama) LIKE \'%sma%\' AND LOWER(s.nama) LIKE \'%3%\' ) as g 
                GROUP BY npsn
                ORDER BY MAX(oder))', [...])
 2 APPPATH\Controllers\TPPK.php(62): App\Models\M_tppk->carinamasekolahall('sma 3')
 3 SYSTEMPATH\CodeIgniter.php(934): App\Controllers\TPPK->cari_sekolah('sma 3')
 4 SYSTEMPATH\CodeIgniter.php(499): CodeIgniter\CodeIgniter->runController(Object(App\Controllers\TPPK))
 5 SYSTEMPATH\CodeIgniter.php(368): CodeIgniter\CodeIgniter->handleRequest(null, Object(Config\Cache), false)
 6 FCPATH\index.php(55): CodeIgniter\CodeIgniter->run()
CRITICAL - 2024-02-13 15:02:40 --> Undefined array key "tot_jml_tppk"
in APPPATH\Views\tppk\data_tppksekolah_npsn.php on line 153.
 1 APPPATH\Views\tppk\data_tppksekolah_npsn.php(153): CodeIgniter\Debug\Exceptions->errorHandler(2, 'Undefined array key "tot_jml_tppk"', 'APPPATH\\Views\\tppk\\data_tppksekolah_npsn.php', 153)
 2 SYSTEMPATH\View\View.php(213): include('APPPATH\\Views\\tppk\\data_tppksekolah_npsn.php')
 3 SYSTEMPATH\View\View.php(216): CodeIgniter\View\View->CodeIgniter\View\{closure}()
 4 SYSTEMPATH\Common.php(1184): CodeIgniter\View\View->render('tppk/data_tppksekolah_npsn', [], true)
 5 APPPATH\Controllers\TPPK.php(64): view('tppk/data_tppksekolah_npsn', [...])
 6 SYSTEMPATH\CodeIgniter.php(934): App\Controllers\TPPK->cari_sekolah('sma 3')
 7 SYSTEMPATH\CodeIgniter.php(499): CodeIgniter\CodeIgniter->runController(Object(App\Controllers\TPPK))
 8 SYSTEMPATH\CodeIgniter.php(368): CodeIgniter\CodeIgniter->handleRequest(null, Object(Config\Cache), false)
 9 FCPATH\index.php(55): CodeIgniter\CodeIgniter->run()
CRITICAL - 2024-02-13 15:02:58 --> Undefined array key "tot_jml_tppk"
in APPPATH\Views\tppk\data_tppksekolah_npsn.php on line 153.
 1 APPPATH\Views\tppk\data_tppksekolah_npsn.php(153): CodeIgniter\Debug\Exceptions->errorHandler(2, 'Undefined array key "tot_jml_tppk"', 'APPPATH\\Views\\tppk\\data_tppksekolah_npsn.php', 153)
 2 SYSTEMPATH\View\View.php(213): include('APPPATH\\Views\\tppk\\data_tppksekolah_npsn.php')
 3 SYSTEMPATH\View\View.php(216): CodeIgniter\View\View->CodeIgniter\View\{closure}()
 4 SYSTEMPATH\Common.php(1184): CodeIgniter\View\View->render('tppk/data_tppksekolah_npsn', [], true)
 5 APPPATH\Controllers\TPPK.php(64): view('tppk/data_tppksekolah_npsn', [...])
 6 SYSTEMPATH\CodeIgniter.php(934): App\Controllers\TPPK->cari_sekolah('sma 3')
 7 SYSTEMPATH\CodeIgniter.php(499): CodeIgniter\CodeIgniter->runController(Object(App\Controllers\TPPK))
 8 SYSTEMPATH\CodeIgniter.php(368): CodeIgniter\CodeIgniter->handleRequest(null, Object(Config\Cache), false)
 9 FCPATH\index.php(55): CodeIgniter\CodeIgniter->run()
ERROR - 2024-02-13 15:17:48 --> [Microsoft][ODBC Driver 17 for SQL Server][SQL Server]The ORDER BY clause is invalid in views, inline functions, derived tables, subqueries, and common table expressions, unless TOP, OFFSET or FOR XML is also specified.
CRITICAL - 2024-02-13 15:17:48 --> [Microsoft][ODBC Driver 17 for SQL Server][SQL Server]The ORDER BY clause is invalid in views, inline functions, derived tables, subqueries, and common table expressions, unless TOP, OFFSET or FOR XML is also specified.
in SYSTEMPATH\Database\BaseConnection.php on line 645.
 1 APPPATH\Models\M_tppk.php(1946): CodeIgniter\Database\BaseConnection->query('WITH TopSekolah AS (SELECT npsn, MAX(nama_sekolah) AS nama_sekolah,
                MAX(kode_wilayah) AS kode_wilayah,
                MAX(status_sekolah) AS status_sekolah,
                MAX(provinsi) AS provinsi,
                MAX(kota) AS kota,
                MAX(kecamatan) AS kecamatan
                FROM (
                    SELECT top 5 1 as oder, npsn, s.nama as nama_sekolah, s.kode_wilayah,status_sekolah, r1.nama as provinsi, r2.nama as kota, r3.nama as kecamatan
                            FROM [Arsip].[dbo].[sekolah] s
                            LEFT JOIN Referensi.ref.mst_wilayah r1 on LEFT(r1.kode_wilayah, 2) = LEFT (s.kode_wilayah, 2) AND r1.id_level_wilayah=1 
            LEFT JOIN Referensi.ref.mst_wilayah r2 on LEFT(r2.kode_wilayah, 4) = LEFT (s.kode_wilayah, 4) AND r2.id_level_wilayah=2 
            LEFT JOIN Referensi.ref.mst_wilayah r3 on LEFT(r3.kode_wilayah, 6) = LEFT (s.kode_wilayah, 6) AND r3.id_level_wilayah=3 
                            WHERE soft_delete = 0 AND LOWER(s.nama) LIKE \'%sma%\' AND LOWER(r2.nama) LIKE \'%3%\' 

                    UNION ALL 

                    SELECT 2 as oder, npsn, s.nama as nama_sekolah, s.kode_wilayah, status_sekolah, r1.nama as provinsi, r2.nama as kota, r3.nama as kecamatan
                            FROM [Arsip].[dbo].[sekolah] s
                            LEFT JOIN Referensi.ref.mst_wilayah r1 on LEFT(r1.kode_wilayah, 2) = LEFT (s.kode_wilayah, 2) AND r1.id_level_wilayah=1 
            LEFT JOIN Referensi.ref.mst_wilayah r2 on LEFT(r2.kode_wilayah, 4) = LEFT (s.kode_wilayah, 4) AND r2.id_level_wilayah=2 
            LEFT JOIN Referensi.ref.mst_wilayah r3 on LEFT(r3.kode_wilayah, 6) = LEFT (s.kode_wilayah, 6) AND r3.id_level_wilayah=3 
                            WHERE soft_delete = 0 AND LOWER(s.nama) LIKE \'%sma%\' AND LOWER(s.nama) LIKE \'%3%\' ) as g 
                GROUP BY npsn
                ORDER BY MAX(oder))
                
                SELECT 
                    [kode_wilayah],
                    [wilayah],
                    [id_level_wilayah],
                    [mst_kode_wilayah],
                    [bentuk_pendidikan],
                    [status_sekolah],
                    [jenjang_sekolah],
                    [residu] as tot_residu,
                    [residu_kepsek] as tot_residu_kepsek,
                    [residu_guru] as tot_residu_guru,
                    [residu_komite] as tot_residu_komite,
                    [residu_upload_sk] as tot_residu_upload_sk,
                    [residu_siswa] as tot_siswa,
                    [residu_ganjil] as tot_ganjil,
                    [jml_satuan_pendidikan] as tot_jml_satuan_pendidikan,
                    [jml_tppk] as tot_jml_tppk,
                    status_sk
                FROM 
                    [TPPK].[rpt].[rekap_tppk] rt
                LEFT JOIN 
                    TPPK.dbo.sk_tppk sk ON rt.kode_wilayah = sk.npsn
                INNER JOIN 
                    TopSekolah ts ON rt.kode_wilayah = ts.kode_wilayah', [...])
 2 APPPATH\Controllers\TPPK.php(62): App\Models\M_tppk->carinamasekolahall('sma 3')
 3 SYSTEMPATH\CodeIgniter.php(934): App\Controllers\TPPK->cari_sekolah('sma 3')
 4 SYSTEMPATH\CodeIgniter.php(499): CodeIgniter\CodeIgniter->runController(Object(App\Controllers\TPPK))
 5 SYSTEMPATH\CodeIgniter.php(368): CodeIgniter\CodeIgniter->handleRequest(null, Object(Config\Cache), false)
 6 FCPATH\index.php(55): CodeIgniter\CodeIgniter->run()
ERROR - 2024-02-13 15:33:33 --> [Microsoft][ODBC Driver 17 for SQL Server][SQL Server]All queries combined using a UNION, INTERSECT or EXCEPT operator must have an equal number of expressions in their target lists.
CRITICAL - 2024-02-13 15:33:33 --> [Microsoft][ODBC Driver 17 for SQL Server][SQL Server]All queries combined using a UNION, INTERSECT or EXCEPT operator must have an equal number of expressions in their target lists.
in SYSTEMPATH\Database\BaseConnection.php on line 645.
 1 APPPATH\Models\M_tppk.php(1945): CodeIgniter\Database\BaseConnection->query('WITH TopSekolah AS (SELECT npsn, MAX(nama_sekolah) AS nama_sekolah,
                MAX(kode_wilayah) AS kode_wilayah,
                MAX(status_sekolah) AS status_sekolah,
                MAX(provinsi) AS provinsi,
                MAX(kota) AS kota,
                MAX(kecamatan) AS kecamatan
                FROM (
                    SELECT top 5 1 as oder, npsn, s.nama as nama_sekolah, s.kode_wilayah,status_sekolah, r1.nama as provinsi, r2.nama as kota, r3.nama as kecamatan
                            FROM [Arsip].[dbo].[sekolah] s
                            LEFT JOIN Referensi.ref.mst_wilayah r1 on LEFT(r1.kode_wilayah, 2) = LEFT (s.kode_wilayah, 2) AND r1.id_level_wilayah=1 
            LEFT JOIN Referensi.ref.mst_wilayah r2 on LEFT(r2.kode_wilayah, 4) = LEFT (s.kode_wilayah, 4) AND r2.id_level_wilayah=2 
            LEFT JOIN Referensi.ref.mst_wilayah r3 on LEFT(r3.kode_wilayah, 6) = LEFT (s.kode_wilayah, 6) AND r3.id_level_wilayah=3 
                            WHERE soft_delete = 0 AND LOWER(s.nama) LIKE \'%sma%\' AND LOWER(r2.nama) LIKE \'%3%\' 

                    UNION ALL 

                    SELECT npsn, s.nama as nama_sekolah, s.kode_wilayah, status_sekolah, r1.nama as provinsi, r2.nama as kota, r3.nama as kecamatan
                            FROM [Arsip].[dbo].[sekolah] s
                            LEFT JOIN Referensi.ref.mst_wilayah r1 on LEFT(r1.kode_wilayah, 2) = LEFT (s.kode_wilayah, 2) AND r1.id_level_wilayah=1 
            LEFT JOIN Referensi.ref.mst_wilayah r2 on LEFT(r2.kode_wilayah, 4) = LEFT (s.kode_wilayah, 4) AND r2.id_level_wilayah=2 
            LEFT JOIN Referensi.ref.mst_wilayah r3 on LEFT(r3.kode_wilayah, 6) = LEFT (s.kode_wilayah, 6) AND r3.id_level_wilayah=3 
                            WHERE soft_delete = 0 AND LOWER(s.nama) LIKE \'%sma%\' AND LOWER(s.nama) LIKE \'%3%\' ) as g 
                GROUP BY npsn)
                
                SELECT 
                    rt.[kode_wilayah],
                    [wilayah],
                    [id_level_wilayah],
                    [mst_kode_wilayah],
                    [bentuk_pendidikan],
                    ts.[status_sekolah],
                    [jenjang_sekolah],
                    [residu] as tot_residu,
                    [residu_kepsek] as tot_residu_kepsek,
                    [residu_guru] as tot_residu_guru,
                    [residu_komite] as tot_residu_komite,
                    [residu_upload_sk] as tot_residu_upload_sk,
                    [residu_siswa] as tot_siswa,
                    [residu_ganjil] as tot_ganjil,
                    [jml_satuan_pendidikan] as tot_jml_satuan_pendidikan,
                    [jml_tppk] as tot_jml_tppk,
                    status_sk
                FROM 
                    [TPPK].[rpt].[rekap_tppk] rt
                LEFT JOIN 
                    TPPK.dbo.sk_tppk sk ON rt.kode_wilayah = sk.npsn
                INNER JOIN 
                    TopSekolah ts ON rt.kode_wilayah = ts.npsn', [...])
 2 APPPATH\Controllers\TPPK.php(62): App\Models\M_tppk->carinamasekolahall('sma 3')
 3 SYSTEMPATH\CodeIgniter.php(934): App\Controllers\TPPK->cari_sekolah('sma 3')
 4 SYSTEMPATH\CodeIgniter.php(499): CodeIgniter\CodeIgniter->runController(Object(App\Controllers\TPPK))
 5 SYSTEMPATH\CodeIgniter.php(368): CodeIgniter\CodeIgniter->handleRequest(null, Object(Config\Cache), false)
 6 FCPATH\index.php(55): CodeIgniter\CodeIgniter->run()
INFO - 2024-02-13 15:35:17 --> Session: Class initialized using 'CodeIgniter\Session\Handlers\FileHandler' driver.
INFO - 2024-02-13 15:36:13 --> Session: Class initialized using 'CodeIgniter\Session\Handlers\FileHandler' driver.
INFO - 2024-02-13 15:36:34 --> Session: Class initialized using 'CodeIgniter\Session\Handlers\FileHandler' driver.
INFO - 2024-02-13 15:37:56 --> Session: Class initialized using 'CodeIgniter\Session\Handlers\FileHandler' driver.
INFO - 2024-02-13 15:38:13 --> Session: Class initialized using 'CodeIgniter\Session\Handlers\FileHandler' driver.
INFO - 2024-02-13 15:38:22 --> Session: Class initialized using 'CodeIgniter\Session\Handlers\FileHandler' driver.
INFO - 2024-02-13 15:38:43 --> Session: Class initialized using 'CodeIgniter\Session\Handlers\FileHandler' driver.
INFO - 2024-02-13 15:39:42 --> Session: Class initialized using 'CodeIgniter\Session\Handlers\FileHandler' driver.
INFO - 2024-02-13 15:39:46 --> Session: Class initialized using 'CodeIgniter\Session\Handlers\FileHandler' driver.
INFO - 2024-02-13 15:39:52 --> Session: Class initialized using 'CodeIgniter\Session\Handlers\FileHandler' driver.
INFO - 2024-02-13 15:40:07 --> Session: Class initialized using 'CodeIgniter\Session\Handlers\FileHandler' driver.
INFO - 2024-02-13 15:40:17 --> Session: Class initialized using 'CodeIgniter\Session\Handlers\FileHandler' driver.
INFO - 2024-02-13 15:40:24 --> Session: Class initialized using 'CodeIgniter\Session\Handlers\FileHandler' driver.
INFO - 2024-02-13 15:43:40 --> Session: Class initialized using 'CodeIgniter\Session\Handlers\FileHandler' driver.
INFO - 2024-02-13 15:43:55 --> Session: Class initialized using 'CodeIgniter\Session\Handlers\FileHandler' driver.
INFO - 2024-02-13 15:43:56 --> Session: Class initialized using 'CodeIgniter\Session\Handlers\FileHandler' driver.
INFO - 2024-02-13 15:44:09 --> Session: Class initialized using 'CodeIgniter\Session\Handlers\FileHandler' driver.
INFO - 2024-02-13 15:44:18 --> Session: Class initialized using 'CodeIgniter\Session\Handlers\FileHandler' driver.
INFO - 2024-02-13 15:45:21 --> Session: Class initialized using 'CodeIgniter\Session\Handlers\FileHandler' driver.
INFO - 2024-02-13 15:45:35 --> Session: Class initialized using 'CodeIgniter\Session\Handlers\FileHandler' driver.
INFO - 2024-02-13 15:45:38 --> Session: Class initialized using 'CodeIgniter\Session\Handlers\FileHandler' driver.
INFO - 2024-02-13 15:45:41 --> Session: Class initialized using 'CodeIgniter\Session\Handlers\FileHandler' driver.
INFO - 2024-02-13 15:47:33 --> Session: Class initialized using 'CodeIgniter\Session\Handlers\FileHandler' driver.
INFO - 2024-02-13 15:47:47 --> Session: Class initialized using 'CodeIgniter\Session\Handlers\FileHandler' driver.
INFO - 2024-02-13 15:47:51 --> Session: Class initialized using 'CodeIgniter\Session\Handlers\FileHandler' driver.
INFO - 2024-02-13 15:48:08 --> Session: Class initialized using 'CodeIgniter\Session\Handlers\FileHandler' driver.
INFO - 2024-02-13 15:50:05 --> Session: Class initialized using 'CodeIgniter\Session\Handlers\FileHandler' driver.
INFO - 2024-02-13 15:51:00 --> Session: Class initialized using 'CodeIgniter\Session\Handlers\FileHandler' driver.
INFO - 2024-02-13 15:51:05 --> Session: Class initialized using 'CodeIgniter\Session\Handlers\FileHandler' driver.
INFO - 2024-02-13 15:51:11 --> Session: Class initialized using 'CodeIgniter\Session\Handlers\FileHandler' driver.
INFO - 2024-02-13 15:51:32 --> Session: Class initialized using 'CodeIgniter\Session\Handlers\FileHandler' driver.
INFO - 2024-02-13 15:51:42 --> Session: Class initialized using 'CodeIgniter\Session\Handlers\FileHandler' driver.
INFO - 2024-02-13 15:51:56 --> Session: Class initialized using 'CodeIgniter\Session\Handlers\FileHandler' driver.
INFO - 2024-02-13 15:51:56 --> Session: Class initialized using 'CodeIgniter\Session\Handlers\FileHandler' driver.
INFO - 2024-02-13 15:52:01 --> Session: Class initialized using 'CodeIgniter\Session\Handlers\FileHandler' driver.
INFO - 2024-02-13 15:52:01 --> Session: Class initialized using 'CodeIgniter\Session\Handlers\FileHandler' driver.
INFO - 2024-02-13 15:52:14 --> Session: Class initialized using 'CodeIgniter\Session\Handlers\FileHandler' driver.
INFO - 2024-02-13 15:52:14 --> Session: Class initialized using 'CodeIgniter\Session\Handlers\FileHandler' driver.
INFO - 2024-02-13 15:52:32 --> Session: Class initialized using 'CodeIgniter\Session\Handlers\FileHandler' driver.
INFO - 2024-02-13 15:55:53 --> Session: Class initialized using 'CodeIgniter\Session\Handlers\FileHandler' driver.
INFO - 2024-02-13 15:55:54 --> Session: Class initialized using 'CodeIgniter\Session\Handlers\FileHandler' driver.
INFO - 2024-02-13 15:55:57 --> Session: Class initialized using 'CodeIgniter\Session\Handlers\FileHandler' driver.
INFO - 2024-02-13 15:56:01 --> Session: Class initialized using 'CodeIgniter\Session\Handlers\FileHandler' driver.
INFO - 2024-02-13 15:56:01 --> Session: Class initialized using 'CodeIgniter\Session\Handlers\FileHandler' driver.
INFO - 2024-02-13 15:56:29 --> Session: Class initialized using 'CodeIgniter\Session\Handlers\FileHandler' driver.
INFO - 2024-02-13 15:56:30 --> Session: Class initialized using 'CodeIgniter\Session\Handlers\FileHandler' driver.
INFO - 2024-02-13 15:56:42 --> Session: Class initialized using 'CodeIgniter\Session\Handlers\FileHandler' driver.
INFO - 2024-02-13 15:56:43 --> Session: Class initialized using 'CodeIgniter\Session\Handlers\FileHandler' driver.
INFO - 2024-02-13 15:56:50 --> Session: Class initialized using 'CodeIgniter\Session\Handlers\FileHandler' driver.
INFO - 2024-02-13 15:56:54 --> Session: Class initialized using 'CodeIgniter\Session\Handlers\FileHandler' driver.
INFO - 2024-02-13 15:56:55 --> Session: Class initialized using 'CodeIgniter\Session\Handlers\FileHandler' driver.
INFO - 2024-02-13 16:03:02 --> Session: Class initialized using 'CodeIgniter\Session\Handlers\FileHandler' driver.
INFO - 2024-02-13 16:04:43 --> Session: Class initialized using 'CodeIgniter\Session\Handlers\FileHandler' driver.
INFO - 2024-02-13 16:04:50 --> Session: Class initialized using 'CodeIgniter\Session\Handlers\FileHandler' driver.
INFO - 2024-02-13 16:10:40 --> Session: Class initialized using 'CodeIgniter\Session\Handlers\FileHandler' driver.
INFO - 2024-02-13 16:10:40 --> Session: Class initialized using 'CodeIgniter\Session\Handlers\FileHandler' driver.
INFO - 2024-02-13 16:10:44 --> Session: Class initialized using 'CodeIgniter\Session\Handlers\FileHandler' driver.
INFO - 2024-02-13 16:10:45 --> Session: Class initialized using 'CodeIgniter\Session\Handlers\FileHandler' driver.
INFO - 2024-02-13 16:10:53 --> Session: Class initialized using 'CodeIgniter\Session\Handlers\FileHandler' driver.
INFO - 2024-02-13 16:10:54 --> Session: Class initialized using 'CodeIgniter\Session\Handlers\FileHandler' driver.
INFO - 2024-02-13 16:11:45 --> Session: Class initialized using 'CodeIgniter\Session\Handlers\FileHandler' driver.
INFO - 2024-02-13 16:11:46 --> Session: Class initialized using 'CodeIgniter\Session\Handlers\FileHandler' driver.
INFO - 2024-02-13 16:12:06 --> Session: Class initialized using 'CodeIgniter\Session\Handlers\FileHandler' driver.
INFO - 2024-02-13 16:12:07 --> Session: Class initialized using 'CodeIgniter\Session\Handlers\FileHandler' driver.
INFO - 2024-02-13 16:15:20 --> Session: Class initialized using 'CodeIgniter\Session\Handlers\FileHandler' driver.
INFO - 2024-02-13 16:15:22 --> Session: Class initialized using 'CodeIgniter\Session\Handlers\FileHandler' driver.
INFO - 2024-02-13 16:17:27 --> Session: Class initialized using 'CodeIgniter\Session\Handlers\FileHandler' driver.
INFO - 2024-02-13 16:17:28 --> Session: Class initialized using 'CodeIgniter\Session\Handlers\FileHandler' driver.
INFO - 2024-02-13 16:17:35 --> Session: Class initialized using 'CodeIgniter\Session\Handlers\FileHandler' driver.
INFO - 2024-02-13 16:17:36 --> Session: Class initialized using 'CodeIgniter\Session\Handlers\FileHandler' driver.
INFO - 2024-02-13 16:17:43 --> Session: Class initialized using 'CodeIgniter\Session\Handlers\FileHandler' driver.
INFO - 2024-02-13 16:17:45 --> Session: Class initialized using 'CodeIgniter\Session\Handlers\FileHandler' driver.
INFO - 2024-02-13 16:19:29 --> Session: Class initialized using 'CodeIgniter\Session\Handlers\FileHandler' driver.
INFO - 2024-02-13 16:19:30 --> Session: Class initialized using 'CodeIgniter\Session\Handlers\FileHandler' driver.
INFO - 2024-02-13 16:19:30 --> Session: Class initialized using 'CodeIgniter\Session\Handlers\FileHandler' driver.
INFO - 2024-02-13 16:19:31 --> Session: Class initialized using 'CodeIgniter\Session\Handlers\FileHandler' driver.
INFO - 2024-02-13 16:19:32 --> Session: Class initialized using 'CodeIgniter\Session\Handlers\FileHandler' driver.
INFO - 2024-02-13 16:19:33 --> Session: Class initialized using 'CodeIgniter\Session\Handlers\FileHandler' driver.
ERROR - 2024-02-13 16:19:33 --> [Microsoft][ODBC Driver 17 for SQL Server][SQL Server]Column 'TPPK.rpt.rekap_tppk.wilayah' is invalid in the select list because it is not contained in either an aggregate function or the GROUP BY clause.
CRITICAL - 2024-02-13 16:19:33 --> [Microsoft][ODBC Driver 17 for SQL Server][SQL Server]Column 'TPPK.rpt.rekap_tppk.wilayah' is invalid in the select list because it is not contained in either an aggregate function or the GROUP BY clause.
in SYSTEMPATH\Database\BaseConnection.php on line 645.
 1 APPPATH\Models\M_tppk.php(1945): CodeIgniter\Database\BaseConnection->query('WITH TopSekolah AS (SELECT TOP 100 npsn, MAX(nama_sekolah) AS nama_sekolah,
                MAX(kode_wilayah) AS kode_wilayah,
                MAX(status_sekolah) AS status_sekolah,
                MAX(provinsi) AS provinsi,
                MAX(kota) AS kota,
                MAX(kecamatan) AS kecamatan
                FROM (
                    

                    SELECT npsn, s.nama as nama_sekolah, s.kode_wilayah, status_sekolah, r1.nama as provinsi, r2.nama as kota, r3.nama as kecamatan
                            FROM [Arsip].[dbo].[sekolah] s
                            LEFT JOIN Referensi.ref.mst_wilayah r1 on LEFT(r1.kode_wilayah, 2) = LEFT (s.kode_wilayah, 2) AND r1.id_level_wilayah=1 
            LEFT JOIN Referensi.ref.mst_wilayah r2 on LEFT(r2.kode_wilayah, 4) = LEFT (s.kode_wilayah, 4) AND r2.id_level_wilayah=2 
            LEFT JOIN Referensi.ref.mst_wilayah r3 on LEFT(r3.kode_wilayah, 6) = LEFT (s.kode_wilayah, 6) AND r3.id_level_wilayah=3 
                            WHERE soft_delete = 0 AND npsn = :npsn: ) as g 
                GROUP BY npsn)
                
                SELECT 
                    rt.[kode_wilayah],
                    [wilayah],
                    [id_level_wilayah],
                    [mst_kode_wilayah],
                    [bentuk_pendidikan],
                    ts.[status_sekolah],
                    [jenjang_sekolah],
                    [residu] as tot_residu,
                    [residu_kepsek] as tot_residu_kepsek,
                    [residu_guru] as tot_residu_guru,
                    [residu_komite] as tot_residu_komite,
                    [residu_upload_sk] as tot_residu_upload_sk,
                    [residu_siswa] as tot_siswa,
                    [residu_ganjil] as tot_ganjil,
                    [jml_satuan_pendidikan] as tot_jml_satuan_pendidikan,
                    [jml_tppk] as tot_jml_tppk,
                    status_sk
                FROM 
                    [TPPK].[rpt].[rekap_tppk] rt
                LEFT JOIN 
                    TPPK.dbo.sk_tppk sk ON rt.kode_wilayah = sk.npsn
                INNER JOIN 
                    TopSekolah ts ON rt.kode_wilayah = ts.npsn
                GROUP BY rt.kode_wilayah', [...])
 2 APPPATH\Controllers\TPPK.php(62): App\Models\M_tppk->carinamasekolahall('10107931')
 3 SYSTEMPATH\CodeIgniter.php(934): App\Controllers\TPPK->cari_sekolah('10107931')
 4 SYSTEMPATH\CodeIgniter.php(499): CodeIgniter\CodeIgniter->runController(Object(App\Controllers\TPPK))
 5 SYSTEMPATH\CodeIgniter.php(368): CodeIgniter\CodeIgniter->handleRequest(null, Object(Config\Cache), false)
 6 FCPATH\index.php(55): CodeIgniter\CodeIgniter->run()
ERROR - 2024-02-13 16:20:47 --> [Microsoft][ODBC Driver 17 for SQL Server][SQL Server]Incorrect syntax near the keyword 'as'.
CRITICAL - 2024-02-13 16:20:47 --> [Microsoft][ODBC Driver 17 for SQL Server][SQL Server]Incorrect syntax near the keyword 'as'.
in SYSTEMPATH\Database\BaseConnection.php on line 645.
 1 APPPATH\Models\M_tppk.php(1960): CodeIgniter\Database\BaseConnection->query('WITH TopSekolah AS (SELECT TOP 100 npsn, MAX(nama_sekolah) AS nama_sekolah,
                MAX(kode_wilayah) AS kode_wilayah,
                MAX(status_sekolah) AS status_sekolah,
                MAX(provinsi) AS provinsi,
                MAX(kota) AS kota,
                MAX(kecamatan) AS kecamatan
                FROM (
                    

                    SELECT npsn, s.nama as nama_sekolah, s.kode_wilayah, status_sekolah, r1.nama as provinsi, r2.nama as kota, r3.nama as kecamatan
                            FROM [Arsip].[dbo].[sekolah] s
                            LEFT JOIN Referensi.ref.mst_wilayah r1 on LEFT(r1.kode_wilayah, 2) = LEFT (s.kode_wilayah, 2) AND r1.id_level_wilayah=1 
            LEFT JOIN Referensi.ref.mst_wilayah r2 on LEFT(r2.kode_wilayah, 4) = LEFT (s.kode_wilayah, 4) AND r2.id_level_wilayah=2 
            LEFT JOIN Referensi.ref.mst_wilayah r3 on LEFT(r3.kode_wilayah, 6) = LEFT (s.kode_wilayah, 6) AND r3.id_level_wilayah=3 
                            WHERE soft_delete = 0 AND npsn = :npsn: ) as g 
                GROUP BY npsn)
                
                SELECT 
                    rt.[kode_wilayah],
                    [wilayah],
                    [id_level_wilayah],
                    [mst_kode_wilayah],
                    [bentuk_pendidikan],
                    ts.[status_sekolah],
                    [jenjang_sekolah],
                    [residu] as tot_residu,
                    [residu_kepsek] as tot_residu_kepsek,
                    [residu_guru] as tot_residu_guru,
                    [residu_komite] as tot_residu_komite,
                    [residu_upload_sk] as tot_residu_upload_sk,
                    [residu_siswa] as tot_siswa,
                    [residu_ganjil] as tot_ganjil,
                    [jml_satuan_pendidikan] as tot_jml_satuan_pendidikan,
                    [jml_tppk] as tot_jml_tppk,
                    status_sk
                FROM 
                    [TPPK].[rpt].[rekap_tppk] rt
                LEFT JOIN 
                    TPPK.dbo.sk_tppk sk ON rt.kode_wilayah = sk.npsn
                INNER JOIN 
                    TopSekolah ts ON rt.kode_wilayah = ts.npsn
                GROUP BY rt.kode_wilayah,[wilayah],
                    [id_level_wilayah],
                    [mst_kode_wilayah],
                    [bentuk_pendidikan],
                    ts.[status_sekolah],
                    [jenjang_sekolah],
                    [residu] as tot_residu,
                    [residu_kepsek] as tot_residu_kepsek,
                    [residu_guru] as tot_residu_guru,
                    [residu_komite] as tot_residu_komite,
                    [residu_upload_sk] as tot_residu_upload_sk,
                    [residu_siswa] as tot_siswa,
                    [residu_ganjil] as tot_ganjil,
                    [jml_satuan_pendidikan] as tot_jml_satuan_pendidikan,
                    [jml_tppk] as tot_jml_tppk,
                    status_sk', [...])
 2 APPPATH\Controllers\TPPK.php(62): App\Models\M_tppk->carinamasekolahall('10107931')
 3 SYSTEMPATH\CodeIgniter.php(934): App\Controllers\TPPK->cari_sekolah('10107931')
 4 SYSTEMPATH\CodeIgniter.php(499): CodeIgniter\CodeIgniter->runController(Object(App\Controllers\TPPK))
 5 SYSTEMPATH\CodeIgniter.php(368): CodeIgniter\CodeIgniter->handleRequest(null, Object(Config\Cache), false)
 6 FCPATH\index.php(55): CodeIgniter\CodeIgniter->run()
INFO - 2024-02-13 16:21:31 --> Session: Class initialized using 'CodeIgniter\Session\Handlers\FileHandler' driver.
INFO - 2024-02-13 16:21:32 --> Session: Class initialized using 'CodeIgniter\Session\Handlers\FileHandler' driver.
CRITICAL - 2024-02-13 16:24:29 --> Undefined array key "status_sk"
in APPPATH\Views\tppk\data_tppksekolah_npsn.php on line 190.
 1 APPPATH\Views\tppk\data_tppksekolah_npsn.php(190): CodeIgniter\Debug\Exceptions->errorHandler(2, 'Undefined array key "status_sk"', 'APPPATH\\Views\\tppk\\data_tppksekolah_npsn.php', 190)
 2 SYSTEMPATH\View\View.php(213): include('APPPATH\\Views\\tppk\\data_tppksekolah_npsn.php')
 3 SYSTEMPATH\View\View.php(216): CodeIgniter\View\View->CodeIgniter\View\{closure}()
 4 SYSTEMPATH\Common.php(1184): CodeIgniter\View\View->render('tppk/data_tppksekolah_npsn', [], true)
 5 APPPATH\Controllers\TPPK.php(64): view('tppk/data_tppksekolah_npsn', [...])
 6 SYSTEMPATH\CodeIgniter.php(934): App\Controllers\TPPK->cari_sekolah('10107931')
 7 SYSTEMPATH\CodeIgniter.php(499): CodeIgniter\CodeIgniter->runController(Object(App\Controllers\TPPK))
 8 SYSTEMPATH\CodeIgniter.php(368): CodeIgniter\CodeIgniter->handleRequest(null, Object(Config\Cache), false)
 9 FCPATH\index.php(55): CodeIgniter\CodeIgniter->run()
INFO - 2024-02-13 16:27:08 --> Session: Class initialized using 'CodeIgniter\Session\Handlers\FileHandler' driver.
INFO - 2024-02-13 16:27:08 --> Session: Class initialized using 'CodeIgniter\Session\Handlers\FileHandler' driver.
INFO - 2024-02-13 16:27:09 --> Session: Class initialized using 'CodeIgniter\Session\Handlers\FileHandler' driver.
INFO - 2024-02-13 16:27:11 --> Session: Class initialized using 'CodeIgniter\Session\Handlers\FileHandler' driver.
