INFO - 2023-10-09 09:16:08 --> Session: Class initialized using 'CodeIgniter\Session\Handlers\FileHandler' driver.
INFO - 2023-10-09 09:16:33 --> Session: Class initialized using 'CodeIgniter\Session\Handlers\FileHandler' driver.
INFO - 2023-10-09 09:16:58 --> Session: Class initialized using 'CodeIgniter\Session\Handlers\FileHandler' driver.
INFO - 2023-10-09 09:30:00 --> Session: Class initialized using 'CodeIgniter\Session\Handlers\FileHandler' driver.
CRITICAL - 2023-10-09 09:30:00 --> Undefined array key "residu"
in APPPATH\Views\tppk\daftaranggota.php on line 99.
 1 APPPATH\Views\tppk\daftaranggota.php(99): CodeIgniter\Debug\Exceptions->errorHandler(2, 'Undefined array key "residu"', 'APPPATH\\Views\\tppk\\daftaranggota.php', 99)
 2 SYSTEMPATH\View\View.php(213): include('APPPATH\\Views\\tppk\\daftaranggota.php')
 3 SYSTEMPATH\View\View.php(216): CodeIgniter\View\View->CodeIgniter\View\{closure}()
 4 SYSTEMPATH\Common.php(1184): CodeIgniter\View\View->render('tppk/daftaranggota', [], true)
 5 APPPATH\Controllers\TPPK.php(234): view('tppk/daftaranggota', [...])
 6 SYSTEMPATH\CodeIgniter.php(934): App\Controllers\TPPK->anggota('20504015')
 7 SYSTEMPATH\CodeIgniter.php(499): CodeIgniter\CodeIgniter->runController(Object(App\Controllers\TPPK))
 8 SYSTEMPATH\CodeIgniter.php(368): CodeIgniter\CodeIgniter->handleRequest(null, Object(Config\Cache), false)
 9 FCPATH\index.php(55): CodeIgniter\CodeIgniter->run()
INFO - 2023-10-09 09:31:35 --> Session: Class initialized using 'CodeIgniter\Session\Handlers\FileHandler' driver.
CRITICAL - 2023-10-09 09:31:35 --> Attempt to read property "residu" on array
in APPPATH\Views\tppk\daftaranggota.php on line 99.
 1 APPPATH\Views\tppk\daftaranggota.php(99): CodeIgniter\Debug\Exceptions->errorHandler(2, 'Attempt to read property "residu" on array', 'APPPATH\\Views\\tppk\\daftaranggota.php', 99)
 2 SYSTEMPATH\View\View.php(213): include('APPPATH\\Views\\tppk\\daftaranggota.php')
 3 SYSTEMPATH\View\View.php(216): CodeIgniter\View\View->CodeIgniter\View\{closure}()
 4 SYSTEMPATH\Common.php(1184): CodeIgniter\View\View->render('tppk/daftaranggota', [], true)
 5 APPPATH\Controllers\TPPK.php(236): view('tppk/daftaranggota', [...])
 6 SYSTEMPATH\CodeIgniter.php(934): App\Controllers\TPPK->anggota('20504015')
 7 SYSTEMPATH\CodeIgniter.php(499): CodeIgniter\CodeIgniter->runController(Object(App\Controllers\TPPK))
 8 SYSTEMPATH\CodeIgniter.php(368): CodeIgniter\CodeIgniter->handleRequest(null, Object(Config\Cache), false)
 9 FCPATH\index.php(55): CodeIgniter\CodeIgniter->run()
INFO - 2023-10-09 09:32:10 --> Session: Class initialized using 'CodeIgniter\Session\Handlers\FileHandler' driver.
INFO - 2023-10-09 09:32:37 --> Session: Class initialized using 'CodeIgniter\Session\Handlers\FileHandler' driver.
INFO - 2023-10-09 09:32:44 --> Session: Class initialized using 'CodeIgniter\Session\Handlers\FileHandler' driver.
INFO - 2023-10-09 09:35:20 --> Session: Class initialized using 'CodeIgniter\Session\Handlers\FileHandler' driver.
INFO - 2023-10-09 09:35:50 --> Session: Class initialized using 'CodeIgniter\Session\Handlers\FileHandler' driver.
INFO - 2023-10-09 12:24:27 --> Session: Class initialized using 'CodeIgniter\Session\Handlers\FileHandler' driver.
