ERROR - 2023-05-30 07:48:00 --> Error connecting to the database: Error: Call to undefined function CodeIgniter\Database\SQLSRV\sqlsrv_configure() in D:\laragon\www\res_pd\system\Database\SQLSRV\Connection.php:128
Stack trace:
#0 D:\laragon\www\res_pd\system\Database\BaseConnection.php(391): CodeIgniter\Database\SQLSRV\Connection->connect(false)
#1 D:\laragon\www\res_pd\system\Database\BaseConnection.php(573): CodeIgniter\Database\BaseConnection->initialize()
#2 D:\laragon\www\res_pd\app\Models\M_residu.php(108): CodeIgniter\Database\BaseConnection->query('SELECT * FROM [...')
#3 D:\laragon\www\res_pd\app\Controllers\PesertaDidik.php(59): App\Models\M_residu->getDaftarBentuk()
#4 D:\laragon\www\res_pd\system\CodeIgniter.php(934): App\Controllers\PesertaDidik->wilayah()
#5 D:\laragon\www\res_pd\system\CodeIgniter.php(499): CodeIgniter\CodeIgniter->runController(Object(App\Controllers\PesertaDidik))
#6 D:\laragon\www\res_pd\system\CodeIgniter.php(368): CodeIgniter\CodeIgniter->handleRequest(NULL, Object(Config\Cache), false)
#7 D:\laragon\www\res_pd\index.php(55): CodeIgniter\CodeIgniter->run()
#8 {main}
CRITICAL - 2023-05-30 07:48:00 --> Unable to connect to the database.
Main connection [SQLSRV]: Call to undefined function CodeIgniter\Database\SQLSRV\sqlsrv_configure()
in SYSTEMPATH\Database\BaseConnection.php on line 427.
 1 SYSTEMPATH\Database\BaseConnection.php(573): CodeIgniter\Database\BaseConnection->initialize()
 2 APPPATH\Models\M_residu.php(108): CodeIgniter\Database\BaseConnection->query('SELECT * FROM [Referensi].[ref].[bentuk_pendidikan] s 
            ORDER BY [bentuk_pendidikan_id]')
 3 APPPATH\Controllers\PesertaDidik.php(59): App\Models\M_residu->getDaftarBentuk()
 4 SYSTEMPATH\CodeIgniter.php(934): App\Controllers\PesertaDidik->wilayah()
 5 SYSTEMPATH\CodeIgniter.php(499): CodeIgniter\CodeIgniter->runController(Object(App\Controllers\PesertaDidik))
 6 SYSTEMPATH\CodeIgniter.php(368): CodeIgniter\CodeIgniter->handleRequest(null, Object(Config\Cache), false)
 7 FCPATH\index.php(55): CodeIgniter\CodeIgniter->run()
CRITICAL - 2023-05-30 10:34:16 --> Too few arguments to function CodeIgniter\Database\BaseConnection::query(), 0 passed in D:\laragon\www\res_pd\app\Models\M_residu.php on line 46 and at least 1 expected
in SYSTEMPATH\Database\BaseConnection.php on line 568.
 1 APPPATH\Models\M_residu.php(46): CodeIgniter\Database\BaseConnection->query()
 2 APPPATH\Controllers\Dashboard.php(16): App\Models\M_residu->getTotalJendralResidu()
 3 SYSTEMPATH\CodeIgniter.php(934): App\Controllers\Dashboard->index()
 4 SYSTEMPATH\CodeIgniter.php(499): CodeIgniter\CodeIgniter->runController(Object(App\Controllers\Dashboard))
 5 SYSTEMPATH\CodeIgniter.php(368): CodeIgniter\CodeIgniter->handleRequest(null, Object(Config\Cache), false)
 6 FCPATH\index.php(55): CodeIgniter\CodeIgniter->run()
CRITICAL - 2023-05-30 10:35:57 --> Call to a member function getResult() on null
in APPPATH\Models\M_residu.php on line 46.
 1 APPPATH\Controllers\Dashboard.php(16): App\Models\M_residu->getTotalJendralResidu()
 2 SYSTEMPATH\CodeIgniter.php(934): App\Controllers\Dashboard->index()
 3 SYSTEMPATH\CodeIgniter.php(499): CodeIgniter\CodeIgniter->runController(Object(App\Controllers\Dashboard))
 4 SYSTEMPATH\CodeIgniter.php(368): CodeIgniter\CodeIgniter->handleRequest(null, Object(Config\Cache), false)
 5 FCPATH\index.php(55): CodeIgniter\CodeIgniter->run()
CRITICAL - 2023-05-30 10:38:04 --> Too few arguments to function CodeIgniter\Database\BaseConnection::query(), 0 passed in D:\laragon\www\res_pd\app\Models\M_residu.php on line 46 and at least 1 expected
in SYSTEMPATH\Database\BaseConnection.php on line 568.
 1 APPPATH\Models\M_residu.php(46): CodeIgniter\Database\BaseConnection->query()
 2 APPPATH\Controllers\Dashboard.php(16): App\Models\M_residu->getTotalJendralResidu()
 3 SYSTEMPATH\CodeIgniter.php(934): App\Controllers\Dashboard->index()
 4 SYSTEMPATH\CodeIgniter.php(499): CodeIgniter\CodeIgniter->runController(Object(App\Controllers\Dashboard))
 5 SYSTEMPATH\CodeIgniter.php(368): CodeIgniter\CodeIgniter->handleRequest(null, Object(Config\Cache), false)
 6 FCPATH\index.php(55): CodeIgniter\CodeIgniter->run()
CRITICAL - 2023-05-30 10:38:53 --> Too few arguments to function CodeIgniter\Database\BaseConnection::query(), 0 passed in D:\laragon\www\res_pd\app\Models\M_residu.php on line 46 and at least 1 expected
in SYSTEMPATH\Database\BaseConnection.php on line 568.
 1 APPPATH\Models\M_residu.php(46): CodeIgniter\Database\BaseConnection->query()
 2 APPPATH\Controllers\Dashboard.php(16): App\Models\M_residu->getTotalJendralResidu()
 3 SYSTEMPATH\CodeIgniter.php(934): App\Controllers\Dashboard->index()
 4 SYSTEMPATH\CodeIgniter.php(499): CodeIgniter\CodeIgniter->runController(Object(App\Controllers\Dashboard))
 5 SYSTEMPATH\CodeIgniter.php(368): CodeIgniter\CodeIgniter->handleRequest(null, Object(Config\Cache), false)
 6 FCPATH\index.php(55): CodeIgniter\CodeIgniter->run()
CRITICAL - 2023-05-30 10:57:44 --> Undefined variable $datamobilebulanini
in APPPATH\Views\stat_linechart.php on line 50.
 1 APPPATH\Views\stat_linechart.php(50): CodeIgniter\Debug\Exceptions->errorHandler(2, 'Undefined variable $datamobilebulanini', 'APPPATH\\Views\\stat_linechart.php', 50)
 2 SYSTEMPATH\View\View.php(213): include('APPPATH\\Views\\stat_linechart.php')
 3 SYSTEMPATH\View\View.php(216): CodeIgniter\View\View->CodeIgniter\View\{closure}()
 4 SYSTEMPATH\Common.php(1184): CodeIgniter\View\View->render('stat_linechart', [], true)
 5 APPPATH\Controllers\Dashboard.php(20): view('stat_linechart', [...])
 6 SYSTEMPATH\CodeIgniter.php(934): App\Controllers\Dashboard->index()
 7 SYSTEMPATH\CodeIgniter.php(499): CodeIgniter\CodeIgniter->runController(Object(App\Controllers\Dashboard))
 8 SYSTEMPATH\CodeIgniter.php(368): CodeIgniter\CodeIgniter->handleRequest(null, Object(Config\Cache), false)
 9 FCPATH\index.php(55): CodeIgniter\CodeIgniter->run()
CRITICAL - 2023-05-30 10:58:10 --> Undefined variable $datapengunjungharian
in APPPATH\Views\stat_linechart.php on line 75.
 1 APPPATH\Views\stat_linechart.php(75): CodeIgniter\Debug\Exceptions->errorHandler(2, 'Undefined variable $datapengunjungharian', 'APPPATH\\Views\\stat_linechart.php', 75)
 2 SYSTEMPATH\View\View.php(213): include('APPPATH\\Views\\stat_linechart.php')
 3 SYSTEMPATH\View\View.php(216): CodeIgniter\View\View->CodeIgniter\View\{closure}()
 4 SYSTEMPATH\Common.php(1184): CodeIgniter\View\View->render('stat_linechart', [], true)
 5 APPPATH\Controllers\Dashboard.php(20): view('stat_linechart', [...])
 6 SYSTEMPATH\CodeIgniter.php(934): App\Controllers\Dashboard->index()
 7 SYSTEMPATH\CodeIgniter.php(499): CodeIgniter\CodeIgniter->runController(Object(App\Controllers\Dashboard))
 8 SYSTEMPATH\CodeIgniter.php(368): CodeIgniter\CodeIgniter->handleRequest(null, Object(Config\Cache), false)
 9 FCPATH\index.php(55): CodeIgniter\CodeIgniter->run()
CRITICAL - 2023-05-30 11:00:08 --> Undefined variable $namabulan
in APPPATH\Views\stat_linechart.php on line 113.
 1 APPPATH\Views\stat_linechart.php(113): CodeIgniter\Debug\Exceptions->errorHandler(2, 'Undefined variable $namabulan', 'APPPATH\\Views\\stat_linechart.php', 113)
 2 SYSTEMPATH\View\View.php(213): include('APPPATH\\Views\\stat_linechart.php')
 3 SYSTEMPATH\View\View.php(216): CodeIgniter\View\View->CodeIgniter\View\{closure}()
 4 SYSTEMPATH\Common.php(1184): CodeIgniter\View\View->render('stat_linechart', [], true)
 5 APPPATH\Controllers\Dashboard.php(20): view('stat_linechart', [...])
 6 SYSTEMPATH\CodeIgniter.php(934): App\Controllers\Dashboard->index()
 7 SYSTEMPATH\CodeIgniter.php(499): CodeIgniter\CodeIgniter->runController(Object(App\Controllers\Dashboard))
 8 SYSTEMPATH\CodeIgniter.php(368): CodeIgniter\CodeIgniter->handleRequest(null, Object(Config\Cache), false)
 9 FCPATH\index.php(55): CodeIgniter\CodeIgniter->run()
CRITICAL - 2023-05-30 12:00:28 --> Call to undefined method CodeIgniter\Database\SQLSRV\Result::row()
in APPPATH\Models\M_residu.php on line 46.
 1 APPPATH\Controllers\Dashboard.php(16): App\Models\M_residu->getTotalJendralResidu()
 2 SYSTEMPATH\CodeIgniter.php(934): App\Controllers\Dashboard->index()
 3 SYSTEMPATH\CodeIgniter.php(499): CodeIgniter\CodeIgniter->runController(Object(App\Controllers\Dashboard))
 4 SYSTEMPATH\CodeIgniter.php(368): CodeIgniter\CodeIgniter->handleRequest(null, Object(Config\Cache), false)
 5 FCPATH\index.php(55): CodeIgniter\CodeIgniter->run()
CRITICAL - 2023-05-30 12:00:36 --> Cannot use object of type stdClass as array
in APPPATH\Controllers\Dashboard.php on line 18.
 1 SYSTEMPATH\CodeIgniter.php(934): App\Controllers\Dashboard->index()
 2 SYSTEMPATH\CodeIgniter.php(499): CodeIgniter\CodeIgniter->runController(Object(App\Controllers\Dashboard))
 3 SYSTEMPATH\CodeIgniter.php(368): CodeIgniter\CodeIgniter->handleRequest(null, Object(Config\Cache), false)
 4 FCPATH\index.php(55): CodeIgniter\CodeIgniter->run()
