INFO - 2024-02-29 14:14:01 --> Session: Class initialized using 'CodeIgniter\Session\Handlers\FileHandler' driver.
INFO - 2024-02-29 15:04:08 --> Session: Class initialized using 'CodeIgniter\Session\Handlers\FileHandler' driver.
INFO - 2024-02-29 15:04:16 --> Session: Class initialized using 'CodeIgniter\Session\Handlers\FileHandler' driver.
INFO - 2024-02-29 15:04:17 --> Session: Class initialized using 'CodeIgniter\Session\Handlers\FileHandler' driver.
INFO - 2024-02-29 15:04:24 --> Session: Class initialized using 'CodeIgniter\Session\Handlers\FileHandler' driver.
INFO - 2024-02-29 15:04:47 --> Session: Class initialized using 'CodeIgniter\Session\Handlers\FileHandler' driver.
INFO - 2024-02-29 15:04:53 --> Session: Class initialized using 'CodeIgniter\Session\Handlers\FileHandler' driver.
INFO - 2024-02-29 15:04:54 --> Session: Class initialized using 'CodeIgniter\Session\Handlers\FileHandler' driver.
INFO - 2024-02-29 15:05:14 --> Session: Class initialized using 'CodeIgniter\Session\Handlers\FileHandler' driver.
INFO - 2024-02-29 15:05:20 --> Session: Class initialized using 'CodeIgniter\Session\Handlers\FileHandler' driver.
INFO - 2024-02-29 15:05:24 --> Session: Class initialized using 'CodeIgniter\Session\Handlers\FileHandler' driver.
INFO - 2024-02-29 15:05:25 --> Session: Class initialized using 'CodeIgniter\Session\Handlers\FileHandler' driver.
INFO - 2024-02-29 15:05:30 --> Session: Class initialized using 'CodeIgniter\Session\Handlers\FileHandler' driver.
INFO - 2024-02-29 15:05:32 --> Session: Class initialized using 'CodeIgniter\Session\Handlers\FileHandler' driver.
INFO - 2024-02-29 15:05:54 --> Session: Class initialized using 'CodeIgniter\Session\Handlers\FileHandler' driver.
INFO - 2024-02-29 15:05:55 --> Session: Class initialized using 'CodeIgniter\Session\Handlers\FileHandler' driver.
INFO - 2024-02-29 15:06:15 --> Session: Class initialized using 'CodeIgniter\Session\Handlers\FileHandler' driver.
INFO - 2024-02-29 15:06:16 --> Session: Class initialized using 'CodeIgniter\Session\Handlers\FileHandler' driver.
INFO - 2024-02-29 15:07:39 --> Session: Class initialized using 'CodeIgniter\Session\Handlers\FileHandler' driver.
INFO - 2024-02-29 15:07:41 --> Session: Class initialized using 'CodeIgniter\Session\Handlers\FileHandler' driver.
INFO - 2024-02-29 15:07:42 --> Session: Class initialized using 'CodeIgniter\Session\Handlers\FileHandler' driver.
INFO - 2024-02-29 15:07:57 --> Session: Class initialized using 'CodeIgniter\Session\Handlers\FileHandler' driver.
INFO - 2024-02-29 15:08:02 --> Session: Class initialized using 'CodeIgniter\Session\Handlers\FileHandler' driver.
INFO - 2024-02-29 15:08:02 --> Session: Class initialized using 'CodeIgniter\Session\Handlers\FileHandler' driver.
INFO - 2024-02-29 15:08:07 --> Session: Class initialized using 'CodeIgniter\Session\Handlers\FileHandler' driver.
INFO - 2024-02-29 15:08:09 --> Session: Class initialized using 'CodeIgniter\Session\Handlers\FileHandler' driver.
INFO - 2024-02-29 15:08:11 --> Session: Class initialized using 'CodeIgniter\Session\Handlers\FileHandler' driver.
INFO - 2024-02-29 15:08:13 --> Session: Class initialized using 'CodeIgniter\Session\Handlers\FileHandler' driver.
INFO - 2024-02-29 15:08:30 --> Session: Class initialized using 'CodeIgniter\Session\Handlers\FileHandler' driver.
INFO - 2024-02-29 15:08:32 --> Session: Class initialized using 'CodeIgniter\Session\Handlers\FileHandler' driver.
INFO - 2024-02-29 15:08:52 --> Session: Class initialized using 'CodeIgniter\Session\Handlers\FileHandler' driver.
INFO - 2024-02-29 15:08:52 --> Session: Class initialized using 'CodeIgniter\Session\Handlers\FileHandler' driver.
INFO - 2024-02-29 15:09:27 --> Session: Class initialized using 'CodeIgniter\Session\Handlers\FileHandler' driver.
INFO - 2024-02-29 15:09:28 --> Session: Class initialized using 'CodeIgniter\Session\Handlers\FileHandler' driver.
INFO - 2024-02-29 15:09:34 --> Session: Class initialized using 'CodeIgniter\Session\Handlers\FileHandler' driver.
INFO - 2024-02-29 15:09:35 --> Session: Class initialized using 'CodeIgniter\Session\Handlers\FileHandler' driver.
INFO - 2024-02-29 15:09:52 --> Session: Class initialized using 'CodeIgniter\Session\Handlers\FileHandler' driver.
INFO - 2024-02-29 15:09:56 --> Session: Class initialized using 'CodeIgniter\Session\Handlers\FileHandler' driver.
INFO - 2024-02-29 15:09:56 --> Session: Class initialized using 'CodeIgniter\Session\Handlers\FileHandler' driver.
INFO - 2024-02-29 15:13:29 --> Session: Class initialized using 'CodeIgniter\Session\Handlers\FileHandler' driver.
INFO - 2024-02-29 15:13:32 --> Session: Class initialized using 'CodeIgniter\Session\Handlers\FileHandler' driver.
INFO - 2024-02-29 15:13:33 --> Session: Class initialized using 'CodeIgniter\Session\Handlers\FileHandler' driver.
INFO - 2024-02-29 15:13:43 --> Session: Class initialized using 'CodeIgniter\Session\Handlers\FileHandler' driver.
INFO - 2024-02-29 15:13:52 --> Session: Class initialized using 'CodeIgniter\Session\Handlers\FileHandler' driver.
INFO - 2024-02-29 15:13:53 --> Session: Class initialized using 'CodeIgniter\Session\Handlers\FileHandler' driver.
INFO - 2024-02-29 15:14:50 --> Session: Class initialized using 'CodeIgniter\Session\Handlers\FileHandler' driver.
WARNING - 2024-02-29 15:14:50 --> [DEPRECATED] substr(): Passing null to parameter #1 ($string) of type string is deprecated in APPPATH\Controllers\InputData.php on line 232.
 1 APPPATH\Controllers\InputData.php(232): substr(null, 0, 2)
 2 APPPATH\Controllers\InputData.php(70): App\Controllers\InputData->satgaskota()
 3 SYSTEMPATH\CodeIgniter.php(934): App\Controllers\InputData->index()
 4 SYSTEMPATH\CodeIgniter.php(499): CodeIgniter\CodeIgniter->runController(Object(App\Controllers\InputData))
 5 SYSTEMPATH\CodeIgniter.php(368): CodeIgniter\CodeIgniter->handleRequest(null, Object(Config\Cache), false)
 6 FCPATH\index.php(55): CodeIgniter\CodeIgniter->run()
WARNING - 2024-02-29 15:14:50 --> [DEPRECATED] substr(): Passing null to parameter #1 ($string) of type string is deprecated in APPPATH\Controllers\InputData.php on line 233.
 1 APPPATH\Controllers\InputData.php(233): substr(null, 0, 4)
 2 APPPATH\Controllers\InputData.php(70): App\Controllers\InputData->satgaskota()
 3 SYSTEMPATH\CodeIgniter.php(934): App\Controllers\InputData->index()
 4 SYSTEMPATH\CodeIgniter.php(499): CodeIgniter\CodeIgniter->runController(Object(App\Controllers\InputData))
 5 SYSTEMPATH\CodeIgniter.php(368): CodeIgniter\CodeIgniter->handleRequest(null, Object(Config\Cache), false)
 6 FCPATH\index.php(55): CodeIgniter\CodeIgniter->run()
CRITICAL - 2024-02-29 15:14:50 --> Undefined variable $namastatus
in APPPATH\Views\layout\default.php on line 255.
 1 APPPATH\Views\layout\default.php(255): CodeIgniter\Debug\Exceptions->errorHandler(2, 'Undefined variable $namastatus', 'APPPATH\\Views\\layout\\default.php', 255)
 2 SYSTEMPATH\View\View.php(213): include('APPPATH\\Views\\layout\\default.php')
 3 SYSTEMPATH\View\View.php(216): CodeIgniter\View\View->CodeIgniter\View\{closure}()
 4 SYSTEMPATH\View\View.php(229): CodeIgniter\View\View->render('layout/default', [], true)
 5 SYSTEMPATH\Common.php(1184): CodeIgniter\View\View->render('inputsatgaskabkot', [], true)
 6 APPPATH\Controllers\InputData.php(254): view('inputsatgaskabkot', [...])
 7 APPPATH\Controllers\InputData.php(70): App\Controllers\InputData->satgaskota()
 8 SYSTEMPATH\CodeIgniter.php(934): App\Controllers\InputData->index()
 9 SYSTEMPATH\CodeIgniter.php(499): CodeIgniter\CodeIgniter->runController(Object(App\Controllers\InputData))
10 SYSTEMPATH\CodeIgniter.php(368): CodeIgniter\CodeIgniter->handleRequest(null, Object(Config\Cache), false)
11 FCPATH\index.php(55): CodeIgniter\CodeIgniter->run()
INFO - 2024-02-29 15:15:15 --> Session: Class initialized using 'CodeIgniter\Session\Handlers\FileHandler' driver.
INFO - 2024-02-29 15:15:32 --> Session: Class initialized using 'CodeIgniter\Session\Handlers\FileHandler' driver.
WARNING - 2024-02-29 15:15:32 --> [DEPRECATED] substr(): Passing null to parameter #1 ($string) of type string is deprecated in APPPATH\Controllers\InputData.php on line 232.
 1 APPPATH\Controllers\InputData.php(232): substr(null, 0, 2)
 2 APPPATH\Controllers\InputData.php(70): App\Controllers\InputData->satgaskota()
 3 SYSTEMPATH\CodeIgniter.php(934): App\Controllers\InputData->index()
 4 SYSTEMPATH\CodeIgniter.php(499): CodeIgniter\CodeIgniter->runController(Object(App\Controllers\InputData))
 5 SYSTEMPATH\CodeIgniter.php(368): CodeIgniter\CodeIgniter->handleRequest(null, Object(Config\Cache), false)
 6 FCPATH\index.php(55): CodeIgniter\CodeIgniter->run()
WARNING - 2024-02-29 15:15:32 --> [DEPRECATED] substr(): Passing null to parameter #1 ($string) of type string is deprecated in APPPATH\Controllers\InputData.php on line 233.
 1 APPPATH\Controllers\InputData.php(233): substr(null, 0, 4)
 2 APPPATH\Controllers\InputData.php(70): App\Controllers\InputData->satgaskota()
 3 SYSTEMPATH\CodeIgniter.php(934): App\Controllers\InputData->index()
 4 SYSTEMPATH\CodeIgniter.php(499): CodeIgniter\CodeIgniter->runController(Object(App\Controllers\InputData))
 5 SYSTEMPATH\CodeIgniter.php(368): CodeIgniter\CodeIgniter->handleRequest(null, Object(Config\Cache), false)
 6 FCPATH\index.php(55): CodeIgniter\CodeIgniter->run()
CRITICAL - 2024-02-29 15:15:32 --> Undefined variable $namastatus
in APPPATH\Views\layout\default.php on line 255.
 1 APPPATH\Views\layout\default.php(255): CodeIgniter\Debug\Exceptions->errorHandler(2, 'Undefined variable $namastatus', 'APPPATH\\Views\\layout\\default.php', 255)
 2 SYSTEMPATH\View\View.php(213): include('APPPATH\\Views\\layout\\default.php')
 3 SYSTEMPATH\View\View.php(216): CodeIgniter\View\View->CodeIgniter\View\{closure}()
 4 SYSTEMPATH\View\View.php(229): CodeIgniter\View\View->render('layout/default', [], true)
 5 SYSTEMPATH\Common.php(1184): CodeIgniter\View\View->render('inputsatgaskabkot', [], true)
 6 APPPATH\Controllers\InputData.php(254): view('inputsatgaskabkot', [...])
 7 APPPATH\Controllers\InputData.php(70): App\Controllers\InputData->satgaskota()
 8 SYSTEMPATH\CodeIgniter.php(934): App\Controllers\InputData->index()
 9 SYSTEMPATH\CodeIgniter.php(499): CodeIgniter\CodeIgniter->runController(Object(App\Controllers\InputData))
10 SYSTEMPATH\CodeIgniter.php(368): CodeIgniter\CodeIgniter->handleRequest(null, Object(Config\Cache), false)
11 FCPATH\index.php(55): CodeIgniter\CodeIgniter->run()
INFO - 2024-02-29 15:15:32 --> Session: Class initialized using 'CodeIgniter\Session\Handlers\FileHandler' driver.
INFO - 2024-02-29 15:15:36 --> Session: Class initialized using 'CodeIgniter\Session\Handlers\FileHandler' driver.
INFO - 2024-02-29 15:15:38 --> Session: Class initialized using 'CodeIgniter\Session\Handlers\FileHandler' driver.
INFO - 2024-02-29 15:15:46 --> Session: Class initialized using 'CodeIgniter\Session\Handlers\FileHandler' driver.
WARNING - 2024-02-29 15:15:47 --> [DEPRECATED] substr(): Passing null to parameter #1 ($string) of type string is deprecated in APPPATH\Controllers\InputData.php on line 232.
 1 APPPATH\Controllers\InputData.php(232): substr(null, 0, 2)
 2 APPPATH\Controllers\InputData.php(70): App\Controllers\InputData->satgaskota()
 3 SYSTEMPATH\CodeIgniter.php(934): App\Controllers\InputData->index()
 4 SYSTEMPATH\CodeIgniter.php(499): CodeIgniter\CodeIgniter->runController(Object(App\Controllers\InputData))
 5 SYSTEMPATH\CodeIgniter.php(368): CodeIgniter\CodeIgniter->handleRequest(null, Object(Config\Cache), false)
 6 FCPATH\index.php(55): CodeIgniter\CodeIgniter->run()
WARNING - 2024-02-29 15:15:47 --> [DEPRECATED] substr(): Passing null to parameter #1 ($string) of type string is deprecated in APPPATH\Controllers\InputData.php on line 233.
 1 APPPATH\Controllers\InputData.php(233): substr(null, 0, 4)
 2 APPPATH\Controllers\InputData.php(70): App\Controllers\InputData->satgaskota()
 3 SYSTEMPATH\CodeIgniter.php(934): App\Controllers\InputData->index()
 4 SYSTEMPATH\CodeIgniter.php(499): CodeIgniter\CodeIgniter->runController(Object(App\Controllers\InputData))
 5 SYSTEMPATH\CodeIgniter.php(368): CodeIgniter\CodeIgniter->handleRequest(null, Object(Config\Cache), false)
 6 FCPATH\index.php(55): CodeIgniter\CodeIgniter->run()
CRITICAL - 2024-02-29 15:15:47 --> Undefined variable $namastatus
in APPPATH\Views\layout\default.php on line 255.
 1 APPPATH\Views\layout\default.php(255): CodeIgniter\Debug\Exceptions->errorHandler(2, 'Undefined variable $namastatus', 'APPPATH\\Views\\layout\\default.php', 255)
 2 SYSTEMPATH\View\View.php(213): include('APPPATH\\Views\\layout\\default.php')
 3 SYSTEMPATH\View\View.php(216): CodeIgniter\View\View->CodeIgniter\View\{closure}()
 4 SYSTEMPATH\View\View.php(229): CodeIgniter\View\View->render('layout/default', [], true)
 5 SYSTEMPATH\Common.php(1184): CodeIgniter\View\View->render('inputsatgaskabkot', [], true)
 6 APPPATH\Controllers\InputData.php(254): view('inputsatgaskabkot', [...])
 7 APPPATH\Controllers\InputData.php(70): App\Controllers\InputData->satgaskota()
 8 SYSTEMPATH\CodeIgniter.php(934): App\Controllers\InputData->index()
 9 SYSTEMPATH\CodeIgniter.php(499): CodeIgniter\CodeIgniter->runController(Object(App\Controllers\InputData))
10 SYSTEMPATH\CodeIgniter.php(368): CodeIgniter\CodeIgniter->handleRequest(null, Object(Config\Cache), false)
11 FCPATH\index.php(55): CodeIgniter\CodeIgniter->run()
INFO - 2024-02-29 15:17:24 --> Session: Class initialized using 'CodeIgniter\Session\Handlers\FileHandler' driver.
CRITICAL - 2024-02-29 15:17:24 --> Undefined variable $namastatus
in APPPATH\Views\layout\default.php on line 255.
 1 APPPATH\Views\layout\default.php(255): CodeIgniter\Debug\Exceptions->errorHandler(2, 'Undefined variable $namastatus', 'APPPATH\\Views\\layout\\default.php', 255)
 2 SYSTEMPATH\View\View.php(213): include('APPPATH\\Views\\layout\\default.php')
 3 SYSTEMPATH\View\View.php(216): CodeIgniter\View\View->CodeIgniter\View\{closure}()
 4 SYSTEMPATH\View\View.php(229): CodeIgniter\View\View->render('layout/default', [], true)
 5 SYSTEMPATH\Common.php(1184): CodeIgniter\View\View->render('tppk/daftaranggota2', [], true)
 6 APPPATH\Controllers\TPPK.php(504): view('tppk/daftaranggota2', [...])
 7 SYSTEMPATH\CodeIgniter.php(934): App\Controllers\TPPK->anggota2('191400')
 8 SYSTEMPATH\CodeIgniter.php(499): CodeIgniter\CodeIgniter->runController(Object(App\Controllers\TPPK))
 9 SYSTEMPATH\CodeIgniter.php(368): CodeIgniter\CodeIgniter->handleRequest(null, Object(Config\Cache), false)
10 FCPATH\index.php(55): CodeIgniter\CodeIgniter->run()
CRITICAL - 2024-02-29 15:17:36 --> Uninitialized string offset 0
in SYSTEMPATH\CodeIgniter.php on line 892.
 1 SYSTEMPATH\CodeIgniter.php(892): CodeIgniter\Debug\Exceptions->errorHandler(2, 'Uninitialized string offset 0', 'SYSTEMPATH\\CodeIgniter.php', 892)
 2 SYSTEMPATH\CodeIgniter.php(486): CodeIgniter\CodeIgniter->startController()
 3 SYSTEMPATH\CodeIgniter.php(368): CodeIgniter\CodeIgniter->handleRequest(null, Object(Config\Cache), false)
 4 FCPATH\index.php(55): CodeIgniter\CodeIgniter->run()
INFO - 2024-02-29 15:17:41 --> Session: Class initialized using 'CodeIgniter\Session\Handlers\FileHandler' driver.
CRITICAL - 2024-02-29 15:17:41 --> Undefined variable $namastatus
in APPPATH\Views\layout\default.php on line 255.
 1 APPPATH\Views\layout\default.php(255): CodeIgniter\Debug\Exceptions->errorHandler(2, 'Undefined variable $namastatus', 'APPPATH\\Views\\layout\\default.php', 255)
 2 SYSTEMPATH\View\View.php(213): include('APPPATH\\Views\\layout\\default.php')
 3 SYSTEMPATH\View\View.php(216): CodeIgniter\View\View->CodeIgniter\View\{closure}()
 4 SYSTEMPATH\View\View.php(229): CodeIgniter\View\View->render('layout/default', [], true)
 5 SYSTEMPATH\Common.php(1184): CodeIgniter\View\View->render('beranda', [], true)
 6 APPPATH\Controllers\Home.php(9): view('beranda')
 7 SYSTEMPATH\CodeIgniter.php(934): App\Controllers\Home->index()
 8 SYSTEMPATH\CodeIgniter.php(499): CodeIgniter\CodeIgniter->runController(Object(App\Controllers\Home))
 9 SYSTEMPATH\CodeIgniter.php(368): CodeIgniter\CodeIgniter->handleRequest(null, Object(Config\Cache), false)
10 FCPATH\index.php(55): CodeIgniter\CodeIgniter->run()
INFO - 2024-02-29 15:17:47 --> Session: Class initialized using 'CodeIgniter\Session\Handlers\FileHandler' driver.
CRITICAL - 2024-02-29 15:17:47 --> Undefined variable $namastatus
in APPPATH\Views\layout\default.php on line 255.
 1 APPPATH\Views\layout\default.php(255): CodeIgniter\Debug\Exceptions->errorHandler(2, 'Undefined variable $namastatus', 'APPPATH\\Views\\layout\\default.php', 255)
 2 SYSTEMPATH\View\View.php(213): include('APPPATH\\Views\\layout\\default.php')
 3 SYSTEMPATH\View\View.php(216): CodeIgniter\View\View->CodeIgniter\View\{closure}()
 4 SYSTEMPATH\View\View.php(229): CodeIgniter\View\View->render('layout/default', [], true)
 5 SYSTEMPATH\Common.php(1184): CodeIgniter\View\View->render('beranda', [], true)
 6 APPPATH\Controllers\Home.php(9): view('beranda')
 7 SYSTEMPATH\CodeIgniter.php(934): App\Controllers\Home->index()
 8 SYSTEMPATH\CodeIgniter.php(499): CodeIgniter\CodeIgniter->runController(Object(App\Controllers\Home))
 9 SYSTEMPATH\CodeIgniter.php(368): CodeIgniter\CodeIgniter->handleRequest(null, Object(Config\Cache), false)
10 FCPATH\index.php(55): CodeIgniter\CodeIgniter->run()
INFO - 2024-02-29 15:17:48 --> Session: Class initialized using 'CodeIgniter\Session\Handlers\FileHandler' driver.
CRITICAL - 2024-02-29 15:17:48 --> Undefined variable $namastatus
in APPPATH\Views\layout\default.php on line 255.
 1 APPPATH\Views\layout\default.php(255): CodeIgniter\Debug\Exceptions->errorHandler(2, 'Undefined variable $namastatus', 'APPPATH\\Views\\layout\\default.php', 255)
 2 SYSTEMPATH\View\View.php(213): include('APPPATH\\Views\\layout\\default.php')
 3 SYSTEMPATH\View\View.php(216): CodeIgniter\View\View->CodeIgniter\View\{closure}()
 4 SYSTEMPATH\View\View.php(229): CodeIgniter\View\View->render('layout/default', [], true)
 5 SYSTEMPATH\Common.php(1184): CodeIgniter\View\View->render('beranda', [], true)
 6 APPPATH\Controllers\Home.php(9): view('beranda')
 7 SYSTEMPATH\CodeIgniter.php(934): App\Controllers\Home->index()
 8 SYSTEMPATH\CodeIgniter.php(499): CodeIgniter\CodeIgniter->runController(Object(App\Controllers\Home))
 9 SYSTEMPATH\CodeIgniter.php(368): CodeIgniter\CodeIgniter->handleRequest(null, Object(Config\Cache), false)
10 FCPATH\index.php(55): CodeIgniter\CodeIgniter->run()
INFO - 2024-02-29 15:18:08 --> Session: Class initialized using 'CodeIgniter\Session\Handlers\FileHandler' driver.
INFO - 2024-02-29 15:18:23 --> Session: Class initialized using 'CodeIgniter\Session\Handlers\FileHandler' driver.
INFO - 2024-02-29 15:18:27 --> Session: Class initialized using 'CodeIgniter\Session\Handlers\FileHandler' driver.
WARNING - 2024-02-29 15:18:27 --> [DEPRECATED] substr(): Passing null to parameter #1 ($string) of type string is deprecated in APPPATH\Controllers\InputData.php on line 232.
 1 APPPATH\Controllers\InputData.php(232): substr(null, 0, 2)
 2 APPPATH\Controllers\InputData.php(70): App\Controllers\InputData->satgaskota()
 3 SYSTEMPATH\CodeIgniter.php(934): App\Controllers\InputData->index()
 4 SYSTEMPATH\CodeIgniter.php(499): CodeIgniter\CodeIgniter->runController(Object(App\Controllers\InputData))
 5 SYSTEMPATH\CodeIgniter.php(368): CodeIgniter\CodeIgniter->handleRequest(null, Object(Config\Cache), false)
 6 FCPATH\index.php(55): CodeIgniter\CodeIgniter->run()
WARNING - 2024-02-29 15:18:27 --> [DEPRECATED] substr(): Passing null to parameter #1 ($string) of type string is deprecated in APPPATH\Controllers\InputData.php on line 233.
 1 APPPATH\Controllers\InputData.php(233): substr(null, 0, 4)
 2 APPPATH\Controllers\InputData.php(70): App\Controllers\InputData->satgaskota()
 3 SYSTEMPATH\CodeIgniter.php(934): App\Controllers\InputData->index()
 4 SYSTEMPATH\CodeIgniter.php(499): CodeIgniter\CodeIgniter->runController(Object(App\Controllers\InputData))
 5 SYSTEMPATH\CodeIgniter.php(368): CodeIgniter\CodeIgniter->handleRequest(null, Object(Config\Cache), false)
 6 FCPATH\index.php(55): CodeIgniter\CodeIgniter->run()
CRITICAL - 2024-02-29 15:18:27 --> Undefined variable $namastatus
in APPPATH\Views\layout\default.php on line 255.
 1 APPPATH\Views\layout\default.php(255): CodeIgniter\Debug\Exceptions->errorHandler(2, 'Undefined variable $namastatus', 'APPPATH\\Views\\layout\\default.php', 255)
 2 SYSTEMPATH\View\View.php(213): include('APPPATH\\Views\\layout\\default.php')
 3 SYSTEMPATH\View\View.php(216): CodeIgniter\View\View->CodeIgniter\View\{closure}()
 4 SYSTEMPATH\View\View.php(229): CodeIgniter\View\View->render('layout/default', [], true)
 5 SYSTEMPATH\Common.php(1184): CodeIgniter\View\View->render('inputsatgaskabkot', [], true)
 6 APPPATH\Controllers\InputData.php(254): view('inputsatgaskabkot', [...])
 7 APPPATH\Controllers\InputData.php(70): App\Controllers\InputData->satgaskota()
 8 SYSTEMPATH\CodeIgniter.php(934): App\Controllers\InputData->index()
 9 SYSTEMPATH\CodeIgniter.php(499): CodeIgniter\CodeIgniter->runController(Object(App\Controllers\InputData))
10 SYSTEMPATH\CodeIgniter.php(368): CodeIgniter\CodeIgniter->handleRequest(null, Object(Config\Cache), false)
11 FCPATH\index.php(55): CodeIgniter\CodeIgniter->run()
INFO - 2024-02-29 15:19:27 --> Session: Class initialized using 'CodeIgniter\Session\Handlers\FileHandler' driver.
INFO - 2024-02-29 21:39:40 --> Session: Class initialized using 'CodeIgniter\Session\Handlers\FileHandler' driver.
INFO - 2024-02-29 21:39:52 --> Session: Class initialized using 'CodeIgniter\Session\Handlers\FileHandler' driver.
INFO - 2024-02-29 21:39:53 --> Session: Class initialized using 'CodeIgniter\Session\Handlers\FileHandler' driver.
INFO - 2024-02-29 21:40:01 --> Session: Class initialized using 'CodeIgniter\Session\Handlers\FileHandler' driver.
INFO - 2024-02-29 21:40:31 --> CSRF token verified.
INFO - 2024-02-29 21:40:31 --> Session: Class initialized using 'CodeIgniter\Session\Handlers\FileHandler' driver.
INFO - 2024-02-29 21:40:34 --> Session: Class initialized using 'CodeIgniter\Session\Handlers\FileHandler' driver.
