INFO - 2024-04-02 09:11:11 --> Session: Class initialized using 'CodeIgniter\Session\Handlers\FileHandler' driver.
INFO - 2024-04-02 09:12:00 --> Session: Class initialized using 'CodeIgniter\Session\Handlers\FileHandler' driver.
INFO - 2024-04-02 09:12:00 --> Session: Class initialized using 'CodeIgniter\Session\Handlers\FileHandler' driver.
INFO - 2024-04-02 09:12:02 --> Session: Class initialized using 'CodeIgniter\Session\Handlers\FileHandler' driver.
INFO - 2024-04-02 09:12:23 --> Session: Class initialized using 'CodeIgniter\Session\Handlers\FileHandler' driver.
INFO - 2024-04-02 09:12:32 --> Session: Class initialized using 'CodeIgniter\Session\Handlers\FileHandler' driver.
INFO - 2024-04-02 09:12:43 --> Session: Class initialized using 'CodeIgniter\Session\Handlers\FileHandler' driver.
INFO - 2024-04-02 09:12:57 --> Session: Class initialized using 'CodeIgniter\Session\Handlers\FileHandler' driver.
INFO - 2024-04-02 09:13:44 --> Session: Class initialized using 'CodeIgniter\Session\Handlers\FileHandler' driver.
INFO - 2024-04-02 09:13:46 --> Session: Class initialized using 'CodeIgniter\Session\Handlers\FileHandler' driver.
INFO - 2024-04-02 09:13:49 --> Session: Class initialized using 'CodeIgniter\Session\Handlers\FileHandler' driver.
INFO - 2024-04-02 09:14:11 --> Session: Class initialized using 'CodeIgniter\Session\Handlers\FileHandler' driver.
INFO - 2024-04-02 09:14:15 --> Session: Class initialized using 'CodeIgniter\Session\Handlers\FileHandler' driver.
INFO - 2024-04-02 09:14:22 --> Session: Class initialized using 'CodeIgniter\Session\Handlers\FileHandler' driver.
CRITICAL - 2024-04-02 09:14:22 --> Undefined variable $sekolah_saya
in APPPATH\Views\tppk\input_formulir.php on line 572.
 1 APPPATH\Views\tppk\input_formulir.php(572): CodeIgniter\Debug\Exceptions->errorHandler(2, 'Undefined variable $sekolah_saya', 'APPPATH\\Views\\tppk\\input_formulir.php', 572)
 2 SYSTEMPATH\View\View.php(213): include('APPPATH\\Views\\tppk\\input_formulir.php')
 3 SYSTEMPATH\View\View.php(216): CodeIgniter\View\View->CodeIgniter\View\{closure}()
 4 SYSTEMPATH\Common.php(1184): CodeIgniter\View\View->render('tppk/input_formulir', [], true)
 5 APPPATH\Controllers\InputData.php(1587): view('tppk/input_formulir', [...])
 6 SYSTEMPATH\CodeIgniter.php(934): App\Controllers\InputData->pelaporan()
 7 SYSTEMPATH\CodeIgniter.php(499): CodeIgniter\CodeIgniter->runController(Object(App\Controllers\InputData))
 8 SYSTEMPATH\CodeIgniter.php(368): CodeIgniter\CodeIgniter->handleRequest(null, Object(Config\Cache), false)
 9 FCPATH\index.php(55): CodeIgniter\CodeIgniter->run()
INFO - 2024-04-02 09:17:17 --> Session: Class initialized using 'CodeIgniter\Session\Handlers\FileHandler' driver.
CRITICAL - 2024-04-02 09:17:17 --> Undefined variable $xstatus
in APPPATH\Views\tppk\input_formulir.php on line 580.
 1 APPPATH\Views\tppk\input_formulir.php(580): CodeIgniter\Debug\Exceptions->errorHandler(2, 'Undefined variable $xstatus', 'APPPATH\\Views\\tppk\\input_formulir.php', 580)
 2 SYSTEMPATH\View\View.php(213): include('APPPATH\\Views\\tppk\\input_formulir.php')
 3 SYSTEMPATH\View\View.php(216): CodeIgniter\View\View->CodeIgniter\View\{closure}()
 4 SYSTEMPATH\Common.php(1184): CodeIgniter\View\View->render('tppk/input_formulir', [], true)
 5 APPPATH\Controllers\InputData.php(1587): view('tppk/input_formulir', [...])
 6 SYSTEMPATH\CodeIgniter.php(934): App\Controllers\InputData->pelaporan()
 7 SYSTEMPATH\CodeIgniter.php(499): CodeIgniter\CodeIgniter->runController(Object(App\Controllers\InputData))
 8 SYSTEMPATH\CodeIgniter.php(368): CodeIgniter\CodeIgniter->handleRequest(null, Object(Config\Cache), false)
 9 FCPATH\index.php(55): CodeIgniter\CodeIgniter->run()
INFO - 2024-04-02 09:18:11 --> Session: Class initialized using 'CodeIgniter\Session\Handlers\FileHandler' driver.
CRITICAL - 2024-04-02 09:18:11 --> Undefined variable $xstatus
in APPPATH\Views\tppk\input_formulir.php on line 580.
 1 APPPATH\Views\tppk\input_formulir.php(580): CodeIgniter\Debug\Exceptions->errorHandler(2, 'Undefined variable $xstatus', 'APPPATH\\Views\\tppk\\input_formulir.php', 580)
 2 SYSTEMPATH\View\View.php(213): include('APPPATH\\Views\\tppk\\input_formulir.php')
 3 SYSTEMPATH\View\View.php(216): CodeIgniter\View\View->CodeIgniter\View\{closure}()
 4 SYSTEMPATH\Common.php(1184): CodeIgniter\View\View->render('tppk/input_formulir', [], true)
 5 APPPATH\Controllers\InputData.php(1587): view('tppk/input_formulir', [...])
 6 SYSTEMPATH\CodeIgniter.php(934): App\Controllers\InputData->pelaporan()
 7 SYSTEMPATH\CodeIgniter.php(499): CodeIgniter\CodeIgniter->runController(Object(App\Controllers\InputData))
 8 SYSTEMPATH\CodeIgniter.php(368): CodeIgniter\CodeIgniter->handleRequest(null, Object(Config\Cache), false)
 9 FCPATH\index.php(55): CodeIgniter\CodeIgniter->run()
INFO - 2024-04-02 09:19:15 --> Session: Class initialized using 'CodeIgniter\Session\Handlers\FileHandler' driver.
CRITICAL - 2024-04-02 09:19:15 --> Undefined variable $kec
in APPPATH\Views\tppk\input_formulir.php on line 580.
 1 APPPATH\Views\tppk\input_formulir.php(580): CodeIgniter\Debug\Exceptions->errorHandler(2, 'Undefined variable $kec', 'APPPATH\\Views\\tppk\\input_formulir.php', 580)
 2 SYSTEMPATH\View\View.php(213): include('APPPATH\\Views\\tppk\\input_formulir.php')
 3 SYSTEMPATH\View\View.php(216): CodeIgniter\View\View->CodeIgniter\View\{closure}()
 4 SYSTEMPATH\Common.php(1184): CodeIgniter\View\View->render('tppk/input_formulir', [], true)
 5 APPPATH\Controllers\InputData.php(1587): view('tppk/input_formulir', [...])
 6 SYSTEMPATH\CodeIgniter.php(934): App\Controllers\InputData->pelaporan()
 7 SYSTEMPATH\CodeIgniter.php(499): CodeIgniter\CodeIgniter->runController(Object(App\Controllers\InputData))
 8 SYSTEMPATH\CodeIgniter.php(368): CodeIgniter\CodeIgniter->handleRequest(null, Object(Config\Cache), false)
 9 FCPATH\index.php(55): CodeIgniter\CodeIgniter->run()
INFO - 2024-04-02 09:21:50 --> Session: Class initialized using 'CodeIgniter\Session\Handlers\FileHandler' driver.
CRITICAL - 2024-04-02 09:21:50 --> foreach() argument must be of type array|object, string given
in APPPATH\Views\tppk\input_formulir.php on line 595.
 1 APPPATH\Views\tppk\input_formulir.php(595): CodeIgniter\Debug\Exceptions->errorHandler(2, 'foreach() argument must be of type array|object, string given', 'APPPATH\\Views\\tppk\\input_formulir.php', 595)
 2 SYSTEMPATH\View\View.php(213): include('APPPATH\\Views\\tppk\\input_formulir.php')
 3 SYSTEMPATH\View\View.php(216): CodeIgniter\View\View->CodeIgniter\View\{closure}()
 4 SYSTEMPATH\Common.php(1184): CodeIgniter\View\View->render('tppk/input_formulir', [], true)
 5 APPPATH\Controllers\InputData.php(1587): view('tppk/input_formulir', [...])
 6 SYSTEMPATH\CodeIgniter.php(934): App\Controllers\InputData->pelaporan()
 7 SYSTEMPATH\CodeIgniter.php(499): CodeIgniter\CodeIgniter->runController(Object(App\Controllers\InputData))
 8 SYSTEMPATH\CodeIgniter.php(368): CodeIgniter\CodeIgniter->handleRequest(null, Object(Config\Cache), false)
 9 FCPATH\index.php(55): CodeIgniter\CodeIgniter->run()
INFO - 2024-04-02 09:24:58 --> Session: Class initialized using 'CodeIgniter\Session\Handlers\FileHandler' driver.
CRITICAL - 2024-04-02 09:24:58 --> Undefined variable $sekolah_saya
in APPPATH\Views\tppk\input_formulir.php on line 888.
 1 APPPATH\Views\tppk\input_formulir.php(888): CodeIgniter\Debug\Exceptions->errorHandler(2, 'Undefined variable $sekolah_saya', 'APPPATH\\Views\\tppk\\input_formulir.php', 888)
 2 SYSTEMPATH\View\View.php(213): include('APPPATH\\Views\\tppk\\input_formulir.php')
 3 SYSTEMPATH\View\View.php(216): CodeIgniter\View\View->CodeIgniter\View\{closure}()
 4 SYSTEMPATH\Common.php(1184): CodeIgniter\View\View->render('tppk/input_formulir', [], true)
 5 APPPATH\Controllers\InputData.php(1587): view('tppk/input_formulir', [...])
 6 SYSTEMPATH\CodeIgniter.php(934): App\Controllers\InputData->pelaporan()
 7 SYSTEMPATH\CodeIgniter.php(499): CodeIgniter\CodeIgniter->runController(Object(App\Controllers\InputData))
 8 SYSTEMPATH\CodeIgniter.php(368): CodeIgniter\CodeIgniter->handleRequest(null, Object(Config\Cache), false)
 9 FCPATH\index.php(55): CodeIgniter\CodeIgniter->run()
INFO - 2024-04-02 09:26:54 --> Session: Class initialized using 'CodeIgniter\Session\Handlers\FileHandler' driver.
CRITICAL - 2024-04-02 09:26:54 --> Undefined variable $xstatus
in APPPATH\Views\tppk\input_formulir.php on line 895.
 1 APPPATH\Views\tppk\input_formulir.php(895): CodeIgniter\Debug\Exceptions->errorHandler(2, 'Undefined variable $xstatus', 'APPPATH\\Views\\tppk\\input_formulir.php', 895)
 2 SYSTEMPATH\View\View.php(213): include('APPPATH\\Views\\tppk\\input_formulir.php')
 3 SYSTEMPATH\View\View.php(216): CodeIgniter\View\View->CodeIgniter\View\{closure}()
 4 SYSTEMPATH\Common.php(1184): CodeIgniter\View\View->render('tppk/input_formulir', [], true)
 5 APPPATH\Controllers\InputData.php(1587): view('tppk/input_formulir', [...])
 6 SYSTEMPATH\CodeIgniter.php(934): App\Controllers\InputData->pelaporan()
 7 SYSTEMPATH\CodeIgniter.php(499): CodeIgniter\CodeIgniter->runController(Object(App\Controllers\InputData))
 8 SYSTEMPATH\CodeIgniter.php(368): CodeIgniter\CodeIgniter->handleRequest(null, Object(Config\Cache), false)
 9 FCPATH\index.php(55): CodeIgniter\CodeIgniter->run()
INFO - 2024-04-02 09:27:48 --> Session: Class initialized using 'CodeIgniter\Session\Handlers\FileHandler' driver.
CRITICAL - 2024-04-02 09:27:48 --> foreach() argument must be of type array|object, string given
in APPPATH\Views\tppk\input_formulir.php on line 910.
 1 APPPATH\Views\tppk\input_formulir.php(910): CodeIgniter\Debug\Exceptions->errorHandler(2, 'foreach() argument must be of type array|object, string given', 'APPPATH\\Views\\tppk\\input_formulir.php', 910)
 2 SYSTEMPATH\View\View.php(213): include('APPPATH\\Views\\tppk\\input_formulir.php')
 3 SYSTEMPATH\View\View.php(216): CodeIgniter\View\View->CodeIgniter\View\{closure}()
 4 SYSTEMPATH\Common.php(1184): CodeIgniter\View\View->render('tppk/input_formulir', [], true)
 5 APPPATH\Controllers\InputData.php(1587): view('tppk/input_formulir', [...])
 6 SYSTEMPATH\CodeIgniter.php(934): App\Controllers\InputData->pelaporan()
 7 SYSTEMPATH\CodeIgniter.php(499): CodeIgniter\CodeIgniter->runController(Object(App\Controllers\InputData))
 8 SYSTEMPATH\CodeIgniter.php(368): CodeIgniter\CodeIgniter->handleRequest(null, Object(Config\Cache), false)
 9 FCPATH\index.php(55): CodeIgniter\CodeIgniter->run()
INFO - 2024-04-02 09:28:36 --> Session: Class initialized using 'CodeIgniter\Session\Handlers\FileHandler' driver.
CRITICAL - 2024-04-02 09:28:36 --> Undefined variable $sekolah_saya
in APPPATH\Views\tppk\input_formulir.php on line 1392.
 1 APPPATH\Views\tppk\input_formulir.php(1392): CodeIgniter\Debug\Exceptions->errorHandler(2, 'Undefined variable $sekolah_saya', 'APPPATH\\Views\\tppk\\input_formulir.php', 1392)
 2 SYSTEMPATH\View\View.php(213): include('APPPATH\\Views\\tppk\\input_formulir.php')
 3 SYSTEMPATH\View\View.php(216): CodeIgniter\View\View->CodeIgniter\View\{closure}()
 4 SYSTEMPATH\Common.php(1184): CodeIgniter\View\View->render('tppk/input_formulir', [], true)
 5 APPPATH\Controllers\InputData.php(1587): view('tppk/input_formulir', [...])
 6 SYSTEMPATH\CodeIgniter.php(934): App\Controllers\InputData->pelaporan()
 7 SYSTEMPATH\CodeIgniter.php(499): CodeIgniter\CodeIgniter->runController(Object(App\Controllers\InputData))
 8 SYSTEMPATH\CodeIgniter.php(368): CodeIgniter\CodeIgniter->handleRequest(null, Object(Config\Cache), false)
 9 FCPATH\index.php(55): CodeIgniter\CodeIgniter->run()
INFO - 2024-04-02 09:29:42 --> Session: Class initialized using 'CodeIgniter\Session\Handlers\FileHandler' driver.
INFO - 2024-04-02 09:49:15 --> Session: Class initialized using 'CodeIgniter\Session\Handlers\FileHandler' driver.
INFO - 2024-04-02 09:50:32 --> Session: Class initialized using 'CodeIgniter\Session\Handlers\FileHandler' driver.
INFO - 2024-04-02 09:51:01 --> Session: Class initialized using 'CodeIgniter\Session\Handlers\FileHandler' driver.
INFO - 2024-04-02 09:52:08 --> Session: Class initialized using 'CodeIgniter\Session\Handlers\FileHandler' driver.
INFO - 2024-04-02 09:52:38 --> Session: Class initialized using 'CodeIgniter\Session\Handlers\FileHandler' driver.
INFO - 2024-04-02 09:53:31 --> Session: Class initialized using 'CodeIgniter\Session\Handlers\FileHandler' driver.
INFO - 2024-04-02 09:56:25 --> Session: Class initialized using 'CodeIgniter\Session\Handlers\FileHandler' driver.
INFO - 2024-04-02 09:58:20 --> Session: Class initialized using 'CodeIgniter\Session\Handlers\FileHandler' driver.
INFO - 2024-04-02 09:58:45 --> Session: Class initialized using 'CodeIgniter\Session\Handlers\FileHandler' driver.
INFO - 2024-04-02 09:59:12 --> Session: Class initialized using 'CodeIgniter\Session\Handlers\FileHandler' driver.
INFO - 2024-04-02 09:59:30 --> Session: Class initialized using 'CodeIgniter\Session\Handlers\FileHandler' driver.
INFO - 2024-04-02 10:01:11 --> Session: Class initialized using 'CodeIgniter\Session\Handlers\FileHandler' driver.
INFO - 2024-04-02 10:02:57 --> Session: Class initialized using 'CodeIgniter\Session\Handlers\FileHandler' driver.
INFO - 2024-04-02 10:06:39 --> Session: Class initialized using 'CodeIgniter\Session\Handlers\FileHandler' driver.
INFO - 2024-04-02 10:06:50 --> Session: Class initialized using 'CodeIgniter\Session\Handlers\FileHandler' driver.
INFO - 2024-04-02 11:00:26 --> Session: Class initialized using 'CodeIgniter\Session\Handlers\FileHandler' driver.
INFO - 2024-04-02 11:03:22 --> Session: Class initialized using 'CodeIgniter\Session\Handlers\FileHandler' driver.
INFO - 2024-04-02 11:04:46 --> Session: Class initialized using 'CodeIgniter\Session\Handlers\FileHandler' driver.
INFO - 2024-04-02 11:06:33 --> Session: Class initialized using 'CodeIgniter\Session\Handlers\FileHandler' driver.
INFO - 2024-04-02 11:08:06 --> Session: Class initialized using 'CodeIgniter\Session\Handlers\FileHandler' driver.
INFO - 2024-04-02 11:12:41 --> Session: Class initialized using 'CodeIgniter\Session\Handlers\FileHandler' driver.
INFO - 2024-04-02 11:13:30 --> Session: Class initialized using 'CodeIgniter\Session\Handlers\FileHandler' driver.
INFO - 2024-04-02 11:17:20 --> Session: Class initialized using 'CodeIgniter\Session\Handlers\FileHandler' driver.
INFO - 2024-04-02 11:18:18 --> Session: Class initialized using 'CodeIgniter\Session\Handlers\FileHandler' driver.
INFO - 2024-04-02 11:25:25 --> Session: Class initialized using 'CodeIgniter\Session\Handlers\FileHandler' driver.
INFO - 2024-04-02 11:29:15 --> Session: Class initialized using 'CodeIgniter\Session\Handlers\FileHandler' driver.
INFO - 2024-04-02 11:40:29 --> Session: Class initialized using 'CodeIgniter\Session\Handlers\FileHandler' driver.
INFO - 2024-04-02 11:42:05 --> Session: Class initialized using 'CodeIgniter\Session\Handlers\FileHandler' driver.
INFO - 2024-04-02 11:52:14 --> Session: Class initialized using 'CodeIgniter\Session\Handlers\FileHandler' driver.
INFO - 2024-04-02 11:56:51 --> Session: Class initialized using 'CodeIgniter\Session\Handlers\FileHandler' driver.
INFO - 2024-04-02 12:28:37 --> Session: Class initialized using 'CodeIgniter\Session\Handlers\FileHandler' driver.
INFO - 2024-04-02 12:45:18 --> Session: Class initialized using 'CodeIgniter\Session\Handlers\FileHandler' driver.
INFO - 2024-04-02 12:46:13 --> Session: Class initialized using 'CodeIgniter\Session\Handlers\FileHandler' driver.
INFO - 2024-04-02 12:46:43 --> Session: Class initialized using 'CodeIgniter\Session\Handlers\FileHandler' driver.
INFO - 2024-04-02 12:58:28 --> Session: Class initialized using 'CodeIgniter\Session\Handlers\FileHandler' driver.
INFO - 2024-04-02 12:58:50 --> CSRF token verified.
INFO - 2024-04-02 12:59:49 --> Session: Class initialized using 'CodeIgniter\Session\Handlers\FileHandler' driver.
INFO - 2024-04-02 13:00:00 --> CSRF token verified.
